Loading plugins phase: Elapsed time ==> 0s.277ms
<CYPRESSTAG name="CyDsfit arguments...">
cydsfit arguments: -.fdsnotice -.fdswarpdepfile=warp_dependencies.txt -.fdselabdepfile=elab_dependencies.txt -.fdsbldfile=generated_files.txt -.fdsreffile=referenced_files.txt -p C:\Users\Tucker Zischka\Documents\GitHub\Li-CellTesting_Script\Internal_Main\Internal_Main.cydsn\Internal_Main.cyprj -d CY8C4145LQI-PS433 -s C:\Users\Tucker Zischka\Documents\GitHub\Li-CellTesting_Script\Internal_Main\Internal_Main.cydsn\Generated_Source\PSoC4 -- -yv2 -q10 -ygs -o2 -v3 -.fftcfgtype=LE
</CYPRESSTAG>
<CYPRESSTAG name="Design elaboration results...">
</CYPRESSTAG>
Elaboration phase: Elapsed time ==> 4s.862ms
<CYPRESSTAG name="HDL generation results...">
</CYPRESSTAG>
HDL generation phase: Elapsed time ==> 0s.242ms
<CYPRESSTAG name="Synthesis results...">

     | | | | | | |
   _________________
  -|               |-
  -|               |-
  -|               |-
  -|    CYPRESS    |-
  -|               |-
  -|               |-   Warp Verilog Synthesis Compiler: Version 6.3 IR 41
  -|               |-   Copyright (C) 1991-2001 Cypress Semiconductor
   |_______________|
     | | | | | | |

======================================================================
Compiling:  Internal_Main.v
Program  :   C:\Program Files (x86)\Cypress\PSoC Creator\4.4\PSoC Creator\warp\bin\warp.exe
Options  :    -yv2 -q10 -ygs -o2 -v3 -.fftcfgtype=LE -ya -.fftprj=C:\Users\Tucker Zischka\Documents\GitHub\Li-CellTesting_Script\Internal_Main\Internal_Main.cydsn\Internal_Main.cyprj -dcpsoc3 Internal_Main.v -verilog
======================================================================

======================================================================
Compiling:  Internal_Main.v
Program  :   C:\Program Files (x86)\Cypress\PSoC Creator\4.4\PSoC Creator\warp\bin\warp.exe
Options  :    -yv2 -q10 -ygs -o2 -v3 -.fftcfgtype=LE -ya -.fftprj=C:\Users\Tucker Zischka\Documents\GitHub\Li-CellTesting_Script\Internal_Main\Internal_Main.cydsn\Internal_Main.cyprj -dcpsoc3 Internal_Main.v -verilog
======================================================================

======================================================================
Compiling:  Internal_Main.v
Program  :   vlogfe
Options  :    -yv2 -q10 -ygs -o2 -v3 -.fftcfgtype=LE -ya -.fftprj=C:\Users\Tucker Zischka\Documents\GitHub\Li-CellTesting_Script\Internal_Main\Internal_Main.cydsn\Internal_Main.cyprj -dcpsoc3 -verilog Internal_Main.v
======================================================================

vlogfe V6.3 IR 41:  Verilog parser
Mon Jun 07 18:36:59 2021


======================================================================
Compiling:  Internal_Main.v
Program  :   vpp
Options  :    -yv2 -q10 Internal_Main.v
======================================================================

vpp V6.3 IR 41:  Verilog Pre-Processor
Mon Jun 07 18:36:59 2021

Flattening file 'C:\Program Files (x86)\Cypress\PSoC Creator\4.4\PSoC Creator\psoc\content\CyComponentLibrary\CyComponentLibrary.cylib\AMux_v1_80\AMux_v1_80.v'
Flattening file 'C:\Program Files (x86)\Cypress\PSoC Creator\4.4\PSoC Creator\warp\lib\common\cypress.v'
Flattening file 'C:\Program Files (x86)\Cypress\PSoC Creator\4.4\PSoC Creator\warp\lib\common\cy_psoc3_inc.v'
Flattening file 'C:\Program Files (x86)\Cypress\PSoC Creator\4.4\PSoC Creator\psoc\content\CyPrimitives\cyprimitives.cylib\cy_analog_virtualmux_v1_0\cy_analog_virtualmux_v1_0.v'
Flattening file 'C:\Program Files (x86)\Cypress\PSoC Creator\4.4\PSoC Creator\psoc\content\CyComponentLibrary\CyComponentLibrary.cylib\Bus_Connect_v2_50\Bus_Connect_v2_50.v'
Flattening file 'C:\Program Files (x86)\Cypress\PSoC Creator\4.4\PSoC Creator\warp\lib\common\cypress.v'
Flattening file 'C:\Program Files (x86)\Cypress\PSoC Creator\4.4\PSoC Creator\psoc\content\CyPrimitives\cyprimitives.cylib\ZeroTerminal\ZeroTerminal.v'
Flattening file 'C:\Program Files (x86)\Cypress\PSoC Creator\4.4\PSoC Creator\psoc\content\CyPrimitives\cyprimitives.cylib\cy_virtualmux_v1_0\cy_virtualmux_v1_0.v'
Flattening file 'C:\Program Files (x86)\Cypress\PSoC Creator\4.4\PSoC Creator\psoc\content\CyPrimitives\cyprimitives.cylib\or_v1_0\or_v1_0.v'
Flattening file 'C:\Program Files (x86)\Cypress\PSoC Creator\4.4\PSoC Creator\psoc\content\CyPrimitives\cyprimitives.cylib\cy_vref_v1_70\cy_vref_v1_70.v'

vpp:  No errors.

Library 'work' => directory 'lcpsoc3'
General_symbol_table
General_symbol_table
Linking 'C:\Program Files (x86)\Cypress\PSoC Creator\4.4\PSoC Creator\warp\lib\common\std.vhd'.
Linking 'C:\Program Files (x86)\Cypress\PSoC Creator\4.4\PSoC Creator\warp\lib\common\cypress.vhd'.
Linking 'C:\Program Files (x86)\Cypress\PSoC Creator\4.4\PSoC Creator\warp\lib\common\work\cypress.vif'.
Linking 'C:\Program Files (x86)\Cypress\PSoC Creator\4.4\PSoC Creator\warp\lib\ieee\work\stdlogic.vif'.
Linking 'C:\Program Files (x86)\Cypress\PSoC Creator\4.4\PSoC Creator\warp\lib\common\stdlogic\lpmpkg.vif'.
Linking 'C:\Program Files (x86)\Cypress\PSoC Creator\4.4\PSoC Creator\warp\lib\common\stdlogic\rtlpkg.vif'.
Linking 'C:\Program Files (x86)\Cypress\PSoC Creator\4.4\PSoC Creator\warp\lib\common\stdlogic\mod_cnst.vif'.
Linking 'C:\Program Files (x86)\Cypress\PSoC Creator\4.4\PSoC Creator\warp\lib\common\stdlogic\mod_mthv.vif'.
Linking 'C:\Program Files (x86)\Cypress\PSoC Creator\4.4\PSoC Creator\warp\lib\common\stdlogic\mod_genv.vif'.
Using control file 'Internal_Main.ctl'.

vlogfe:  No errors.


======================================================================
Compiling:  Internal_Main.v
Program  :   tovif
Options  :    -yv2 -q10 -ygs -o2 -v3 -.fftcfgtype=LE -ya -.fftprj=C:\Users\Tucker Zischka\Documents\GitHub\Li-CellTesting_Script\Internal_Main\Internal_Main.cydsn\Internal_Main.cyprj -dcpsoc3 -verilog Internal_Main.v
======================================================================

tovif V6.3 IR 41:  High-level synthesis
Mon Jun 07 18:36:59 2021

Linking 'C:\Program Files (x86)\Cypress\PSoC Creator\4.4\PSoC Creator\warp\lib\common\std.vhd'.
Linking 'C:\Program Files (x86)\Cypress\PSoC Creator\4.4\PSoC Creator\warp\lib\common\cypress.vhd'.
Linking 'C:\Program Files (x86)\Cypress\PSoC Creator\4.4\PSoC Creator\warp\lib\common\work\cypress.vif'.
Linking 'C:\Program Files (x86)\Cypress\PSoC Creator\4.4\PSoC Creator\warp\lib\ieee\work\stdlogic.vif'.
Linking 'C:\Program Files (x86)\Cypress\PSoC Creator\4.4\PSoC Creator\warp\lib\common\stdlogic\lpmpkg.vif'.
Linking 'C:\Program Files (x86)\Cypress\PSoC Creator\4.4\PSoC Creator\warp\lib\common\stdlogic\rtlpkg.vif'.
Linking 'C:\Program Files (x86)\Cypress\PSoC Creator\4.4\PSoC Creator\warp\lib\common\stdlogic\mod_cnst.vif'.
Linking 'C:\Program Files (x86)\Cypress\PSoC Creator\4.4\PSoC Creator\warp\lib\common\stdlogic\mod_mthv.vif'.
Linking 'C:\Program Files (x86)\Cypress\PSoC Creator\4.4\PSoC Creator\warp\lib\common\stdlogic\mod_genv.vif'.
Linking 'C:\Users\Tucker Zischka\Documents\GitHub\Li-CellTesting_Script\Internal_Main\Internal_Main.cydsn\codegentemp\Internal_Main.ctl'.
Linking 'C:\Program Files (x86)\Cypress\PSoC Creator\4.4\PSoC Creator\psoc\content\CyComponentLibrary\CyComponentLibrary.cylib\AMux_v1_80\AMux_v1_80.v'.
Linking 'C:\Program Files (x86)\Cypress\PSoC Creator\4.4\PSoC Creator\warp\lib\common\cypress.v'.
Linking 'C:\Program Files (x86)\Cypress\PSoC Creator\4.4\PSoC Creator\warp\lib\common\cy_psoc3_inc.v'.
Linking 'C:\Users\Tucker Zischka\Documents\GitHub\Li-CellTesting_Script\Internal_Main\Internal_Main.cydsn\codegentemp\Internal_Main.v'.
Linking 'C:\Program Files (x86)\Cypress\PSoC Creator\4.4\PSoC Creator\psoc\content\CyPrimitives\cyprimitives.cylib\cy_analog_virtualmux_v1_0\cy_analog_virtualmux_v1_0.v'.
Linking 'C:\Program Files (x86)\Cypress\PSoC Creator\4.4\PSoC Creator\psoc\content\CyComponentLibrary\CyComponentLibrary.cylib\Bus_Connect_v2_50\Bus_Connect_v2_50.v'.
Linking 'C:\Program Files (x86)\Cypress\PSoC Creator\4.4\PSoC Creator\psoc\content\CyPrimitives\cyprimitives.cylib\ZeroTerminal\ZeroTerminal.v'.
Linking 'C:\Program Files (x86)\Cypress\PSoC Creator\4.4\PSoC Creator\psoc\content\CyPrimitives\cyprimitives.cylib\cy_virtualmux_v1_0\cy_virtualmux_v1_0.v'.
Linking 'C:\Program Files (x86)\Cypress\PSoC Creator\4.4\PSoC Creator\psoc\content\CyPrimitives\cyprimitives.cylib\or_v1_0\or_v1_0.v'.
Linking 'C:\Program Files (x86)\Cypress\PSoC Creator\4.4\PSoC Creator\psoc\content\CyPrimitives\cyprimitives.cylib\cy_vref_v1_70\cy_vref_v1_70.v'.
Internal_Main.v (line 201, col 24):  Warning: (W460) 't_fvalid' unassigned in module 'Scan_ADC_v3_10_0'.

tovif:  No errors.  1 warning.


======================================================================
Compiling:  Internal_Main.v
Program  :   topld
Options  :    -yv2 -q10 -ygs -o2 -v3 -.fftcfgtype=LE -ya -.fftprj=C:\Users\Tucker Zischka\Documents\GitHub\Li-CellTesting_Script\Internal_Main\Internal_Main.cydsn\Internal_Main.cyprj -dcpsoc3 -verilog Internal_Main.v
======================================================================

topld V6.3 IR 41:  Synthesis and optimization
Mon Jun 07 18:37:00 2021

Linking 'C:\Program Files (x86)\Cypress\PSoC Creator\4.4\PSoC Creator\warp\lib\common\std.vhd'.
Linking 'C:\Program Files (x86)\Cypress\PSoC Creator\4.4\PSoC Creator\warp\lib\common\cypress.vhd'.
Linking 'C:\Program Files (x86)\Cypress\PSoC Creator\4.4\PSoC Creator\warp\lib\common\work\cypress.vif'.
Linking 'C:\Program Files (x86)\Cypress\PSoC Creator\4.4\PSoC Creator\warp\lib\ieee\work\stdlogic.vif'.
Linking 'C:\Program Files (x86)\Cypress\PSoC Creator\4.4\PSoC Creator\warp\lib\common\stdlogic\lpmpkg.vif'.
Linking 'C:\Program Files (x86)\Cypress\PSoC Creator\4.4\PSoC Creator\warp\lib\common\stdlogic\rtlpkg.vif'.
Linking 'C:\Program Files (x86)\Cypress\PSoC Creator\4.4\PSoC Creator\warp\lib\common\stdlogic\mod_cnst.vif'.
Linking 'C:\Program Files (x86)\Cypress\PSoC Creator\4.4\PSoC Creator\warp\lib\common\stdlogic\mod_mthv.vif'.
Linking 'C:\Program Files (x86)\Cypress\PSoC Creator\4.4\PSoC Creator\warp\lib\common\stdlogic\mod_genv.vif'.
Linking 'C:\Users\Tucker Zischka\Documents\GitHub\Li-CellTesting_Script\Internal_Main\Internal_Main.cydsn\codegentemp\Internal_Main.ctl'.
Linking 'C:\Program Files (x86)\Cypress\PSoC Creator\4.4\PSoC Creator\psoc\content\CyComponentLibrary\CyComponentLibrary.cylib\AMux_v1_80\AMux_v1_80.v'.
Linking 'C:\Program Files (x86)\Cypress\PSoC Creator\4.4\PSoC Creator\warp\lib\common\cypress.v'.
Linking 'C:\Program Files (x86)\Cypress\PSoC Creator\4.4\PSoC Creator\warp\lib\common\cy_psoc3_inc.v'.
Linking 'C:\Users\Tucker Zischka\Documents\GitHub\Li-CellTesting_Script\Internal_Main\Internal_Main.cydsn\codegentemp\Internal_Main.v'.
Linking 'C:\Program Files (x86)\Cypress\PSoC Creator\4.4\PSoC Creator\psoc\content\CyPrimitives\cyprimitives.cylib\cy_analog_virtualmux_v1_0\cy_analog_virtualmux_v1_0.v'.
Linking 'C:\Program Files (x86)\Cypress\PSoC Creator\4.4\PSoC Creator\psoc\content\CyComponentLibrary\CyComponentLibrary.cylib\Bus_Connect_v2_50\Bus_Connect_v2_50.v'.
Linking 'C:\Program Files (x86)\Cypress\PSoC Creator\4.4\PSoC Creator\psoc\content\CyPrimitives\cyprimitives.cylib\ZeroTerminal\ZeroTerminal.v'.
Linking 'C:\Program Files (x86)\Cypress\PSoC Creator\4.4\PSoC Creator\psoc\content\CyPrimitives\cyprimitives.cylib\cy_virtualmux_v1_0\cy_virtualmux_v1_0.v'.
Linking 'C:\Program Files (x86)\Cypress\PSoC Creator\4.4\PSoC Creator\psoc\content\CyPrimitives\cyprimitives.cylib\or_v1_0\or_v1_0.v'.
Linking 'C:\Program Files (x86)\Cypress\PSoC Creator\4.4\PSoC Creator\psoc\content\CyPrimitives\cyprimitives.cylib\cy_vref_v1_70\cy_vref_v1_70.v'.
Linking 'C:\Program Files (x86)\Cypress\PSoC Creator\4.4\PSoC Creator\warp\lib\lcpsoc3\stdlogic\cpsoc3.vif'.

----------------------------------------------------------
Detecting unused logic.
----------------------------------------------------------
    User names
	\ADC_1:Net_448\
	\ADC_1:Net_446\
	\ADC_1:Net_1002\
	\ADC_1:Net_1009\
	\ADC_1:Net_1003\
	\ADC_1:Net_1007\
	\ADC_1:Net_991\
	\ADC_1:Net_987\
	\ADC_1:Net_993\
	\ADC_1:Net_986\
	\UART_1:Net_1257\
	\UART_1:uncfg_rx_irq\
	\UART_1:Net_1099\
	\UART_1:Net_1258\
	Net_728
	Net_729
	Net_730
	Net_731
	Net_732
	Net_733
	Net_734
	Net_736
	Net_737
	\I2C_1:Net_1257\
	\I2C_1:uncfg_rx_irq\
	\I2C_1:Net_1099\
	\I2C_1:Net_1258\
	Net_156
	Net_157
	Net_158
	Net_159
	Net_160
	Net_161
	Net_162
	Net_165
	Net_166
	Net_173


Deleted 37 User equations/components.
Deleted 0 Synthesized equations/components.

------------------------------------------------------
Alias Detection
------------------------------------------------------
Aliasing one to tmpOE__VBatHigh_net_0
Aliasing tmpOE__Cal_In_net_0 to tmpOE__VBatHigh_net_0
Aliasing tmpOE__Shunt_In_net_0 to tmpOE__VBatHigh_net_0
Aliasing \ADC_1:Net_410\ to zero
Aliasing \ADC_1:st_sel_1\ to zero
Aliasing \ADC_1:st_sel_0\ to zero
Aliasing \ADC_1:Net_412\ to zero
Aliasing \ADC_1:Net_413\ to zero
Aliasing \ADC_1:Net_414\ to zero
Aliasing \ADC_1:Net_416\ to zero
Aliasing \ADC_1:Net_431\ to zero
Aliasing \ADC_1:tmpOE__Bypass_net_0\ to tmpOE__VBatHigh_net_0
Aliasing \UART_1:select_s_wire\ to zero
Aliasing \UART_1:sclk_s_wire\ to zero
Aliasing \UART_1:mosi_s_wire\ to zero
Aliasing \UART_1:miso_m_wire\ to zero
Aliasing \UART_1:cts_wire\ to zero
Aliasing \I2C_1:select_s_wire\ to zero
Aliasing \I2C_1:rx_wire\ to zero
Aliasing \I2C_1:sclk_s_wire\ to zero
Aliasing \I2C_1:mosi_s_wire\ to zero
Aliasing \I2C_1:miso_m_wire\ to zero
Aliasing \I2C_1:tmpOE__sda_net_0\ to tmpOE__VBatHigh_net_0
Aliasing \I2C_1:tmpOE__scl_net_0\ to tmpOE__VBatHigh_net_0
Aliasing \I2C_1:cts_wire\ to zero
Aliasing tmpOE__BLUE_LED_net_0 to tmpOE__VBatHigh_net_0
Aliasing tmpOE__RELAY_EN_net_0 to tmpOE__VBatHigh_net_0
Aliasing \Timer_1:Net_75\ to zero
Aliasing \Timer_1:Net_69\ to tmpOE__VBatHigh_net_0
Aliasing \Timer_1:Net_66\ to zero
Aliasing \Timer_1:Net_82\ to zero
Aliasing \Timer_1:Net_72\ to zero
Aliasing tmpOE__UART_IN_net_0 to tmpOE__VBatHigh_net_0
Aliasing tmpOE__UART_OUT_net_0 to tmpOE__VBatHigh_net_0
Aliasing tmpOE__Shunt_Gnd_net_0 to tmpOE__VBatHigh_net_0
Aliasing tmpOE__GND_ref_net_0 to tmpOE__VBatHigh_net_0
Aliasing \TCPWM_1:Net_75\ to zero
Aliasing \TCPWM_1:Net_69\ to tmpOE__VBatHigh_net_0
Aliasing \TCPWM_1:Net_66\ to zero
Aliasing \TCPWM_1:Net_82\ to zero
Aliasing \TCPWM_1:Net_72\ to zero
Aliasing tmpOE__v_out_net_0 to tmpOE__VBatHigh_net_0
Aliasing tmpOE__VBatLow_net_0 to tmpOE__VBatHigh_net_0
Removing Lhs of wire one[8] = tmpOE__VBatHigh_net_0[1]
Removing Lhs of wire tmpOE__Cal_In_net_0[31] = tmpOE__VBatHigh_net_0[1]
Removing Lhs of wire tmpOE__Shunt_In_net_0[37] = tmpOE__VBatHigh_net_0[1]
Removing Rhs of wire \ADC_1:sarClock\[585] = \ADC_1:Net_428\[615]
Removing Lhs of wire \ADC_1:Net_410\[607] = zero[2]
Removing Lhs of wire \ADC_1:st_sel_1\[608] = zero[2]
Removing Lhs of wire \ADC_1:st_sel_0\[609] = zero[2]
Removing Lhs of wire \ADC_1:Net_412\[610] = zero[2]
Removing Lhs of wire \ADC_1:Net_413\[611] = zero[2]
Removing Lhs of wire \ADC_1:Net_414\[612] = zero[2]
Removing Lhs of wire \ADC_1:Net_415\[613] = zero[2]
Removing Lhs of wire \ADC_1:Net_416\[614] = zero[2]
Removing Lhs of wire \ADC_1:Net_431\[616] = zero[2]
Removing Lhs of wire \ADC_1:tmpOE__Bypass_net_0\[622] = tmpOE__VBatHigh_net_0[1]
Removing Lhs of wire \UART_1:select_s_wire\[986] = zero[2]
Removing Lhs of wire \UART_1:rx_wire\[987] = Net_703[988]
Removing Lhs of wire \UART_1:Net_1170\[991] = \UART_1:Net_847\[985]
Removing Lhs of wire \UART_1:sclk_s_wire\[992] = zero[2]
Removing Lhs of wire \UART_1:mosi_s_wire\[993] = zero[2]
Removing Lhs of wire \UART_1:miso_m_wire\[994] = zero[2]
Removing Lhs of wire \UART_1:cts_wire\[997] = zero[2]
Removing Rhs of wire Net_702[1023] = \UART_1:tx_wire\[1000]
Removing Lhs of wire \I2C_1:select_s_wire\[1026] = zero[2]
Removing Lhs of wire \I2C_1:rx_wire\[1027] = zero[2]
Removing Lhs of wire \I2C_1:Net_1170\[1030] = \I2C_1:Net_847\[1025]
Removing Lhs of wire \I2C_1:sclk_s_wire\[1031] = zero[2]
Removing Lhs of wire \I2C_1:mosi_s_wire\[1032] = zero[2]
Removing Lhs of wire \I2C_1:miso_m_wire\[1033] = zero[2]
Removing Lhs of wire \I2C_1:tmpOE__sda_net_0\[1035] = tmpOE__VBatHigh_net_0[1]
Removing Lhs of wire \I2C_1:tmpOE__scl_net_0\[1041] = tmpOE__VBatHigh_net_0[1]
Removing Lhs of wire \I2C_1:cts_wire\[1050] = zero[2]
Removing Lhs of wire tmpOE__BLUE_LED_net_0[1075] = tmpOE__VBatHigh_net_0[1]
Removing Lhs of wire tmpOE__RELAY_EN_net_0[1081] = tmpOE__VBatHigh_net_0[1]
Removing Lhs of wire \Timer_1:Net_81\[1087] = Net_1425[1099]
Removing Lhs of wire \Timer_1:Net_75\[1088] = zero[2]
Removing Lhs of wire \Timer_1:Net_69\[1089] = tmpOE__VBatHigh_net_0[1]
Removing Lhs of wire \Timer_1:Net_66\[1090] = zero[2]
Removing Lhs of wire \Timer_1:Net_82\[1091] = zero[2]
Removing Lhs of wire \Timer_1:Net_72\[1092] = zero[2]
Removing Lhs of wire tmpOE__UART_IN_net_0[1102] = tmpOE__VBatHigh_net_0[1]
Removing Lhs of wire tmpOE__UART_OUT_net_0[1107] = tmpOE__VBatHigh_net_0[1]
Removing Lhs of wire tmpOE__Shunt_Gnd_net_0[1114] = tmpOE__VBatHigh_net_0[1]
Removing Lhs of wire tmpOE__GND_ref_net_0[1122] = tmpOE__VBatHigh_net_0[1]
Removing Lhs of wire \TCPWM_1:Net_81\[1132] = Net_1379[1144]
Removing Lhs of wire \TCPWM_1:Net_75\[1133] = zero[2]
Removing Lhs of wire \TCPWM_1:Net_69\[1134] = tmpOE__VBatHigh_net_0[1]
Removing Lhs of wire \TCPWM_1:Net_66\[1135] = zero[2]
Removing Lhs of wire \TCPWM_1:Net_82\[1136] = zero[2]
Removing Lhs of wire \TCPWM_1:Net_72\[1137] = zero[2]
Removing Lhs of wire tmpOE__v_out_net_0[1161] = tmpOE__VBatHigh_net_0[1]
Removing Lhs of wire tmpOE__VBatLow_net_0[1179] = tmpOE__VBatHigh_net_0[1]

------------------------------------------------------
Aliased 0 equations, 51 wires.
------------------------------------------------------

----------------------------------------------------------
Circuit simplification
----------------------------------------------------------

Substituting virtuals - pass 1:


----------------------------------------------------------
Circuit simplification results:

	Expanded 0 signals.
	Turned 0 signals into soft nodes.
	Maximum default expansion cost was set at 3.
----------------------------------------------------------

topld:  No errors.

CYPRESS_DIR    : C:\Program Files (x86)\Cypress\PSoC Creator\4.4\PSoC Creator\warp
Warp Program   : C:\Program Files (x86)\Cypress\PSoC Creator\4.4\PSoC Creator\warp\bin\warp.exe
Warp Arguments : -yv2 -q10 -ygs -o2 -v3 -.fftcfgtype=LE -ya "-.fftprj=C:\Users\Tucker Zischka\Documents\GitHub\Li-CellTesting_Script\Internal_Main\Internal_Main.cydsn\Internal_Main.cyprj" -dcpsoc3 Internal_Main.v -verilog
</CYPRESSTAG>
Warp synthesis phase: Elapsed time ==> 2s.324ms
<CYPRESSTAG name="Fitter results...">
<CYPRESSTAG name="Fitter startup details...">
cyp3fit: V4.4.0.80, Family: PSoC3, Started at: Monday, 07 June 2021 18:37:01
Options: -yv2 -q10 -ygs -o2 -v3 -.fftcfgtype=LE -ya -.fftprj=C:\Users\Tucker Zischka\Documents\GitHub\Li-CellTesting_Script\Internal_Main\Internal_Main.cydsn\Internal_Main.cyprj -d CY8C4145LQI-PS433 Internal_Main.v -verilog
</CYPRESSTAG>
<CYPRESSTAG name="Design parsing">
Design parsing phase: Elapsed time ==> 0s.030ms
</CYPRESSTAG>
<CYPRESSTAG name="Tech Mapping">
<CYPRESSTAG name="Initial Mapping" icon="FILE_RPT_TECHM">

Removing unused cells resulting from optimization
Done removing unused cells.
<CYPRESSTAG name="Global Clock Selection" icon="FILE_RPT_TECHM">
    Alignment-Only Clock: Automatic-assigning  clock 'ADC_1_intUabClock'. Fanout=0
    Fixed Function Clock 12: Automatic-assigning  clock 'ADC_1_intSarClock'. Signal=\ADC_1:sarClock_ff12\
    Fixed Function Clock 0: Automatic-assigning  clock 'I2C_1_SCBCLK'. Signal=\I2C_1:Net_847_ff0\
    Fixed Function Clock 1: Automatic-assigning  clock 'UART_1_SCBCLK'. Signal=\UART_1:Net_847_ff1\
    Fixed Function Clock 4: Automatic-assigning  clock 'Clock_2'. Signal=Net_1379_ff4
    Fixed Function Clock 5: Automatic-assigning  clock 'Clock_1'. Signal=Net_1425_ff5
<CYPRESSTAG name="UDB Clock/Enable Remapping Results">
</CYPRESSTAG>
</CYPRESSTAG>

Removing unused cells resulting from optimization
Done removing unused cells.
<CYPRESSTAG name="Duplicate Macrocell detection">
</CYPRESSTAG>
</CYPRESSTAG>
<CYPRESSTAG name="Duplicate Macrocell detection">
</CYPRESSTAG>
<CYPRESSTAG name="Design Equations" icon="FILE_RPT_EQUATION">

------------------------------------------------------------
Design Equations
------------------------------------------------------------
    <CYPRESSTAG name="Pin listing">

    ------------------------------------------------------------
    Pin listing
    ------------------------------------------------------------

    Pin : Name = VBatHigh(0)
        Attributes:
            In Group/Port: True
            In Sync Option: AUTO
            Out Sync Option: AUTO
            Interrupt generated: False
            Interrupt mode: NONE
            Drive mode: HI_Z_ANALOG
            VTrip: EITHER
            Slew: FAST
            Input Sync needed: False
            Output Sync needed: False
            SC shield enabled: False
            POR State: ANY
            LCD Mode: COMMON
            Register Mode: RegComb
            CaSense Mode: NEITHER
            Treat as pin: True
            Is OE Registered: False
            Uses Analog: True
            Can contain Digital: False
            Is SIO: False
            SIO Output Buf: NONREGULATED
            SIO Input Buf: SINGLE_ENDED
            SIO HiFreq: LOW
            SIO Hyst: DISABLED
            SIO Vtrip: MULTIPLIER_0_5
            SIO Multiplier Index: 0
            SIO RefSel: VCC_IO
            Required Capabilities: ANALOG
            Initial Value: 1
            IO Voltage: 0
        PORT MAP (
            pa_out => VBatHigh(0)__PA ,
            analog_term => Net_1536 ,
            annotation => Net_1542 ,
            pad => VBatHigh(0)_PAD );
        Properties:
        {
        }

    Pin : Name = Cal_In(0)
        Attributes:
            In Group/Port: True
            In Sync Option: AUTO
            Out Sync Option: AUTO
            Interrupt generated: False
            Interrupt mode: NONE
            Drive mode: HI_Z_ANALOG
            VTrip: EITHER
            Slew: FAST
            Input Sync needed: False
            Output Sync needed: False
            SC shield enabled: False
            POR State: ANY
            LCD Mode: COMMON
            Register Mode: RegComb
            CaSense Mode: NEITHER
            Treat as pin: True
            Is OE Registered: False
            Uses Analog: True
            Can contain Digital: False
            Is SIO: False
            SIO Output Buf: NONREGULATED
            SIO Input Buf: SINGLE_ENDED
            SIO HiFreq: LOW
            SIO Hyst: DISABLED
            SIO Vtrip: MULTIPLIER_0_5
            SIO Multiplier Index: 0
            SIO RefSel: VCC_IO
            Required Capabilities: ANALOG
            Initial Value: 1
            IO Voltage: 0
        PORT MAP (
            pa_out => Cal_In(0)__PA ,
            analog_term => Net_1526 ,
            annotation => Net_1395 ,
            pad => Cal_In(0)_PAD );
        Properties:
        {
        }

    Pin : Name = Shunt_In(0)
        Attributes:
            In Group/Port: True
            In Sync Option: AUTO
            Out Sync Option: AUTO
            Interrupt generated: False
            Interrupt mode: NONE
            Drive mode: HI_Z_ANALOG
            VTrip: EITHER
            Slew: FAST
            Input Sync needed: False
            Output Sync needed: False
            SC shield enabled: False
            POR State: ANY
            LCD Mode: COMMON
            Register Mode: RegComb
            CaSense Mode: NEITHER
            Treat as pin: True
            Is OE Registered: False
            Uses Analog: True
            Can contain Digital: False
            Is SIO: False
            SIO Output Buf: NONREGULATED
            SIO Input Buf: SINGLE_ENDED
            SIO HiFreq: LOW
            SIO Hyst: DISABLED
            SIO Vtrip: MULTIPLIER_0_5
            SIO Multiplier Index: 0
            SIO RefSel: VCC_IO
            Required Capabilities: ANALOG
            Initial Value: 1
            IO Voltage: 0
        PORT MAP (
            pa_out => Shunt_In(0)__PA ,
            analog_term => Net_1529 ,
            annotation => Net_1394 ,
            pad => Shunt_In(0)_PAD );
        Properties:
        {
        }

    Pin : Name = \ADC_1:Bypass(0)\
        Attributes:
            In Group/Port: True
            In Sync Option: AUTO
            Out Sync Option: AUTO
            Interrupt generated: False
            Interrupt mode: NONE
            Drive mode: HI_Z_ANALOG
            VTrip: EITHER
            Slew: FAST
            Input Sync needed: False
            Output Sync needed: False
            SC shield enabled: False
            POR State: ANY
            LCD Mode: COMMON
            Register Mode: RegComb
            CaSense Mode: NEITHER
            Treat as pin: True
            Is OE Registered: False
            Uses Analog: True
            Can contain Digital: False
            Is SIO: False
            SIO Output Buf: NONREGULATED
            SIO Input Buf: SINGLE_ENDED
            SIO HiFreq: LOW
            SIO Hyst: DISABLED
            SIO Vtrip: MULTIPLIER_0_5
            SIO Multiplier Index: 0
            SIO RefSel: VCC_IO
            Required Capabilities: NONE
            Initial Value: 1
            IO Voltage: 0
        PORT MAP (
            pa_out => \ADC_1:Bypass(0)\__PA ,
            analog_term => \ADC_1:Net_408\ ,
            pad => \ADC_1:Bypass(0)_PAD\ );
        Properties:
        {
        }

    Pin : Name = \I2C_1:sda(0)\
        Attributes:
            In Group/Port: True
            In Sync Option: NOSYNC
            Out Sync Option: NOSYNC
            Interrupt generated: False
            Interrupt mode: NONE
            Drive mode: OPEN_DRAIN_LO
            VTrip: CMOS
            Slew: FAST
            Input Sync needed: False
            Output Sync needed: False
            SC shield enabled: False
            POR State: ANY
            LCD Mode: COMMON
            Register Mode: RegComb
            CaSense Mode: NEITHER
            Treat as pin: True
            Is OE Registered: False
            Uses Analog: False
            Can contain Digital: True
            Is SIO: False
            SIO Output Buf: NONREGULATED
            SIO Input Buf: SINGLE_ENDED
            SIO HiFreq: LOW
            SIO Hyst: DISABLED
            SIO Vtrip: MULTIPLIER_0_5
            SIO Multiplier Index: 0
            SIO RefSel: VCC_IO
            Required Capabilities: DIGITAL
            Initial Value: 1
            IO Voltage: 0
        PORT MAP (
            pa_out => \I2C_1:sda(0)\__PA ,
            fb => Net_171 ,
            pad => \I2C_1:sda(0)_PAD\ );
        Properties:
        {
        }

    Pin : Name = \I2C_1:scl(0)\
        Attributes:
            In Group/Port: True
            In Sync Option: NOSYNC
            Out Sync Option: NOSYNC
            Interrupt generated: False
            Interrupt mode: NONE
            Drive mode: OPEN_DRAIN_LO
            VTrip: CMOS
            Slew: FAST
            Input Sync needed: False
            Output Sync needed: False
            SC shield enabled: False
            POR State: ANY
            LCD Mode: COMMON
            Register Mode: RegComb
            CaSense Mode: NEITHER
            Treat as pin: True
            Is OE Registered: False
            Uses Analog: False
            Can contain Digital: True
            Is SIO: False
            SIO Output Buf: NONREGULATED
            SIO Input Buf: SINGLE_ENDED
            SIO HiFreq: LOW
            SIO Hyst: DISABLED
            SIO Vtrip: MULTIPLIER_0_5
            SIO Multiplier Index: 0
            SIO RefSel: VCC_IO
            Required Capabilities: DIGITAL
            Initial Value: 1
            IO Voltage: 0
        PORT MAP (
            pa_out => \I2C_1:scl(0)\__PA ,
            fb => Net_170 ,
            pad => \I2C_1:scl(0)_PAD\ );
        Properties:
        {
        }

    Pin : Name = BLUE_LED(0)
        Attributes:
            In Group/Port: True
            In Sync Option: AUTO
            Out Sync Option: NOSYNC
            Interrupt generated: False
            Interrupt mode: NONE
            Drive mode: CMOS_OUT
            VTrip: EITHER
            Slew: FAST
            Input Sync needed: False
            Output Sync needed: False
            SC shield enabled: False
            POR State: ANY
            LCD Mode: COMMON
            Register Mode: RegComb
            CaSense Mode: NEITHER
            Treat as pin: True
            Is OE Registered: False
            Uses Analog: False
            Can contain Digital: True
            Is SIO: False
            SIO Output Buf: NONREGULATED
            SIO Input Buf: SINGLE_ENDED
            SIO HiFreq: LOW
            SIO Hyst: DISABLED
            SIO Vtrip: MULTIPLIER_0_5
            SIO Multiplier Index: 0
            SIO RefSel: VCC_IO
            Required Capabilities: DIGITAL
            Initial Value: 0
            IO Voltage: 0
        PORT MAP (
            pa_out => BLUE_LED(0)__PA ,
            pad => BLUE_LED(0)_PAD );
        Properties:
        {
        }

    Pin : Name = RELAY_EN(0)
        Attributes:
            In Group/Port: True
            In Sync Option: AUTO
            Out Sync Option: NOSYNC
            Interrupt generated: False
            Interrupt mode: NONE
            Drive mode: CMOS_OUT
            VTrip: EITHER
            Slew: FAST
            Input Sync needed: False
            Output Sync needed: False
            SC shield enabled: False
            POR State: ANY
            LCD Mode: COMMON
            Register Mode: RegComb
            CaSense Mode: NEITHER
            Treat as pin: True
            Is OE Registered: False
            Uses Analog: False
            Can contain Digital: True
            Is SIO: False
            SIO Output Buf: NONREGULATED
            SIO Input Buf: SINGLE_ENDED
            SIO HiFreq: LOW
            SIO Hyst: DISABLED
            SIO Vtrip: MULTIPLIER_0_5
            SIO Multiplier Index: 0
            SIO RefSel: VCC_IO
            Required Capabilities: DIGITAL
            Initial Value: 0
            IO Voltage: 0
        PORT MAP (
            pa_out => RELAY_EN(0)__PA ,
            pad => RELAY_EN(0)_PAD );
        Properties:
        {
        }

    Pin : Name = UART_IN(0)
        Attributes:
            In Group/Port: True
            In Sync Option: NOSYNC
            Out Sync Option: AUTO
            Interrupt generated: False
            Interrupt mode: NONE
            Drive mode: HI_Z_DIGITAL
            VTrip: CMOS
            Slew: FAST
            Input Sync needed: False
            Output Sync needed: False
            SC shield enabled: False
            POR State: ANY
            LCD Mode: COMMON
            Register Mode: RegComb
            CaSense Mode: NEITHER
            Treat as pin: True
            Is OE Registered: False
            Uses Analog: False
            Can contain Digital: True
            Is SIO: False
            SIO Output Buf: NONREGULATED
            SIO Input Buf: SINGLE_ENDED
            SIO HiFreq: LOW
            SIO Hyst: DISABLED
            SIO Vtrip: MULTIPLIER_0_5
            SIO Multiplier Index: 0
            SIO RefSel: VCC_IO
            Required Capabilities: DIGITAL
            Initial Value: 0
            IO Voltage: 0
        PORT MAP (
            pa_out => UART_IN(0)__PA ,
            fb => Net_703 ,
            pad => UART_IN(0)_PAD );
        Properties:
        {
        }

    Pin : Name = UART_OUT(0)
        Attributes:
            In Group/Port: True
            In Sync Option: AUTO
            Out Sync Option: NOSYNC
            Interrupt generated: False
            Interrupt mode: NONE
            Drive mode: CMOS_OUT
            VTrip: EITHER
            Slew: FAST
            Input Sync needed: False
            Output Sync needed: False
            SC shield enabled: False
            POR State: ANY
            LCD Mode: COMMON
            Register Mode: RegComb
            CaSense Mode: NEITHER
            Treat as pin: True
            Is OE Registered: False
            Uses Analog: False
            Can contain Digital: True
            Is SIO: False
            SIO Output Buf: NONREGULATED
            SIO Input Buf: SINGLE_ENDED
            SIO HiFreq: LOW
            SIO Hyst: DISABLED
            SIO Vtrip: MULTIPLIER_0_5
            SIO Multiplier Index: 0
            SIO RefSel: VCC_IO
            Required Capabilities: DIGITAL
            Initial Value: 1
            IO Voltage: 0
        PORT MAP (
            pa_out => UART_OUT(0)__PA ,
            pin_input => Net_702 ,
            pad => UART_OUT(0)_PAD );
        Properties:
        {
        }

    Pin : Name = Shunt_Gnd(0)
        Attributes:
            In Group/Port: True
            In Sync Option: AUTO
            Out Sync Option: AUTO
            Interrupt generated: False
            Interrupt mode: NONE
            Drive mode: HI_Z_ANALOG
            VTrip: EITHER
            Slew: FAST
            Input Sync needed: False
            Output Sync needed: False
            SC shield enabled: False
            POR State: ANY
            LCD Mode: COMMON
            Register Mode: RegComb
            CaSense Mode: NEITHER
            Treat as pin: True
            Is OE Registered: False
            Uses Analog: True
            Can contain Digital: False
            Is SIO: False
            SIO Output Buf: NONREGULATED
            SIO Input Buf: SINGLE_ENDED
            SIO HiFreq: LOW
            SIO Hyst: DISABLED
            SIO Vtrip: MULTIPLIER_0_5
            SIO Multiplier Index: 0
            SIO RefSel: VCC_IO
            Required Capabilities: ANALOG
            Initial Value: 1
            IO Voltage: 0
        PORT MAP (
            pa_out => Shunt_Gnd(0)__PA ,
            analog_term => Net_1473 ,
            annotation => Net_98 ,
            pad => Shunt_Gnd(0)_PAD );
        Properties:
        {
        }

    Pin : Name = GND_ref(0)
        Attributes:
            In Group/Port: True
            In Sync Option: AUTO
            Out Sync Option: AUTO
            Interrupt generated: False
            Interrupt mode: NONE
            Drive mode: HI_Z_ANALOG
            VTrip: EITHER
            Slew: FAST
            Input Sync needed: False
            Output Sync needed: False
            SC shield enabled: False
            POR State: ANY
            LCD Mode: COMMON
            Register Mode: RegComb
            CaSense Mode: NEITHER
            Treat as pin: True
            Is OE Registered: False
            Uses Analog: True
            Can contain Digital: False
            Is SIO: False
            SIO Output Buf: NONREGULATED
            SIO Input Buf: SINGLE_ENDED
            SIO HiFreq: LOW
            SIO Hyst: DISABLED
            SIO Vtrip: MULTIPLIER_0_5
            SIO Multiplier Index: 0
            SIO RefSel: VCC_IO
            Required Capabilities: ANALOG
            Initial Value: 1
            IO Voltage: 0
        PORT MAP (
            pa_out => GND_ref(0)__PA ,
            analog_term => Net_1713 ,
            annotation => Net_1498 ,
            pad => GND_ref(0)_PAD );
        Properties:
        {
        }

    Pin : Name = v_out(0)
        Attributes:
            In Group/Port: True
            In Sync Option: AUTO
            Out Sync Option: AUTO
            Interrupt generated: False
            Interrupt mode: NONE
            Drive mode: HI_Z_ANALOG
            VTrip: EITHER
            Slew: FAST
            Input Sync needed: False
            Output Sync needed: False
            SC shield enabled: False
            POR State: ANY
            LCD Mode: COMMON
            Register Mode: RegComb
            CaSense Mode: NEITHER
            Treat as pin: True
            Is OE Registered: False
            Uses Analog: True
            Can contain Digital: False
            Is SIO: False
            SIO Output Buf: NONREGULATED
            SIO Input Buf: SINGLE_ENDED
            SIO HiFreq: LOW
            SIO Hyst: DISABLED
            SIO Vtrip: MULTIPLIER_0_5
            SIO Multiplier Index: 0
            SIO RefSel: VCC_IO
            Required Capabilities: ANALOG
            Initial Value: 1
            IO Voltage: 0
        PORT MAP (
            pa_out => v_out(0)__PA ,
            analog_term => Net_1711 ,
            annotation => Net_1400 ,
            pad => v_out(0)_PAD );
        Properties:
        {
        }

    Pin : Name = VBatLow(0)
        Attributes:
            In Group/Port: True
            In Sync Option: AUTO
            Out Sync Option: AUTO
            Interrupt generated: False
            Interrupt mode: NONE
            Drive mode: HI_Z_ANALOG
            VTrip: EITHER
            Slew: FAST
            Input Sync needed: False
            Output Sync needed: False
            SC shield enabled: False
            POR State: ANY
            LCD Mode: COMMON
            Register Mode: RegComb
            CaSense Mode: NEITHER
            Treat as pin: True
            Is OE Registered: False
            Uses Analog: True
            Can contain Digital: False
            Is SIO: False
            SIO Output Buf: NONREGULATED
            SIO Input Buf: SINGLE_ENDED
            SIO HiFreq: LOW
            SIO Hyst: DISABLED
            SIO Vtrip: MULTIPLIER_0_5
            SIO Multiplier Index: 0
            SIO RefSel: VCC_IO
            Required Capabilities: ANALOG
            Initial Value: 1
            IO Voltage: 0
        PORT MAP (
            pa_out => VBatLow(0)__PA ,
            analog_term => Net_1472 ,
            annotation => Net_1532 ,
            pad => VBatLow(0)_PAD );
        Properties:
        {
        }
    </CYPRESSTAG>
    <CYPRESSTAG name="Macrocell listing" icon="FILE_RPT_EQUATION">
    </CYPRESSTAG>
    <CYPRESSTAG name="Datapath listing">
    </CYPRESSTAG>
    <CYPRESSTAG name="Status register listing">
    </CYPRESSTAG>
    <CYPRESSTAG name="StatusI register listing">
    </CYPRESSTAG>
    <CYPRESSTAG name="Sync listing">
    </CYPRESSTAG>
    <CYPRESSTAG name="Control register listing">
    </CYPRESSTAG>
    <CYPRESSTAG name="Count7 listing">
    </CYPRESSTAG>
    <CYPRESSTAG name="DRQ listing">
    </CYPRESSTAG>
    <CYPRESSTAG name="Interrupt listing">

    ------------------------------------------------------------
    Interrupt listing
    ------------------------------------------------------------

    interrupt: Name =\ADC_1:IRQ\
        PORT MAP (
            interrupt => \ADC_1:Net_423\ );
        Properties:
        {
            int_type = "10"
            is_nmi = 0
        }

    interrupt: Name =\I2C_1:SCB_IRQ\
        PORT MAP (
            interrupt => Net_154 );
        Properties:
        {
            int_type = "10"
            is_nmi = 0
        }

    interrupt: Name =isr_1
        PORT MAP (
            interrupt => Net_1373 );
        Properties:
        {
            int_type = "10"
            is_nmi = 0
        }
    </CYPRESSTAG>
</CYPRESSTAG>
<CYPRESSTAG name="Technology mapping summary" expanded>

------------------------------------------------------------
Technology mapping summary
------------------------------------------------------------

Resource Type                 : Used : Free :  Max :  % Used
============================================================
Interrupts                    :    3 :   22 :   25 : 12.00 %
IO                            :   16 :   22 :   38 : 42.11 %
Segment LCD                   :    0 :    1 :    1 :  0.00 %
CapSense                      :    0 :    1 :    1 :  0.00 %
Die Temp                      :    0 :    1 :    1 :  0.00 %
Serial Communication (SCB)    :    2 :    1 :    3 : 66.67 %
DMA Channels                  :    0 :    8 :    8 :  0.00 %
Timer/Counter/PWM             :    2 :    6 :    8 : 25.00 %
Decimator                     :    0 :    2 :    2 :  0.00 %
Smart IO Ports                :    0 :    1 :    1 :  0.00 %
Comparator/Opamp              :    2 :    2 :    4 : 50.00 %
Comparator                    :    0 :    1 :    1 :  0.00 %
UAB Channels                  :    0 :    2 :    2 :  0.00 %
LP Comparator                 :    0 :    2 :    2 :  0.00 %
Voltage References            :    2 :    2 :    4 : 50.00 %
SAR ADC                       :    1 :    0 :    1 : 100.00 %
DAC                           :      :      :      :        
  7-bit IDAC                  :    0 :    2 :    2 :  0.00 %
</CYPRESSTAG>
Technology Mapping: Elapsed time ==> 0s.086ms
Tech Mapping phase: Elapsed time ==> 0s.108ms
</CYPRESSTAG>
<CYPRESSTAG name="Analog Placement">
<CYPRESSTAG name="FFB & IO Pre Placement">
<CYPRESSTAG name="Placement" icon="FILE_RPT_PLACEMENT">

Cell                                : Block                              
=========================================================================
VBatHigh(0)                         : [IOP=(1)][IoId=(0)]                
Cal_In(0)                           : [IOP=(2)][IoId=(5)]                
Shunt_In(0)                         : [IOP=(1)][IoId=(5)]                
\ADC_1:Bypass(0)\                   : [IOP=(2)][IoId=(7)]                
\I2C_1:sda(0)\                      : [IOP=(3)][IoId=(7)]                
\I2C_1:scl(0)\                      : [IOP=(3)][IoId=(6)]                
BLUE_LED(0)                         : [IOP=(0)][IoId=(2)]                
RELAY_EN(0)                         : [IOP=(0)][IoId=(3)]                
UART_IN(0)                          : [IOP=(0)][IoId=(4)]                
UART_OUT(0)                         : [IOP=(0)][IoId=(5)]                
Shunt_Gnd(0)                        : [IOP=(2)][IoId=(4)]                
GND_ref(0)                          : [IOP=(2)][IoId=(1)]                
v_out(0)                            : [IOP=(2)][IoId=(3)]                
VBatLow(0)                          : [IOP=(2)][IoId=(0)]                
ClockGenBlock                       : CLK_GEN_[FFB(CLK_GEN,0)]           
\ADC_1:cy_psoc4_sar_1\              : SARADC_[FFB(SARADC,0)]             
\UART_1:SCB\                        : SCB_[FFB(SCB,1)]                   
\I2C_1:SCB\                         : SCB_[FFB(SCB,2)]                   
\Opamp_1:cy_psoc4_abuf\             : OA_CTB0.OA1                        
\PGA_1:cy_psoc4_abuf\               : OA_CTB0.OA0                        
CyDesignWideVoltageReference        : REF_PRB0.REF0                      
\PVref_1:cy_psoc4_pref\             : REF_PRB0.REF1                      
\ADC_1:vssa_kelvin_0\               : Vref_[FFB(Vref,0)]                 
\Timer_1:cy_m0s8_tcpwm_1\           : TCPWM_[FFB(TCPWM,0)]               
\TCPWM_1:cy_m0s8_tcpwm_1\           : TCPWM_[FFB(TCPWM,1)]               

</CYPRESSTAG>
</CYPRESSTAG>
<CYPRESSTAG name="Real Analog Placement">
Elapsed time ==> 0.1647876s
</CYPRESSTAG>
Analog Placement phase: Elapsed time ==> 0s.549ms
</CYPRESSTAG>
<CYPRESSTAG name="Analog Routing">
<CYPRESSTAG name="Analog Routing">
Route success=True, Iterations=1 Elapsed=0.0349831 secs
</CYPRESSTAG>
Analog Routing phase: Elapsed time ==> 0s.053ms
</CYPRESSTAG>
<CYPRESSTAG name="Analog Code Generation">
============ Analog Final Answer Routes ============
Dump of CyAnalogRoutingResultsDB
Map of net to items {
  Net: Net_1441 {
    PASS0_ctb0_vout0
    PASS0_AROUTE0_SMP_C0O0
    PASS0_sarmux_vplus
    PASS0_AROUTE0_SMP_SRP
    PASS0_sar_vplus
  }
  Net: Net_1472 {
    p2_0
  }
  Net: Net_1473 {
    p2_4
  }
  Net: Net_1526 {
    p2_5
  }
  Net: Net_1529 {
    p1_5
  }
  Net: Net_1536 {
    p1_0
  }
  Net: Net_1711 {
    p2_3
    PASS0_CTB0_A92
    PASS0_CTB0_oa1_vminus
  }
  Net: Net_1712 {
    PASS0_vref1
    PASS0_AROUTE0_CTB0_V11
    PASS0_ctb0_vref1
    PASS0_CTB0_A73
    PASS0_CTB0_oa1_vplus
  }
  Net: Net_1713 {
    p2_1
    PASS0_CTB0_R01
    PASS0_CTB0_r0_bot
  }
  Net: \ADC_1:Net_1448\ {
  }
  Net: \ADC_1:Net_408\ {
    p2_7
    swh_1
    sar_ext_vref
    PASS0_SW_SAR_VREF_EXT
    PASS0_ext_vref0
  }
  Net: \ADC_1:muxoutMinus\ {
    vssa_kelvin
    PASS0_SARMUX0_sw16
    PASS0_sarmux_vminus
    PASS0_AROUTE0_SMM_SRM
    PASS0_sar_vminus
  }
  Net: \PGA_1:Net_29\ {
    PASS0_CTB0_oa0_vminus
    PASS0_CTB0_R71
    PASS0_CTB0_rs0_tap
  }
  Net: Net_1533 {
    PASS0_CTB0_oa0_vplus
  }
  Net: AMuxNet::AMux_1 {
    PASS0_CTB0_A30
    PASS0_ctb0_ctbus0
    PASS0_CTB0_P05
    PASS0_CTB0_G33
    PASS0_ctb1_ctbus0
    PASS0_CTB1_P05
    PASS0_CTB0_P04
    PASS0_CTB1_P00
    PASS0_CTB0_A20
  }
}
Map of item to net {
  PASS0_ctb0_vout0                                 -> Net_1441
  PASS0_AROUTE0_SMP_C0O0                           -> Net_1441
  PASS0_sarmux_vplus                               -> Net_1441
  PASS0_AROUTE0_SMP_SRP                            -> Net_1441
  PASS0_sar_vplus                                  -> Net_1441
  p2_0                                             -> Net_1472
  p2_4                                             -> Net_1473
  p2_5                                             -> Net_1526
  p1_5                                             -> Net_1529
  p1_0                                             -> Net_1536
  p2_3                                             -> Net_1711
  PASS0_CTB0_A92                                   -> Net_1711
  PASS0_CTB0_oa1_vminus                            -> Net_1711
  PASS0_vref1                                      -> Net_1712
  PASS0_AROUTE0_CTB0_V11                           -> Net_1712
  PASS0_ctb0_vref1                                 -> Net_1712
  PASS0_CTB0_A73                                   -> Net_1712
  PASS0_CTB0_oa1_vplus                             -> Net_1712
  p2_1                                             -> Net_1713
  PASS0_CTB0_R01                                   -> Net_1713
  PASS0_CTB0_r0_bot                                -> Net_1713
  p2_7                                             -> \ADC_1:Net_408\
  swh_1                                            -> \ADC_1:Net_408\
  sar_ext_vref                                     -> \ADC_1:Net_408\
  PASS0_SW_SAR_VREF_EXT                            -> \ADC_1:Net_408\
  PASS0_ext_vref0                                  -> \ADC_1:Net_408\
  vssa_kelvin                                      -> \ADC_1:muxoutMinus\
  PASS0_SARMUX0_sw16                               -> \ADC_1:muxoutMinus\
  PASS0_sarmux_vminus                              -> \ADC_1:muxoutMinus\
  PASS0_AROUTE0_SMM_SRM                            -> \ADC_1:muxoutMinus\
  PASS0_sar_vminus                                 -> \ADC_1:muxoutMinus\
  PASS0_CTB0_oa0_vminus                            -> \PGA_1:Net_29\
  PASS0_CTB0_R71                                   -> \PGA_1:Net_29\
  PASS0_CTB0_rs0_tap                               -> \PGA_1:Net_29\
  PASS0_CTB0_oa0_vplus                             -> Net_1533
  PASS0_CTB0_A30                                   -> AMuxNet::AMux_1
  PASS0_ctb0_ctbus0                                -> AMuxNet::AMux_1
  PASS0_CTB0_P05                                   -> AMuxNet::AMux_1
  PASS0_CTB0_G33                                   -> AMuxNet::AMux_1
  PASS0_ctb1_ctbus0                                -> AMuxNet::AMux_1
  PASS0_CTB1_P05                                   -> AMuxNet::AMux_1
  PASS0_CTB0_P04                                   -> AMuxNet::AMux_1
  PASS0_CTB1_P00                                   -> AMuxNet::AMux_1
  PASS0_CTB0_A20                                   -> AMuxNet::AMux_1
}
Mux Info {
  Mux: AMux_1 {
     Mouth: Net_1533
     Guts:  AMuxNet::AMux_1
     IsSingleSwitching: True
     IsStaticSwitching: False
     IsAtMostOneSwitch: False
    Arm: 0 {
      Net:   Net_1526
      Outer: PASS0_CTB0_P05
      Inner: __open__
      Path {
        PASS0_CTB0_A30
        PASS0_ctb0_ctbus0
        PASS0_CTB0_P05
        p2_5
      }
    }
    Arm: 1 {
      Net:   Net_1529
      Outer: PASS0_CTB1_P05
      Inner: __open__
      Path {
        PASS0_CTB0_A30
        PASS0_ctb0_ctbus0
        PASS0_CTB0_G33
        PASS0_ctb1_ctbus0
        PASS0_CTB1_P05
        p1_5
      }
    }
    Arm: 2 {
      Net:   Net_1473
      Outer: PASS0_CTB0_P04
      Inner: __open__
      Path {
        PASS0_CTB0_A30
        PASS0_ctb0_ctbus0
        PASS0_CTB0_P04
        p2_4
      }
    }
    Arm: 3 {
      Net:   Net_1536
      Outer: PASS0_CTB1_P00
      Inner: __open__
      Path {
        PASS0_CTB0_A30
        PASS0_ctb0_ctbus0
        PASS0_CTB0_G33
        PASS0_ctb1_ctbus0
        PASS0_CTB1_P00
        p1_0
      }
    }
    Arm: 4 {
      Net:   Net_1472
      Outer: PASS0_CTB0_A20
      Inner: __open__
      Path {
        PASS0_CTB0_A20
        p2_0
      }
    }
  }
}
Analog Code Generation phase: Elapsed time ==> 0s.025ms
</CYPRESSTAG>
<CYPRESSTAG name="Digital Placement">
<CYPRESSTAG name="Detailed placement messages">
I2076: Total run-time: 0.3 sec.

</CYPRESSTAG>
<CYPRESSTAG name="PLD Packing">
<CYPRESSTAG name="PLD Packing Summary">
No PLDs were packed.
</CYPRESSTAG>
PLD Packing: Elapsed time ==> 0s.000ms
</CYPRESSTAG>
<CYPRESSTAG name="Partitioning">
<CYPRESSTAG name="Initial Partitioning Summary">
Initial Partitioning Summary not displayed at this verbose level.</CYPRESSTAG>
<CYPRESSTAG name="Final Partitioning Summary">
Final Partitioning Summary not displayed at this verbose level.</CYPRESSTAG>
Partitioning: Elapsed time ==> 0s.018ms
</CYPRESSTAG>
<CYPRESSTAG name="Final Placement Summary">

------------------------------------------------------------
Final Placement Summary
------------------------------------------------------------

       Resource Type :      Count : Avg Inputs : Avg Outputs
    ========================================================
                 UDB :          0 :       0.00 :       0.00
<CYPRESSTAG name="Final Placement Details">
<CYPRESSTAG name="Component Details">

------------------------------------------------------------
Component Placement Details
------------------------------------------------------------
Intr container @ [IntrContainer=(0)]: 
  Intr@ [IntrContainer=(0)][IntrId=(10)] 
    interrupt: Name =\I2C_1:SCB_IRQ\
        PORT MAP (
            interrupt => Net_154 );
        Properties:
        {
            int_type = "10"
            is_nmi = 0
        }
  Intr@ [IntrContainer=(0)][IntrId=(15)] 
    interrupt: Name =\ADC_1:IRQ\
        PORT MAP (
            interrupt => \ADC_1:Net_423\ );
        Properties:
        {
            int_type = "10"
            is_nmi = 0
        }
  Intr@ [IntrContainer=(0)][IntrId=(18)] 
    interrupt: Name =isr_1
        PORT MAP (
            interrupt => Net_1373 );
        Properties:
        {
            int_type = "10"
            is_nmi = 0
        }
Drq container @ [DrqContainer=(0)]: empty
Port 0 contains the following IO cells:
[IoId=2]: 
Pin : Name = BLUE_LED(0)
    Attributes:
        In Group/Port: True
        In Sync Option: AUTO
        Out Sync Option: NOSYNC
        Interrupt generated: False
        Interrupt mode: NONE
        Drive mode: CMOS_OUT
        VTrip: EITHER
        Slew: FAST
        Input Sync needed: False
        Output Sync needed: False
        SC shield enabled: False
        POR State: ANY
        LCD Mode: COMMON
        Register Mode: RegComb
        CaSense Mode: NEITHER
        Treat as pin: True
        Is OE Registered: False
        Uses Analog: False
        Can contain Digital: True
        Is SIO: False
        SIO Output Buf: NONREGULATED
        SIO Input Buf: SINGLE_ENDED
        SIO HiFreq: LOW
        SIO Hyst: DISABLED
        SIO Vtrip: MULTIPLIER_0_5
        SIO Multiplier Index: 0
        SIO RefSel: VCC_IO
        Required Capabilities: DIGITAL
        Initial Value: 0
        IO Voltage: 0
    PORT MAP (
        pa_out => BLUE_LED(0)__PA ,
        pad => BLUE_LED(0)_PAD );
    Properties:
    {
    }

[IoId=3]: 
Pin : Name = RELAY_EN(0)
    Attributes:
        In Group/Port: True
        In Sync Option: AUTO
        Out Sync Option: NOSYNC
        Interrupt generated: False
        Interrupt mode: NONE
        Drive mode: CMOS_OUT
        VTrip: EITHER
        Slew: FAST
        Input Sync needed: False
        Output Sync needed: False
        SC shield enabled: False
        POR State: ANY
        LCD Mode: COMMON
        Register Mode: RegComb
        CaSense Mode: NEITHER
        Treat as pin: True
        Is OE Registered: False
        Uses Analog: False
        Can contain Digital: True
        Is SIO: False
        SIO Output Buf: NONREGULATED
        SIO Input Buf: SINGLE_ENDED
        SIO HiFreq: LOW
        SIO Hyst: DISABLED
        SIO Vtrip: MULTIPLIER_0_5
        SIO Multiplier Index: 0
        SIO RefSel: VCC_IO
        Required Capabilities: DIGITAL
        Initial Value: 0
        IO Voltage: 0
    PORT MAP (
        pa_out => RELAY_EN(0)__PA ,
        pad => RELAY_EN(0)_PAD );
    Properties:
    {
    }

[IoId=4]: 
Pin : Name = UART_IN(0)
    Attributes:
        In Group/Port: True
        In Sync Option: NOSYNC
        Out Sync Option: AUTO
        Interrupt generated: False
        Interrupt mode: NONE
        Drive mode: HI_Z_DIGITAL
        VTrip: CMOS
        Slew: FAST
        Input Sync needed: False
        Output Sync needed: False
        SC shield enabled: False
        POR State: ANY
        LCD Mode: COMMON
        Register Mode: RegComb
        CaSense Mode: NEITHER
        Treat as pin: True
        Is OE Registered: False
        Uses Analog: False
        Can contain Digital: True
        Is SIO: False
        SIO Output Buf: NONREGULATED
        SIO Input Buf: SINGLE_ENDED
        SIO HiFreq: LOW
        SIO Hyst: DISABLED
        SIO Vtrip: MULTIPLIER_0_5
        SIO Multiplier Index: 0
        SIO RefSel: VCC_IO
        Required Capabilities: DIGITAL
        Initial Value: 0
        IO Voltage: 0
    PORT MAP (
        pa_out => UART_IN(0)__PA ,
        fb => Net_703 ,
        pad => UART_IN(0)_PAD );
    Properties:
    {
    }

[IoId=5]: 
Pin : Name = UART_OUT(0)
    Attributes:
        In Group/Port: True
        In Sync Option: AUTO
        Out Sync Option: NOSYNC
        Interrupt generated: False
        Interrupt mode: NONE
        Drive mode: CMOS_OUT
        VTrip: EITHER
        Slew: FAST
        Input Sync needed: False
        Output Sync needed: False
        SC shield enabled: False
        POR State: ANY
        LCD Mode: COMMON
        Register Mode: RegComb
        CaSense Mode: NEITHER
        Treat as pin: True
        Is OE Registered: False
        Uses Analog: False
        Can contain Digital: True
        Is SIO: False
        SIO Output Buf: NONREGULATED
        SIO Input Buf: SINGLE_ENDED
        SIO HiFreq: LOW
        SIO Hyst: DISABLED
        SIO Vtrip: MULTIPLIER_0_5
        SIO Multiplier Index: 0
        SIO RefSel: VCC_IO
        Required Capabilities: DIGITAL
        Initial Value: 1
        IO Voltage: 0
    PORT MAP (
        pa_out => UART_OUT(0)__PA ,
        pin_input => Net_702 ,
        pad => UART_OUT(0)_PAD );
    Properties:
    {
    }

Port 1 contains the following IO cells:
[IoId=0]: 
Pin : Name = VBatHigh(0)
    Attributes:
        In Group/Port: True
        In Sync Option: AUTO
        Out Sync Option: AUTO
        Interrupt generated: False
        Interrupt mode: NONE
        Drive mode: HI_Z_ANALOG
        VTrip: EITHER
        Slew: FAST
        Input Sync needed: False
        Output Sync needed: False
        SC shield enabled: False
        POR State: ANY
        LCD Mode: COMMON
        Register Mode: RegComb
        CaSense Mode: NEITHER
        Treat as pin: True
        Is OE Registered: False
        Uses Analog: True
        Can contain Digital: False
        Is SIO: False
        SIO Output Buf: NONREGULATED
        SIO Input Buf: SINGLE_ENDED
        SIO HiFreq: LOW
        SIO Hyst: DISABLED
        SIO Vtrip: MULTIPLIER_0_5
        SIO Multiplier Index: 0
        SIO RefSel: VCC_IO
        Required Capabilities: ANALOG
        Initial Value: 1
        IO Voltage: 0
    PORT MAP (
        pa_out => VBatHigh(0)__PA ,
        analog_term => Net_1536 ,
        annotation => Net_1542 ,
        pad => VBatHigh(0)_PAD );
    Properties:
    {
    }

[IoId=5]: 
Pin : Name = Shunt_In(0)
    Attributes:
        In Group/Port: True
        In Sync Option: AUTO
        Out Sync Option: AUTO
        Interrupt generated: False
        Interrupt mode: NONE
        Drive mode: HI_Z_ANALOG
        VTrip: EITHER
        Slew: FAST
        Input Sync needed: False
        Output Sync needed: False
        SC shield enabled: False
        POR State: ANY
        LCD Mode: COMMON
        Register Mode: RegComb
        CaSense Mode: NEITHER
        Treat as pin: True
        Is OE Registered: False
        Uses Analog: True
        Can contain Digital: False
        Is SIO: False
        SIO Output Buf: NONREGULATED
        SIO Input Buf: SINGLE_ENDED
        SIO HiFreq: LOW
        SIO Hyst: DISABLED
        SIO Vtrip: MULTIPLIER_0_5
        SIO Multiplier Index: 0
        SIO RefSel: VCC_IO
        Required Capabilities: ANALOG
        Initial Value: 1
        IO Voltage: 0
    PORT MAP (
        pa_out => Shunt_In(0)__PA ,
        analog_term => Net_1529 ,
        annotation => Net_1394 ,
        pad => Shunt_In(0)_PAD );
    Properties:
    {
    }

Port 2 contains the following IO cells:
[IoId=0]: 
Pin : Name = VBatLow(0)
    Attributes:
        In Group/Port: True
        In Sync Option: AUTO
        Out Sync Option: AUTO
        Interrupt generated: False
        Interrupt mode: NONE
        Drive mode: HI_Z_ANALOG
        VTrip: EITHER
        Slew: FAST
        Input Sync needed: False
        Output Sync needed: False
        SC shield enabled: False
        POR State: ANY
        LCD Mode: COMMON
        Register Mode: RegComb
        CaSense Mode: NEITHER
        Treat as pin: True
        Is OE Registered: False
        Uses Analog: True
        Can contain Digital: False
        Is SIO: False
        SIO Output Buf: NONREGULATED
        SIO Input Buf: SINGLE_ENDED
        SIO HiFreq: LOW
        SIO Hyst: DISABLED
        SIO Vtrip: MULTIPLIER_0_5
        SIO Multiplier Index: 0
        SIO RefSel: VCC_IO
        Required Capabilities: ANALOG
        Initial Value: 1
        IO Voltage: 0
    PORT MAP (
        pa_out => VBatLow(0)__PA ,
        analog_term => Net_1472 ,
        annotation => Net_1532 ,
        pad => VBatLow(0)_PAD );
    Properties:
    {
    }

[IoId=1]: 
Pin : Name = GND_ref(0)
    Attributes:
        In Group/Port: True
        In Sync Option: AUTO
        Out Sync Option: AUTO
        Interrupt generated: False
        Interrupt mode: NONE
        Drive mode: HI_Z_ANALOG
        VTrip: EITHER
        Slew: FAST
        Input Sync needed: False
        Output Sync needed: False
        SC shield enabled: False
        POR State: ANY
        LCD Mode: COMMON
        Register Mode: RegComb
        CaSense Mode: NEITHER
        Treat as pin: True
        Is OE Registered: False
        Uses Analog: True
        Can contain Digital: False
        Is SIO: False
        SIO Output Buf: NONREGULATED
        SIO Input Buf: SINGLE_ENDED
        SIO HiFreq: LOW
        SIO Hyst: DISABLED
        SIO Vtrip: MULTIPLIER_0_5
        SIO Multiplier Index: 0
        SIO RefSel: VCC_IO
        Required Capabilities: ANALOG
        Initial Value: 1
        IO Voltage: 0
    PORT MAP (
        pa_out => GND_ref(0)__PA ,
        analog_term => Net_1713 ,
        annotation => Net_1498 ,
        pad => GND_ref(0)_PAD );
    Properties:
    {
    }

[IoId=3]: 
Pin : Name = v_out(0)
    Attributes:
        In Group/Port: True
        In Sync Option: AUTO
        Out Sync Option: AUTO
        Interrupt generated: False
        Interrupt mode: NONE
        Drive mode: HI_Z_ANALOG
        VTrip: EITHER
        Slew: FAST
        Input Sync needed: False
        Output Sync needed: False
        SC shield enabled: False
        POR State: ANY
        LCD Mode: COMMON
        Register Mode: RegComb
        CaSense Mode: NEITHER
        Treat as pin: True
        Is OE Registered: False
        Uses Analog: True
        Can contain Digital: False
        Is SIO: False
        SIO Output Buf: NONREGULATED
        SIO Input Buf: SINGLE_ENDED
        SIO HiFreq: LOW
        SIO Hyst: DISABLED
        SIO Vtrip: MULTIPLIER_0_5
        SIO Multiplier Index: 0
        SIO RefSel: VCC_IO
        Required Capabilities: ANALOG
        Initial Value: 1
        IO Voltage: 0
    PORT MAP (
        pa_out => v_out(0)__PA ,
        analog_term => Net_1711 ,
        annotation => Net_1400 ,
        pad => v_out(0)_PAD );
    Properties:
    {
    }

[IoId=4]: 
Pin : Name = Shunt_Gnd(0)
    Attributes:
        In Group/Port: True
        In Sync Option: AUTO
        Out Sync Option: AUTO
        Interrupt generated: False
        Interrupt mode: NONE
        Drive mode: HI_Z_ANALOG
        VTrip: EITHER
        Slew: FAST
        Input Sync needed: False
        Output Sync needed: False
        SC shield enabled: False
        POR State: ANY
        LCD Mode: COMMON
        Register Mode: RegComb
        CaSense Mode: NEITHER
        Treat as pin: True
        Is OE Registered: False
        Uses Analog: True
        Can contain Digital: False
        Is SIO: False
        SIO Output Buf: NONREGULATED
        SIO Input Buf: SINGLE_ENDED
        SIO HiFreq: LOW
        SIO Hyst: DISABLED
        SIO Vtrip: MULTIPLIER_0_5
        SIO Multiplier Index: 0
        SIO RefSel: VCC_IO
        Required Capabilities: ANALOG
        Initial Value: 1
        IO Voltage: 0
    PORT MAP (
        pa_out => Shunt_Gnd(0)__PA ,
        analog_term => Net_1473 ,
        annotation => Net_98 ,
        pad => Shunt_Gnd(0)_PAD );
    Properties:
    {
    }

[IoId=5]: 
Pin : Name = Cal_In(0)
    Attributes:
        In Group/Port: True
        In Sync Option: AUTO
        Out Sync Option: AUTO
        Interrupt generated: False
        Interrupt mode: NONE
        Drive mode: HI_Z_ANALOG
        VTrip: EITHER
        Slew: FAST
        Input Sync needed: False
        Output Sync needed: False
        SC shield enabled: False
        POR State: ANY
        LCD Mode: COMMON
        Register Mode: RegComb
        CaSense Mode: NEITHER
        Treat as pin: True
        Is OE Registered: False
        Uses Analog: True
        Can contain Digital: False
        Is SIO: False
        SIO Output Buf: NONREGULATED
        SIO Input Buf: SINGLE_ENDED
        SIO HiFreq: LOW
        SIO Hyst: DISABLED
        SIO Vtrip: MULTIPLIER_0_5
        SIO Multiplier Index: 0
        SIO RefSel: VCC_IO
        Required Capabilities: ANALOG
        Initial Value: 1
        IO Voltage: 0
    PORT MAP (
        pa_out => Cal_In(0)__PA ,
        analog_term => Net_1526 ,
        annotation => Net_1395 ,
        pad => Cal_In(0)_PAD );
    Properties:
    {
    }

[IoId=7]: 
Pin : Name = \ADC_1:Bypass(0)\
    Attributes:
        In Group/Port: True
        In Sync Option: AUTO
        Out Sync Option: AUTO
        Interrupt generated: False
        Interrupt mode: NONE
        Drive mode: HI_Z_ANALOG
        VTrip: EITHER
        Slew: FAST
        Input Sync needed: False
        Output Sync needed: False
        SC shield enabled: False
        POR State: ANY
        LCD Mode: COMMON
        Register Mode: RegComb
        CaSense Mode: NEITHER
        Treat as pin: True
        Is OE Registered: False
        Uses Analog: True
        Can contain Digital: False
        Is SIO: False
        SIO Output Buf: NONREGULATED
        SIO Input Buf: SINGLE_ENDED
        SIO HiFreq: LOW
        SIO Hyst: DISABLED
        SIO Vtrip: MULTIPLIER_0_5
        SIO Multiplier Index: 0
        SIO RefSel: VCC_IO
        Required Capabilities: NONE
        Initial Value: 1
        IO Voltage: 0
    PORT MAP (
        pa_out => \ADC_1:Bypass(0)\__PA ,
        analog_term => \ADC_1:Net_408\ ,
        pad => \ADC_1:Bypass(0)_PAD\ );
    Properties:
    {
    }

Port 3 contains the following IO cells:
[IoId=6]: 
Pin : Name = \I2C_1:scl(0)\
    Attributes:
        In Group/Port: True
        In Sync Option: NOSYNC
        Out Sync Option: NOSYNC
        Interrupt generated: False
        Interrupt mode: NONE
        Drive mode: OPEN_DRAIN_LO
        VTrip: CMOS
        Slew: FAST
        Input Sync needed: False
        Output Sync needed: False
        SC shield enabled: False
        POR State: ANY
        LCD Mode: COMMON
        Register Mode: RegComb
        CaSense Mode: NEITHER
        Treat as pin: True
        Is OE Registered: False
        Uses Analog: False
        Can contain Digital: True
        Is SIO: False
        SIO Output Buf: NONREGULATED
        SIO Input Buf: SINGLE_ENDED
        SIO HiFreq: LOW
        SIO Hyst: DISABLED
        SIO Vtrip: MULTIPLIER_0_5
        SIO Multiplier Index: 0
        SIO RefSel: VCC_IO
        Required Capabilities: DIGITAL
        Initial Value: 1
        IO Voltage: 0
    PORT MAP (
        pa_out => \I2C_1:scl(0)\__PA ,
        fb => Net_170 ,
        pad => \I2C_1:scl(0)_PAD\ );
    Properties:
    {
    }

[IoId=7]: 
Pin : Name = \I2C_1:sda(0)\
    Attributes:
        In Group/Port: True
        In Sync Option: NOSYNC
        Out Sync Option: NOSYNC
        Interrupt generated: False
        Interrupt mode: NONE
        Drive mode: OPEN_DRAIN_LO
        VTrip: CMOS
        Slew: FAST
        Input Sync needed: False
        Output Sync needed: False
        SC shield enabled: False
        POR State: ANY
        LCD Mode: COMMON
        Register Mode: RegComb
        CaSense Mode: NEITHER
        Treat as pin: True
        Is OE Registered: False
        Uses Analog: False
        Can contain Digital: True
        Is SIO: False
        SIO Output Buf: NONREGULATED
        SIO Input Buf: SINGLE_ENDED
        SIO HiFreq: LOW
        SIO Hyst: DISABLED
        SIO Vtrip: MULTIPLIER_0_5
        SIO Multiplier Index: 0
        SIO RefSel: VCC_IO
        Required Capabilities: DIGITAL
        Initial Value: 1
        IO Voltage: 0
    PORT MAP (
        pa_out => \I2C_1:sda(0)\__PA ,
        fb => Net_171 ,
        pad => \I2C_1:sda(0)_PAD\ );
    Properties:
    {
    }

Port 4 contains the following IO cells:
Port 5 contains the following IO cells:
Clock group 0: 
    Clock Block @ F(Clock,0): 
    m0s8clockblockcell: Name =ClockBlock
        PORT MAP (
            hfclk => ClockBlock_HFClk ,
            imo => ClockBlock_IMO ,
            ext => ClockBlock_ExtClk ,
            sysclk => ClockBlock_SysClk ,
            ilo => ClockBlock_ILO ,
            lfclk => ClockBlock_LFClk ,
            wco => ClockBlock_WCO ,
            ff_div_12 => \ADC_1:sarClock_ff12\ ,
            ff_div_0 => \I2C_1:Net_847_ff0\ ,
            ff_div_1 => \UART_1:Net_847_ff1\ ,
            ff_div_4 => Net_1379_ff4 ,
            ff_div_5 => Net_1425_ff5 );
        Properties:
        {
        }
Decimator group 0: empty
LCD group 0: empty
PICU group 0: empty
Vref group 0: 
    Vref Block @ F(Vref,1): 
    vrefcell: Name =\ADC_1:vssa_kelvin_0\
        PORT MAP (
            vout => \ADC_1:muxoutMinus\ );
        Properties:
        {
            autoenable = 1
            guid = "27E55207-D708-4E0A-9CA9-208BEFB90B23"
            ignoresleep = 0
            name = "CY_INTERNAL_VSSA_KELVIN"
        }
LPCOMP group 0: empty
SCB group 0: 
    SCB Block @ F(SCB,1): 
    m0s8scbcell: Name =\UART_1:SCB\
        PORT MAP (
            clock => \UART_1:Net_847_ff1\ ,
            interrupt => Net_726 ,
            uart_rx => Net_703 ,
            uart_tx => Net_702 ,
            uart_rts => \UART_1:rts_wire\ ,
            mosi_m => \UART_1:mosi_m_wire\ ,
            select_m_3 => \UART_1:select_m_wire_3\ ,
            select_m_2 => \UART_1:select_m_wire_2\ ,
            select_m_1 => \UART_1:select_m_wire_1\ ,
            select_m_0 => \UART_1:select_m_wire_0\ ,
            sclk_m => \UART_1:sclk_m_wire\ ,
            miso_s => \UART_1:miso_s_wire\ ,
            tr_tx_req => Net_743 ,
            tr_rx_req => Net_735 );
        Properties:
        {
            cy_registers = ""
            scb_mode = 2
        }
    SCB Block @ F(SCB,2): 
    m0s8scbcell: Name =\I2C_1:SCB\
        PORT MAP (
            clock => \I2C_1:Net_847_ff0\ ,
            interrupt => Net_154 ,
            uart_tx => \I2C_1:tx_wire\ ,
            uart_rts => \I2C_1:rts_wire\ ,
            mosi_m => \I2C_1:mosi_m_wire\ ,
            select_m_3 => \I2C_1:select_m_wire_3\ ,
            select_m_2 => \I2C_1:select_m_wire_2\ ,
            select_m_1 => \I2C_1:select_m_wire_1\ ,
            select_m_0 => \I2C_1:select_m_wire_0\ ,
            sclk_m => \I2C_1:sclk_m_wire\ ,
            miso_s => \I2C_1:miso_s_wire\ ,
            i2c_scl => Net_170 ,
            i2c_sda => Net_171 ,
            tr_tx_req => Net_172 ,
            tr_rx_req => Net_163 );
        Properties:
        {
            cy_registers = ""
            scb_mode = 0
        }
CSD group 0: empty
CSIDAC7 group 0: empty
TCPWM group 0: 
    Tcpwm Block @ F(TCPWM,0): 
    m0s8tcpwmcell: Name =\Timer_1:cy_m0s8_tcpwm_1\
        PORT MAP (
            clock => Net_1425_ff5 ,
            capture => zero ,
            count => tmpOE__VBatHigh_net_0 ,
            reload => zero ,
            stop => zero ,
            start => zero ,
            tr_underflow => Net_207 ,
            tr_overflow => Net_203 ,
            tr_compare_match => Net_198 ,
            line => Net_201 ,
            line_compl => Net_202 ,
            interrupt => Net_1512 );
        Properties:
        {
            cy_registers = ""
        }
    Tcpwm Block @ F(TCPWM,1): 
    m0s8tcpwmcell: Name =\TCPWM_1:cy_m0s8_tcpwm_1\
        PORT MAP (
            clock => Net_1379_ff4 ,
            capture => zero ,
            count => tmpOE__VBatHigh_net_0 ,
            reload => zero ,
            stop => zero ,
            start => zero ,
            tr_underflow => Net_1733 ,
            tr_overflow => Net_1729 ,
            tr_compare_match => Net_1725 ,
            line => Net_1727 ,
            line_compl => Net_1728 ,
            interrupt => Net_1373 );
        Properties:
        {
            cy_registers = ""
        }
OA group 0: 
    Comparator/Opamp @ F(OA,0): 
    p4abufcell: Name =\PGA_1:cy_psoc4_abuf\
        PORT MAP (
            vplus => Net_1533 ,
            vminus => \PGA_1:Net_29\ ,
            vout1 => Net_1441 ,
            vout10 => \PGA_1:Net_19\ ,
            ctb_dsi_comp => \PGA_1:Net_12\ );
        Properties:
        {
            cy_registers = ""
            deepsleep_available = 0
            has_resistor = 1
            needs_dsab = 0
        }
    Comparator/Opamp @ F(OA,1): 
    p4abufcell: Name =\Opamp_1:cy_psoc4_abuf\
        PORT MAP (
            vplus => Net_1712 ,
            vminus => Net_1711 ,
            vout1 => \Opamp_1:Net_18\ ,
            vout10 => Net_1711 ,
            ctb_dsi_comp => \Opamp_1:Net_12\ );
        Properties:
        {
            cy_registers = ""
            deepsleep_available = 0
            has_resistor = 0
            needs_dsab = 0
        }
RSB group 0: 
    p4rsbcell @ F(RSB,0): 
    p4rsbcell: Name =ctb0_resistor_string
        PORT MAP (
            r0_tap => \PGA_1:Net_29\ ,
            r0_top => Net_1441 ,
            r0_bot => Net_1713 );
        Properties:
        {
        }
HALFUAB group 0: empty
TEMP group 0: empty
REF group 0: 
    Voltage References @ F(REF,0): 
    p4prefcell: Name =CyDesignWideVoltageReference
        PORT MAP (
            vout => \ADC_1:Net_1379\ );
        Properties:
        {
        }
    Voltage References @ F(REF,1): 
    p4prefcell: Name =\PVref_1:cy_psoc4_pref\
        PORT MAP (
            vout => Net_1712 );
        Properties:
        {
            cy_registers = ""
            referenceid = 0
            tapid = 0
        }
SARADC group 0: 
    SAR ADC @ F(SARADC,0): 
    p4sarcell: Name =\ADC_1:cy_psoc4_sar_1\
        PORT MAP (
            vplus => Net_1441 ,
            vminus => \ADC_1:muxoutMinus\ ,
            vref => \ADC_1:Net_1448\ ,
            ext_vref => \ADC_1:Net_408\ ,
            clock => \ADC_1:sarClock_ff12\ ,
            sample_done => Net_1755 ,
            chan_id_valid => Net_1757 ,
            chan_id_3 => Net_1756_3 ,
            chan_id_2 => Net_1756_2 ,
            chan_id_1 => Net_1756_1 ,
            chan_id_0 => Net_1756_0 ,
            data_valid => Net_1759 ,
            data_11 => Net_1758_11 ,
            data_10 => Net_1758_10 ,
            data_9 => Net_1758_9 ,
            data_8 => Net_1758_8 ,
            data_7 => Net_1758_7 ,
            data_6 => Net_1758_6 ,
            data_5 => Net_1758_5 ,
            data_4 => Net_1758_4 ,
            data_3 => Net_1758_3 ,
            data_2 => Net_1758_2 ,
            data_1 => Net_1758_1 ,
            data_0 => Net_1758_0 ,
            tr_sar_out => Net_1754 ,
            irq => \ADC_1:Net_423\ );
        Properties:
        {
            cy_registers = ""
        }
CLK_GEN group 0: 
    M0S8 Clock Gen Block @ F(CLK_GEN,0): 
    m0s8clockgenblockcell: Name =ClockGenBlock
        PORT MAP (
             );
        Properties:
        {
        }
LPCOMPBLOCK group 0: empty
PASSBLOCK group 0: empty
WCO group 0: empty
SmartIO group 0: empty
LNFE group 0: empty
SRSS group 0: empty
CPUSS group 0: empty
IOSS group 0: empty
EXCO group 0: empty

Blocks not positioned by the digital component placer:
    Amux Block @ <No Location>: 
    amuxcell: Name =AMux_1
        PORT MAP (
            muxin_4 => Net_1472 ,
            muxin_3 => Net_1536 ,
            muxin_2 => Net_1473 ,
            muxin_1 => Net_1529 ,
            muxin_0 => Net_1526 ,
            vout => Net_1533 );
        Properties:
        {
            api_type = 0
            connect_mode = 1
            cy_registers = ""
            hw_control = 0
            init_mux_sel = "00000"
            muxin_width = 5
            one_active = 0
        }
</CYPRESSTAG>
<CYPRESSTAG name="Port Configuration Details">

------------------------------------------------------------
Port Configuration report
------------------------------------------------------------
     |     |       | Interrupt |                  |                   | 
Port | Pin | Fixed |      Type |       Drive Mode |              Name | Connections
-----+-----+-------+-----------+------------------+-------------------+------------------------
   0 |   2 |     * |      NONE |         CMOS_OUT |       BLUE_LED(0) | 
     |   3 |     * |      NONE |         CMOS_OUT |       RELAY_EN(0) | 
     |   4 |     * |      NONE |     HI_Z_DIGITAL |        UART_IN(0) | FB(Net_703)
     |   5 |     * |      NONE |         CMOS_OUT |       UART_OUT(0) | In(Net_702)
-----+-----+-------+-----------+------------------+-------------------+------------------------
   1 |   0 |     * |      NONE |      HI_Z_ANALOG |       VBatHigh(0) | Analog(Net_1536)
     |   5 |     * |      NONE |      HI_Z_ANALOG |       Shunt_In(0) | Analog(Net_1529)
-----+-----+-------+-----------+------------------+-------------------+------------------------
   2 |   0 |     * |      NONE |      HI_Z_ANALOG |        VBatLow(0) | Analog(Net_1472)
     |   1 |     * |      NONE |      HI_Z_ANALOG |        GND_ref(0) | Analog(Net_1713)
     |   3 |     * |      NONE |      HI_Z_ANALOG |          v_out(0) | Analog(Net_1711)
     |   4 |     * |      NONE |      HI_Z_ANALOG |      Shunt_Gnd(0) | Analog(Net_1473)
     |   5 |     * |      NONE |      HI_Z_ANALOG |         Cal_In(0) | Analog(Net_1526)
     |   7 |     * |      NONE |      HI_Z_ANALOG | \ADC_1:Bypass(0)\ | Analog(\ADC_1:Net_408\)
-----+-----+-------+-----------+------------------+-------------------+------------------------
   3 |   6 |     * |      NONE |    OPEN_DRAIN_LO |    \I2C_1:scl(0)\ | FB(Net_170)
     |   7 |     * |      NONE |    OPEN_DRAIN_LO |    \I2C_1:sda(0)\ | FB(Net_171)
-----------------------------------------------------------------------------------------------
</CYPRESSTAG>
</CYPRESSTAG>
</CYPRESSTAG>
Digital component placer commit/Report: Elapsed time ==> 0s.041ms
Digital Placement phase: Elapsed time ==> 0s.610ms
</CYPRESSTAG>
<CYPRESSTAG name="Digital Routing">
"C:\Program Files (x86)\Cypress\PSoC Creator\4.4\PSoC Creator\bin/sjrouter.exe" --xml-path "C:\Program Files (x86)\Cypress\PSoC Creator\4.4\PSoC Creator\dev\psoc4/8/route_arch-rrg.cydata" --vh2-path "Internal_Main_r.vh2" --pcf-path "Internal_Main.pco" --des-name "Internal_Main" --dsf-path "Internal_Main.dsf"
Routing successful.
Digital Routing phase: Elapsed time ==> 0s.592ms
</CYPRESSTAG>
<CYPRESSTAG name="Bitstream Generation">
Bitstream Generation phase: Elapsed time ==> 0s.207ms
</CYPRESSTAG>
<CYPRESSTAG name="Bitstream Verification">
Bitstream Verification phase: Elapsed time ==> 0s.003ms
</CYPRESSTAG>
<CYPRESSTAG name="Static timing analysis">
No timing parameter file available for CY8C4145LQI-PS433
Static timing analysis phase: Elapsed time ==> 0s.000ms
</CYPRESSTAG>
<CYPRESSTAG name="Data reporting">
Data reporting phase: Elapsed time ==> 0s.502ms
</CYPRESSTAG>
<CYPRESSTAG name="Database update...">
Design database save phase: Elapsed time ==> 0s.236ms
</CYPRESSTAG>
cydsfit: Elapsed time ==> 2s.960ms
</CYPRESSTAG>
Fitter phase: Elapsed time ==> 2s.961ms
API generation phase: Elapsed time ==> 4s.328ms
Dependency generation phase: Elapsed time ==> 0s.029ms
Cleanup phase: Elapsed time ==> 0s.001ms
