ARM GAS  C:\Users\samue\AppData\Local\Temp\ccGREc3f.s 			page 1


   1              		.syntax unified
   2              		.cpu cortex-m0plus
   3              		.fpu softvfp
   4              		.eabi_attribute 20, 1
   5              		.eabi_attribute 21, 1
   6              		.eabi_attribute 23, 3
   7              		.eabi_attribute 24, 1
   8              		.eabi_attribute 25, 1
   9              		.eabi_attribute 26, 1
  10              		.eabi_attribute 30, 1
  11              		.eabi_attribute 34, 0
  12              		.eabi_attribute 18, 4
  13              		.thumb
  14              		.syntax unified
  15              		.file	"ADC_1_INIT.c"
  16              		.text
  17              	.Ltext0:
  18              		.cfi_sections	.debug_frame
  19              		.global	ADC_1_InputsPlacement
  20              		.global	ADC_1_allConfigs
  21              		.section	.rodata
  22              		.align	2
  23              		.type	ADC_1_InputsPlacement, %object
  24              		.size	ADC_1_InputsPlacement, 12
  25              	ADC_1_InputsPlacement:
  26 0000 64004000 		.word	4194404
  27 0004 65004000 		.word	4194405
  28 0008 60004000 		.word	4194400
  29              		.type	ADC_1_allConfigs, %object
  30              		.size	ADC_1_allConfigs, 56
  31              	ADC_1_allConfigs:
  32 000c 00000000 		.word	0
  33 0010 03000000 		.word	3
  34 0014 C02E2010 		.word	270544576
  35 0018 8D000090 		.word	-1879048051
  36 001c 03000200 		.word	131075
  37 0020 02000200 		.word	131074
  38 0024 0002000E 		.word	234881536
  39 0028 00000000 		.word	0
  40 002c 07000000 		.word	7
  41 0030 00000000 		.word	0
  42 0034 00000000 		.word	0
  43 0038 B0040000 		.word	1200
  44 003c 00000000 		.word	0
  45 0040 0100     		.short	1
  46 0042 0000     		.space	2
  47              		.text
  48              	.Letext0:
  49              		.file 1 "Generated_Source\\PSoC4\\cytypes.h"
  50              		.file 2 "Generated_Source\\PSoC4\\ADC_1.h"
  51              		.file 3 "Generated_Source\\PSoC4\\ADC_1_INIT.c"
  52              		.section	.debug_info,"",%progbits
  53              	.Ldebug_info0:
  54 0000 B9010000 		.4byte	0x1b9
  55 0004 0400     		.2byte	0x4
  56 0006 00000000 		.4byte	.Ldebug_abbrev0
  57 000a 04       		.byte	0x4
ARM GAS  C:\Users\samue\AppData\Local\Temp\ccGREc3f.s 			page 2


  58 000b 01       		.uleb128 0x1
  59 000c E9010000 		.4byte	.LASF34
  60 0010 0C       		.byte	0xc
  61 0011 93010000 		.4byte	.LASF35
  62 0015 82000000 		.4byte	.LASF36
  63 0019 00000000 		.4byte	.Ldebug_line0
  64 001d 02       		.uleb128 0x2
  65 001e 01       		.byte	0x1
  66 001f 06       		.byte	0x6
  67 0020 7B020000 		.4byte	.LASF0
  68 0024 02       		.uleb128 0x2
  69 0025 01       		.byte	0x1
  70 0026 08       		.byte	0x8
  71 0027 67000000 		.4byte	.LASF1
  72 002b 02       		.uleb128 0x2
  73 002c 02       		.byte	0x2
  74 002d 05       		.byte	0x5
  75 002e BE010000 		.4byte	.LASF2
  76 0032 02       		.uleb128 0x2
  77 0033 02       		.byte	0x2
  78 0034 07       		.byte	0x7
  79 0035 38000000 		.4byte	.LASF3
  80 0039 02       		.uleb128 0x2
  81 003a 04       		.byte	0x4
  82 003b 05       		.byte	0x5
  83 003c D4010000 		.4byte	.LASF4
  84 0040 02       		.uleb128 0x2
  85 0041 04       		.byte	0x4
  86 0042 07       		.byte	0x7
  87 0043 E3000000 		.4byte	.LASF5
  88 0047 02       		.uleb128 0x2
  89 0048 08       		.byte	0x8
  90 0049 05       		.byte	0x5
  91 004a 80010000 		.4byte	.LASF6
  92 004e 02       		.uleb128 0x2
  93 004f 08       		.byte	0x8
  94 0050 07       		.byte	0x7
  95 0051 50010000 		.4byte	.LASF7
  96 0055 03       		.uleb128 0x3
  97 0056 04       		.byte	0x4
  98 0057 05       		.byte	0x5
  99 0058 696E7400 		.ascii	"int\000"
 100 005c 02       		.uleb128 0x2
 101 005d 04       		.byte	0x4
 102 005e 07       		.byte	0x7
 103 005f 37010000 		.4byte	.LASF8
 104 0063 04       		.uleb128 0x4
 105 0064 1E010000 		.4byte	.LASF9
 106 0068 01       		.byte	0x1
 107 0069 FD01     		.2byte	0x1fd
 108 006b 32000000 		.4byte	0x32
 109 006f 04       		.uleb128 0x4
 110 0070 25010000 		.4byte	.LASF10
 111 0074 01       		.byte	0x1
 112 0075 FE01     		.2byte	0x1fe
 113 0077 40000000 		.4byte	0x40
 114 007b 04       		.uleb128 0x4
ARM GAS  C:\Users\samue\AppData\Local\Temp\ccGREc3f.s 			page 3


 115 007c F5000000 		.4byte	.LASF11
 116 0080 01       		.byte	0x1
 117 0081 0102     		.2byte	0x201
 118 0083 39000000 		.4byte	0x39
 119 0087 02       		.uleb128 0x2
 120 0088 04       		.byte	0x4
 121 0089 04       		.byte	0x4
 122 008a 61000000 		.4byte	.LASF12
 123 008e 02       		.uleb128 0x2
 124 008f 08       		.byte	0x8
 125 0090 04       		.byte	0x4
 126 0091 17010000 		.4byte	.LASF13
 127 0095 02       		.uleb128 0x2
 128 0096 01       		.byte	0x1
 129 0097 08       		.byte	0x8
 130 0098 8E010000 		.4byte	.LASF14
 131 009c 02       		.uleb128 0x2
 132 009d 08       		.byte	0x8
 133 009e 04       		.byte	0x4
 134 009f DD010000 		.4byte	.LASF15
 135 00a3 02       		.uleb128 0x2
 136 00a4 04       		.byte	0x4
 137 00a5 07       		.byte	0x7
 138 00a6 77010000 		.4byte	.LASF16
 139 00aa 05       		.uleb128 0x5
 140 00ab 38       		.byte	0x38
 141 00ac 02       		.byte	0x2
 142 00ad 5D       		.byte	0x5d
 143 00ae 5B010000 		.4byte	0x15b
 144 00b2 06       		.uleb128 0x6
 145 00b3 9D020000 		.4byte	.LASF17
 146 00b7 02       		.byte	0x2
 147 00b8 5F       		.byte	0x5f
 148 00b9 6F000000 		.4byte	0x6f
 149 00bd 00       		.byte	0
 150 00be 06       		.uleb128 0x6
 151 00bf C8010000 		.4byte	.LASF18
 152 00c3 02       		.byte	0x2
 153 00c4 60       		.byte	0x60
 154 00c5 6F000000 		.4byte	0x6f
 155 00c9 04       		.byte	0x4
 156 00ca 06       		.uleb128 0x6
 157 00cb 72010000 		.4byte	.LASF19
 158 00cf 02       		.byte	0x2
 159 00d0 61       		.byte	0x61
 160 00d1 6F000000 		.4byte	0x6f
 161 00d5 08       		.byte	0x8
 162 00d6 06       		.uleb128 0x6
 163 00d7 2C010000 		.4byte	.LASF20
 164 00db 02       		.byte	0x2
 165 00dc 64       		.byte	0x64
 166 00dd 6F000000 		.4byte	0x6f
 167 00e1 0C       		.byte	0xc
 168 00e2 06       		.uleb128 0x6
 169 00e3 0A000000 		.4byte	.LASF21
 170 00e7 02       		.byte	0x2
 171 00e8 65       		.byte	0x65
ARM GAS  C:\Users\samue\AppData\Local\Temp\ccGREc3f.s 			page 4


 172 00e9 6F000000 		.4byte	0x6f
 173 00ed 10       		.byte	0x10
 174 00ee 06       		.uleb128 0x6
 175 00ef 2B000000 		.4byte	.LASF22
 176 00f3 02       		.byte	0x2
 177 00f4 66       		.byte	0x66
 178 00f5 6F000000 		.4byte	0x6f
 179 00f9 14       		.byte	0x14
 180 00fa 06       		.uleb128 0x6
 181 00fb 67010000 		.4byte	.LASF23
 182 00ff 02       		.byte	0x2
 183 0100 67       		.byte	0x67
 184 0101 6F000000 		.4byte	0x6f
 185 0105 18       		.byte	0x18
 186 0106 06       		.uleb128 0x6
 187 0107 00000000 		.4byte	.LASF24
 188 010b 02       		.byte	0x2
 189 010c 68       		.byte	0x68
 190 010d 6F000000 		.4byte	0x6f
 191 0111 1C       		.byte	0x1c
 192 0112 06       		.uleb128 0x6
 193 0113 B7010000 		.4byte	.LASF25
 194 0117 02       		.byte	0x2
 195 0118 69       		.byte	0x69
 196 0119 6F000000 		.4byte	0x6f
 197 011d 20       		.byte	0x20
 198 011e 06       		.uleb128 0x6
 199 011f 75000000 		.4byte	.LASF26
 200 0123 02       		.byte	0x2
 201 0124 6A       		.byte	0x6a
 202 0125 6F000000 		.4byte	0x6f
 203 0129 24       		.byte	0x24
 204 012a 06       		.uleb128 0x6
 205 012b 56000000 		.4byte	.LASF27
 206 012f 02       		.byte	0x2
 207 0130 6B       		.byte	0x6b
 208 0131 6F000000 		.4byte	0x6f
 209 0135 28       		.byte	0x28
 210 0136 06       		.uleb128 0x6
 211 0137 44010000 		.4byte	.LASF28
 212 013b 02       		.byte	0x2
 213 013c 6C       		.byte	0x6c
 214 013d 7B000000 		.4byte	0x7b
 215 0141 2C       		.byte	0x2c
 216 0142 06       		.uleb128 0x6
 217 0143 4B000000 		.4byte	.LASF29
 218 0147 02       		.byte	0x2
 219 0148 6E       		.byte	0x6e
 220 0149 6F000000 		.4byte	0x6f
 221 014d 30       		.byte	0x30
 222 014e 06       		.uleb128 0x6
 223 014f 0C010000 		.4byte	.LASF30
 224 0153 02       		.byte	0x2
 225 0154 75       		.byte	0x75
 226 0155 63000000 		.4byte	0x63
 227 0159 34       		.byte	0x34
 228 015a 00       		.byte	0
ARM GAS  C:\Users\samue\AppData\Local\Temp\ccGREc3f.s 			page 5


 229 015b 07       		.uleb128 0x7
 230 015c 17000000 		.4byte	.LASF31
 231 0160 02       		.byte	0x2
 232 0161 7C       		.byte	0x7c
 233 0162 AA000000 		.4byte	0xaa
 234 0166 08       		.uleb128 0x8
 235 0167 76010000 		.4byte	0x176
 236 016b 76010000 		.4byte	0x176
 237 016f 09       		.uleb128 0x9
 238 0170 A3000000 		.4byte	0xa3
 239 0174 00       		.byte	0
 240 0175 00       		.byte	0
 241 0176 0A       		.uleb128 0xa
 242 0177 5B010000 		.4byte	0x15b
 243 017b 0B       		.uleb128 0xb
 244 017c FB000000 		.4byte	.LASF32
 245 0180 03       		.byte	0x3
 246 0181 2A       		.byte	0x2a
 247 0182 8C010000 		.4byte	0x18c
 248 0186 05       		.uleb128 0x5
 249 0187 03       		.byte	0x3
 250 0188 00000000 		.4byte	ADC_1_allConfigs
 251 018c 0A       		.uleb128 0xa
 252 018d 66010000 		.4byte	0x166
 253 0191 08       		.uleb128 0x8
 254 0192 A1010000 		.4byte	0x1a1
 255 0196 A1010000 		.4byte	0x1a1
 256 019a 09       		.uleb128 0x9
 257 019b A3000000 		.4byte	0xa3
 258 019f 02       		.byte	0x2
 259 01a0 00       		.byte	0
 260 01a1 0A       		.uleb128 0xa
 261 01a2 6F000000 		.4byte	0x6f
 262 01a6 0B       		.uleb128 0xb
 263 01a7 87020000 		.4byte	.LASF33
 264 01ab 03       		.byte	0x3
 265 01ac 91       		.byte	0x91
 266 01ad B7010000 		.4byte	0x1b7
 267 01b1 05       		.uleb128 0x5
 268 01b2 03       		.byte	0x3
 269 01b3 00000000 		.4byte	ADC_1_InputsPlacement
 270 01b7 0A       		.uleb128 0xa
 271 01b8 91010000 		.4byte	0x191
 272 01bc 00       		.byte	0
 273              		.section	.debug_abbrev,"",%progbits
 274              	.Ldebug_abbrev0:
 275 0000 01       		.uleb128 0x1
 276 0001 11       		.uleb128 0x11
 277 0002 01       		.byte	0x1
 278 0003 25       		.uleb128 0x25
 279 0004 0E       		.uleb128 0xe
 280 0005 13       		.uleb128 0x13
 281 0006 0B       		.uleb128 0xb
 282 0007 03       		.uleb128 0x3
 283 0008 0E       		.uleb128 0xe
 284 0009 1B       		.uleb128 0x1b
 285 000a 0E       		.uleb128 0xe
ARM GAS  C:\Users\samue\AppData\Local\Temp\ccGREc3f.s 			page 6


 286 000b 10       		.uleb128 0x10
 287 000c 17       		.uleb128 0x17
 288 000d 00       		.byte	0
 289 000e 00       		.byte	0
 290 000f 02       		.uleb128 0x2
 291 0010 24       		.uleb128 0x24
 292 0011 00       		.byte	0
 293 0012 0B       		.uleb128 0xb
 294 0013 0B       		.uleb128 0xb
 295 0014 3E       		.uleb128 0x3e
 296 0015 0B       		.uleb128 0xb
 297 0016 03       		.uleb128 0x3
 298 0017 0E       		.uleb128 0xe
 299 0018 00       		.byte	0
 300 0019 00       		.byte	0
 301 001a 03       		.uleb128 0x3
 302 001b 24       		.uleb128 0x24
 303 001c 00       		.byte	0
 304 001d 0B       		.uleb128 0xb
 305 001e 0B       		.uleb128 0xb
 306 001f 3E       		.uleb128 0x3e
 307 0020 0B       		.uleb128 0xb
 308 0021 03       		.uleb128 0x3
 309 0022 08       		.uleb128 0x8
 310 0023 00       		.byte	0
 311 0024 00       		.byte	0
 312 0025 04       		.uleb128 0x4
 313 0026 16       		.uleb128 0x16
 314 0027 00       		.byte	0
 315 0028 03       		.uleb128 0x3
 316 0029 0E       		.uleb128 0xe
 317 002a 3A       		.uleb128 0x3a
 318 002b 0B       		.uleb128 0xb
 319 002c 3B       		.uleb128 0x3b
 320 002d 05       		.uleb128 0x5
 321 002e 49       		.uleb128 0x49
 322 002f 13       		.uleb128 0x13
 323 0030 00       		.byte	0
 324 0031 00       		.byte	0
 325 0032 05       		.uleb128 0x5
 326 0033 13       		.uleb128 0x13
 327 0034 01       		.byte	0x1
 328 0035 0B       		.uleb128 0xb
 329 0036 0B       		.uleb128 0xb
 330 0037 3A       		.uleb128 0x3a
 331 0038 0B       		.uleb128 0xb
 332 0039 3B       		.uleb128 0x3b
 333 003a 0B       		.uleb128 0xb
 334 003b 01       		.uleb128 0x1
 335 003c 13       		.uleb128 0x13
 336 003d 00       		.byte	0
 337 003e 00       		.byte	0
 338 003f 06       		.uleb128 0x6
 339 0040 0D       		.uleb128 0xd
 340 0041 00       		.byte	0
 341 0042 03       		.uleb128 0x3
 342 0043 0E       		.uleb128 0xe
ARM GAS  C:\Users\samue\AppData\Local\Temp\ccGREc3f.s 			page 7


 343 0044 3A       		.uleb128 0x3a
 344 0045 0B       		.uleb128 0xb
 345 0046 3B       		.uleb128 0x3b
 346 0047 0B       		.uleb128 0xb
 347 0048 49       		.uleb128 0x49
 348 0049 13       		.uleb128 0x13
 349 004a 38       		.uleb128 0x38
 350 004b 0B       		.uleb128 0xb
 351 004c 00       		.byte	0
 352 004d 00       		.byte	0
 353 004e 07       		.uleb128 0x7
 354 004f 16       		.uleb128 0x16
 355 0050 00       		.byte	0
 356 0051 03       		.uleb128 0x3
 357 0052 0E       		.uleb128 0xe
 358 0053 3A       		.uleb128 0x3a
 359 0054 0B       		.uleb128 0xb
 360 0055 3B       		.uleb128 0x3b
 361 0056 0B       		.uleb128 0xb
 362 0057 49       		.uleb128 0x49
 363 0058 13       		.uleb128 0x13
 364 0059 00       		.byte	0
 365 005a 00       		.byte	0
 366 005b 08       		.uleb128 0x8
 367 005c 01       		.uleb128 0x1
 368 005d 01       		.byte	0x1
 369 005e 49       		.uleb128 0x49
 370 005f 13       		.uleb128 0x13
 371 0060 01       		.uleb128 0x1
 372 0061 13       		.uleb128 0x13
 373 0062 00       		.byte	0
 374 0063 00       		.byte	0
 375 0064 09       		.uleb128 0x9
 376 0065 21       		.uleb128 0x21
 377 0066 00       		.byte	0
 378 0067 49       		.uleb128 0x49
 379 0068 13       		.uleb128 0x13
 380 0069 2F       		.uleb128 0x2f
 381 006a 0B       		.uleb128 0xb
 382 006b 00       		.byte	0
 383 006c 00       		.byte	0
 384 006d 0A       		.uleb128 0xa
 385 006e 26       		.uleb128 0x26
 386 006f 00       		.byte	0
 387 0070 49       		.uleb128 0x49
 388 0071 13       		.uleb128 0x13
 389 0072 00       		.byte	0
 390 0073 00       		.byte	0
 391 0074 0B       		.uleb128 0xb
 392 0075 34       		.uleb128 0x34
 393 0076 00       		.byte	0
 394 0077 03       		.uleb128 0x3
 395 0078 0E       		.uleb128 0xe
 396 0079 3A       		.uleb128 0x3a
 397 007a 0B       		.uleb128 0xb
 398 007b 3B       		.uleb128 0x3b
 399 007c 0B       		.uleb128 0xb
ARM GAS  C:\Users\samue\AppData\Local\Temp\ccGREc3f.s 			page 8


 400 007d 49       		.uleb128 0x49
 401 007e 13       		.uleb128 0x13
 402 007f 3F       		.uleb128 0x3f
 403 0080 19       		.uleb128 0x19
 404 0081 02       		.uleb128 0x2
 405 0082 18       		.uleb128 0x18
 406 0083 00       		.byte	0
 407 0084 00       		.byte	0
 408 0085 00       		.byte	0
 409              		.section	.debug_aranges,"",%progbits
 410 0000 14000000 		.4byte	0x14
 411 0004 0200     		.2byte	0x2
 412 0006 00000000 		.4byte	.Ldebug_info0
 413 000a 04       		.byte	0x4
 414 000b 00       		.byte	0
 415 000c 0000     		.2byte	0
 416 000e 0000     		.2byte	0
 417 0010 00000000 		.4byte	0
 418 0014 00000000 		.4byte	0
 419              		.section	.debug_line,"",%progbits
 420              	.Ldebug_line0:
 421 0000 58000000 		.section	.debug_str,"MS",%progbits,1
 421      02005200 
 421      00000201 
 421      FB0E0D00 
 421      01010101 
 422              	.LASF24:
 423 0000 72616E67 		.ascii	"rangeCond\000"
 423      65436F6E 
 423      6400
 424              	.LASF21:
 425 000a 73616D70 		.ascii	"sampleTime01\000"
 425      6C655469 
 425      6D653031 
 425      00
 426              	.LASF31:
 427 0017 4144435F 		.ascii	"ADC_1_CONFIG_STRUCT\000"
 427      315F434F 
 427      4E464947 
 427      5F535452 
 427      55435400 
 428              	.LASF22:
 429 002b 73616D70 		.ascii	"sampleTime23\000"
 429      6C655469 
 429      6D653233 
 429      00
 430              	.LASF3:
 431 0038 73686F72 		.ascii	"short unsigned int\000"
 431      7420756E 
 431      7369676E 
 431      65642069 
 431      6E7400
 432              	.LASF29:
 433 004b 6D697363 		.ascii	"miscConfig\000"
 433      436F6E66 
 433      696700
 434              	.LASF27:
ARM GAS  C:\Users\samue\AppData\Local\Temp\ccGREc3f.s 			page 9


 435 0056 73617449 		.ascii	"satIntMask\000"
 435      6E744D61 
 435      736B00
 436              	.LASF12:
 437 0061 666C6F61 		.ascii	"float\000"
 437      7400
 438              	.LASF1:
 439 0067 756E7369 		.ascii	"unsigned char\000"
 439      676E6564 
 439      20636861 
 439      7200
 440              	.LASF26:
 441 0075 72616E67 		.ascii	"rangeIntMask\000"
 441      65496E74 
 441      4D61736B 
 441      00
 442              	.LASF36:
 443 0082 433A5C55 		.ascii	"C:\\Users\\samue\\OneDrive\\Documents\\GitHub\\Li-C"
 443      73657273 
 443      5C73616D 
 443      75655C4F 
 443      6E654472 
 444 00af 656C6C54 		.ascii	"ellTesting_Script\\Internal_Main\\Internal_Main.cyd"
 444      65737469 
 444      6E675F53 
 444      63726970 
 444      745C496E 
 445 00e0 736E00   		.ascii	"sn\000"
 446              	.LASF5:
 447 00e3 6C6F6E67 		.ascii	"long unsigned int\000"
 447      20756E73 
 447      69676E65 
 447      6420696E 
 447      7400
 448              	.LASF11:
 449 00f5 696E7433 		.ascii	"int32\000"
 449      3200
 450              	.LASF32:
 451 00fb 4144435F 		.ascii	"ADC_1_allConfigs\000"
 451      315F616C 
 451      6C436F6E 
 451      66696773 
 451      00
 452              	.LASF30:
 453 010c 636C6B44 		.ascii	"clkDivider\000"
 453      69766964 
 453      657200
 454              	.LASF13:
 455 0117 646F7562 		.ascii	"double\000"
 455      6C6500
 456              	.LASF9:
 457 011e 75696E74 		.ascii	"uint16\000"
 457      313600
 458              	.LASF10:
 459 0125 75696E74 		.ascii	"uint32\000"
 459      333200
 460              	.LASF20:
ARM GAS  C:\Users\samue\AppData\Local\Temp\ccGREc3f.s 			page 10


 461 012c 73616D70 		.ascii	"sampleCtrl\000"
 461      6C654374 
 461      726C00
 462              	.LASF8:
 463 0137 756E7369 		.ascii	"unsigned int\000"
 463      676E6564 
 463      20696E74 
 463      00
 464              	.LASF28:
 465 0144 76726566 		.ascii	"vrefMvValue\000"
 465      4D765661 
 465      6C756500 
 466              	.LASF7:
 467 0150 6C6F6E67 		.ascii	"long long unsigned int\000"
 467      206C6F6E 
 467      6720756E 
 467      7369676E 
 467      65642069 
 468              	.LASF23:
 469 0167 72616E67 		.ascii	"rangeThres\000"
 469      65546872 
 469      657300
 470              	.LASF19:
 471 0172 6374726C 		.ascii	"ctrl\000"
 471      00
 472              	.LASF16:
 473 0177 73697A65 		.ascii	"sizetype\000"
 473      74797065 
 473      00
 474              	.LASF6:
 475 0180 6C6F6E67 		.ascii	"long long int\000"
 475      206C6F6E 
 475      6720696E 
 475      7400
 476              	.LASF14:
 477 018e 63686172 		.ascii	"char\000"
 477      00
 478              	.LASF35:
 479 0193 47656E65 		.ascii	"Generated_Source\\PSoC4\\ADC_1_INIT.c\000"
 479      72617465 
 479      645F536F 
 479      75726365 
 479      5C50536F 
 480              	.LASF25:
 481 01b7 6368616E 		.ascii	"chanEn\000"
 481      456E00
 482              	.LASF2:
 483 01be 73686F72 		.ascii	"short int\000"
 483      7420696E 
 483      7400
 484              	.LASF18:
 485 01c8 6E756D43 		.ascii	"numChannels\000"
 485      68616E6E 
 485      656C7300 
 486              	.LASF4:
 487 01d4 6C6F6E67 		.ascii	"long int\000"
 487      20696E74 
ARM GAS  C:\Users\samue\AppData\Local\Temp\ccGREc3f.s 			page 11


 487      00
 488              	.LASF15:
 489 01dd 6C6F6E67 		.ascii	"long double\000"
 489      20646F75 
 489      626C6500 
 490              	.LASF34:
 491 01e9 474E5520 		.ascii	"GNU C11 5.4.1 20160609 (release) [ARM/embedded-5-br"
 491      43313120 
 491      352E342E 
 491      31203230 
 491      31363036 
 492 021c 616E6368 		.ascii	"anch revision 237715] -mcpu=cortex-m0plus -mthumb -"
 492      20726576 
 492      6973696F 
 492      6E203233 
 492      37373135 
 493 024f 67202D4F 		.ascii	"g -Og -ffunction-sections -ffat-lto-objects\000"
 493      67202D66 
 493      66756E63 
 493      74696F6E 
 493      2D736563 
 494              	.LASF0:
 495 027b 7369676E 		.ascii	"signed char\000"
 495      65642063 
 495      68617200 
 496              	.LASF33:
 497 0287 4144435F 		.ascii	"ADC_1_InputsPlacement\000"
 497      315F496E 
 497      70757473 
 497      506C6163 
 497      656D656E 
 498              	.LASF17:
 499 029d 6368616E 		.ascii	"channelBase\000"
 499      6E656C42 
 499      61736500 
 500              		.ident	"GCC: (GNU Tools for ARM Embedded Processors) 5.4.1 20160609 (release) [ARM/embedded-5-bran
