ARM GAS  C:\Users\TUCKER~1\AppData\Local\Temp\ccL1brnb.s 			page 1


   1              		.syntax unified
   2              		.cpu cortex-m0plus
   3              		.fpu softvfp
   4              		.eabi_attribute 20, 1
   5              		.eabi_attribute 21, 1
   6              		.eabi_attribute 23, 3
   7              		.eabi_attribute 24, 1
   8              		.eabi_attribute 25, 1
   9              		.eabi_attribute 26, 1
  10              		.eabi_attribute 30, 1
  11              		.eabi_attribute 34, 0
  12              		.eabi_attribute 18, 4
  13              		.thumb
  14              		.syntax unified
  15              		.file	"cyfitter_cfg.c"
  16              		.text
  17              	.Ltext0:
  18              		.cfi_sections	.debug_frame
  19              		.section	.psocinit,"ax",%progbits
  20              		.align	2
  21              		.code	16
  22              		.thumb_func
  23              		.type	ClockSetup, %function
  24              	ClockSetup:
  25              	.LFB4:
  26              		.file 1 "Generated_Source\\PSoC4\\cyfitter_cfg.c"
   1:Generated_Source\PSoC4/cyfitter_cfg.c **** 
   2:Generated_Source\PSoC4/cyfitter_cfg.c **** /*******************************************************************************
   3:Generated_Source\PSoC4/cyfitter_cfg.c **** * File Name: cyfitter_cfg.c
   4:Generated_Source\PSoC4/cyfitter_cfg.c **** * 
   5:Generated_Source\PSoC4/cyfitter_cfg.c **** * PSoC Creator  4.4
   6:Generated_Source\PSoC4/cyfitter_cfg.c **** *
   7:Generated_Source\PSoC4/cyfitter_cfg.c **** * Description:
   8:Generated_Source\PSoC4/cyfitter_cfg.c **** * This file contains device initialization code.
   9:Generated_Source\PSoC4/cyfitter_cfg.c **** * Except for the user defined sections in CyClockStartupError(), this file should not be modified.
  10:Generated_Source\PSoC4/cyfitter_cfg.c **** * This file is automatically generated by PSoC Creator.
  11:Generated_Source\PSoC4/cyfitter_cfg.c **** *
  12:Generated_Source\PSoC4/cyfitter_cfg.c **** ********************************************************************************
  13:Generated_Source\PSoC4/cyfitter_cfg.c **** * Copyright (c) 2007-2020 Cypress Semiconductor.  All rights reserved.
  14:Generated_Source\PSoC4/cyfitter_cfg.c **** * You may use this file only in accordance with the license, terms, conditions, 
  15:Generated_Source\PSoC4/cyfitter_cfg.c **** * disclaimers, and limitations in the end user license agreement accompanying 
  16:Generated_Source\PSoC4/cyfitter_cfg.c **** * the software package with which this file was provided.
  17:Generated_Source\PSoC4/cyfitter_cfg.c **** ********************************************************************************/
  18:Generated_Source\PSoC4/cyfitter_cfg.c **** 
  19:Generated_Source\PSoC4/cyfitter_cfg.c **** #include <string.h>
  20:Generated_Source\PSoC4/cyfitter_cfg.c **** #include "cytypes.h"
  21:Generated_Source\PSoC4/cyfitter_cfg.c **** #include "cydevice_trm.h"
  22:Generated_Source\PSoC4/cyfitter_cfg.c **** #include "cyfitter.h"
  23:Generated_Source\PSoC4/cyfitter_cfg.c **** #include "CyLib.h"
  24:Generated_Source\PSoC4/cyfitter_cfg.c **** #include "CyLFClk.h"
  25:Generated_Source\PSoC4/cyfitter_cfg.c **** #include "cyfitter_cfg.h"
  26:Generated_Source\PSoC4/cyfitter_cfg.c **** #include "cyapicallbacks.h"
  27:Generated_Source\PSoC4/cyfitter_cfg.c **** 
  28:Generated_Source\PSoC4/cyfitter_cfg.c **** 
  29:Generated_Source\PSoC4/cyfitter_cfg.c **** #if defined(__GNUC__) || defined(__ARMCC_VERSION)
  30:Generated_Source\PSoC4/cyfitter_cfg.c ****     #define CYPACKED 
  31:Generated_Source\PSoC4/cyfitter_cfg.c ****     #define CYPACKED_ATTR __attribute__ ((packed))
ARM GAS  C:\Users\TUCKER~1\AppData\Local\Temp\ccL1brnb.s 			page 2


  32:Generated_Source\PSoC4/cyfitter_cfg.c ****     #define CYALIGNED __attribute__ ((aligned))
  33:Generated_Source\PSoC4/cyfitter_cfg.c ****     #define CY_CFG_UNUSED __attribute__ ((unused))
  34:Generated_Source\PSoC4/cyfitter_cfg.c ****     #ifndef CY_CFG_SECTION
  35:Generated_Source\PSoC4/cyfitter_cfg.c ****         #define CY_CFG_SECTION __attribute__ ((section(".psocinit")))
  36:Generated_Source\PSoC4/cyfitter_cfg.c ****     #endif
  37:Generated_Source\PSoC4/cyfitter_cfg.c ****     
  38:Generated_Source\PSoC4/cyfitter_cfg.c ****     #if defined(__ARMCC_VERSION)
  39:Generated_Source\PSoC4/cyfitter_cfg.c ****         #define CY_CFG_MEMORY_BARRIER() __memory_changed()
  40:Generated_Source\PSoC4/cyfitter_cfg.c ****     #else
  41:Generated_Source\PSoC4/cyfitter_cfg.c ****         #define CY_CFG_MEMORY_BARRIER() __sync_synchronize()
  42:Generated_Source\PSoC4/cyfitter_cfg.c ****     #endif
  43:Generated_Source\PSoC4/cyfitter_cfg.c ****     
  44:Generated_Source\PSoC4/cyfitter_cfg.c **** #elif defined(__ICCARM__)
  45:Generated_Source\PSoC4/cyfitter_cfg.c ****     #include <intrinsics.h>
  46:Generated_Source\PSoC4/cyfitter_cfg.c **** 
  47:Generated_Source\PSoC4/cyfitter_cfg.c ****     #define CYPACKED __packed
  48:Generated_Source\PSoC4/cyfitter_cfg.c ****     #define CYPACKED_ATTR 
  49:Generated_Source\PSoC4/cyfitter_cfg.c ****     #define CYALIGNED _Pragma("data_alignment=4")
  50:Generated_Source\PSoC4/cyfitter_cfg.c ****     #define CY_CFG_UNUSED _Pragma("diag_suppress=Pe177")
  51:Generated_Source\PSoC4/cyfitter_cfg.c ****     #define CY_CFG_SECTION _Pragma("location=\".psocinit\"")
  52:Generated_Source\PSoC4/cyfitter_cfg.c ****     
  53:Generated_Source\PSoC4/cyfitter_cfg.c ****     #define CY_CFG_MEMORY_BARRIER() __DMB()
  54:Generated_Source\PSoC4/cyfitter_cfg.c ****     
  55:Generated_Source\PSoC4/cyfitter_cfg.c **** #else
  56:Generated_Source\PSoC4/cyfitter_cfg.c ****     #error Unsupported toolchain
  57:Generated_Source\PSoC4/cyfitter_cfg.c **** #endif
  58:Generated_Source\PSoC4/cyfitter_cfg.c **** 
  59:Generated_Source\PSoC4/cyfitter_cfg.c **** #ifndef CYCODE
  60:Generated_Source\PSoC4/cyfitter_cfg.c ****     #define CYCODE
  61:Generated_Source\PSoC4/cyfitter_cfg.c **** #endif
  62:Generated_Source\PSoC4/cyfitter_cfg.c **** #ifndef CYDATA
  63:Generated_Source\PSoC4/cyfitter_cfg.c ****     #define CYDATA
  64:Generated_Source\PSoC4/cyfitter_cfg.c **** #endif
  65:Generated_Source\PSoC4/cyfitter_cfg.c **** #ifndef CYFAR
  66:Generated_Source\PSoC4/cyfitter_cfg.c ****     #define CYFAR
  67:Generated_Source\PSoC4/cyfitter_cfg.c **** #endif
  68:Generated_Source\PSoC4/cyfitter_cfg.c **** #ifndef CYXDATA
  69:Generated_Source\PSoC4/cyfitter_cfg.c ****     #define CYXDATA
  70:Generated_Source\PSoC4/cyfitter_cfg.c **** #endif
  71:Generated_Source\PSoC4/cyfitter_cfg.c **** 
  72:Generated_Source\PSoC4/cyfitter_cfg.c **** 
  73:Generated_Source\PSoC4/cyfitter_cfg.c **** CY_CFG_UNUSED
  74:Generated_Source\PSoC4/cyfitter_cfg.c **** static void CYMEMZERO(void *s, size_t n);
  75:Generated_Source\PSoC4/cyfitter_cfg.c **** CY_CFG_UNUSED
  76:Generated_Source\PSoC4/cyfitter_cfg.c **** static void CYMEMZERO(void *s, size_t n)
  77:Generated_Source\PSoC4/cyfitter_cfg.c **** {
  78:Generated_Source\PSoC4/cyfitter_cfg.c **** 	(void)memset(s, 0, n);
  79:Generated_Source\PSoC4/cyfitter_cfg.c **** }
  80:Generated_Source\PSoC4/cyfitter_cfg.c **** CY_CFG_UNUSED
  81:Generated_Source\PSoC4/cyfitter_cfg.c **** static void CYCONFIGCPY(void *dest, const void *src, size_t n);
  82:Generated_Source\PSoC4/cyfitter_cfg.c **** CY_CFG_UNUSED
  83:Generated_Source\PSoC4/cyfitter_cfg.c **** static void CYCONFIGCPY(void *dest, const void *src, size_t n)
  84:Generated_Source\PSoC4/cyfitter_cfg.c **** {
  85:Generated_Source\PSoC4/cyfitter_cfg.c **** 	(void)memcpy(dest, src, n);
  86:Generated_Source\PSoC4/cyfitter_cfg.c **** }
  87:Generated_Source\PSoC4/cyfitter_cfg.c **** CY_CFG_UNUSED
  88:Generated_Source\PSoC4/cyfitter_cfg.c **** static void CYCONFIGCPYCODE(void *dest, const void *src, size_t n);
ARM GAS  C:\Users\TUCKER~1\AppData\Local\Temp\ccL1brnb.s 			page 3


  89:Generated_Source\PSoC4/cyfitter_cfg.c **** CY_CFG_UNUSED
  90:Generated_Source\PSoC4/cyfitter_cfg.c **** static void CYCONFIGCPYCODE(void *dest, const void *src, size_t n)
  91:Generated_Source\PSoC4/cyfitter_cfg.c **** {
  92:Generated_Source\PSoC4/cyfitter_cfg.c **** 	(void)memcpy(dest, src, n);
  93:Generated_Source\PSoC4/cyfitter_cfg.c **** }
  94:Generated_Source\PSoC4/cyfitter_cfg.c **** 
  95:Generated_Source\PSoC4/cyfitter_cfg.c **** 
  96:Generated_Source\PSoC4/cyfitter_cfg.c **** 
  97:Generated_Source\PSoC4/cyfitter_cfg.c **** 
  98:Generated_Source\PSoC4/cyfitter_cfg.c **** /* Clock startup error codes                                                   */
  99:Generated_Source\PSoC4/cyfitter_cfg.c **** #define CYCLOCKSTART_NO_ERROR    0u
 100:Generated_Source\PSoC4/cyfitter_cfg.c **** #define CYCLOCKSTART_XTAL_ERROR  1u
 101:Generated_Source\PSoC4/cyfitter_cfg.c **** #define CYCLOCKSTART_32KHZ_ERROR 2u
 102:Generated_Source\PSoC4/cyfitter_cfg.c **** #define CYCLOCKSTART_PLL_ERROR   3u
 103:Generated_Source\PSoC4/cyfitter_cfg.c **** #define CYCLOCKSTART_FLL_ERROR   4u
 104:Generated_Source\PSoC4/cyfitter_cfg.c **** #define CYCLOCKSTART_WCO_ERROR   5u
 105:Generated_Source\PSoC4/cyfitter_cfg.c **** 
 106:Generated_Source\PSoC4/cyfitter_cfg.c **** 
 107:Generated_Source\PSoC4/cyfitter_cfg.c **** #ifdef CY_NEED_CYCLOCKSTARTUPERROR
 108:Generated_Source\PSoC4/cyfitter_cfg.c **** /*******************************************************************************
 109:Generated_Source\PSoC4/cyfitter_cfg.c **** * Function Name: CyClockStartupError
 110:Generated_Source\PSoC4/cyfitter_cfg.c **** ********************************************************************************
 111:Generated_Source\PSoC4/cyfitter_cfg.c **** * Summary:
 112:Generated_Source\PSoC4/cyfitter_cfg.c **** *  If an error is encountered during clock configuration (crystal startup error,
 113:Generated_Source\PSoC4/cyfitter_cfg.c **** *  PLL lock error, etc.), the system will end up here.  Unless reimplemented by
 114:Generated_Source\PSoC4/cyfitter_cfg.c **** *  the customer, this function will stop in an infinite loop.
 115:Generated_Source\PSoC4/cyfitter_cfg.c **** *
 116:Generated_Source\PSoC4/cyfitter_cfg.c **** * Parameters:
 117:Generated_Source\PSoC4/cyfitter_cfg.c **** *   void
 118:Generated_Source\PSoC4/cyfitter_cfg.c **** *
 119:Generated_Source\PSoC4/cyfitter_cfg.c **** * Return:
 120:Generated_Source\PSoC4/cyfitter_cfg.c **** *   void
 121:Generated_Source\PSoC4/cyfitter_cfg.c **** *
 122:Generated_Source\PSoC4/cyfitter_cfg.c **** *******************************************************************************/
 123:Generated_Source\PSoC4/cyfitter_cfg.c **** CY_CFG_UNUSED
 124:Generated_Source\PSoC4/cyfitter_cfg.c **** static void CyClockStartupError(uint8 errorCode);
 125:Generated_Source\PSoC4/cyfitter_cfg.c **** CY_CFG_UNUSED
 126:Generated_Source\PSoC4/cyfitter_cfg.c **** static void CyClockStartupError(uint8 errorCode)
 127:Generated_Source\PSoC4/cyfitter_cfg.c **** {
 128:Generated_Source\PSoC4/cyfitter_cfg.c ****     /* To remove the compiler warning if errorCode not used.                */
 129:Generated_Source\PSoC4/cyfitter_cfg.c ****     errorCode = errorCode;
 130:Generated_Source\PSoC4/cyfitter_cfg.c **** 
 131:Generated_Source\PSoC4/cyfitter_cfg.c ****     /* If we have a clock startup error (bad MHz crystal, PLL lock, etc.),  */
 132:Generated_Source\PSoC4/cyfitter_cfg.c ****     /* we will end up here to allow the customer to implement something to  */
 133:Generated_Source\PSoC4/cyfitter_cfg.c ****     /* deal with the clock condition.                                       */
 134:Generated_Source\PSoC4/cyfitter_cfg.c **** 
 135:Generated_Source\PSoC4/cyfitter_cfg.c **** #ifdef CY_CFG_CLOCK_STARTUP_ERROR_CALLBACK
 136:Generated_Source\PSoC4/cyfitter_cfg.c ****     CY_CFG_Clock_Startup_ErrorCallback();
 137:Generated_Source\PSoC4/cyfitter_cfg.c **** #else
 138:Generated_Source\PSoC4/cyfitter_cfg.c ****     /*  If not using CY_CFG_CLOCK_STARTUP_ERROR_CALLBACK, place your clock startup code here. */
 139:Generated_Source\PSoC4/cyfitter_cfg.c ****     /* `#START CyClockStartupError` */
 140:Generated_Source\PSoC4/cyfitter_cfg.c **** 
 141:Generated_Source\PSoC4/cyfitter_cfg.c **** 
 142:Generated_Source\PSoC4/cyfitter_cfg.c **** 
 143:Generated_Source\PSoC4/cyfitter_cfg.c ****     /* `#END` */
 144:Generated_Source\PSoC4/cyfitter_cfg.c **** 
 145:Generated_Source\PSoC4/cyfitter_cfg.c ****     while(1) {}
ARM GAS  C:\Users\TUCKER~1\AppData\Local\Temp\ccL1brnb.s 			page 4


 146:Generated_Source\PSoC4/cyfitter_cfg.c **** #endif /* CY_CFG_CLOCK_STARTUP_ERROR_CALLBACK */
 147:Generated_Source\PSoC4/cyfitter_cfg.c **** }
 148:Generated_Source\PSoC4/cyfitter_cfg.c **** #endif
 149:Generated_Source\PSoC4/cyfitter_cfg.c **** 
 150:Generated_Source\PSoC4/cyfitter_cfg.c **** 
 151:Generated_Source\PSoC4/cyfitter_cfg.c **** 
 152:Generated_Source\PSoC4/cyfitter_cfg.c **** /*******************************************************************************
 153:Generated_Source\PSoC4/cyfitter_cfg.c **** * Function Name: ClockSetup
 154:Generated_Source\PSoC4/cyfitter_cfg.c **** ********************************************************************************
 155:Generated_Source\PSoC4/cyfitter_cfg.c **** *
 156:Generated_Source\PSoC4/cyfitter_cfg.c **** * Summary:
 157:Generated_Source\PSoC4/cyfitter_cfg.c **** *   Performs the initialization of all of the clocks in the device based on the
 158:Generated_Source\PSoC4/cyfitter_cfg.c **** *   settings in the Clock tab of the DWR.  This includes enabling the requested
 159:Generated_Source\PSoC4/cyfitter_cfg.c **** *   clocks and setting the necessary dividers to produce the desired frequency. 
 160:Generated_Source\PSoC4/cyfitter_cfg.c **** *
 161:Generated_Source\PSoC4/cyfitter_cfg.c **** * Parameters:
 162:Generated_Source\PSoC4/cyfitter_cfg.c **** *   void
 163:Generated_Source\PSoC4/cyfitter_cfg.c **** *
 164:Generated_Source\PSoC4/cyfitter_cfg.c **** * Return:
 165:Generated_Source\PSoC4/cyfitter_cfg.c **** *   void
 166:Generated_Source\PSoC4/cyfitter_cfg.c **** *
 167:Generated_Source\PSoC4/cyfitter_cfg.c **** *******************************************************************************/
 168:Generated_Source\PSoC4/cyfitter_cfg.c **** static void ClockSetup(void);
 169:Generated_Source\PSoC4/cyfitter_cfg.c **** CY_CFG_SECTION
 170:Generated_Source\PSoC4/cyfitter_cfg.c **** static void ClockSetup(void)
 171:Generated_Source\PSoC4/cyfitter_cfg.c **** {
  27              		.loc 1 171 0
  28              		.cfi_startproc
  29              		@ args = 0, pretend = 0, frame = 0
  30              		@ frame_needed = 0, uses_anonymous_args = 0
  31 0000 10B5     		push	{r4, lr}
  32              		.cfi_def_cfa_offset 8
  33              		.cfi_offset 4, -8
  34              		.cfi_offset 14, -4
 172:Generated_Source\PSoC4/cyfitter_cfg.c **** 
 173:Generated_Source\PSoC4/cyfitter_cfg.c **** 	/* Set Flash Cycles based on max possible frequency in case a glitch occurs during ClockSetup(). *
 174:Generated_Source\PSoC4/cyfitter_cfg.c **** 	CY_SET_REG32((void CYXDATA *)(CYREG_CPUSS_FLASH_CTL), (0x0012u));
  35              		.loc 1 174 0
  36 0002 214C     		ldr	r4, .L2
  37 0004 1223     		movs	r3, #18
  38 0006 2360     		str	r3, [r4]
 175:Generated_Source\PSoC4/cyfitter_cfg.c **** 	/* Update IMO to new clock speed. */
 176:Generated_Source\PSoC4/cyfitter_cfg.c **** 	CySysClkWriteImoFreq(24u);
  39              		.loc 1 176 0
  40 0008 1820     		movs	r0, #24
  41 000a FFF7FEFF 		bl	CySysClkWriteImoFreq
  42              	.LVL0:
 177:Generated_Source\PSoC4/cyfitter_cfg.c **** 
 178:Generated_Source\PSoC4/cyfitter_cfg.c **** 	/* Setup phase aligned clocks */
 179:Generated_Source\PSoC4/cyfitter_cfg.c **** 	CY_SET_REG32((void *)CYREG_PERI_DIV_16_CTL0, 0x00000100u);
  43              		.loc 1 179 0
  44 000e 8022     		movs	r2, #128
  45 0010 5200     		lsls	r2, r2, #1
  46 0012 1E4B     		ldr	r3, .L2+4
  47 0014 1A60     		str	r2, [r3]
 180:Generated_Source\PSoC4/cyfitter_cfg.c **** 	CY_SET_REG32((void *)CYREG_PERI_DIV_CMD, 0x8000FF40u);
  48              		.loc 1 180 0
ARM GAS  C:\Users\TUCKER~1\AppData\Local\Temp\ccL1brnb.s 			page 5


  49 0016 8023     		movs	r3, #128
  50 0018 DB05     		lsls	r3, r3, #23
  51 001a 1D49     		ldr	r1, .L2+8
  52 001c 1960     		str	r1, [r3]
 181:Generated_Source\PSoC4/cyfitter_cfg.c **** 	CY_SET_REG32((void *)CYREG_PERI_DIV_16_CTL1, 0x00000100u);
  53              		.loc 1 181 0
  54 001e 1D49     		ldr	r1, .L2+12
  55 0020 0A60     		str	r2, [r1]
 182:Generated_Source\PSoC4/cyfitter_cfg.c **** 	CY_SET_REG32((void *)CYREG_PERI_DIV_CMD, 0x8000FF41u);
  56              		.loc 1 182 0
  57 0022 1D4A     		ldr	r2, .L2+16
  58 0024 1A60     		str	r2, [r3]
 183:Generated_Source\PSoC4/cyfitter_cfg.c **** 	CY_SET_REG32((void *)CYREG_PERI_DIV_24_5_CTL, 0x02DC6B00u);
  59              		.loc 1 183 0
  60 0026 1D49     		ldr	r1, .L2+20
  61 0028 1D4A     		ldr	r2, .L2+24
  62 002a 1160     		str	r1, [r2]
 184:Generated_Source\PSoC4/cyfitter_cfg.c **** 	CY_SET_REG32((void *)CYREG_PERI_DIV_CMD, 0x8000FFC0u);
  63              		.loc 1 184 0
  64 002c 1D4A     		ldr	r2, .L2+28
  65 002e 1A60     		str	r2, [r3]
 185:Generated_Source\PSoC4/cyfitter_cfg.c **** 	CY_SET_REG32((void *)CYREG_PERI_DIV_16_CTL2, 0x00000E00u);
  66              		.loc 1 185 0
  67 0030 E021     		movs	r1, #224
  68 0032 0901     		lsls	r1, r1, #4
  69 0034 1C4A     		ldr	r2, .L2+32
  70 0036 1160     		str	r1, [r2]
 186:Generated_Source\PSoC4/cyfitter_cfg.c **** 	CY_SET_REG32((void *)CYREG_PERI_DIV_CMD, 0x8000FF42u);
  71              		.loc 1 186 0
  72 0038 1C4A     		ldr	r2, .L2+36
  73 003a 1A60     		str	r2, [r3]
 187:Generated_Source\PSoC4/cyfitter_cfg.c **** 	CY_SET_REG32((void *)CYREG_PERI_DIV_16_CTL3, 0x00001000u);
  74              		.loc 1 187 0
  75 003c 8021     		movs	r1, #128
  76 003e 4901     		lsls	r1, r1, #5
  77 0040 1B4A     		ldr	r2, .L2+40
  78 0042 1160     		str	r1, [r2]
 188:Generated_Source\PSoC4/cyfitter_cfg.c **** 	CY_SET_REG32((void *)CYREG_PERI_DIV_CMD, 0x8000FF43u);
  79              		.loc 1 188 0
  80 0044 1B4A     		ldr	r2, .L2+44
  81 0046 1A60     		str	r2, [r3]
 189:Generated_Source\PSoC4/cyfitter_cfg.c **** 
 190:Generated_Source\PSoC4/cyfitter_cfg.c **** 	/* CYDEV_CLK_SELECT Starting address: CYDEV_CLK_SELECT */
 191:Generated_Source\PSoC4/cyfitter_cfg.c **** 	CY_SET_REG32((void *)(CYREG_CLK_SELECT), 0x00000020u);
  82              		.loc 1 191 0
  83 0048 2022     		movs	r2, #32
  84 004a 1B4B     		ldr	r3, .L2+48
  85 004c 1A60     		str	r2, [r3]
 192:Generated_Source\PSoC4/cyfitter_cfg.c **** 
 193:Generated_Source\PSoC4/cyfitter_cfg.c **** 	/* CYDEV_PERI_PCLK_CTL12 Starting address: CYDEV_PERI_PCLK_CTL12 */
 194:Generated_Source\PSoC4/cyfitter_cfg.c **** 	CY_SET_REG32((void *)(CYREG_PERI_PCLK_CTL12), 0x00000041u);
  86              		.loc 1 194 0
  87 004e 2132     		adds	r2, r2, #33
  88 0050 1A4B     		ldr	r3, .L2+52
  89 0052 1A60     		str	r2, [r3]
 195:Generated_Source\PSoC4/cyfitter_cfg.c **** 
 196:Generated_Source\PSoC4/cyfitter_cfg.c **** 	/* CYDEV_PERI_PCLK_CTL4 Starting address: CYDEV_PERI_PCLK_CTL4 */
ARM GAS  C:\Users\TUCKER~1\AppData\Local\Temp\ccL1brnb.s 			page 6


 197:Generated_Source\PSoC4/cyfitter_cfg.c **** 	CY_SET_REG32((void *)(CYREG_PERI_PCLK_CTL4), 0x000000C0u);
  90              		.loc 1 197 0
  91 0054 7F32     		adds	r2, r2, #127
  92 0056 1A4B     		ldr	r3, .L2+56
  93 0058 1A60     		str	r2, [r3]
 198:Generated_Source\PSoC4/cyfitter_cfg.c **** 
 199:Generated_Source\PSoC4/cyfitter_cfg.c **** 	/* CYDEV_PERI_PCLK_CTL2 Starting address: CYDEV_PERI_PCLK_CTL2 */
 200:Generated_Source\PSoC4/cyfitter_cfg.c **** 	CY_SET_REG32((void *)(CYREG_PERI_PCLK_CTL2), 0x00000042u);
  94              		.loc 1 200 0
  95 005a 7E3A     		subs	r2, r2, #126
  96 005c 194B     		ldr	r3, .L2+60
  97 005e 1A60     		str	r2, [r3]
 201:Generated_Source\PSoC4/cyfitter_cfg.c **** 
 202:Generated_Source\PSoC4/cyfitter_cfg.c **** 	/* CYDEV_PERI_PCLK_CTL1 Starting address: CYDEV_PERI_PCLK_CTL1 */
 203:Generated_Source\PSoC4/cyfitter_cfg.c **** 	CY_SET_REG32((void *)(CYREG_PERI_PCLK_CTL1), 0x00000043u);
  98              		.loc 1 203 0
  99 0060 0132     		adds	r2, r2, #1
 100 0062 194B     		ldr	r3, .L2+64
 101 0064 1A60     		str	r2, [r3]
 204:Generated_Source\PSoC4/cyfitter_cfg.c **** 
 205:Generated_Source\PSoC4/cyfitter_cfg.c **** 	(void)CyIntSetVector(11u, &CySysTimerIsr);
 102              		.loc 1 205 0
 103 0066 1949     		ldr	r1, .L2+68
 104 0068 0B20     		movs	r0, #11
 105 006a FFF7FEFF 		bl	CyIntSetVector
 106              	.LVL1:
 206:Generated_Source\PSoC4/cyfitter_cfg.c **** 	CyIntEnable(11u);
 107              		.loc 1 206 0
 108 006e 0B20     		movs	r0, #11
 109 0070 FFF7FEFF 		bl	CyIntEnable
 110              	.LVL2:
 207:Generated_Source\PSoC4/cyfitter_cfg.c **** 	CY_SET_REG32((void *)(CYREG_WCO_WDT_CONFIG), 0x00000000u);
 111              		.loc 1 207 0
 112 0074 0022     		movs	r2, #0
 113 0076 164B     		ldr	r3, .L2+72
 114 0078 1A60     		str	r2, [r3]
 208:Generated_Source\PSoC4/cyfitter_cfg.c **** 	CySysClkSetTimerSource(CY_SYS_CLK_TIMER_SRC_ILO);
 115              		.loc 1 208 0
 116 007a 0020     		movs	r0, #0
 117 007c FFF7FEFF 		bl	CySysClkSetTimerSource
 118              	.LVL3:
 209:Generated_Source\PSoC4/cyfitter_cfg.c **** 	/* Set Flash Cycles based on newly configured 24.00MHz HFCLK. */
 210:Generated_Source\PSoC4/cyfitter_cfg.c **** 	CY_SET_REG32((void CYXDATA *)(CYREG_CPUSS_FLASH_CTL), (0x0011u));
 119              		.loc 1 210 0
 120 0080 1123     		movs	r3, #17
 121 0082 2360     		str	r3, [r4]
 211:Generated_Source\PSoC4/cyfitter_cfg.c **** }
 122              		.loc 1 211 0
 123              		@ sp needed
 124 0084 10BD     		pop	{r4, pc}
 125              	.L3:
 126 0086 C046     		.align	2
 127              	.L2:
 128 0088 30001040 		.word	1074790448
 129 008c 00030040 		.word	1073742592
 130 0090 40FF0080 		.word	-2147418304
 131 0094 04030040 		.word	1073742596
ARM GAS  C:\Users\TUCKER~1\AppData\Local\Temp\ccL1brnb.s 			page 7


 132 0098 41FF0080 		.word	-2147418303
 133 009c 006BDC02 		.word	47999744
 134 00a0 00050040 		.word	1073743104
 135 00a4 C0FF0080 		.word	-2147418176
 136 00a8 08030040 		.word	1073742600
 137 00ac 42FF0080 		.word	-2147418302
 138 00b0 0C030040 		.word	1073742604
 139 00b4 43FF0080 		.word	-2147418301
 140 00b8 28000340 		.word	1073938472
 141 00bc 30010040 		.word	1073742128
 142 00c0 10010040 		.word	1073742096
 143 00c4 08010040 		.word	1073742088
 144 00c8 04010040 		.word	1073742084
 145 00cc 00000000 		.word	CySysTimerIsr
 146 00d0 0C020640 		.word	1074135564
 147              		.cfi_endproc
 148              	.LFE4:
 149              		.size	ClockSetup, .-ClockSetup
 150              		.section	.text.SetAnalogRoutingPumps,"ax",%progbits
 151              		.align	2
 152              		.global	SetAnalogRoutingPumps
 153              		.code	16
 154              		.thumb_func
 155              		.type	SetAnalogRoutingPumps, %function
 156              	SetAnalogRoutingPumps:
 157              	.LFB6:
 212:Generated_Source\PSoC4/cyfitter_cfg.c **** 
 213:Generated_Source\PSoC4/cyfitter_cfg.c **** 
 214:Generated_Source\PSoC4/cyfitter_cfg.c **** /* Analog API Functions */
 215:Generated_Source\PSoC4/cyfitter_cfg.c **** 
 216:Generated_Source\PSoC4/cyfitter_cfg.c **** 
 217:Generated_Source\PSoC4/cyfitter_cfg.c **** /*******************************************************************************
 218:Generated_Source\PSoC4/cyfitter_cfg.c **** * Function Name: AnalogSetDefault
 219:Generated_Source\PSoC4/cyfitter_cfg.c **** ********************************************************************************
 220:Generated_Source\PSoC4/cyfitter_cfg.c **** *
 221:Generated_Source\PSoC4/cyfitter_cfg.c **** * Summary:
 222:Generated_Source\PSoC4/cyfitter_cfg.c **** *  Sets up the analog portions of the chip to default values based on chip
 223:Generated_Source\PSoC4/cyfitter_cfg.c **** *  configuration options from the project.
 224:Generated_Source\PSoC4/cyfitter_cfg.c **** *
 225:Generated_Source\PSoC4/cyfitter_cfg.c **** * Parameters:
 226:Generated_Source\PSoC4/cyfitter_cfg.c **** *  void
 227:Generated_Source\PSoC4/cyfitter_cfg.c **** *
 228:Generated_Source\PSoC4/cyfitter_cfg.c **** * Return:
 229:Generated_Source\PSoC4/cyfitter_cfg.c **** *  void
 230:Generated_Source\PSoC4/cyfitter_cfg.c **** *
 231:Generated_Source\PSoC4/cyfitter_cfg.c **** *******************************************************************************/
 232:Generated_Source\PSoC4/cyfitter_cfg.c **** static void AnalogSetDefault(void);
 233:Generated_Source\PSoC4/cyfitter_cfg.c **** static void AnalogSetDefault(void)
 234:Generated_Source\PSoC4/cyfitter_cfg.c **** {
 235:Generated_Source\PSoC4/cyfitter_cfg.c **** 	CY_SET_XTND_REG32((void CYFAR *)CYREG_CTB0_CTB_CTRL, 0x80000000u);
 236:Generated_Source\PSoC4/cyfitter_cfg.c **** 	CY_SET_XTND_REG32((void CYFAR *)CYREG_CTB0_OA0_SW, 0x20000010u);
 237:Generated_Source\PSoC4/cyfitter_cfg.c **** 	CY_SET_XTND_REG32((void CYFAR *)CYREG_CTB0_OA1_SW, 0x00080080u);
 238:Generated_Source\PSoC4/cyfitter_cfg.c **** 	CY_SET_XTND_REG32((void CYFAR *)CYREG_CTB0_CTBBUS_SW, 0x00100402u);
 239:Generated_Source\PSoC4/cyfitter_cfg.c **** 	CY_SET_XTND_REG32((void CYFAR *)CYREG_CTB1_CTB_CTRL, 0x80000000u);
 240:Generated_Source\PSoC4/cyfitter_cfg.c **** 	CY_SET_XTND_REG32((void CYFAR *)CYREG_CTB1_OA1_SW, 0x00040008u);
 241:Generated_Source\PSoC4/cyfitter_cfg.c **** 	CY_SET_XTND_REG32((void CYFAR *)CYREG_ART_CTRL, 0x80000000u);
 242:Generated_Source\PSoC4/cyfitter_cfg.c **** 	CY_SET_XTND_REG32((void CYFAR *)CYREG_ART_SARMUXVPLUS_SW, 0x01000001u);
ARM GAS  C:\Users\TUCKER~1\AppData\Local\Temp\ccL1brnb.s 			page 8


 243:Generated_Source\PSoC4/cyfitter_cfg.c **** 	CY_SET_XTND_REG32((void CYFAR *)CYREG_ART_CTB0VREF_SW, 0x00020000u);
 244:Generated_Source\PSoC4/cyfitter_cfg.c **** 	CY_SET_XTND_REG32((void CYFAR *)CYREG_PASS_PASS_CTRL, 0x00000003u);
 245:Generated_Source\PSoC4/cyfitter_cfg.c **** 	CY_SET_XTND_REG32((void CYFAR *)CYREG_PASS_PRB_CTRL, 0x80000001u);
 246:Generated_Source\PSoC4/cyfitter_cfg.c **** 	CY_SET_XTND_REG32((void CYFAR *)CYREG_PASS_PRB_REF0, 0x000000F1u);
 247:Generated_Source\PSoC4/cyfitter_cfg.c **** 	CY_SET_XTND_REG32((void CYFAR *)CYREG_PASS_DSAB_DSAB_CTRL, 0x00000020u);
 248:Generated_Source\PSoC4/cyfitter_cfg.c **** 	SetAnalogRoutingPumps(1);
 249:Generated_Source\PSoC4/cyfitter_cfg.c **** }
 250:Generated_Source\PSoC4/cyfitter_cfg.c **** 
 251:Generated_Source\PSoC4/cyfitter_cfg.c **** 
 252:Generated_Source\PSoC4/cyfitter_cfg.c **** /*******************************************************************************
 253:Generated_Source\PSoC4/cyfitter_cfg.c **** * Function Name: SetAnalogRoutingPumps
 254:Generated_Source\PSoC4/cyfitter_cfg.c **** ********************************************************************************
 255:Generated_Source\PSoC4/cyfitter_cfg.c **** *
 256:Generated_Source\PSoC4/cyfitter_cfg.c **** * Summary:
 257:Generated_Source\PSoC4/cyfitter_cfg.c **** * Enables or disables the analog pumps feeding analog routing switches.
 258:Generated_Source\PSoC4/cyfitter_cfg.c **** * Intended to be called at startup, based on the Vdda system configuration;
 259:Generated_Source\PSoC4/cyfitter_cfg.c **** * may be called during operation when the user informs us that the Vdda voltage crossed the pump th
 260:Generated_Source\PSoC4/cyfitter_cfg.c **** *
 261:Generated_Source\PSoC4/cyfitter_cfg.c **** * Parameters:
 262:Generated_Source\PSoC4/cyfitter_cfg.c **** *  enabled - 1 to enable the pumps, 0 to disable the pumps
 263:Generated_Source\PSoC4/cyfitter_cfg.c **** *
 264:Generated_Source\PSoC4/cyfitter_cfg.c **** * Return:
 265:Generated_Source\PSoC4/cyfitter_cfg.c **** *  void
 266:Generated_Source\PSoC4/cyfitter_cfg.c **** *
 267:Generated_Source\PSoC4/cyfitter_cfg.c **** *******************************************************************************/
 268:Generated_Source\PSoC4/cyfitter_cfg.c **** void SetAnalogRoutingPumps(uint8 enabled)
 269:Generated_Source\PSoC4/cyfitter_cfg.c **** {
 158              		.loc 1 269 0
 159              		.cfi_startproc
 160              		@ args = 0, pretend = 0, frame = 0
 161              		@ frame_needed = 0, uses_anonymous_args = 0
 162              		@ link register save eliminated.
 163              	.LVL4:
 270:Generated_Source\PSoC4/cyfitter_cfg.c **** 	uint32 regValue = CY_GET_XTND_REG32((void *)(CYREG_SAR_PUMP_CTRL));
 164              		.loc 1 270 0
 165 0000 064B     		ldr	r3, .L7
 166 0002 1B68     		ldr	r3, [r3]
 167              	.LVL5:
 271:Generated_Source\PSoC4/cyfitter_cfg.c **** 	if (enabled != 0u)
 168              		.loc 1 271 0
 169 0004 0028     		cmp	r0, #0
 170 0006 03D0     		beq	.L5
 272:Generated_Source\PSoC4/cyfitter_cfg.c **** 	{
 273:Generated_Source\PSoC4/cyfitter_cfg.c **** 		regValue |= 0x80000000u;
 171              		.loc 1 273 0
 172 0008 8022     		movs	r2, #128
 173 000a 1206     		lsls	r2, r2, #24
 174 000c 1343     		orrs	r3, r2
 175              	.LVL6:
 176 000e 01E0     		b	.L6
 177              	.L5:
 274:Generated_Source\PSoC4/cyfitter_cfg.c **** 	}
 275:Generated_Source\PSoC4/cyfitter_cfg.c **** 	else
 276:Generated_Source\PSoC4/cyfitter_cfg.c **** 	{
 277:Generated_Source\PSoC4/cyfitter_cfg.c **** 		regValue &= ~0x80000000u;
 178              		.loc 1 277 0
 179 0010 5B00     		lsls	r3, r3, #1
ARM GAS  C:\Users\TUCKER~1\AppData\Local\Temp\ccL1brnb.s 			page 9


 180              	.LVL7:
 181 0012 5B08     		lsrs	r3, r3, #1
 182              	.LVL8:
 183              	.L6:
 278:Generated_Source\PSoC4/cyfitter_cfg.c **** 	}
 279:Generated_Source\PSoC4/cyfitter_cfg.c **** 	CY_SET_XTND_REG32((void *)(CYREG_SAR_PUMP_CTRL), regValue);
 184              		.loc 1 279 0
 185 0014 014A     		ldr	r2, .L7
 186 0016 1360     		str	r3, [r2]
 280:Generated_Source\PSoC4/cyfitter_cfg.c **** }
 187              		.loc 1 280 0
 188              		@ sp needed
 189 0018 7047     		bx	lr
 190              	.L8:
 191 001a C046     		.align	2
 192              	.L7:
 193 001c 80033A40 		.word	1077543808
 194              		.cfi_endproc
 195              	.LFE6:
 196              		.size	SetAnalogRoutingPumps, .-SetAnalogRoutingPumps
 197              		.section	.text.AnalogSetDefault,"ax",%progbits
 198              		.align	2
 199              		.code	16
 200              		.thumb_func
 201              		.type	AnalogSetDefault, %function
 202              	AnalogSetDefault:
 203              	.LFB5:
 234:Generated_Source\PSoC4/cyfitter_cfg.c **** 	CY_SET_XTND_REG32((void CYFAR *)CYREG_CTB0_CTB_CTRL, 0x80000000u);
 204              		.loc 1 234 0
 205              		.cfi_startproc
 206              		@ args = 0, pretend = 0, frame = 0
 207              		@ frame_needed = 0, uses_anonymous_args = 0
 208 0000 10B5     		push	{r4, lr}
 209              		.cfi_def_cfa_offset 8
 210              		.cfi_offset 4, -8
 211              		.cfi_offset 14, -4
 235:Generated_Source\PSoC4/cyfitter_cfg.c **** 	CY_SET_XTND_REG32((void CYFAR *)CYREG_CTB0_OA0_SW, 0x20000010u);
 212              		.loc 1 235 0
 213 0002 8023     		movs	r3, #128
 214 0004 1B06     		lsls	r3, r3, #24
 215 0006 144A     		ldr	r2, .L10
 216 0008 1360     		str	r3, [r2]
 236:Generated_Source\PSoC4/cyfitter_cfg.c **** 	CY_SET_XTND_REG32((void CYFAR *)CYREG_CTB0_OA1_SW, 0x00080080u);
 217              		.loc 1 236 0
 218 000a 1449     		ldr	r1, .L10+4
 219 000c 144A     		ldr	r2, .L10+8
 220 000e 1160     		str	r1, [r2]
 237:Generated_Source\PSoC4/cyfitter_cfg.c **** 	CY_SET_XTND_REG32((void CYFAR *)CYREG_CTB0_CTBBUS_SW, 0x00100402u);
 221              		.loc 1 237 0
 222 0010 1449     		ldr	r1, .L10+12
 223 0012 154A     		ldr	r2, .L10+16
 224 0014 1160     		str	r1, [r2]
 238:Generated_Source\PSoC4/cyfitter_cfg.c **** 	CY_SET_XTND_REG32((void CYFAR *)CYREG_CTB1_CTB_CTRL, 0x80000000u);
 225              		.loc 1 238 0
 226 0016 1549     		ldr	r1, .L10+20
 227 0018 154A     		ldr	r2, .L10+24
 228 001a 1160     		str	r1, [r2]
ARM GAS  C:\Users\TUCKER~1\AppData\Local\Temp\ccL1brnb.s 			page 10


 239:Generated_Source\PSoC4/cyfitter_cfg.c **** 	CY_SET_XTND_REG32((void CYFAR *)CYREG_CTB1_OA1_SW, 0x00040008u);
 229              		.loc 1 239 0
 230 001c 154A     		ldr	r2, .L10+28
 231 001e 1360     		str	r3, [r2]
 240:Generated_Source\PSoC4/cyfitter_cfg.c **** 	CY_SET_XTND_REG32((void CYFAR *)CYREG_ART_CTRL, 0x80000000u);
 232              		.loc 1 240 0
 233 0020 1549     		ldr	r1, .L10+32
 234 0022 164A     		ldr	r2, .L10+36
 235 0024 1160     		str	r1, [r2]
 241:Generated_Source\PSoC4/cyfitter_cfg.c **** 	CY_SET_XTND_REG32((void CYFAR *)CYREG_ART_SARMUXVPLUS_SW, 0x01000001u);
 236              		.loc 1 241 0
 237 0026 164A     		ldr	r2, .L10+40
 238 0028 1360     		str	r3, [r2]
 242:Generated_Source\PSoC4/cyfitter_cfg.c **** 	CY_SET_XTND_REG32((void CYFAR *)CYREG_ART_CTB0VREF_SW, 0x00020000u);
 239              		.loc 1 242 0
 240 002a 164A     		ldr	r2, .L10+44
 241 002c 164B     		ldr	r3, .L10+48
 242 002e 1A60     		str	r2, [r3]
 243:Generated_Source\PSoC4/cyfitter_cfg.c **** 	CY_SET_XTND_REG32((void CYFAR *)CYREG_PASS_PASS_CTRL, 0x00000003u);
 243              		.loc 1 243 0
 244 0030 8022     		movs	r2, #128
 245 0032 9202     		lsls	r2, r2, #10
 246 0034 154B     		ldr	r3, .L10+52
 247 0036 1A60     		str	r2, [r3]
 244:Generated_Source\PSoC4/cyfitter_cfg.c **** 	CY_SET_XTND_REG32((void CYFAR *)CYREG_PASS_PRB_CTRL, 0x80000001u);
 248              		.loc 1 244 0
 249 0038 0322     		movs	r2, #3
 250 003a 154B     		ldr	r3, .L10+56
 251 003c 1A60     		str	r2, [r3]
 245:Generated_Source\PSoC4/cyfitter_cfg.c **** 	CY_SET_XTND_REG32((void CYFAR *)CYREG_PASS_PRB_REF0, 0x000000F1u);
 252              		.loc 1 245 0
 253 003e 154A     		ldr	r2, .L10+60
 254 0040 154B     		ldr	r3, .L10+64
 255 0042 1A60     		str	r2, [r3]
 246:Generated_Source\PSoC4/cyfitter_cfg.c **** 	CY_SET_XTND_REG32((void CYFAR *)CYREG_PASS_DSAB_DSAB_CTRL, 0x00000020u);
 256              		.loc 1 246 0
 257 0044 F122     		movs	r2, #241
 258 0046 154B     		ldr	r3, .L10+68
 259 0048 1A60     		str	r2, [r3]
 247:Generated_Source\PSoC4/cyfitter_cfg.c **** 	SetAnalogRoutingPumps(1);
 260              		.loc 1 247 0
 261 004a D13A     		subs	r2, r2, #209
 262 004c 144B     		ldr	r3, .L10+72
 263 004e 1A60     		str	r2, [r3]
 248:Generated_Source\PSoC4/cyfitter_cfg.c **** }
 264              		.loc 1 248 0
 265 0050 0120     		movs	r0, #1
 266 0052 FFF7FEFF 		bl	SetAnalogRoutingPumps
 267              	.LVL9:
 249:Generated_Source\PSoC4/cyfitter_cfg.c **** 
 268              		.loc 1 249 0
 269              		@ sp needed
 270 0056 10BD     		pop	{r4, pc}
 271              	.L11:
 272              		.align	2
 273              	.L10:
 274 0058 00003040 		.word	1076887552
ARM GAS  C:\Users\TUCKER~1\AppData\Local\Temp\ccL1brnb.s 			page 11


 275 005c 10000020 		.word	536870928
 276 0060 80003040 		.word	1076887680
 277 0064 80000800 		.word	524416
 278 0068 88003040 		.word	1076887688
 279 006c 02041000 		.word	1049602
 280 0070 90003040 		.word	1076887696
 281 0074 00003140 		.word	1076953088
 282 0078 08000400 		.word	262152
 283 007c 88003140 		.word	1076953224
 284 0080 00003840 		.word	1077411840
 285 0084 01000001 		.word	16777217
 286 0088 10003840 		.word	1077411856
 287 008c 40013840 		.word	1077412160
 288 0090 08013F40 		.word	1077870856
 289 0094 01000080 		.word	-2147483647
 290 0098 00023F40 		.word	1077871104
 291 009c 04023F40 		.word	1077871108
 292 00a0 000E3F40 		.word	1077874176
 293              		.cfi_endproc
 294              	.LFE5:
 295              		.size	AnalogSetDefault, .-AnalogSetDefault
 296              		.section	.psocinit
 297              		.align	2
 298              		.global	cyfitter_cfg
 299              		.code	16
 300              		.thumb_func
 301              		.type	cyfitter_cfg, %function
 302              	cyfitter_cfg:
 303              	.LFB7:
 281:Generated_Source\PSoC4/cyfitter_cfg.c **** 
 282:Generated_Source\PSoC4/cyfitter_cfg.c **** 
 283:Generated_Source\PSoC4/cyfitter_cfg.c **** 
 284:Generated_Source\PSoC4/cyfitter_cfg.c **** 
 285:Generated_Source\PSoC4/cyfitter_cfg.c **** /*******************************************************************************
 286:Generated_Source\PSoC4/cyfitter_cfg.c **** * Function Name: cyfitter_cfg
 287:Generated_Source\PSoC4/cyfitter_cfg.c **** ********************************************************************************
 288:Generated_Source\PSoC4/cyfitter_cfg.c **** * Summary:
 289:Generated_Source\PSoC4/cyfitter_cfg.c **** *  This function is called by the start-up code for the selected device. It
 290:Generated_Source\PSoC4/cyfitter_cfg.c **** *  performs all of the necessary device configuration based on the design
 291:Generated_Source\PSoC4/cyfitter_cfg.c **** *  settings.  This includes settings from the Design Wide Resources (DWR) such
 292:Generated_Source\PSoC4/cyfitter_cfg.c **** *  as Clocks and Pins as well as any component configuration that is necessary.
 293:Generated_Source\PSoC4/cyfitter_cfg.c **** *
 294:Generated_Source\PSoC4/cyfitter_cfg.c **** * Parameters:
 295:Generated_Source\PSoC4/cyfitter_cfg.c **** *   void
 296:Generated_Source\PSoC4/cyfitter_cfg.c **** *
 297:Generated_Source\PSoC4/cyfitter_cfg.c **** * Return:
 298:Generated_Source\PSoC4/cyfitter_cfg.c **** *   void
 299:Generated_Source\PSoC4/cyfitter_cfg.c **** *
 300:Generated_Source\PSoC4/cyfitter_cfg.c **** *******************************************************************************/
 301:Generated_Source\PSoC4/cyfitter_cfg.c **** CY_CFG_SECTION
 302:Generated_Source\PSoC4/cyfitter_cfg.c **** void cyfitter_cfg(void)
 303:Generated_Source\PSoC4/cyfitter_cfg.c **** {
 304              		.loc 1 303 0
 305              		.cfi_startproc
 306              		@ args = 0, pretend = 0, frame = 0
 307              		@ frame_needed = 0, uses_anonymous_args = 0
 308 00d4 10B5     		push	{r4, lr}
ARM GAS  C:\Users\TUCKER~1\AppData\Local\Temp\ccL1brnb.s 			page 12


 309              		.cfi_def_cfa_offset 8
 310              		.cfi_offset 4, -8
 311              		.cfi_offset 14, -4
 304:Generated_Source\PSoC4/cyfitter_cfg.c **** 	/* Disable interrupts by default. Let user enable if/when they want. */
 305:Generated_Source\PSoC4/cyfitter_cfg.c **** 	CyGlobalIntDisable;
 312              		.loc 1 305 0
 313              		.syntax divided
 314              	@ 305 "Generated_Source\PSoC4\cyfitter_cfg.c" 1
 315 00d6 72B6     		CPSID   i
 316              	@ 0 "" 2
 306:Generated_Source\PSoC4/cyfitter_cfg.c **** 
 307:Generated_Source\PSoC4/cyfitter_cfg.c **** 	{
 308:Generated_Source\PSoC4/cyfitter_cfg.c **** 		/* HSIOM Starting address: CYDEV_HSIOM_BASE */
 309:Generated_Source\PSoC4/cyfitter_cfg.c **** 		CY_SET_REG32((void *)(CYDEV_HSIOM_BASE), 0x009900EEu);
 317              		.loc 1 309 0
 318              		.thumb
 319              		.syntax unified
 320 00d8 104A     		ldr	r2, .L13
 321 00da 114B     		ldr	r3, .L13+4
 322 00dc 1A60     		str	r2, [r3]
 310:Generated_Source\PSoC4/cyfitter_cfg.c **** 		CY_SET_REG32((void *)(CYREG_HSIOM_PORT_SEL3), 0xEE000000u);
 323              		.loc 1 310 0
 324 00de EE22     		movs	r2, #238
 325 00e0 1206     		lsls	r2, r2, #24
 326 00e2 104B     		ldr	r3, .L13+8
 327 00e4 1A60     		str	r2, [r3]
 311:Generated_Source\PSoC4/cyfitter_cfg.c **** 
 312:Generated_Source\PSoC4/cyfitter_cfg.c **** 		/* PASS_SAR_TRIG_SEL Starting address: CYDEV_PASS_SAR_TRIG_SEL */
 313:Generated_Source\PSoC4/cyfitter_cfg.c **** 		CY_SET_REG32((void *)(CYREG_PASS_SAR_TRIG_SEL), 0x00000000u);
 328              		.loc 1 313 0
 329 00e6 0022     		movs	r2, #0
 330 00e8 0F4B     		ldr	r3, .L13+12
 331 00ea 1A60     		str	r2, [r3]
 314:Generated_Source\PSoC4/cyfitter_cfg.c **** 
 315:Generated_Source\PSoC4/cyfitter_cfg.c **** 	}
 316:Generated_Source\PSoC4/cyfitter_cfg.c **** 
 317:Generated_Source\PSoC4/cyfitter_cfg.c **** 	/* Perform second pass device configuration. These items must be configured in specific order afte
 318:Generated_Source\PSoC4/cyfitter_cfg.c **** 	/* IOPINS0_0 Starting address: CYDEV_GPIO_PRT0_BASE */
 319:Generated_Source\PSoC4/cyfitter_cfg.c **** 	CY_SET_REG32((void *)(CYDEV_GPIO_PRT0_BASE), 0x00000020u);
 332              		.loc 1 319 0
 333 00ec 2032     		adds	r2, r2, #32
 334 00ee 0F4B     		ldr	r3, .L13+16
 335 00f0 1A60     		str	r2, [r3]
 320:Generated_Source\PSoC4/cyfitter_cfg.c **** 	CY_SET_REG32((void *)(CYREG_GPIO_PRT0_PC), 0x00031DB6u);
 336              		.loc 1 320 0
 337 00f2 0F4A     		ldr	r2, .L13+20
 338 00f4 0F4B     		ldr	r3, .L13+24
 339 00f6 1A60     		str	r2, [r3]
 321:Generated_Source\PSoC4/cyfitter_cfg.c **** 
 322:Generated_Source\PSoC4/cyfitter_cfg.c **** 	/* IOPINS0_2 Starting address: CYDEV_GPIO_PRT2_BASE */
 323:Generated_Source\PSoC4/cyfitter_cfg.c **** 	CY_SET_REG32((void *)(CYDEV_GPIO_PRT2_BASE), 0x000000BBu);
 340              		.loc 1 323 0
 341 00f8 BB23     		movs	r3, #187
 342 00fa 0F4A     		ldr	r2, .L13+28
 343 00fc 1360     		str	r3, [r2]
 324:Generated_Source\PSoC4/cyfitter_cfg.c **** 	CY_SET_REG32((void *)(CYREG_GPIO_PRT2_PC2), 0x000000BBu);
 344              		.loc 1 324 0
ARM GAS  C:\Users\TUCKER~1\AppData\Local\Temp\ccL1brnb.s 			page 13


 345 00fe 0F4A     		ldr	r2, .L13+32
 346 0100 1360     		str	r3, [r2]
 325:Generated_Source\PSoC4/cyfitter_cfg.c **** 
 326:Generated_Source\PSoC4/cyfitter_cfg.c **** 	/* IOPINS0_3 Starting address: CYDEV_GPIO_PRT3_BASE */
 327:Generated_Source\PSoC4/cyfitter_cfg.c **** 	CY_SET_REG32((void *)(CYDEV_GPIO_PRT3_BASE), 0x000000C0u);
 347              		.loc 1 327 0
 348 0102 C022     		movs	r2, #192
 349 0104 0E4B     		ldr	r3, .L13+36
 350 0106 1A60     		str	r2, [r3]
 328:Generated_Source\PSoC4/cyfitter_cfg.c **** 	CY_SET_REG32((void *)(CYREG_GPIO_PRT3_PC), 0x00900000u);
 351              		.loc 1 328 0
 352 0108 9022     		movs	r2, #144
 353 010a 1204     		lsls	r2, r2, #16
 354 010c 0D4B     		ldr	r3, .L13+40
 355 010e 1A60     		str	r2, [r3]
 329:Generated_Source\PSoC4/cyfitter_cfg.c **** 
 330:Generated_Source\PSoC4/cyfitter_cfg.c **** 
 331:Generated_Source\PSoC4/cyfitter_cfg.c **** 	/* Setup clocks based on selections from Clock DWR */
 332:Generated_Source\PSoC4/cyfitter_cfg.c **** 	ClockSetup();
 356              		.loc 1 332 0
 357 0110 FFF776FF 		bl	ClockSetup
 358              	.LVL10:
 333:Generated_Source\PSoC4/cyfitter_cfg.c **** 
 334:Generated_Source\PSoC4/cyfitter_cfg.c **** 	/* Perform basic analog initialization to defaults */
 335:Generated_Source\PSoC4/cyfitter_cfg.c **** 	AnalogSetDefault();
 359              		.loc 1 335 0
 360 0114 FFF7FEFF 		bl	AnalogSetDefault
 361              	.LVL11:
 336:Generated_Source\PSoC4/cyfitter_cfg.c **** 
 337:Generated_Source\PSoC4/cyfitter_cfg.c **** }
 362              		.loc 1 337 0
 363              		@ sp needed
 364 0118 10BD     		pop	{r4, pc}
 365              	.L14:
 366 011a C046     		.align	2
 367              	.L13:
 368 011c EE009900 		.word	10027246
 369 0120 00000240 		.word	1073872896
 370 0124 00030240 		.word	1073873664
 371 0128 04013F40 		.word	1077870852
 372 012c 00000440 		.word	1074003968
 373 0130 B61D0300 		.word	204214
 374 0134 08000440 		.word	1074003976
 375 0138 00020440 		.word	1074004480
 376 013c 18020440 		.word	1074004504
 377 0140 00030440 		.word	1074004736
 378 0144 08030440 		.word	1074004744
 379              		.cfi_endproc
 380              	.LFE7:
 381              		.size	cyfitter_cfg, .-cyfitter_cfg
 382              		.text
 383              	.Letext0:
 384              		.file 2 "Generated_Source\\PSoC4\\cytypes.h"
 385              		.file 3 "Generated_Source\\PSoC4\\CyLib.h"
 386              		.file 4 "Generated_Source\\PSoC4\\CyLFClk.h"
 387              		.section	.debug_info,"",%progbits
 388              	.Ldebug_info0:
ARM GAS  C:\Users\TUCKER~1\AppData\Local\Temp\ccL1brnb.s 			page 14


 389 0000 C1010000 		.4byte	0x1c1
 390 0004 0400     		.2byte	0x4
 391 0006 00000000 		.4byte	.Ldebug_abbrev0
 392 000a 04       		.byte	0x4
 393 000b 01       		.uleb128 0x1
 394 000c A1010000 		.4byte	.LASF25
 395 0010 0C       		.byte	0xc
 396 0011 3F020000 		.4byte	.LASF26
 397 0015 3D000000 		.4byte	.LASF27
 398 0019 00000000 		.4byte	.Ldebug_ranges0+0
 399 001d 00000000 		.4byte	0
 400 0021 00000000 		.4byte	.Ldebug_line0
 401 0025 02       		.uleb128 0x2
 402 0026 04       		.byte	0x4
 403 0027 05       		.byte	0x5
 404 0028 696E7400 		.ascii	"int\000"
 405 002c 03       		.uleb128 0x3
 406 002d 04       		.byte	0x4
 407 002e 07       		.byte	0x7
 408 002f 25010000 		.4byte	.LASF0
 409 0033 03       		.uleb128 0x3
 410 0034 08       		.byte	0x8
 411 0035 05       		.byte	0x5
 412 0036 52010000 		.4byte	.LASF1
 413 003a 03       		.uleb128 0x3
 414 003b 08       		.byte	0x8
 415 003c 04       		.byte	0x4
 416 003d 95010000 		.4byte	.LASF2
 417 0041 03       		.uleb128 0x3
 418 0042 01       		.byte	0x1
 419 0043 06       		.byte	0x6
 420 0044 33020000 		.4byte	.LASF3
 421 0048 03       		.uleb128 0x3
 422 0049 01       		.byte	0x1
 423 004a 08       		.byte	0x8
 424 004b C2000000 		.4byte	.LASF4
 425 004f 03       		.uleb128 0x3
 426 0050 02       		.byte	0x2
 427 0051 05       		.byte	0x5
 428 0052 6D010000 		.4byte	.LASF5
 429 0056 03       		.uleb128 0x3
 430 0057 02       		.byte	0x2
 431 0058 07       		.byte	0x7
 432 0059 A9000000 		.4byte	.LASF6
 433 005d 03       		.uleb128 0x3
 434 005e 04       		.byte	0x4
 435 005f 05       		.byte	0x5
 436 0060 8C010000 		.4byte	.LASF7
 437 0064 03       		.uleb128 0x3
 438 0065 04       		.byte	0x4
 439 0066 07       		.byte	0x7
 440 0067 D0000000 		.4byte	.LASF8
 441 006b 03       		.uleb128 0x3
 442 006c 08       		.byte	0x8
 443 006d 07       		.byte	0x7
 444 006e 32010000 		.4byte	.LASF9
 445 0072 03       		.uleb128 0x3
ARM GAS  C:\Users\TUCKER~1\AppData\Local\Temp\ccL1brnb.s 			page 15


 446 0073 04       		.byte	0x4
 447 0074 07       		.byte	0x7
 448 0075 49010000 		.4byte	.LASF10
 449 0079 03       		.uleb128 0x3
 450 007a 01       		.byte	0x1
 451 007b 08       		.byte	0x8
 452 007c 60010000 		.4byte	.LASF11
 453 0080 04       		.uleb128 0x4
 454 0081 E2000000 		.4byte	.LASF12
 455 0085 02       		.byte	0x2
 456 0086 FC01     		.2byte	0x1fc
 457 0088 48000000 		.4byte	0x48
 458 008c 04       		.uleb128 0x4
 459 008d 1E010000 		.4byte	.LASF13
 460 0091 02       		.byte	0x2
 461 0092 FE01     		.2byte	0x1fe
 462 0094 64000000 		.4byte	0x64
 463 0098 03       		.uleb128 0x3
 464 0099 04       		.byte	0x4
 465 009a 04       		.byte	0x4
 466 009b BC000000 		.4byte	.LASF14
 467 009f 03       		.uleb128 0x3
 468 00a0 08       		.byte	0x8
 469 00a1 04       		.byte	0x4
 470 00a2 0B010000 		.4byte	.LASF15
 471 00a6 04       		.uleb128 0x4
 472 00a7 00000000 		.4byte	.LASF16
 473 00ab 02       		.byte	0x2
 474 00ac A802     		.2byte	0x2a8
 475 00ae B2000000 		.4byte	0xb2
 476 00b2 05       		.uleb128 0x5
 477 00b3 8C000000 		.4byte	0x8c
 478 00b7 06       		.uleb128 0x6
 479 00b8 9E000000 		.4byte	.LASF17
 480 00bc 01       		.byte	0x1
 481 00bd AA       		.byte	0xaa
 482 00be 00000000 		.4byte	.LFB4
 483 00c2 D4000000 		.4byte	.LFE4-.LFB4
 484 00c6 01       		.uleb128 0x1
 485 00c7 9C       		.byte	0x9c
 486 00c8 15010000 		.4byte	0x115
 487 00cc 07       		.uleb128 0x7
 488 00cd 0E000000 		.4byte	.LVL0
 489 00d1 98010000 		.4byte	0x198
 490 00d5 DF000000 		.4byte	0xdf
 491 00d9 08       		.uleb128 0x8
 492 00da 01       		.uleb128 0x1
 493 00db 50       		.byte	0x50
 494 00dc 01       		.uleb128 0x1
 495 00dd 48       		.byte	0x48
 496 00de 00       		.byte	0
 497 00df 07       		.uleb128 0x7
 498 00e0 6E000000 		.4byte	.LVL1
 499 00e4 A3010000 		.4byte	0x1a3
 500 00e8 F2000000 		.4byte	0xf2
 501 00ec 08       		.uleb128 0x8
 502 00ed 01       		.uleb128 0x1
ARM GAS  C:\Users\TUCKER~1\AppData\Local\Temp\ccL1brnb.s 			page 16


 503 00ee 50       		.byte	0x50
 504 00ef 01       		.uleb128 0x1
 505 00f0 3B       		.byte	0x3b
 506 00f1 00       		.byte	0
 507 00f2 07       		.uleb128 0x7
 508 00f3 74000000 		.4byte	.LVL2
 509 00f7 AE010000 		.4byte	0x1ae
 510 00fb 05010000 		.4byte	0x105
 511 00ff 08       		.uleb128 0x8
 512 0100 01       		.uleb128 0x1
 513 0101 50       		.byte	0x50
 514 0102 01       		.uleb128 0x1
 515 0103 3B       		.byte	0x3b
 516 0104 00       		.byte	0
 517 0105 09       		.uleb128 0x9
 518 0106 80000000 		.4byte	.LVL3
 519 010a B9010000 		.4byte	0x1b9
 520 010e 08       		.uleb128 0x8
 521 010f 01       		.uleb128 0x1
 522 0110 50       		.byte	0x50
 523 0111 01       		.uleb128 0x1
 524 0112 30       		.byte	0x30
 525 0113 00       		.byte	0
 526 0114 00       		.byte	0
 527 0115 0A       		.uleb128 0xa
 528 0116 F5000000 		.4byte	.LASF19
 529 011a 01       		.byte	0x1
 530 011b 0C01     		.2byte	0x10c
 531 011d 00000000 		.4byte	.LFB6
 532 0121 20000000 		.4byte	.LFE6-.LFB6
 533 0125 01       		.uleb128 0x1
 534 0126 9C       		.byte	0x9c
 535 0127 4A010000 		.4byte	0x14a
 536 012b 0B       		.uleb128 0xb
 537 012c 65010000 		.4byte	.LASF28
 538 0130 01       		.byte	0x1
 539 0131 0C01     		.2byte	0x10c
 540 0133 80000000 		.4byte	0x80
 541 0137 01       		.uleb128 0x1
 542 0138 50       		.byte	0x50
 543 0139 0C       		.uleb128 0xc
 544 013a 65020000 		.4byte	.LASF29
 545 013e 01       		.byte	0x1
 546 013f 0E01     		.2byte	0x10e
 547 0141 8C000000 		.4byte	0x8c
 548 0145 00000000 		.4byte	.LLST0
 549 0149 00       		.byte	0
 550 014a 06       		.uleb128 0x6
 551 014b 06000000 		.4byte	.LASF18
 552 014f 01       		.byte	0x1
 553 0150 E9       		.byte	0xe9
 554 0151 00000000 		.4byte	.LFB5
 555 0155 A4000000 		.4byte	.LFE5-.LFB5
 556 0159 01       		.uleb128 0x1
 557 015a 9C       		.byte	0x9c
 558 015b 6F010000 		.4byte	0x16f
 559 015f 09       		.uleb128 0x9
ARM GAS  C:\Users\TUCKER~1\AppData\Local\Temp\ccL1brnb.s 			page 17


 560 0160 56000000 		.4byte	.LVL9
 561 0164 15010000 		.4byte	0x115
 562 0168 08       		.uleb128 0x8
 563 0169 01       		.uleb128 0x1
 564 016a 50       		.byte	0x50
 565 016b 01       		.uleb128 0x1
 566 016c 31       		.byte	0x31
 567 016d 00       		.byte	0
 568 016e 00       		.byte	0
 569 016f 0A       		.uleb128 0xa
 570 0170 E8000000 		.4byte	.LASF20
 571 0174 01       		.byte	0x1
 572 0175 2E01     		.2byte	0x12e
 573 0177 D4000000 		.4byte	.LFB7
 574 017b 74000000 		.4byte	.LFE7-.LFB7
 575 017f 01       		.uleb128 0x1
 576 0180 9C       		.byte	0x9c
 577 0181 98010000 		.4byte	0x198
 578 0185 0D       		.uleb128 0xd
 579 0186 14010000 		.4byte	.LVL10
 580 018a B7000000 		.4byte	0xb7
 581 018e 0D       		.uleb128 0xd
 582 018f 18010000 		.4byte	.LVL11
 583 0193 4A010000 		.4byte	0x14a
 584 0197 00       		.byte	0
 585 0198 0E       		.uleb128 0xe
 586 0199 77010000 		.4byte	.LASF21
 587 019d 77010000 		.4byte	.LASF21
 588 01a1 03       		.byte	0x3
 589 01a2 6C       		.byte	0x6c
 590 01a3 0E       		.uleb128 0xe
 591 01a4 2E000000 		.4byte	.LASF22
 592 01a8 2E000000 		.4byte	.LASF22
 593 01ac 03       		.byte	0x3
 594 01ad D0       		.byte	0xd0
 595 01ae 0E       		.uleb128 0xe
 596 01af 12010000 		.4byte	.LASF23
 597 01b3 12010000 		.4byte	.LASF23
 598 01b7 03       		.byte	0x3
 599 01b8 D6       		.byte	0xd6
 600 01b9 0E       		.uleb128 0xe
 601 01ba 17000000 		.4byte	.LASF24
 602 01be 17000000 		.4byte	.LASF24
 603 01c2 04       		.byte	0x4
 604 01c3 9F       		.byte	0x9f
 605 01c4 00       		.byte	0
 606              		.section	.debug_abbrev,"",%progbits
 607              	.Ldebug_abbrev0:
 608 0000 01       		.uleb128 0x1
 609 0001 11       		.uleb128 0x11
 610 0002 01       		.byte	0x1
 611 0003 25       		.uleb128 0x25
 612 0004 0E       		.uleb128 0xe
 613 0005 13       		.uleb128 0x13
 614 0006 0B       		.uleb128 0xb
 615 0007 03       		.uleb128 0x3
 616 0008 0E       		.uleb128 0xe
ARM GAS  C:\Users\TUCKER~1\AppData\Local\Temp\ccL1brnb.s 			page 18


 617 0009 1B       		.uleb128 0x1b
 618 000a 0E       		.uleb128 0xe
 619 000b 55       		.uleb128 0x55
 620 000c 17       		.uleb128 0x17
 621 000d 11       		.uleb128 0x11
 622 000e 01       		.uleb128 0x1
 623 000f 10       		.uleb128 0x10
 624 0010 17       		.uleb128 0x17
 625 0011 00       		.byte	0
 626 0012 00       		.byte	0
 627 0013 02       		.uleb128 0x2
 628 0014 24       		.uleb128 0x24
 629 0015 00       		.byte	0
 630 0016 0B       		.uleb128 0xb
 631 0017 0B       		.uleb128 0xb
 632 0018 3E       		.uleb128 0x3e
 633 0019 0B       		.uleb128 0xb
 634 001a 03       		.uleb128 0x3
 635 001b 08       		.uleb128 0x8
 636 001c 00       		.byte	0
 637 001d 00       		.byte	0
 638 001e 03       		.uleb128 0x3
 639 001f 24       		.uleb128 0x24
 640 0020 00       		.byte	0
 641 0021 0B       		.uleb128 0xb
 642 0022 0B       		.uleb128 0xb
 643 0023 3E       		.uleb128 0x3e
 644 0024 0B       		.uleb128 0xb
 645 0025 03       		.uleb128 0x3
 646 0026 0E       		.uleb128 0xe
 647 0027 00       		.byte	0
 648 0028 00       		.byte	0
 649 0029 04       		.uleb128 0x4
 650 002a 16       		.uleb128 0x16
 651 002b 00       		.byte	0
 652 002c 03       		.uleb128 0x3
 653 002d 0E       		.uleb128 0xe
 654 002e 3A       		.uleb128 0x3a
 655 002f 0B       		.uleb128 0xb
 656 0030 3B       		.uleb128 0x3b
 657 0031 05       		.uleb128 0x5
 658 0032 49       		.uleb128 0x49
 659 0033 13       		.uleb128 0x13
 660 0034 00       		.byte	0
 661 0035 00       		.byte	0
 662 0036 05       		.uleb128 0x5
 663 0037 35       		.uleb128 0x35
 664 0038 00       		.byte	0
 665 0039 49       		.uleb128 0x49
 666 003a 13       		.uleb128 0x13
 667 003b 00       		.byte	0
 668 003c 00       		.byte	0
 669 003d 06       		.uleb128 0x6
 670 003e 2E       		.uleb128 0x2e
 671 003f 01       		.byte	0x1
 672 0040 03       		.uleb128 0x3
 673 0041 0E       		.uleb128 0xe
ARM GAS  C:\Users\TUCKER~1\AppData\Local\Temp\ccL1brnb.s 			page 19


 674 0042 3A       		.uleb128 0x3a
 675 0043 0B       		.uleb128 0xb
 676 0044 3B       		.uleb128 0x3b
 677 0045 0B       		.uleb128 0xb
 678 0046 27       		.uleb128 0x27
 679 0047 19       		.uleb128 0x19
 680 0048 11       		.uleb128 0x11
 681 0049 01       		.uleb128 0x1
 682 004a 12       		.uleb128 0x12
 683 004b 06       		.uleb128 0x6
 684 004c 40       		.uleb128 0x40
 685 004d 18       		.uleb128 0x18
 686 004e 9742     		.uleb128 0x2117
 687 0050 19       		.uleb128 0x19
 688 0051 01       		.uleb128 0x1
 689 0052 13       		.uleb128 0x13
 690 0053 00       		.byte	0
 691 0054 00       		.byte	0
 692 0055 07       		.uleb128 0x7
 693 0056 898201   		.uleb128 0x4109
 694 0059 01       		.byte	0x1
 695 005a 11       		.uleb128 0x11
 696 005b 01       		.uleb128 0x1
 697 005c 31       		.uleb128 0x31
 698 005d 13       		.uleb128 0x13
 699 005e 01       		.uleb128 0x1
 700 005f 13       		.uleb128 0x13
 701 0060 00       		.byte	0
 702 0061 00       		.byte	0
 703 0062 08       		.uleb128 0x8
 704 0063 8A8201   		.uleb128 0x410a
 705 0066 00       		.byte	0
 706 0067 02       		.uleb128 0x2
 707 0068 18       		.uleb128 0x18
 708 0069 9142     		.uleb128 0x2111
 709 006b 18       		.uleb128 0x18
 710 006c 00       		.byte	0
 711 006d 00       		.byte	0
 712 006e 09       		.uleb128 0x9
 713 006f 898201   		.uleb128 0x4109
 714 0072 01       		.byte	0x1
 715 0073 11       		.uleb128 0x11
 716 0074 01       		.uleb128 0x1
 717 0075 31       		.uleb128 0x31
 718 0076 13       		.uleb128 0x13
 719 0077 00       		.byte	0
 720 0078 00       		.byte	0
 721 0079 0A       		.uleb128 0xa
 722 007a 2E       		.uleb128 0x2e
 723 007b 01       		.byte	0x1
 724 007c 3F       		.uleb128 0x3f
 725 007d 19       		.uleb128 0x19
 726 007e 03       		.uleb128 0x3
 727 007f 0E       		.uleb128 0xe
 728 0080 3A       		.uleb128 0x3a
 729 0081 0B       		.uleb128 0xb
 730 0082 3B       		.uleb128 0x3b
ARM GAS  C:\Users\TUCKER~1\AppData\Local\Temp\ccL1brnb.s 			page 20


 731 0083 05       		.uleb128 0x5
 732 0084 27       		.uleb128 0x27
 733 0085 19       		.uleb128 0x19
 734 0086 11       		.uleb128 0x11
 735 0087 01       		.uleb128 0x1
 736 0088 12       		.uleb128 0x12
 737 0089 06       		.uleb128 0x6
 738 008a 40       		.uleb128 0x40
 739 008b 18       		.uleb128 0x18
 740 008c 9742     		.uleb128 0x2117
 741 008e 19       		.uleb128 0x19
 742 008f 01       		.uleb128 0x1
 743 0090 13       		.uleb128 0x13
 744 0091 00       		.byte	0
 745 0092 00       		.byte	0
 746 0093 0B       		.uleb128 0xb
 747 0094 05       		.uleb128 0x5
 748 0095 00       		.byte	0
 749 0096 03       		.uleb128 0x3
 750 0097 0E       		.uleb128 0xe
 751 0098 3A       		.uleb128 0x3a
 752 0099 0B       		.uleb128 0xb
 753 009a 3B       		.uleb128 0x3b
 754 009b 05       		.uleb128 0x5
 755 009c 49       		.uleb128 0x49
 756 009d 13       		.uleb128 0x13
 757 009e 02       		.uleb128 0x2
 758 009f 18       		.uleb128 0x18
 759 00a0 00       		.byte	0
 760 00a1 00       		.byte	0
 761 00a2 0C       		.uleb128 0xc
 762 00a3 34       		.uleb128 0x34
 763 00a4 00       		.byte	0
 764 00a5 03       		.uleb128 0x3
 765 00a6 0E       		.uleb128 0xe
 766 00a7 3A       		.uleb128 0x3a
 767 00a8 0B       		.uleb128 0xb
 768 00a9 3B       		.uleb128 0x3b
 769 00aa 05       		.uleb128 0x5
 770 00ab 49       		.uleb128 0x49
 771 00ac 13       		.uleb128 0x13
 772 00ad 02       		.uleb128 0x2
 773 00ae 17       		.uleb128 0x17
 774 00af 00       		.byte	0
 775 00b0 00       		.byte	0
 776 00b1 0D       		.uleb128 0xd
 777 00b2 898201   		.uleb128 0x4109
 778 00b5 00       		.byte	0
 779 00b6 11       		.uleb128 0x11
 780 00b7 01       		.uleb128 0x1
 781 00b8 31       		.uleb128 0x31
 782 00b9 13       		.uleb128 0x13
 783 00ba 00       		.byte	0
 784 00bb 00       		.byte	0
 785 00bc 0E       		.uleb128 0xe
 786 00bd 2E       		.uleb128 0x2e
 787 00be 00       		.byte	0
ARM GAS  C:\Users\TUCKER~1\AppData\Local\Temp\ccL1brnb.s 			page 21


 788 00bf 3F       		.uleb128 0x3f
 789 00c0 19       		.uleb128 0x19
 790 00c1 3C       		.uleb128 0x3c
 791 00c2 19       		.uleb128 0x19
 792 00c3 6E       		.uleb128 0x6e
 793 00c4 0E       		.uleb128 0xe
 794 00c5 03       		.uleb128 0x3
 795 00c6 0E       		.uleb128 0xe
 796 00c7 3A       		.uleb128 0x3a
 797 00c8 0B       		.uleb128 0xb
 798 00c9 3B       		.uleb128 0x3b
 799 00ca 0B       		.uleb128 0xb
 800 00cb 00       		.byte	0
 801 00cc 00       		.byte	0
 802 00cd 00       		.byte	0
 803              		.section	.debug_loc,"",%progbits
 804              	.Ldebug_loc0:
 805              	.LLST0:
 806 0000 04000000 		.4byte	.LVL5
 807 0004 12000000 		.4byte	.LVL7
 808 0008 0100     		.2byte	0x1
 809 000a 53       		.byte	0x53
 810 000b 14000000 		.4byte	.LVL8
 811 000f 20000000 		.4byte	.LFE6
 812 0013 0100     		.2byte	0x1
 813 0015 53       		.byte	0x53
 814 0016 00000000 		.4byte	0
 815 001a 00000000 		.4byte	0
 816              		.section	.debug_aranges,"",%progbits
 817 0000 34000000 		.4byte	0x34
 818 0004 0200     		.2byte	0x2
 819 0006 00000000 		.4byte	.Ldebug_info0
 820 000a 04       		.byte	0x4
 821 000b 00       		.byte	0
 822 000c 0000     		.2byte	0
 823 000e 0000     		.2byte	0
 824 0010 00000000 		.4byte	.LFB4
 825 0014 D4000000 		.4byte	.LFE4-.LFB4
 826 0018 00000000 		.4byte	.LFB6
 827 001c 20000000 		.4byte	.LFE6-.LFB6
 828 0020 00000000 		.4byte	.LFB5
 829 0024 A4000000 		.4byte	.LFE5-.LFB5
 830 0028 D4000000 		.4byte	.LFB7
 831 002c 74000000 		.4byte	.LFE7-.LFB7
 832 0030 00000000 		.4byte	0
 833 0034 00000000 		.4byte	0
 834              		.section	.debug_ranges,"",%progbits
 835              	.Ldebug_ranges0:
 836 0000 00000000 		.4byte	.LFB4
 837 0004 D4000000 		.4byte	.LFE4
 838 0008 00000000 		.4byte	.LFB6
 839 000c 20000000 		.4byte	.LFE6
 840 0010 00000000 		.4byte	.LFB5
 841 0014 A4000000 		.4byte	.LFE5
 842 0018 D4000000 		.4byte	.LFB7
 843 001c 48010000 		.4byte	.LFE7
 844 0020 00000000 		.4byte	0
ARM GAS  C:\Users\TUCKER~1\AppData\Local\Temp\ccL1brnb.s 			page 22


 845 0024 00000000 		.4byte	0
 846              		.section	.debug_line,"",%progbits
 847              	.Ldebug_line0:
 848 0000 D6000000 		.section	.debug_str,"MS",%progbits,1
 848      02006100 
 848      00000201 
 848      FB0E0D00 
 848      01010101 
 849              	.LASF16:
 850 0000 72656733 		.ascii	"reg32\000"
 850      3200
 851              	.LASF18:
 852 0006 416E616C 		.ascii	"AnalogSetDefault\000"
 852      6F675365 
 852      74446566 
 852      61756C74 
 852      00
 853              	.LASF24:
 854 0017 43795379 		.ascii	"CySysClkSetTimerSource\000"
 854      73436C6B 
 854      53657454 
 854      696D6572 
 854      536F7572 
 855              	.LASF22:
 856 002e 4379496E 		.ascii	"CyIntSetVector\000"
 856      74536574 
 856      56656374 
 856      6F7200
 857              	.LASF27:
 858 003d 433A5C55 		.ascii	"C:\\Users\\Tucker Zischka\\Documents\\GitHub\\Li-Ce"
 858      73657273 
 858      5C547563 
 858      6B657220 
 858      5A697363 
 859 006b 6C6C5465 		.ascii	"llTesting_Script\\Internal_Main\\Internal_Main.cyds"
 859      7374696E 
 859      675F5363 
 859      72697074 
 859      5C496E74 
 860 009c 6E00     		.ascii	"n\000"
 861              	.LASF17:
 862 009e 436C6F63 		.ascii	"ClockSetup\000"
 862      6B536574 
 862      757000
 863              	.LASF6:
 864 00a9 73686F72 		.ascii	"short unsigned int\000"
 864      7420756E 
 864      7369676E 
 864      65642069 
 864      6E7400
 865              	.LASF14:
 866 00bc 666C6F61 		.ascii	"float\000"
 866      7400
 867              	.LASF4:
 868 00c2 756E7369 		.ascii	"unsigned char\000"
 868      676E6564 
 868      20636861 
ARM GAS  C:\Users\TUCKER~1\AppData\Local\Temp\ccL1brnb.s 			page 23


 868      7200
 869              	.LASF8:
 870 00d0 6C6F6E67 		.ascii	"long unsigned int\000"
 870      20756E73 
 870      69676E65 
 870      6420696E 
 870      7400
 871              	.LASF12:
 872 00e2 75696E74 		.ascii	"uint8\000"
 872      3800
 873              	.LASF20:
 874 00e8 63796669 		.ascii	"cyfitter_cfg\000"
 874      74746572 
 874      5F636667 
 874      00
 875              	.LASF19:
 876 00f5 53657441 		.ascii	"SetAnalogRoutingPumps\000"
 876      6E616C6F 
 876      67526F75 
 876      74696E67 
 876      50756D70 
 877              	.LASF15:
 878 010b 646F7562 		.ascii	"double\000"
 878      6C6500
 879              	.LASF23:
 880 0112 4379496E 		.ascii	"CyIntEnable\000"
 880      74456E61 
 880      626C6500 
 881              	.LASF13:
 882 011e 75696E74 		.ascii	"uint32\000"
 882      333200
 883              	.LASF0:
 884 0125 756E7369 		.ascii	"unsigned int\000"
 884      676E6564 
 884      20696E74 
 884      00
 885              	.LASF9:
 886 0132 6C6F6E67 		.ascii	"long long unsigned int\000"
 886      206C6F6E 
 886      6720756E 
 886      7369676E 
 886      65642069 
 887              	.LASF10:
 888 0149 73697A65 		.ascii	"sizetype\000"
 888      74797065 
 888      00
 889              	.LASF1:
 890 0152 6C6F6E67 		.ascii	"long long int\000"
 890      206C6F6E 
 890      6720696E 
 890      7400
 891              	.LASF11:
 892 0160 63686172 		.ascii	"char\000"
 892      00
 893              	.LASF28:
 894 0165 656E6162 		.ascii	"enabled\000"
 894      6C656400 
ARM GAS  C:\Users\TUCKER~1\AppData\Local\Temp\ccL1brnb.s 			page 24


 895              	.LASF5:
 896 016d 73686F72 		.ascii	"short int\000"
 896      7420696E 
 896      7400
 897              	.LASF21:
 898 0177 43795379 		.ascii	"CySysClkWriteImoFreq\000"
 898      73436C6B 
 898      57726974 
 898      65496D6F 
 898      46726571 
 899              	.LASF7:
 900 018c 6C6F6E67 		.ascii	"long int\000"
 900      20696E74 
 900      00
 901              	.LASF2:
 902 0195 6C6F6E67 		.ascii	"long double\000"
 902      20646F75 
 902      626C6500 
 903              	.LASF25:
 904 01a1 474E5520 		.ascii	"GNU C11 5.4.1 20160609 (release) [ARM/embedded-5-br"
 904      43313120 
 904      352E342E 
 904      31203230 
 904      31363036 
 905 01d4 616E6368 		.ascii	"anch revision 237715] -mcpu=cortex-m0plus -mthumb -"
 905      20726576 
 905      6973696F 
 905      6E203233 
 905      37373135 
 906 0207 67202D4F 		.ascii	"g -Og -ffunction-sections -ffat-lto-objects\000"
 906      67202D66 
 906      66756E63 
 906      74696F6E 
 906      2D736563 
 907              	.LASF3:
 908 0233 7369676E 		.ascii	"signed char\000"
 908      65642063 
 908      68617200 
 909              	.LASF26:
 910 023f 47656E65 		.ascii	"Generated_Source\\PSoC4\\cyfitter_cfg.c\000"
 910      72617465 
 910      645F536F 
 910      75726365 
 910      5C50536F 
 911              	.LASF29:
 912 0265 72656756 		.ascii	"regValue\000"
 912      616C7565 
 912      00
 913              		.ident	"GCC: (GNU Tools for ARM Embedded Processors) 5.4.1 20160609 (release) [ARM/embedded-5-bran
