ARM GAS  C:\Users\cdrow\AppData\Local\Temp\ccVcYADm.s 			page 1


   1              		.syntax unified
   2              		.cpu cortex-m0plus
   3              		.fpu softvfp
   4              		.eabi_attribute 20, 1
   5              		.eabi_attribute 21, 1
   6              		.eabi_attribute 23, 3
   7              		.eabi_attribute 24, 1
   8              		.eabi_attribute 25, 1
   9              		.eabi_attribute 26, 1
  10              		.eabi_attribute 30, 1
  11              		.eabi_attribute 34, 0
  12              		.eabi_attribute 18, 4
  13              		.thumb
  14              		.syntax unified
  15              		.file	"ADC_1_INIT.c"
  16              		.text
  17              	.Ltext0:
  18              		.cfi_sections	.debug_frame
  19              		.global	ADC_1_allConfigs
  20              		.section	.rodata
  21              		.align	2
  22              		.type	ADC_1_allConfigs, %object
  23              		.size	ADC_1_allConfigs, 56
  24              	ADC_1_allConfigs:
  25 0000 00000000 		.word	0
  26 0004 01000000 		.word	1
  27 0008 C0002050 		.word	1344274624
  28 000c B9000490 		.word	-1878785863
  29 0010 6A000200 		.word	131178
  30 0014 02000200 		.word	131074
  31 0018 0002000E 		.word	234881536
  32 001c 00000000 		.word	0
  33 0020 01000000 		.word	1
  34 0024 00000000 		.word	0
  35 0028 00000000 		.word	0
  36 002c B0040000 		.word	1200
  37 0030 01000000 		.word	1
  38 0034 0100     		.short	1
  39 0036 0000     		.space	2
  40              		.text
  41              	.Letext0:
  42              		.file 1 "Generated_Source\\PSoC4\\cytypes.h"
  43              		.file 2 "Generated_Source\\PSoC4\\ADC_1.h"
  44              		.file 3 "Generated_Source\\PSoC4\\ADC_1_INIT.c"
  45              		.section	.debug_info,"",%progbits
  46              	.Ldebug_info0:
  47 0000 8E010000 		.4byte	0x18e
  48 0004 0400     		.2byte	0x4
  49 0006 00000000 		.4byte	.Ldebug_abbrev0
  50 000a 04       		.byte	0x4
  51 000b 01       		.uleb128 0x1
  52 000c 04020000 		.4byte	.LASF32
  53 0010 0C       		.byte	0xc
  54 0011 A9010000 		.4byte	.LASF33
  55 0015 17000000 		.4byte	.LASF34
  56 0019 00000000 		.4byte	.Ldebug_line0
  57 001d 02       		.uleb128 0x2
ARM GAS  C:\Users\cdrow\AppData\Local\Temp\ccVcYADm.s 			page 2


  58 001e 01       		.byte	0x1
  59 001f 06       		.byte	0x6
  60 0020 96020000 		.4byte	.LASF0
  61 0024 02       		.uleb128 0x2
  62 0025 01       		.byte	0x1
  63 0026 08       		.byte	0x8
  64 0027 D6000000 		.4byte	.LASF1
  65 002b 02       		.uleb128 0x2
  66 002c 02       		.byte	0x2
  67 002d 05       		.byte	0x5
  68 002e D4010000 		.4byte	.LASF2
  69 0032 02       		.uleb128 0x2
  70 0033 02       		.byte	0x2
  71 0034 07       		.byte	0x7
  72 0035 A7000000 		.4byte	.LASF3
  73 0039 02       		.uleb128 0x2
  74 003a 04       		.byte	0x4
  75 003b 05       		.byte	0x5
  76 003c EF010000 		.4byte	.LASF4
  77 0040 02       		.uleb128 0x2
  78 0041 04       		.byte	0x4
  79 0042 07       		.byte	0x7
  80 0043 F1000000 		.4byte	.LASF5
  81 0047 02       		.uleb128 0x2
  82 0048 08       		.byte	0x8
  83 0049 05       		.byte	0x5
  84 004a 96010000 		.4byte	.LASF6
  85 004e 02       		.uleb128 0x2
  86 004f 08       		.byte	0x8
  87 0050 07       		.byte	0x7
  88 0051 5E010000 		.4byte	.LASF7
  89 0055 03       		.uleb128 0x3
  90 0056 04       		.byte	0x4
  91 0057 05       		.byte	0x5
  92 0058 696E7400 		.ascii	"int\000"
  93 005c 02       		.uleb128 0x2
  94 005d 04       		.byte	0x4
  95 005e 07       		.byte	0x7
  96 005f 45010000 		.4byte	.LASF8
  97 0063 04       		.uleb128 0x4
  98 0064 2C010000 		.4byte	.LASF9
  99 0068 01       		.byte	0x1
 100 0069 F801     		.2byte	0x1f8
 101 006b 32000000 		.4byte	0x32
 102 006f 04       		.uleb128 0x4
 103 0070 33010000 		.4byte	.LASF10
 104 0074 01       		.byte	0x1
 105 0075 F901     		.2byte	0x1f9
 106 0077 40000000 		.4byte	0x40
 107 007b 04       		.uleb128 0x4
 108 007c 03010000 		.4byte	.LASF11
 109 0080 01       		.byte	0x1
 110 0081 FC01     		.2byte	0x1fc
 111 0083 39000000 		.4byte	0x39
 112 0087 02       		.uleb128 0x2
 113 0088 04       		.byte	0x4
 114 0089 04       		.byte	0x4
ARM GAS  C:\Users\cdrow\AppData\Local\Temp\ccVcYADm.s 			page 3


 115 008a D0000000 		.4byte	.LASF12
 116 008e 02       		.uleb128 0x2
 117 008f 08       		.byte	0x8
 118 0090 04       		.byte	0x4
 119 0091 25010000 		.4byte	.LASF13
 120 0095 02       		.uleb128 0x2
 121 0096 01       		.byte	0x1
 122 0097 08       		.byte	0x8
 123 0098 A4010000 		.4byte	.LASF14
 124 009c 02       		.uleb128 0x2
 125 009d 08       		.byte	0x8
 126 009e 04       		.byte	0x4
 127 009f F8010000 		.4byte	.LASF15
 128 00a3 02       		.uleb128 0x2
 129 00a4 04       		.byte	0x4
 130 00a5 07       		.byte	0x7
 131 00a6 8D010000 		.4byte	.LASF16
 132 00aa 05       		.uleb128 0x5
 133 00ab 38       		.byte	0x38
 134 00ac 02       		.byte	0x2
 135 00ad 5D       		.byte	0x5d
 136 00ae 5B010000 		.4byte	0x15b
 137 00b2 06       		.uleb128 0x6
 138 00b3 9B000000 		.4byte	.LASF17
 139 00b7 02       		.byte	0x2
 140 00b8 5F       		.byte	0x5f
 141 00b9 6F000000 		.4byte	0x6f
 142 00bd 00       		.byte	0
 143 00be 06       		.uleb128 0x6
 144 00bf E3010000 		.4byte	.LASF18
 145 00c3 02       		.byte	0x2
 146 00c4 60       		.byte	0x60
 147 00c5 6F000000 		.4byte	0x6f
 148 00c9 04       		.byte	0x4
 149 00ca 06       		.uleb128 0x6
 150 00cb DE010000 		.4byte	.LASF19
 151 00cf 02       		.byte	0x2
 152 00d0 61       		.byte	0x61
 153 00d1 6F000000 		.4byte	0x6f
 154 00d5 08       		.byte	0x8
 155 00d6 06       		.uleb128 0x6
 156 00d7 3A010000 		.4byte	.LASF20
 157 00db 02       		.byte	0x2
 158 00dc 64       		.byte	0x64
 159 00dd 6F000000 		.4byte	0x6f
 160 00e1 0C       		.byte	0xc
 161 00e2 06       		.uleb128 0x6
 162 00e3 0A000000 		.4byte	.LASF21
 163 00e7 02       		.byte	0x2
 164 00e8 65       		.byte	0x65
 165 00e9 6F000000 		.4byte	0x6f
 166 00ed 10       		.byte	0x10
 167 00ee 06       		.uleb128 0x6
 168 00ef 80010000 		.4byte	.LASF22
 169 00f3 02       		.byte	0x2
 170 00f4 66       		.byte	0x66
 171 00f5 6F000000 		.4byte	0x6f
ARM GAS  C:\Users\cdrow\AppData\Local\Temp\ccVcYADm.s 			page 4


 172 00f9 14       		.byte	0x14
 173 00fa 06       		.uleb128 0x6
 174 00fb 75010000 		.4byte	.LASF23
 175 00ff 02       		.byte	0x2
 176 0100 67       		.byte	0x67
 177 0101 6F000000 		.4byte	0x6f
 178 0105 18       		.byte	0x18
 179 0106 06       		.uleb128 0x6
 180 0107 00000000 		.4byte	.LASF24
 181 010b 02       		.byte	0x2
 182 010c 68       		.byte	0x68
 183 010d 6F000000 		.4byte	0x6f
 184 0111 1C       		.byte	0x1c
 185 0112 06       		.uleb128 0x6
 186 0113 CD010000 		.4byte	.LASF25
 187 0117 02       		.byte	0x2
 188 0118 69       		.byte	0x69
 189 0119 6F000000 		.4byte	0x6f
 190 011d 20       		.byte	0x20
 191 011e 06       		.uleb128 0x6
 192 011f E4000000 		.4byte	.LASF26
 193 0123 02       		.byte	0x2
 194 0124 6A       		.byte	0x6a
 195 0125 6F000000 		.4byte	0x6f
 196 0129 24       		.byte	0x24
 197 012a 06       		.uleb128 0x6
 198 012b C5000000 		.4byte	.LASF27
 199 012f 02       		.byte	0x2
 200 0130 6B       		.byte	0x6b
 201 0131 6F000000 		.4byte	0x6f
 202 0135 28       		.byte	0x28
 203 0136 06       		.uleb128 0x6
 204 0137 52010000 		.4byte	.LASF28
 205 013b 02       		.byte	0x2
 206 013c 6C       		.byte	0x6c
 207 013d 7B000000 		.4byte	0x7b
 208 0141 2C       		.byte	0x2c
 209 0142 06       		.uleb128 0x6
 210 0143 BA000000 		.4byte	.LASF29
 211 0147 02       		.byte	0x2
 212 0148 6E       		.byte	0x6e
 213 0149 6F000000 		.4byte	0x6f
 214 014d 30       		.byte	0x30
 215 014e 06       		.uleb128 0x6
 216 014f 1A010000 		.4byte	.LASF30
 217 0153 02       		.byte	0x2
 218 0154 75       		.byte	0x75
 219 0155 63000000 		.4byte	0x63
 220 0159 34       		.byte	0x34
 221 015a 00       		.byte	0
 222 015b 07       		.uleb128 0x7
 223 015c 87000000 		.4byte	.LASF31
 224 0160 02       		.byte	0x2
 225 0161 7C       		.byte	0x7c
 226 0162 AA000000 		.4byte	0xaa
 227 0166 08       		.uleb128 0x8
 228 0167 76010000 		.4byte	0x176
ARM GAS  C:\Users\cdrow\AppData\Local\Temp\ccVcYADm.s 			page 5


 229 016b 76010000 		.4byte	0x176
 230 016f 09       		.uleb128 0x9
 231 0170 A3000000 		.4byte	0xa3
 232 0174 00       		.byte	0
 233 0175 00       		.byte	0
 234 0176 0A       		.uleb128 0xa
 235 0177 5B010000 		.4byte	0x15b
 236 017b 0B       		.uleb128 0xb
 237 017c 09010000 		.4byte	.LASF35
 238 0180 03       		.byte	0x3
 239 0181 2A       		.byte	0x2a
 240 0182 8C010000 		.4byte	0x18c
 241 0186 05       		.uleb128 0x5
 242 0187 03       		.byte	0x3
 243 0188 00000000 		.4byte	ADC_1_allConfigs
 244 018c 0A       		.uleb128 0xa
 245 018d 66010000 		.4byte	0x166
 246 0191 00       		.byte	0
 247              		.section	.debug_abbrev,"",%progbits
 248              	.Ldebug_abbrev0:
 249 0000 01       		.uleb128 0x1
 250 0001 11       		.uleb128 0x11
 251 0002 01       		.byte	0x1
 252 0003 25       		.uleb128 0x25
 253 0004 0E       		.uleb128 0xe
 254 0005 13       		.uleb128 0x13
 255 0006 0B       		.uleb128 0xb
 256 0007 03       		.uleb128 0x3
 257 0008 0E       		.uleb128 0xe
 258 0009 1B       		.uleb128 0x1b
 259 000a 0E       		.uleb128 0xe
 260 000b 10       		.uleb128 0x10
 261 000c 17       		.uleb128 0x17
 262 000d 00       		.byte	0
 263 000e 00       		.byte	0
 264 000f 02       		.uleb128 0x2
 265 0010 24       		.uleb128 0x24
 266 0011 00       		.byte	0
 267 0012 0B       		.uleb128 0xb
 268 0013 0B       		.uleb128 0xb
 269 0014 3E       		.uleb128 0x3e
 270 0015 0B       		.uleb128 0xb
 271 0016 03       		.uleb128 0x3
 272 0017 0E       		.uleb128 0xe
 273 0018 00       		.byte	0
 274 0019 00       		.byte	0
 275 001a 03       		.uleb128 0x3
 276 001b 24       		.uleb128 0x24
 277 001c 00       		.byte	0
 278 001d 0B       		.uleb128 0xb
 279 001e 0B       		.uleb128 0xb
 280 001f 3E       		.uleb128 0x3e
 281 0020 0B       		.uleb128 0xb
 282 0021 03       		.uleb128 0x3
 283 0022 08       		.uleb128 0x8
 284 0023 00       		.byte	0
 285 0024 00       		.byte	0
ARM GAS  C:\Users\cdrow\AppData\Local\Temp\ccVcYADm.s 			page 6


 286 0025 04       		.uleb128 0x4
 287 0026 16       		.uleb128 0x16
 288 0027 00       		.byte	0
 289 0028 03       		.uleb128 0x3
 290 0029 0E       		.uleb128 0xe
 291 002a 3A       		.uleb128 0x3a
 292 002b 0B       		.uleb128 0xb
 293 002c 3B       		.uleb128 0x3b
 294 002d 05       		.uleb128 0x5
 295 002e 49       		.uleb128 0x49
 296 002f 13       		.uleb128 0x13
 297 0030 00       		.byte	0
 298 0031 00       		.byte	0
 299 0032 05       		.uleb128 0x5
 300 0033 13       		.uleb128 0x13
 301 0034 01       		.byte	0x1
 302 0035 0B       		.uleb128 0xb
 303 0036 0B       		.uleb128 0xb
 304 0037 3A       		.uleb128 0x3a
 305 0038 0B       		.uleb128 0xb
 306 0039 3B       		.uleb128 0x3b
 307 003a 0B       		.uleb128 0xb
 308 003b 01       		.uleb128 0x1
 309 003c 13       		.uleb128 0x13
 310 003d 00       		.byte	0
 311 003e 00       		.byte	0
 312 003f 06       		.uleb128 0x6
 313 0040 0D       		.uleb128 0xd
 314 0041 00       		.byte	0
 315 0042 03       		.uleb128 0x3
 316 0043 0E       		.uleb128 0xe
 317 0044 3A       		.uleb128 0x3a
 318 0045 0B       		.uleb128 0xb
 319 0046 3B       		.uleb128 0x3b
 320 0047 0B       		.uleb128 0xb
 321 0048 49       		.uleb128 0x49
 322 0049 13       		.uleb128 0x13
 323 004a 38       		.uleb128 0x38
 324 004b 0B       		.uleb128 0xb
 325 004c 00       		.byte	0
 326 004d 00       		.byte	0
 327 004e 07       		.uleb128 0x7
 328 004f 16       		.uleb128 0x16
 329 0050 00       		.byte	0
 330 0051 03       		.uleb128 0x3
 331 0052 0E       		.uleb128 0xe
 332 0053 3A       		.uleb128 0x3a
 333 0054 0B       		.uleb128 0xb
 334 0055 3B       		.uleb128 0x3b
 335 0056 0B       		.uleb128 0xb
 336 0057 49       		.uleb128 0x49
 337 0058 13       		.uleb128 0x13
 338 0059 00       		.byte	0
 339 005a 00       		.byte	0
 340 005b 08       		.uleb128 0x8
 341 005c 01       		.uleb128 0x1
 342 005d 01       		.byte	0x1
ARM GAS  C:\Users\cdrow\AppData\Local\Temp\ccVcYADm.s 			page 7


 343 005e 49       		.uleb128 0x49
 344 005f 13       		.uleb128 0x13
 345 0060 01       		.uleb128 0x1
 346 0061 13       		.uleb128 0x13
 347 0062 00       		.byte	0
 348 0063 00       		.byte	0
 349 0064 09       		.uleb128 0x9
 350 0065 21       		.uleb128 0x21
 351 0066 00       		.byte	0
 352 0067 49       		.uleb128 0x49
 353 0068 13       		.uleb128 0x13
 354 0069 2F       		.uleb128 0x2f
 355 006a 0B       		.uleb128 0xb
 356 006b 00       		.byte	0
 357 006c 00       		.byte	0
 358 006d 0A       		.uleb128 0xa
 359 006e 26       		.uleb128 0x26
 360 006f 00       		.byte	0
 361 0070 49       		.uleb128 0x49
 362 0071 13       		.uleb128 0x13
 363 0072 00       		.byte	0
 364 0073 00       		.byte	0
 365 0074 0B       		.uleb128 0xb
 366 0075 34       		.uleb128 0x34
 367 0076 00       		.byte	0
 368 0077 03       		.uleb128 0x3
 369 0078 0E       		.uleb128 0xe
 370 0079 3A       		.uleb128 0x3a
 371 007a 0B       		.uleb128 0xb
 372 007b 3B       		.uleb128 0x3b
 373 007c 0B       		.uleb128 0xb
 374 007d 49       		.uleb128 0x49
 375 007e 13       		.uleb128 0x13
 376 007f 3F       		.uleb128 0x3f
 377 0080 19       		.uleb128 0x19
 378 0081 02       		.uleb128 0x2
 379 0082 18       		.uleb128 0x18
 380 0083 00       		.byte	0
 381 0084 00       		.byte	0
 382 0085 00       		.byte	0
 383              		.section	.debug_aranges,"",%progbits
 384 0000 14000000 		.4byte	0x14
 385 0004 0200     		.2byte	0x2
 386 0006 00000000 		.4byte	.Ldebug_info0
 387 000a 04       		.byte	0x4
 388 000b 00       		.byte	0
 389 000c 0000     		.2byte	0
 390 000e 0000     		.2byte	0
 391 0010 00000000 		.4byte	0
 392 0014 00000000 		.4byte	0
 393              		.section	.debug_line,"",%progbits
 394              	.Ldebug_line0:
 395 0000 58000000 		.section	.debug_str,"MS",%progbits,1
 395      02005200 
 395      00000201 
 395      FB0E0D00 
 395      01010101 
ARM GAS  C:\Users\cdrow\AppData\Local\Temp\ccVcYADm.s 			page 8


 396              	.LASF24:
 397 0000 72616E67 		.ascii	"rangeCond\000"
 397      65436F6E 
 397      6400
 398              	.LASF21:
 399 000a 73616D70 		.ascii	"sampleTime01\000"
 399      6C655469 
 399      6D653031 
 399      00
 400              	.LASF34:
 401 0017 433A5C55 		.ascii	"C:\\Users\\cdrow\\Downloads\\PSoC Project TJ Temper"
 401      73657273 
 401      5C636472 
 401      6F775C44 
 401      6F776E6C 
 402 0046 61747572 		.ascii	"ature Spatial Profile.cydsn\\TJ Temperature Spatial"
 402      65205370 
 402      61746961 
 402      6C205072 
 402      6F66696C 
 403 0078 2050726F 		.ascii	" Profile.cydsn\000"
 403      66696C65 
 403      2E637964 
 403      736E00
 404              	.LASF31:
 405 0087 4144435F 		.ascii	"ADC_1_CONFIG_STRUCT\000"
 405      315F434F 
 405      4E464947 
 405      5F535452 
 405      55435400 
 406              	.LASF17:
 407 009b 6368616E 		.ascii	"channelBase\000"
 407      6E656C42 
 407      61736500 
 408              	.LASF3:
 409 00a7 73686F72 		.ascii	"short unsigned int\000"
 409      7420756E 
 409      7369676E 
 409      65642069 
 409      6E7400
 410              	.LASF29:
 411 00ba 6D697363 		.ascii	"miscConfig\000"
 411      436F6E66 
 411      696700
 412              	.LASF27:
 413 00c5 73617449 		.ascii	"satIntMask\000"
 413      6E744D61 
 413      736B00
 414              	.LASF12:
 415 00d0 666C6F61 		.ascii	"float\000"
 415      7400
 416              	.LASF1:
 417 00d6 756E7369 		.ascii	"unsigned char\000"
 417      676E6564 
 417      20636861 
 417      7200
 418              	.LASF26:
ARM GAS  C:\Users\cdrow\AppData\Local\Temp\ccVcYADm.s 			page 9


 419 00e4 72616E67 		.ascii	"rangeIntMask\000"
 419      65496E74 
 419      4D61736B 
 419      00
 420              	.LASF5:
 421 00f1 6C6F6E67 		.ascii	"long unsigned int\000"
 421      20756E73 
 421      69676E65 
 421      6420696E 
 421      7400
 422              	.LASF11:
 423 0103 696E7433 		.ascii	"int32\000"
 423      3200
 424              	.LASF35:
 425 0109 4144435F 		.ascii	"ADC_1_allConfigs\000"
 425      315F616C 
 425      6C436F6E 
 425      66696773 
 425      00
 426              	.LASF30:
 427 011a 636C6B44 		.ascii	"clkDivider\000"
 427      69766964 
 427      657200
 428              	.LASF13:
 429 0125 646F7562 		.ascii	"double\000"
 429      6C6500
 430              	.LASF9:
 431 012c 75696E74 		.ascii	"uint16\000"
 431      313600
 432              	.LASF10:
 433 0133 75696E74 		.ascii	"uint32\000"
 433      333200
 434              	.LASF20:
 435 013a 73616D70 		.ascii	"sampleCtrl\000"
 435      6C654374 
 435      726C00
 436              	.LASF8:
 437 0145 756E7369 		.ascii	"unsigned int\000"
 437      676E6564 
 437      20696E74 
 437      00
 438              	.LASF28:
 439 0152 76726566 		.ascii	"vrefMvValue\000"
 439      4D765661 
 439      6C756500 
 440              	.LASF7:
 441 015e 6C6F6E67 		.ascii	"long long unsigned int\000"
 441      206C6F6E 
 441      6720756E 
 441      7369676E 
 441      65642069 
 442              	.LASF23:
 443 0175 72616E67 		.ascii	"rangeThres\000"
 443      65546872 
 443      657300
 444              	.LASF22:
 445 0180 73616D70 		.ascii	"sampleTime23\000"
ARM GAS  C:\Users\cdrow\AppData\Local\Temp\ccVcYADm.s 			page 10


 445      6C655469 
 445      6D653233 
 445      00
 446              	.LASF16:
 447 018d 73697A65 		.ascii	"sizetype\000"
 447      74797065 
 447      00
 448              	.LASF6:
 449 0196 6C6F6E67 		.ascii	"long long int\000"
 449      206C6F6E 
 449      6720696E 
 449      7400
 450              	.LASF14:
 451 01a4 63686172 		.ascii	"char\000"
 451      00
 452              	.LASF33:
 453 01a9 47656E65 		.ascii	"Generated_Source\\PSoC4\\ADC_1_INIT.c\000"
 453      72617465 
 453      645F536F 
 453      75726365 
 453      5C50536F 
 454              	.LASF25:
 455 01cd 6368616E 		.ascii	"chanEn\000"
 455      456E00
 456              	.LASF2:
 457 01d4 73686F72 		.ascii	"short int\000"
 457      7420696E 
 457      7400
 458              	.LASF19:
 459 01de 6374726C 		.ascii	"ctrl\000"
 459      00
 460              	.LASF18:
 461 01e3 6E756D43 		.ascii	"numChannels\000"
 461      68616E6E 
 461      656C7300 
 462              	.LASF4:
 463 01ef 6C6F6E67 		.ascii	"long int\000"
 463      20696E74 
 463      00
 464              	.LASF15:
 465 01f8 6C6F6E67 		.ascii	"long double\000"
 465      20646F75 
 465      626C6500 
 466              	.LASF32:
 467 0204 474E5520 		.ascii	"GNU C11 5.4.1 20160609 (release) [ARM/embedded-5-br"
 467      43313120 
 467      352E342E 
 467      31203230 
 467      31363036 
 468 0237 616E6368 		.ascii	"anch revision 237715] -mcpu=cortex-m0plus -mthumb -"
 468      20726576 
 468      6973696F 
 468      6E203233 
 468      37373135 
 469 026a 67202D4F 		.ascii	"g -Og -ffunction-sections -ffat-lto-objects\000"
 469      67202D66 
 469      66756E63 
ARM GAS  C:\Users\cdrow\AppData\Local\Temp\ccVcYADm.s 			page 11


 469      74696F6E 
 469      2D736563 
 470              	.LASF0:
 471 0296 7369676E 		.ascii	"signed char\000"
 471      65642063 
 471      68617200 
 472              		.ident	"GCC: (GNU Tools for ARM Embedded Processors) 5.4.1 20160609 (release) [ARM/embedded-5-bran
