ARM GAS  C:\Users\samue\AppData\Local\Temp\cca5sMlH.s 			page 1


   1              		.syntax unified
   2              		.cpu cortex-m0plus
   3              		.fpu softvfp
   4              		.eabi_attribute 20, 1
   5              		.eabi_attribute 21, 1
   6              		.eabi_attribute 23, 3
   7              		.eabi_attribute 24, 1
   8              		.eabi_attribute 25, 1
   9              		.eabi_attribute 26, 1
  10              		.eabi_attribute 30, 1
  11              		.eabi_attribute 34, 0
  12              		.eabi_attribute 18, 4
  13              		.thumb
  14              		.syntax unified
  15              		.file	"AMux_1.c"
  16              		.text
  17              	.Ltext0:
  18              		.cfi_sections	.debug_frame
  19              		.section	.text.AMux_1_Start,"ax",%progbits
  20              		.align	2
  21              		.global	AMux_1_Start
  22              		.code	16
  23              		.thumb_func
  24              		.type	AMux_1_Start, %function
  25              	AMux_1_Start:
  26              	.LFB0:
  27              		.file 1 "Generated_Source\\PSoC4\\AMux_1.c"
   1:Generated_Source\PSoC4/AMux_1.c **** /*******************************************************************************
   2:Generated_Source\PSoC4/AMux_1.c **** * File Name: AMux_1.c
   3:Generated_Source\PSoC4/AMux_1.c **** * Version 1.80
   4:Generated_Source\PSoC4/AMux_1.c **** *
   5:Generated_Source\PSoC4/AMux_1.c **** *  Description:
   6:Generated_Source\PSoC4/AMux_1.c **** *    This file contains all functions required for the analog multiplexer
   7:Generated_Source\PSoC4/AMux_1.c **** *    AMux User Module.
   8:Generated_Source\PSoC4/AMux_1.c **** *
   9:Generated_Source\PSoC4/AMux_1.c **** *   Note:
  10:Generated_Source\PSoC4/AMux_1.c **** *
  11:Generated_Source\PSoC4/AMux_1.c **** *******************************************************************************
  12:Generated_Source\PSoC4/AMux_1.c **** * Copyright 2008-2010, Cypress Semiconductor Corporation.  All rights reserved.
  13:Generated_Source\PSoC4/AMux_1.c **** * You may use this file only in accordance with the license, terms, conditions, 
  14:Generated_Source\PSoC4/AMux_1.c **** * disclaimers, and limitations in the end user license agreement accompanying 
  15:Generated_Source\PSoC4/AMux_1.c **** * the software package with which this file was provided.
  16:Generated_Source\PSoC4/AMux_1.c **** ********************************************************************************/
  17:Generated_Source\PSoC4/AMux_1.c **** 
  18:Generated_Source\PSoC4/AMux_1.c **** #include "AMux_1.h"
  19:Generated_Source\PSoC4/AMux_1.c **** 
  20:Generated_Source\PSoC4/AMux_1.c **** static uint8 AMux_1_lastChannel = AMux_1_NULL_CHANNEL;
  21:Generated_Source\PSoC4/AMux_1.c **** 
  22:Generated_Source\PSoC4/AMux_1.c **** 
  23:Generated_Source\PSoC4/AMux_1.c **** /*******************************************************************************
  24:Generated_Source\PSoC4/AMux_1.c **** * Function Name: AMux_1_Start
  25:Generated_Source\PSoC4/AMux_1.c **** ********************************************************************************
  26:Generated_Source\PSoC4/AMux_1.c **** * Summary:
  27:Generated_Source\PSoC4/AMux_1.c **** *  Disconnect all channels.
  28:Generated_Source\PSoC4/AMux_1.c **** *
  29:Generated_Source\PSoC4/AMux_1.c **** * Parameters:
  30:Generated_Source\PSoC4/AMux_1.c **** *  void
ARM GAS  C:\Users\samue\AppData\Local\Temp\cca5sMlH.s 			page 2


  31:Generated_Source\PSoC4/AMux_1.c **** *
  32:Generated_Source\PSoC4/AMux_1.c **** * Return:
  33:Generated_Source\PSoC4/AMux_1.c **** *  void
  34:Generated_Source\PSoC4/AMux_1.c **** *
  35:Generated_Source\PSoC4/AMux_1.c **** *******************************************************************************/
  36:Generated_Source\PSoC4/AMux_1.c **** void AMux_1_Start(void) 
  37:Generated_Source\PSoC4/AMux_1.c **** {
  28              		.loc 1 37 0
  29              		.cfi_startproc
  30              		@ args = 0, pretend = 0, frame = 0
  31              		@ frame_needed = 0, uses_anonymous_args = 0
  32 0000 10B5     		push	{r4, lr}
  33              		.cfi_def_cfa_offset 8
  34              		.cfi_offset 4, -8
  35              		.cfi_offset 14, -4
  36              	.LVL0:
  38:Generated_Source\PSoC4/AMux_1.c ****     uint8 chan;
  39:Generated_Source\PSoC4/AMux_1.c **** 
  40:Generated_Source\PSoC4/AMux_1.c ****     for(chan = 0u; chan < AMux_1_CHANNELS ; chan++)
  37              		.loc 1 40 0
  38 0002 0024     		movs	r4, #0
  39 0004 07E0     		b	.L2
  40              	.LVL1:
  41              	.L3:
  41:Generated_Source\PSoC4/AMux_1.c ****     {
  42:Generated_Source\PSoC4/AMux_1.c **** #if (AMux_1_MUXTYPE == AMux_1_MUX_SINGLE)
  43:Generated_Source\PSoC4/AMux_1.c ****         AMux_1_Unset(chan);
  44:Generated_Source\PSoC4/AMux_1.c **** #else
  45:Generated_Source\PSoC4/AMux_1.c ****         AMux_1_CYAMUXSIDE_A_Unset(chan);
  42              		.loc 1 45 0 discriminator 3
  43 0006 2000     		movs	r0, r4
  44 0008 FFF7FEFF 		bl	AMux_1_CYAMUXSIDE_A_Unset
  45              	.LVL2:
  46:Generated_Source\PSoC4/AMux_1.c ****         AMux_1_CYAMUXSIDE_B_Unset(chan);
  46              		.loc 1 46 0 discriminator 3
  47 000c 2000     		movs	r0, r4
  48 000e FFF7FEFF 		bl	AMux_1_CYAMUXSIDE_B_Unset
  49              	.LVL3:
  40:Generated_Source\PSoC4/AMux_1.c ****     {
  50              		.loc 1 40 0 discriminator 3
  51 0012 0134     		adds	r4, r4, #1
  52              	.LVL4:
  53 0014 E4B2     		uxtb	r4, r4
  54              	.LVL5:
  55              	.L2:
  40:Generated_Source\PSoC4/AMux_1.c ****     {
  56              		.loc 1 40 0 is_stmt 0 discriminator 1
  57 0016 202C     		cmp	r4, #32
  58 0018 F5D9     		bls	.L3
  47:Generated_Source\PSoC4/AMux_1.c **** #endif
  48:Generated_Source\PSoC4/AMux_1.c ****     }
  49:Generated_Source\PSoC4/AMux_1.c **** 
  50:Generated_Source\PSoC4/AMux_1.c ****     AMux_1_lastChannel = AMux_1_NULL_CHANNEL;
  59              		.loc 1 50 0 is_stmt 1
  60 001a FF22     		movs	r2, #255
  61 001c 014B     		ldr	r3, .L4
  62 001e 1A70     		strb	r2, [r3]
ARM GAS  C:\Users\samue\AppData\Local\Temp\cca5sMlH.s 			page 3


  51:Generated_Source\PSoC4/AMux_1.c **** }
  63              		.loc 1 51 0
  64              		@ sp needed
  65              	.LVL6:
  66 0020 10BD     		pop	{r4, pc}
  67              	.L5:
  68 0022 C046     		.align	2
  69              	.L4:
  70 0024 00000000 		.word	.LANCHOR0
  71              		.cfi_endproc
  72              	.LFE0:
  73              		.size	AMux_1_Start, .-AMux_1_Start
  74              		.section	.text.AMux_1_Connect,"ax",%progbits
  75              		.align	2
  76              		.global	AMux_1_Connect
  77              		.code	16
  78              		.thumb_func
  79              		.type	AMux_1_Connect, %function
  80              	AMux_1_Connect:
  81              	.LFB3:
  52:Generated_Source\PSoC4/AMux_1.c **** 
  53:Generated_Source\PSoC4/AMux_1.c **** 
  54:Generated_Source\PSoC4/AMux_1.c **** #if (!AMux_1_ATMOSTONE)
  55:Generated_Source\PSoC4/AMux_1.c **** /*******************************************************************************
  56:Generated_Source\PSoC4/AMux_1.c **** * Function Name: AMux_1_Select
  57:Generated_Source\PSoC4/AMux_1.c **** ********************************************************************************
  58:Generated_Source\PSoC4/AMux_1.c **** * Summary:
  59:Generated_Source\PSoC4/AMux_1.c **** *  This functions first disconnects all channels then connects the given
  60:Generated_Source\PSoC4/AMux_1.c **** *  channel.
  61:Generated_Source\PSoC4/AMux_1.c **** *
  62:Generated_Source\PSoC4/AMux_1.c **** * Parameters:
  63:Generated_Source\PSoC4/AMux_1.c **** *  channel:  The channel to connect to the common terminal.
  64:Generated_Source\PSoC4/AMux_1.c **** *
  65:Generated_Source\PSoC4/AMux_1.c **** * Return:
  66:Generated_Source\PSoC4/AMux_1.c **** *  void
  67:Generated_Source\PSoC4/AMux_1.c **** *
  68:Generated_Source\PSoC4/AMux_1.c **** *******************************************************************************/
  69:Generated_Source\PSoC4/AMux_1.c **** void AMux_1_Select(uint8 channel) 
  70:Generated_Source\PSoC4/AMux_1.c **** {
  71:Generated_Source\PSoC4/AMux_1.c ****     AMux_1_DisconnectAll();        /* Disconnect all previous connections */
  72:Generated_Source\PSoC4/AMux_1.c ****     AMux_1_Connect(channel);       /* Make the given selection */
  73:Generated_Source\PSoC4/AMux_1.c ****     AMux_1_lastChannel = channel;  /* Update last channel */
  74:Generated_Source\PSoC4/AMux_1.c **** }
  75:Generated_Source\PSoC4/AMux_1.c **** #endif
  76:Generated_Source\PSoC4/AMux_1.c **** 
  77:Generated_Source\PSoC4/AMux_1.c **** 
  78:Generated_Source\PSoC4/AMux_1.c **** /*******************************************************************************
  79:Generated_Source\PSoC4/AMux_1.c **** * Function Name: AMux_1_FastSelect
  80:Generated_Source\PSoC4/AMux_1.c **** ********************************************************************************
  81:Generated_Source\PSoC4/AMux_1.c **** * Summary:
  82:Generated_Source\PSoC4/AMux_1.c **** *  This function first disconnects the last connection made with FastSelect or
  83:Generated_Source\PSoC4/AMux_1.c **** *  Select, then connects the given channel. The FastSelect function is similar
  84:Generated_Source\PSoC4/AMux_1.c **** *  to the Select function, except it is faster since it only disconnects the
  85:Generated_Source\PSoC4/AMux_1.c **** *  last channel selected rather than all channels.
  86:Generated_Source\PSoC4/AMux_1.c **** *
  87:Generated_Source\PSoC4/AMux_1.c **** * Parameters:
  88:Generated_Source\PSoC4/AMux_1.c **** *  channel:  The channel to connect to the common terminal.
ARM GAS  C:\Users\samue\AppData\Local\Temp\cca5sMlH.s 			page 4


  89:Generated_Source\PSoC4/AMux_1.c **** *
  90:Generated_Source\PSoC4/AMux_1.c **** * Return:
  91:Generated_Source\PSoC4/AMux_1.c **** *  void
  92:Generated_Source\PSoC4/AMux_1.c **** *
  93:Generated_Source\PSoC4/AMux_1.c **** *******************************************************************************/
  94:Generated_Source\PSoC4/AMux_1.c **** void AMux_1_FastSelect(uint8 channel) 
  95:Generated_Source\PSoC4/AMux_1.c **** {
  96:Generated_Source\PSoC4/AMux_1.c ****     /* Disconnect the last valid channel */
  97:Generated_Source\PSoC4/AMux_1.c ****     if( AMux_1_lastChannel != AMux_1_NULL_CHANNEL)
  98:Generated_Source\PSoC4/AMux_1.c ****     {
  99:Generated_Source\PSoC4/AMux_1.c ****         AMux_1_Disconnect(AMux_1_lastChannel);
 100:Generated_Source\PSoC4/AMux_1.c ****     }
 101:Generated_Source\PSoC4/AMux_1.c **** 
 102:Generated_Source\PSoC4/AMux_1.c ****     /* Make the new channel connection */
 103:Generated_Source\PSoC4/AMux_1.c **** #if (AMux_1_MUXTYPE == AMux_1_MUX_SINGLE)
 104:Generated_Source\PSoC4/AMux_1.c ****     AMux_1_Set(channel);
 105:Generated_Source\PSoC4/AMux_1.c **** #else
 106:Generated_Source\PSoC4/AMux_1.c ****     AMux_1_CYAMUXSIDE_A_Set(channel);
 107:Generated_Source\PSoC4/AMux_1.c ****     AMux_1_CYAMUXSIDE_B_Set(channel);
 108:Generated_Source\PSoC4/AMux_1.c **** #endif
 109:Generated_Source\PSoC4/AMux_1.c **** 
 110:Generated_Source\PSoC4/AMux_1.c **** 
 111:Generated_Source\PSoC4/AMux_1.c ****     AMux_1_lastChannel = channel;   /* Update last channel */
 112:Generated_Source\PSoC4/AMux_1.c **** }
 113:Generated_Source\PSoC4/AMux_1.c **** 
 114:Generated_Source\PSoC4/AMux_1.c **** 
 115:Generated_Source\PSoC4/AMux_1.c **** #if (AMux_1_MUXTYPE == AMux_1_MUX_DIFF)
 116:Generated_Source\PSoC4/AMux_1.c **** #if (!AMux_1_ATMOSTONE)
 117:Generated_Source\PSoC4/AMux_1.c **** /*******************************************************************************
 118:Generated_Source\PSoC4/AMux_1.c **** * Function Name: AMux_1_Connect
 119:Generated_Source\PSoC4/AMux_1.c **** ********************************************************************************
 120:Generated_Source\PSoC4/AMux_1.c **** * Summary:
 121:Generated_Source\PSoC4/AMux_1.c **** *  This function connects the given channel without affecting other connections.
 122:Generated_Source\PSoC4/AMux_1.c **** *
 123:Generated_Source\PSoC4/AMux_1.c **** * Parameters:
 124:Generated_Source\PSoC4/AMux_1.c **** *  channel:  The channel to connect to the common terminal.
 125:Generated_Source\PSoC4/AMux_1.c **** *
 126:Generated_Source\PSoC4/AMux_1.c **** * Return:
 127:Generated_Source\PSoC4/AMux_1.c **** *  void
 128:Generated_Source\PSoC4/AMux_1.c **** *
 129:Generated_Source\PSoC4/AMux_1.c **** *******************************************************************************/
 130:Generated_Source\PSoC4/AMux_1.c **** void AMux_1_Connect(uint8 channel) 
 131:Generated_Source\PSoC4/AMux_1.c **** {
  82              		.loc 1 131 0
  83              		.cfi_startproc
  84              		@ args = 0, pretend = 0, frame = 0
  85              		@ frame_needed = 0, uses_anonymous_args = 0
  86              	.LVL7:
  87 0000 10B5     		push	{r4, lr}
  88              		.cfi_def_cfa_offset 8
  89              		.cfi_offset 4, -8
  90              		.cfi_offset 14, -4
  91 0002 0400     		movs	r4, r0
 132:Generated_Source\PSoC4/AMux_1.c ****     AMux_1_CYAMUXSIDE_A_Set(channel);
  92              		.loc 1 132 0
  93 0004 FFF7FEFF 		bl	AMux_1_CYAMUXSIDE_A_Set
  94              	.LVL8:
ARM GAS  C:\Users\samue\AppData\Local\Temp\cca5sMlH.s 			page 5


 133:Generated_Source\PSoC4/AMux_1.c ****     AMux_1_CYAMUXSIDE_B_Set(channel);
  95              		.loc 1 133 0
  96 0008 2000     		movs	r0, r4
  97 000a FFF7FEFF 		bl	AMux_1_CYAMUXSIDE_B_Set
  98              	.LVL9:
 134:Generated_Source\PSoC4/AMux_1.c **** }
  99              		.loc 1 134 0
 100              		@ sp needed
 101 000e 10BD     		pop	{r4, pc}
 102              		.cfi_endproc
 103              	.LFE3:
 104              		.size	AMux_1_Connect, .-AMux_1_Connect
 105              		.section	.text.AMux_1_Select,"ax",%progbits
 106              		.align	2
 107              		.global	AMux_1_Select
 108              		.code	16
 109              		.thumb_func
 110              		.type	AMux_1_Select, %function
 111              	AMux_1_Select:
 112              	.LFB1:
  70:Generated_Source\PSoC4/AMux_1.c ****     AMux_1_DisconnectAll();        /* Disconnect all previous connections */
 113              		.loc 1 70 0
 114              		.cfi_startproc
 115              		@ args = 0, pretend = 0, frame = 0
 116              		@ frame_needed = 0, uses_anonymous_args = 0
 117              	.LVL10:
 118 0000 10B5     		push	{r4, lr}
 119              		.cfi_def_cfa_offset 8
 120              		.cfi_offset 4, -8
 121              		.cfi_offset 14, -4
 122 0002 0400     		movs	r4, r0
  71:Generated_Source\PSoC4/AMux_1.c ****     AMux_1_Connect(channel);       /* Make the given selection */
 123              		.loc 1 71 0
 124 0004 FFF7FEFF 		bl	AMux_1_Start
 125              	.LVL11:
  72:Generated_Source\PSoC4/AMux_1.c ****     AMux_1_lastChannel = channel;  /* Update last channel */
 126              		.loc 1 72 0
 127 0008 2000     		movs	r0, r4
 128 000a FFF7FEFF 		bl	AMux_1_Connect
 129              	.LVL12:
  73:Generated_Source\PSoC4/AMux_1.c **** }
 130              		.loc 1 73 0
 131 000e 014B     		ldr	r3, .L8
 132 0010 1C70     		strb	r4, [r3]
  74:Generated_Source\PSoC4/AMux_1.c **** #endif
 133              		.loc 1 74 0
 134              		@ sp needed
 135 0012 10BD     		pop	{r4, pc}
 136              	.L9:
 137              		.align	2
 138              	.L8:
 139 0014 00000000 		.word	.LANCHOR0
 140              		.cfi_endproc
 141              	.LFE1:
 142              		.size	AMux_1_Select, .-AMux_1_Select
 143              		.section	.text.AMux_1_Disconnect,"ax",%progbits
 144              		.align	2
ARM GAS  C:\Users\samue\AppData\Local\Temp\cca5sMlH.s 			page 6


 145              		.global	AMux_1_Disconnect
 146              		.code	16
 147              		.thumb_func
 148              		.type	AMux_1_Disconnect, %function
 149              	AMux_1_Disconnect:
 150              	.LFB4:
 135:Generated_Source\PSoC4/AMux_1.c **** #endif
 136:Generated_Source\PSoC4/AMux_1.c **** 
 137:Generated_Source\PSoC4/AMux_1.c **** /*******************************************************************************
 138:Generated_Source\PSoC4/AMux_1.c **** * Function Name: AMux_1_Disconnect
 139:Generated_Source\PSoC4/AMux_1.c **** ********************************************************************************
 140:Generated_Source\PSoC4/AMux_1.c **** * Summary:
 141:Generated_Source\PSoC4/AMux_1.c **** *  This function disconnects the given channel from the common or output
 142:Generated_Source\PSoC4/AMux_1.c **** *  terminal without affecting other connections.
 143:Generated_Source\PSoC4/AMux_1.c **** *
 144:Generated_Source\PSoC4/AMux_1.c **** * Parameters:
 145:Generated_Source\PSoC4/AMux_1.c **** *  channel:  The channel to disconnect from the common terminal.
 146:Generated_Source\PSoC4/AMux_1.c **** *
 147:Generated_Source\PSoC4/AMux_1.c **** * Return:
 148:Generated_Source\PSoC4/AMux_1.c **** *  void
 149:Generated_Source\PSoC4/AMux_1.c **** *
 150:Generated_Source\PSoC4/AMux_1.c **** *******************************************************************************/
 151:Generated_Source\PSoC4/AMux_1.c **** void AMux_1_Disconnect(uint8 channel) 
 152:Generated_Source\PSoC4/AMux_1.c **** {
 151              		.loc 1 152 0
 152              		.cfi_startproc
 153              		@ args = 0, pretend = 0, frame = 0
 154              		@ frame_needed = 0, uses_anonymous_args = 0
 155              	.LVL13:
 156 0000 10B5     		push	{r4, lr}
 157              		.cfi_def_cfa_offset 8
 158              		.cfi_offset 4, -8
 159              		.cfi_offset 14, -4
 160 0002 0400     		movs	r4, r0
 153:Generated_Source\PSoC4/AMux_1.c ****     AMux_1_CYAMUXSIDE_A_Unset(channel);
 161              		.loc 1 153 0
 162 0004 FFF7FEFF 		bl	AMux_1_CYAMUXSIDE_A_Unset
 163              	.LVL14:
 154:Generated_Source\PSoC4/AMux_1.c ****     AMux_1_CYAMUXSIDE_B_Unset(channel);
 164              		.loc 1 154 0
 165 0008 2000     		movs	r0, r4
 166 000a FFF7FEFF 		bl	AMux_1_CYAMUXSIDE_B_Unset
 167              	.LVL15:
 155:Generated_Source\PSoC4/AMux_1.c **** }
 168              		.loc 1 155 0
 169              		@ sp needed
 170 000e 10BD     		pop	{r4, pc}
 171              		.cfi_endproc
 172              	.LFE4:
 173              		.size	AMux_1_Disconnect, .-AMux_1_Disconnect
 174              		.section	.text.AMux_1_FastSelect,"ax",%progbits
 175              		.align	2
 176              		.global	AMux_1_FastSelect
 177              		.code	16
 178              		.thumb_func
 179              		.type	AMux_1_FastSelect, %function
 180              	AMux_1_FastSelect:
ARM GAS  C:\Users\samue\AppData\Local\Temp\cca5sMlH.s 			page 7


 181              	.LFB2:
  95:Generated_Source\PSoC4/AMux_1.c ****     /* Disconnect the last valid channel */
 182              		.loc 1 95 0
 183              		.cfi_startproc
 184              		@ args = 0, pretend = 0, frame = 0
 185              		@ frame_needed = 0, uses_anonymous_args = 0
 186              	.LVL16:
 187 0000 10B5     		push	{r4, lr}
 188              		.cfi_def_cfa_offset 8
 189              		.cfi_offset 4, -8
 190              		.cfi_offset 14, -4
 191 0002 0400     		movs	r4, r0
  97:Generated_Source\PSoC4/AMux_1.c ****     {
 192              		.loc 1 97 0
 193 0004 074B     		ldr	r3, .L13
 194 0006 1878     		ldrb	r0, [r3]
 195              	.LVL17:
 196 0008 FF28     		cmp	r0, #255
 197 000a 01D0     		beq	.L12
  99:Generated_Source\PSoC4/AMux_1.c ****     }
 198              		.loc 1 99 0
 199 000c FFF7FEFF 		bl	AMux_1_Disconnect
 200              	.LVL18:
 201              	.L12:
 106:Generated_Source\PSoC4/AMux_1.c ****     AMux_1_CYAMUXSIDE_B_Set(channel);
 202              		.loc 1 106 0
 203 0010 2000     		movs	r0, r4
 204 0012 FFF7FEFF 		bl	AMux_1_CYAMUXSIDE_A_Set
 205              	.LVL19:
 107:Generated_Source\PSoC4/AMux_1.c **** #endif
 206              		.loc 1 107 0
 207 0016 2000     		movs	r0, r4
 208 0018 FFF7FEFF 		bl	AMux_1_CYAMUXSIDE_B_Set
 209              	.LVL20:
 111:Generated_Source\PSoC4/AMux_1.c **** }
 210              		.loc 1 111 0
 211 001c 014B     		ldr	r3, .L13
 212 001e 1C70     		strb	r4, [r3]
 112:Generated_Source\PSoC4/AMux_1.c **** 
 213              		.loc 1 112 0
 214              		@ sp needed
 215 0020 10BD     		pop	{r4, pc}
 216              	.L14:
 217 0022 C046     		.align	2
 218              	.L13:
 219 0024 00000000 		.word	.LANCHOR0
 220              		.cfi_endproc
 221              	.LFE2:
 222              		.size	AMux_1_FastSelect, .-AMux_1_FastSelect
 223              		.data
 224              		.set	.LANCHOR0,. + 0
 225              		.type	AMux_1_lastChannel, %object
 226              		.size	AMux_1_lastChannel, 1
 227              	AMux_1_lastChannel:
 228 0000 FF       		.byte	-1
 229              		.text
 230              	.Letext0:
ARM GAS  C:\Users\samue\AppData\Local\Temp\cca5sMlH.s 			page 8


 231              		.file 2 "Generated_Source\\PSoC4\\cyfitter_cfg.h"
 232              		.file 3 "Generated_Source\\PSoC4\\cytypes.h"
 233              		.section	.debug_info,"",%progbits
 234              	.Ldebug_info0:
 235 0000 31020000 		.4byte	0x231
 236 0004 0400     		.2byte	0x4
 237 0006 00000000 		.4byte	.Ldebug_abbrev0
 238 000a 04       		.byte	0x4
 239 000b 01       		.uleb128 0x1
 240 000c D3010000 		.4byte	.LASF24
 241 0010 0C       		.byte	0xc
 242 0011 49000000 		.4byte	.LASF25
 243 0015 66010000 		.4byte	.LASF26
 244 0019 00000000 		.4byte	.Ldebug_ranges0+0
 245 001d 00000000 		.4byte	0
 246 0021 00000000 		.4byte	.Ldebug_line0
 247 0025 02       		.uleb128 0x2
 248 0026 01       		.byte	0x1
 249 0027 06       		.byte	0x6
 250 0028 65020000 		.4byte	.LASF0
 251 002c 02       		.uleb128 0x2
 252 002d 01       		.byte	0x1
 253 002e 08       		.byte	0x8
 254 002f 89000000 		.4byte	.LASF1
 255 0033 02       		.uleb128 0x2
 256 0034 02       		.byte	0x2
 257 0035 05       		.byte	0x5
 258 0036 56010000 		.4byte	.LASF2
 259 003a 02       		.uleb128 0x2
 260 003b 02       		.byte	0x2
 261 003c 07       		.byte	0x7
 262 003d BB000000 		.4byte	.LASF3
 263 0041 02       		.uleb128 0x2
 264 0042 04       		.byte	0x4
 265 0043 05       		.byte	0x5
 266 0044 CA010000 		.4byte	.LASF4
 267 0048 02       		.uleb128 0x2
 268 0049 04       		.byte	0x4
 269 004a 07       		.byte	0x7
 270 004b A9000000 		.4byte	.LASF5
 271 004f 02       		.uleb128 0x2
 272 0050 08       		.byte	0x8
 273 0051 05       		.byte	0x5
 274 0052 35010000 		.4byte	.LASF6
 275 0056 02       		.uleb128 0x2
 276 0057 08       		.byte	0x8
 277 0058 07       		.byte	0x7
 278 0059 07010000 		.4byte	.LASF7
 279 005d 03       		.uleb128 0x3
 280 005e 04       		.byte	0x4
 281 005f 05       		.byte	0x5
 282 0060 696E7400 		.ascii	"int\000"
 283 0064 02       		.uleb128 0x2
 284 0065 04       		.byte	0x4
 285 0066 07       		.byte	0x7
 286 0067 FA000000 		.4byte	.LASF8
 287 006b 04       		.uleb128 0x4
ARM GAS  C:\Users\samue\AppData\Local\Temp\cca5sMlH.s 			page 9


 288 006c 60010000 		.4byte	.LASF27
 289 0070 03       		.byte	0x3
 290 0071 F701     		.2byte	0x1f7
 291 0073 2C000000 		.4byte	0x2c
 292 0077 02       		.uleb128 0x2
 293 0078 04       		.byte	0x4
 294 0079 04       		.byte	0x4
 295 007a 69000000 		.4byte	.LASF9
 296 007e 02       		.uleb128 0x2
 297 007f 08       		.byte	0x8
 298 0080 04       		.byte	0x4
 299 0081 E6000000 		.4byte	.LASF10
 300 0085 02       		.uleb128 0x2
 301 0086 01       		.byte	0x1
 302 0087 08       		.byte	0x8
 303 0088 43010000 		.4byte	.LASF11
 304 008c 05       		.uleb128 0x5
 305 008d ED000000 		.4byte	.LASF12
 306 0091 01       		.byte	0x1
 307 0092 24       		.byte	0x24
 308 0093 00000000 		.4byte	.LFB0
 309 0097 28000000 		.4byte	.LFE0-.LFB0
 310 009b 01       		.uleb128 0x1
 311 009c 9C       		.byte	0x9c
 312 009d D5000000 		.4byte	0xd5
 313 00a1 06       		.uleb128 0x6
 314 00a2 30010000 		.4byte	.LASF18
 315 00a6 01       		.byte	0x1
 316 00a7 26       		.byte	0x26
 317 00a8 6B000000 		.4byte	0x6b
 318 00ac 00000000 		.4byte	.LLST0
 319 00b0 07       		.uleb128 0x7
 320 00b1 0C000000 		.4byte	.LVL2
 321 00b5 08020000 		.4byte	0x208
 322 00b9 C4000000 		.4byte	0xc4
 323 00bd 08       		.uleb128 0x8
 324 00be 01       		.uleb128 0x1
 325 00bf 50       		.byte	0x50
 326 00c0 02       		.uleb128 0x2
 327 00c1 74       		.byte	0x74
 328 00c2 00       		.sleb128 0
 329 00c3 00       		.byte	0
 330 00c4 09       		.uleb128 0x9
 331 00c5 12000000 		.4byte	.LVL3
 332 00c9 13020000 		.4byte	0x213
 333 00cd 08       		.uleb128 0x8
 334 00ce 01       		.uleb128 0x1
 335 00cf 50       		.byte	0x50
 336 00d0 02       		.uleb128 0x2
 337 00d1 74       		.byte	0x74
 338 00d2 00       		.sleb128 0
 339 00d3 00       		.byte	0
 340 00d4 00       		.byte	0
 341 00d5 05       		.uleb128 0x5
 342 00d6 08000000 		.4byte	.LASF13
 343 00da 01       		.byte	0x1
 344 00db 82       		.byte	0x82
ARM GAS  C:\Users\samue\AppData\Local\Temp\cca5sMlH.s 			page 10


 345 00dc 00000000 		.4byte	.LFB3
 346 00e0 10000000 		.4byte	.LFE3-.LFB3
 347 00e4 01       		.uleb128 0x1
 348 00e5 9C       		.byte	0x9c
 349 00e6 1E010000 		.4byte	0x11e
 350 00ea 0A       		.uleb128 0xa
 351 00eb 00000000 		.4byte	.LASF15
 352 00ef 01       		.byte	0x1
 353 00f0 82       		.byte	0x82
 354 00f1 6B000000 		.4byte	0x6b
 355 00f5 2A000000 		.4byte	.LLST1
 356 00f9 07       		.uleb128 0x7
 357 00fa 08000000 		.4byte	.LVL8
 358 00fe 1E020000 		.4byte	0x21e
 359 0102 0D010000 		.4byte	0x10d
 360 0106 08       		.uleb128 0x8
 361 0107 01       		.uleb128 0x1
 362 0108 50       		.byte	0x50
 363 0109 02       		.uleb128 0x2
 364 010a 74       		.byte	0x74
 365 010b 00       		.sleb128 0
 366 010c 00       		.byte	0
 367 010d 09       		.uleb128 0x9
 368 010e 0E000000 		.4byte	.LVL9
 369 0112 29020000 		.4byte	0x229
 370 0116 08       		.uleb128 0x8
 371 0117 01       		.uleb128 0x1
 372 0118 50       		.byte	0x50
 373 0119 02       		.uleb128 0x2
 374 011a 74       		.byte	0x74
 375 011b 00       		.sleb128 0
 376 011c 00       		.byte	0
 377 011d 00       		.byte	0
 378 011e 05       		.uleb128 0x5
 379 011f 48010000 		.4byte	.LASF14
 380 0123 01       		.byte	0x1
 381 0124 45       		.byte	0x45
 382 0125 00000000 		.4byte	.LFB1
 383 0129 18000000 		.4byte	.LFE1-.LFB1
 384 012d 01       		.uleb128 0x1
 385 012e 9C       		.byte	0x9c
 386 012f 5C010000 		.4byte	0x15c
 387 0133 0A       		.uleb128 0xa
 388 0134 00000000 		.4byte	.LASF15
 389 0138 01       		.byte	0x1
 390 0139 45       		.byte	0x45
 391 013a 6B000000 		.4byte	0x6b
 392 013e 4B000000 		.4byte	.LLST2
 393 0142 0B       		.uleb128 0xb
 394 0143 08000000 		.4byte	.LVL11
 395 0147 8C000000 		.4byte	0x8c
 396 014b 09       		.uleb128 0x9
 397 014c 0E000000 		.4byte	.LVL12
 398 0150 D5000000 		.4byte	0xd5
 399 0154 08       		.uleb128 0x8
 400 0155 01       		.uleb128 0x1
 401 0156 50       		.byte	0x50
ARM GAS  C:\Users\samue\AppData\Local\Temp\cca5sMlH.s 			page 11


 402 0157 02       		.uleb128 0x2
 403 0158 74       		.byte	0x74
 404 0159 00       		.sleb128 0
 405 015a 00       		.byte	0
 406 015b 00       		.byte	0
 407 015c 05       		.uleb128 0x5
 408 015d 1E010000 		.4byte	.LASF16
 409 0161 01       		.byte	0x1
 410 0162 97       		.byte	0x97
 411 0163 00000000 		.4byte	.LFB4
 412 0167 10000000 		.4byte	.LFE4-.LFB4
 413 016b 01       		.uleb128 0x1
 414 016c 9C       		.byte	0x9c
 415 016d A5010000 		.4byte	0x1a5
 416 0171 0A       		.uleb128 0xa
 417 0172 00000000 		.4byte	.LASF15
 418 0176 01       		.byte	0x1
 419 0177 97       		.byte	0x97
 420 0178 6B000000 		.4byte	0x6b
 421 017c 6C000000 		.4byte	.LLST3
 422 0180 07       		.uleb128 0x7
 423 0181 08000000 		.4byte	.LVL14
 424 0185 08020000 		.4byte	0x208
 425 0189 94010000 		.4byte	0x194
 426 018d 08       		.uleb128 0x8
 427 018e 01       		.uleb128 0x1
 428 018f 50       		.byte	0x50
 429 0190 02       		.uleb128 0x2
 430 0191 74       		.byte	0x74
 431 0192 00       		.sleb128 0
 432 0193 00       		.byte	0
 433 0194 09       		.uleb128 0x9
 434 0195 0E000000 		.4byte	.LVL15
 435 0199 13020000 		.4byte	0x213
 436 019d 08       		.uleb128 0x8
 437 019e 01       		.uleb128 0x1
 438 019f 50       		.byte	0x50
 439 01a0 02       		.uleb128 0x2
 440 01a1 74       		.byte	0x74
 441 01a2 00       		.sleb128 0
 442 01a3 00       		.byte	0
 443 01a4 00       		.byte	0
 444 01a5 05       		.uleb128 0x5
 445 01a6 97000000 		.4byte	.LASF17
 446 01aa 01       		.byte	0x1
 447 01ab 5E       		.byte	0x5e
 448 01ac 00000000 		.4byte	.LFB2
 449 01b0 28000000 		.4byte	.LFE2-.LFB2
 450 01b4 01       		.uleb128 0x1
 451 01b5 9C       		.byte	0x9c
 452 01b6 F7010000 		.4byte	0x1f7
 453 01ba 0A       		.uleb128 0xa
 454 01bb 00000000 		.4byte	.LASF15
 455 01bf 01       		.byte	0x1
 456 01c0 5E       		.byte	0x5e
 457 01c1 6B000000 		.4byte	0x6b
 458 01c5 8D000000 		.4byte	.LLST4
ARM GAS  C:\Users\samue\AppData\Local\Temp\cca5sMlH.s 			page 12


 459 01c9 0B       		.uleb128 0xb
 460 01ca 10000000 		.4byte	.LVL18
 461 01ce 5C010000 		.4byte	0x15c
 462 01d2 07       		.uleb128 0x7
 463 01d3 16000000 		.4byte	.LVL19
 464 01d7 1E020000 		.4byte	0x21e
 465 01db E6010000 		.4byte	0x1e6
 466 01df 08       		.uleb128 0x8
 467 01e0 01       		.uleb128 0x1
 468 01e1 50       		.byte	0x50
 469 01e2 02       		.uleb128 0x2
 470 01e3 74       		.byte	0x74
 471 01e4 00       		.sleb128 0
 472 01e5 00       		.byte	0
 473 01e6 09       		.uleb128 0x9
 474 01e7 1C000000 		.4byte	.LVL20
 475 01eb 29020000 		.4byte	0x229
 476 01ef 08       		.uleb128 0x8
 477 01f0 01       		.uleb128 0x1
 478 01f1 50       		.byte	0x50
 479 01f2 02       		.uleb128 0x2
 480 01f3 74       		.byte	0x74
 481 01f4 00       		.sleb128 0
 482 01f5 00       		.byte	0
 483 01f6 00       		.byte	0
 484 01f7 0C       		.uleb128 0xc
 485 01f8 71020000 		.4byte	.LASF19
 486 01fc 01       		.byte	0x1
 487 01fd 14       		.byte	0x14
 488 01fe 6B000000 		.4byte	0x6b
 489 0202 05       		.uleb128 0x5
 490 0203 03       		.byte	0x3
 491 0204 00000000 		.4byte	AMux_1_lastChannel
 492 0208 0D       		.uleb128 0xd
 493 0209 6F000000 		.4byte	.LASF20
 494 020d 6F000000 		.4byte	.LASF20
 495 0211 02       		.byte	0x2
 496 0212 1B       		.byte	0x1b
 497 0213 0D       		.uleb128 0xd
 498 0214 17000000 		.4byte	.LASF21
 499 0218 17000000 		.4byte	.LASF21
 500 021c 02       		.byte	0x2
 501 021d 1D       		.byte	0x1d
 502 021e 0D       		.uleb128 0xd
 503 021f 31000000 		.4byte	.LASF22
 504 0223 31000000 		.4byte	.LASF22
 505 0227 02       		.byte	0x2
 506 0228 1A       		.byte	0x1a
 507 0229 0D       		.uleb128 0xd
 508 022a CE000000 		.4byte	.LASF23
 509 022e CE000000 		.4byte	.LASF23
 510 0232 02       		.byte	0x2
 511 0233 1C       		.byte	0x1c
 512 0234 00       		.byte	0
 513              		.section	.debug_abbrev,"",%progbits
 514              	.Ldebug_abbrev0:
 515 0000 01       		.uleb128 0x1
ARM GAS  C:\Users\samue\AppData\Local\Temp\cca5sMlH.s 			page 13


 516 0001 11       		.uleb128 0x11
 517 0002 01       		.byte	0x1
 518 0003 25       		.uleb128 0x25
 519 0004 0E       		.uleb128 0xe
 520 0005 13       		.uleb128 0x13
 521 0006 0B       		.uleb128 0xb
 522 0007 03       		.uleb128 0x3
 523 0008 0E       		.uleb128 0xe
 524 0009 1B       		.uleb128 0x1b
 525 000a 0E       		.uleb128 0xe
 526 000b 55       		.uleb128 0x55
 527 000c 17       		.uleb128 0x17
 528 000d 11       		.uleb128 0x11
 529 000e 01       		.uleb128 0x1
 530 000f 10       		.uleb128 0x10
 531 0010 17       		.uleb128 0x17
 532 0011 00       		.byte	0
 533 0012 00       		.byte	0
 534 0013 02       		.uleb128 0x2
 535 0014 24       		.uleb128 0x24
 536 0015 00       		.byte	0
 537 0016 0B       		.uleb128 0xb
 538 0017 0B       		.uleb128 0xb
 539 0018 3E       		.uleb128 0x3e
 540 0019 0B       		.uleb128 0xb
 541 001a 03       		.uleb128 0x3
 542 001b 0E       		.uleb128 0xe
 543 001c 00       		.byte	0
 544 001d 00       		.byte	0
 545 001e 03       		.uleb128 0x3
 546 001f 24       		.uleb128 0x24
 547 0020 00       		.byte	0
 548 0021 0B       		.uleb128 0xb
 549 0022 0B       		.uleb128 0xb
 550 0023 3E       		.uleb128 0x3e
 551 0024 0B       		.uleb128 0xb
 552 0025 03       		.uleb128 0x3
 553 0026 08       		.uleb128 0x8
 554 0027 00       		.byte	0
 555 0028 00       		.byte	0
 556 0029 04       		.uleb128 0x4
 557 002a 16       		.uleb128 0x16
 558 002b 00       		.byte	0
 559 002c 03       		.uleb128 0x3
 560 002d 0E       		.uleb128 0xe
 561 002e 3A       		.uleb128 0x3a
 562 002f 0B       		.uleb128 0xb
 563 0030 3B       		.uleb128 0x3b
 564 0031 05       		.uleb128 0x5
 565 0032 49       		.uleb128 0x49
 566 0033 13       		.uleb128 0x13
 567 0034 00       		.byte	0
 568 0035 00       		.byte	0
 569 0036 05       		.uleb128 0x5
 570 0037 2E       		.uleb128 0x2e
 571 0038 01       		.byte	0x1
 572 0039 3F       		.uleb128 0x3f
ARM GAS  C:\Users\samue\AppData\Local\Temp\cca5sMlH.s 			page 14


 573 003a 19       		.uleb128 0x19
 574 003b 03       		.uleb128 0x3
 575 003c 0E       		.uleb128 0xe
 576 003d 3A       		.uleb128 0x3a
 577 003e 0B       		.uleb128 0xb
 578 003f 3B       		.uleb128 0x3b
 579 0040 0B       		.uleb128 0xb
 580 0041 27       		.uleb128 0x27
 581 0042 19       		.uleb128 0x19
 582 0043 11       		.uleb128 0x11
 583 0044 01       		.uleb128 0x1
 584 0045 12       		.uleb128 0x12
 585 0046 06       		.uleb128 0x6
 586 0047 40       		.uleb128 0x40
 587 0048 18       		.uleb128 0x18
 588 0049 9742     		.uleb128 0x2117
 589 004b 19       		.uleb128 0x19
 590 004c 01       		.uleb128 0x1
 591 004d 13       		.uleb128 0x13
 592 004e 00       		.byte	0
 593 004f 00       		.byte	0
 594 0050 06       		.uleb128 0x6
 595 0051 34       		.uleb128 0x34
 596 0052 00       		.byte	0
 597 0053 03       		.uleb128 0x3
 598 0054 0E       		.uleb128 0xe
 599 0055 3A       		.uleb128 0x3a
 600 0056 0B       		.uleb128 0xb
 601 0057 3B       		.uleb128 0x3b
 602 0058 0B       		.uleb128 0xb
 603 0059 49       		.uleb128 0x49
 604 005a 13       		.uleb128 0x13
 605 005b 02       		.uleb128 0x2
 606 005c 17       		.uleb128 0x17
 607 005d 00       		.byte	0
 608 005e 00       		.byte	0
 609 005f 07       		.uleb128 0x7
 610 0060 898201   		.uleb128 0x4109
 611 0063 01       		.byte	0x1
 612 0064 11       		.uleb128 0x11
 613 0065 01       		.uleb128 0x1
 614 0066 31       		.uleb128 0x31
 615 0067 13       		.uleb128 0x13
 616 0068 01       		.uleb128 0x1
 617 0069 13       		.uleb128 0x13
 618 006a 00       		.byte	0
 619 006b 00       		.byte	0
 620 006c 08       		.uleb128 0x8
 621 006d 8A8201   		.uleb128 0x410a
 622 0070 00       		.byte	0
 623 0071 02       		.uleb128 0x2
 624 0072 18       		.uleb128 0x18
 625 0073 9142     		.uleb128 0x2111
 626 0075 18       		.uleb128 0x18
 627 0076 00       		.byte	0
 628 0077 00       		.byte	0
 629 0078 09       		.uleb128 0x9
ARM GAS  C:\Users\samue\AppData\Local\Temp\cca5sMlH.s 			page 15


 630 0079 898201   		.uleb128 0x4109
 631 007c 01       		.byte	0x1
 632 007d 11       		.uleb128 0x11
 633 007e 01       		.uleb128 0x1
 634 007f 31       		.uleb128 0x31
 635 0080 13       		.uleb128 0x13
 636 0081 00       		.byte	0
 637 0082 00       		.byte	0
 638 0083 0A       		.uleb128 0xa
 639 0084 05       		.uleb128 0x5
 640 0085 00       		.byte	0
 641 0086 03       		.uleb128 0x3
 642 0087 0E       		.uleb128 0xe
 643 0088 3A       		.uleb128 0x3a
 644 0089 0B       		.uleb128 0xb
 645 008a 3B       		.uleb128 0x3b
 646 008b 0B       		.uleb128 0xb
 647 008c 49       		.uleb128 0x49
 648 008d 13       		.uleb128 0x13
 649 008e 02       		.uleb128 0x2
 650 008f 17       		.uleb128 0x17
 651 0090 00       		.byte	0
 652 0091 00       		.byte	0
 653 0092 0B       		.uleb128 0xb
 654 0093 898201   		.uleb128 0x4109
 655 0096 00       		.byte	0
 656 0097 11       		.uleb128 0x11
 657 0098 01       		.uleb128 0x1
 658 0099 31       		.uleb128 0x31
 659 009a 13       		.uleb128 0x13
 660 009b 00       		.byte	0
 661 009c 00       		.byte	0
 662 009d 0C       		.uleb128 0xc
 663 009e 34       		.uleb128 0x34
 664 009f 00       		.byte	0
 665 00a0 03       		.uleb128 0x3
 666 00a1 0E       		.uleb128 0xe
 667 00a2 3A       		.uleb128 0x3a
 668 00a3 0B       		.uleb128 0xb
 669 00a4 3B       		.uleb128 0x3b
 670 00a5 0B       		.uleb128 0xb
 671 00a6 49       		.uleb128 0x49
 672 00a7 13       		.uleb128 0x13
 673 00a8 02       		.uleb128 0x2
 674 00a9 18       		.uleb128 0x18
 675 00aa 00       		.byte	0
 676 00ab 00       		.byte	0
 677 00ac 0D       		.uleb128 0xd
 678 00ad 2E       		.uleb128 0x2e
 679 00ae 00       		.byte	0
 680 00af 3F       		.uleb128 0x3f
 681 00b0 19       		.uleb128 0x19
 682 00b1 3C       		.uleb128 0x3c
 683 00b2 19       		.uleb128 0x19
 684 00b3 6E       		.uleb128 0x6e
 685 00b4 0E       		.uleb128 0xe
 686 00b5 03       		.uleb128 0x3
ARM GAS  C:\Users\samue\AppData\Local\Temp\cca5sMlH.s 			page 16


 687 00b6 0E       		.uleb128 0xe
 688 00b7 3A       		.uleb128 0x3a
 689 00b8 0B       		.uleb128 0xb
 690 00b9 3B       		.uleb128 0x3b
 691 00ba 0B       		.uleb128 0xb
 692 00bb 00       		.byte	0
 693 00bc 00       		.byte	0
 694 00bd 00       		.byte	0
 695              		.section	.debug_loc,"",%progbits
 696              	.Ldebug_loc0:
 697              	.LLST0:
 698 0000 02000000 		.4byte	.LVL0
 699 0004 06000000 		.4byte	.LVL1
 700 0008 0200     		.2byte	0x2
 701 000a 30       		.byte	0x30
 702 000b 9F       		.byte	0x9f
 703 000c 06000000 		.4byte	.LVL1
 704 0010 14000000 		.4byte	.LVL4
 705 0014 0100     		.2byte	0x1
 706 0016 54       		.byte	0x54
 707 0017 16000000 		.4byte	.LVL5
 708 001b 20000000 		.4byte	.LVL6
 709 001f 0100     		.2byte	0x1
 710 0021 54       		.byte	0x54
 711 0022 00000000 		.4byte	0
 712 0026 00000000 		.4byte	0
 713              	.LLST1:
 714 002a 00000000 		.4byte	.LVL7
 715 002e 07000000 		.4byte	.LVL8-1
 716 0032 0100     		.2byte	0x1
 717 0034 50       		.byte	0x50
 718 0035 07000000 		.4byte	.LVL8-1
 719 0039 10000000 		.4byte	.LFE3
 720 003d 0400     		.2byte	0x4
 721 003f F3       		.byte	0xf3
 722 0040 01       		.uleb128 0x1
 723 0041 50       		.byte	0x50
 724 0042 9F       		.byte	0x9f
 725 0043 00000000 		.4byte	0
 726 0047 00000000 		.4byte	0
 727              	.LLST2:
 728 004b 00000000 		.4byte	.LVL10
 729 004f 07000000 		.4byte	.LVL11-1
 730 0053 0100     		.2byte	0x1
 731 0055 50       		.byte	0x50
 732 0056 07000000 		.4byte	.LVL11-1
 733 005a 18000000 		.4byte	.LFE1
 734 005e 0400     		.2byte	0x4
 735 0060 F3       		.byte	0xf3
 736 0061 01       		.uleb128 0x1
 737 0062 50       		.byte	0x50
 738 0063 9F       		.byte	0x9f
 739 0064 00000000 		.4byte	0
 740 0068 00000000 		.4byte	0
 741              	.LLST3:
 742 006c 00000000 		.4byte	.LVL13
 743 0070 07000000 		.4byte	.LVL14-1
ARM GAS  C:\Users\samue\AppData\Local\Temp\cca5sMlH.s 			page 17


 744 0074 0100     		.2byte	0x1
 745 0076 50       		.byte	0x50
 746 0077 07000000 		.4byte	.LVL14-1
 747 007b 10000000 		.4byte	.LFE4
 748 007f 0400     		.2byte	0x4
 749 0081 F3       		.byte	0xf3
 750 0082 01       		.uleb128 0x1
 751 0083 50       		.byte	0x50
 752 0084 9F       		.byte	0x9f
 753 0085 00000000 		.4byte	0
 754 0089 00000000 		.4byte	0
 755              	.LLST4:
 756 008d 00000000 		.4byte	.LVL16
 757 0091 08000000 		.4byte	.LVL17
 758 0095 0100     		.2byte	0x1
 759 0097 50       		.byte	0x50
 760 0098 08000000 		.4byte	.LVL17
 761 009c 28000000 		.4byte	.LFE2
 762 00a0 0400     		.2byte	0x4
 763 00a2 F3       		.byte	0xf3
 764 00a3 01       		.uleb128 0x1
 765 00a4 50       		.byte	0x50
 766 00a5 9F       		.byte	0x9f
 767 00a6 00000000 		.4byte	0
 768 00aa 00000000 		.4byte	0
 769              		.section	.debug_aranges,"",%progbits
 770 0000 3C000000 		.4byte	0x3c
 771 0004 0200     		.2byte	0x2
 772 0006 00000000 		.4byte	.Ldebug_info0
 773 000a 04       		.byte	0x4
 774 000b 00       		.byte	0
 775 000c 0000     		.2byte	0
 776 000e 0000     		.2byte	0
 777 0010 00000000 		.4byte	.LFB0
 778 0014 28000000 		.4byte	.LFE0-.LFB0
 779 0018 00000000 		.4byte	.LFB3
 780 001c 10000000 		.4byte	.LFE3-.LFB3
 781 0020 00000000 		.4byte	.LFB1
 782 0024 18000000 		.4byte	.LFE1-.LFB1
 783 0028 00000000 		.4byte	.LFB4
 784 002c 10000000 		.4byte	.LFE4-.LFB4
 785 0030 00000000 		.4byte	.LFB2
 786 0034 28000000 		.4byte	.LFE2-.LFB2
 787 0038 00000000 		.4byte	0
 788 003c 00000000 		.4byte	0
 789              		.section	.debug_ranges,"",%progbits
 790              	.Ldebug_ranges0:
 791 0000 00000000 		.4byte	.LFB0
 792 0004 28000000 		.4byte	.LFE0
 793 0008 00000000 		.4byte	.LFB3
 794 000c 10000000 		.4byte	.LFE3
 795 0010 00000000 		.4byte	.LFB1
 796 0014 18000000 		.4byte	.LFE1
 797 0018 00000000 		.4byte	.LFB4
 798 001c 10000000 		.4byte	.LFE4
 799 0020 00000000 		.4byte	.LFB2
 800 0024 28000000 		.4byte	.LFE2
ARM GAS  C:\Users\samue\AppData\Local\Temp\cca5sMlH.s 			page 18


 801 0028 00000000 		.4byte	0
 802 002c 00000000 		.4byte	0
 803              		.section	.debug_line,"",%progbits
 804              	.Ldebug_line0:
 805 0000 D7000000 		.section	.debug_str,"MS",%progbits,1
 805      02005500 
 805      00000201 
 805      FB0E0D00 
 805      01010101 
 806              	.LASF15:
 807 0000 6368616E 		.ascii	"channel\000"
 807      6E656C00 
 808              	.LASF13:
 809 0008 414D7578 		.ascii	"AMux_1_Connect\000"
 809      5F315F43 
 809      6F6E6E65 
 809      637400
 810              	.LASF21:
 811 0017 414D7578 		.ascii	"AMux_1_CYAMUXSIDE_B_Unset\000"
 811      5F315F43 
 811      59414D55 
 811      58534944 
 811      455F425F 
 812              	.LASF22:
 813 0031 414D7578 		.ascii	"AMux_1_CYAMUXSIDE_A_Set\000"
 813      5F315F43 
 813      59414D55 
 813      58534944 
 813      455F415F 
 814              	.LASF25:
 815 0049 47656E65 		.ascii	"Generated_Source\\PSoC4\\AMux_1.c\000"
 815      72617465 
 815      645F536F 
 815      75726365 
 815      5C50536F 
 816              	.LASF9:
 817 0069 666C6F61 		.ascii	"float\000"
 817      7400
 818              	.LASF20:
 819 006f 414D7578 		.ascii	"AMux_1_CYAMUXSIDE_A_Unset\000"
 819      5F315F43 
 819      59414D55 
 819      58534944 
 819      455F415F 
 820              	.LASF1:
 821 0089 756E7369 		.ascii	"unsigned char\000"
 821      676E6564 
 821      20636861 
 821      7200
 822              	.LASF17:
 823 0097 414D7578 		.ascii	"AMux_1_FastSelect\000"
 823      5F315F46 
 823      61737453 
 823      656C6563 
 823      7400
 824              	.LASF5:
 825 00a9 6C6F6E67 		.ascii	"long unsigned int\000"
ARM GAS  C:\Users\samue\AppData\Local\Temp\cca5sMlH.s 			page 19


 825      20756E73 
 825      69676E65 
 825      6420696E 
 825      7400
 826              	.LASF3:
 827 00bb 73686F72 		.ascii	"short unsigned int\000"
 827      7420756E 
 827      7369676E 
 827      65642069 
 827      6E7400
 828              	.LASF23:
 829 00ce 414D7578 		.ascii	"AMux_1_CYAMUXSIDE_B_Set\000"
 829      5F315F43 
 829      59414D55 
 829      58534944 
 829      455F425F 
 830              	.LASF10:
 831 00e6 646F7562 		.ascii	"double\000"
 831      6C6500
 832              	.LASF12:
 833 00ed 414D7578 		.ascii	"AMux_1_Start\000"
 833      5F315F53 
 833      74617274 
 833      00
 834              	.LASF8:
 835 00fa 756E7369 		.ascii	"unsigned int\000"
 835      676E6564 
 835      20696E74 
 835      00
 836              	.LASF7:
 837 0107 6C6F6E67 		.ascii	"long long unsigned int\000"
 837      206C6F6E 
 837      6720756E 
 837      7369676E 
 837      65642069 
 838              	.LASF16:
 839 011e 414D7578 		.ascii	"AMux_1_Disconnect\000"
 839      5F315F44 
 839      6973636F 
 839      6E6E6563 
 839      7400
 840              	.LASF18:
 841 0130 6368616E 		.ascii	"chan\000"
 841      00
 842              	.LASF6:
 843 0135 6C6F6E67 		.ascii	"long long int\000"
 843      206C6F6E 
 843      6720696E 
 843      7400
 844              	.LASF11:
 845 0143 63686172 		.ascii	"char\000"
 845      00
 846              	.LASF14:
 847 0148 414D7578 		.ascii	"AMux_1_Select\000"
 847      5F315F53 
 847      656C6563 
 847      7400
ARM GAS  C:\Users\samue\AppData\Local\Temp\cca5sMlH.s 			page 20


 848              	.LASF2:
 849 0156 73686F72 		.ascii	"short int\000"
 849      7420696E 
 849      7400
 850              	.LASF27:
 851 0160 75696E74 		.ascii	"uint8\000"
 851      3800
 852              	.LASF26:
 853 0166 433A5C55 		.ascii	"C:\\Users\\samue\\OneDrive\\Documents\\GitHub\\Li-C"
 853      73657273 
 853      5C73616D 
 853      75655C4F 
 853      6E654472 
 854 0193 656C6C54 		.ascii	"ellTesting_Script\\TJ Temperature Spatial Profile.c"
 854      65737469 
 854      6E675F53 
 854      63726970 
 854      745C544A 
 855 01c5 7964736E 		.ascii	"ydsn\000"
 855      00
 856              	.LASF4:
 857 01ca 6C6F6E67 		.ascii	"long int\000"
 857      20696E74 
 857      00
 858              	.LASF24:
 859 01d3 474E5520 		.ascii	"GNU C11 5.4.1 20160609 (release) [ARM/embedded-5-br"
 859      43313120 
 859      352E342E 
 859      31203230 
 859      31363036 
 860 0206 616E6368 		.ascii	"anch revision 237715] -mcpu=cortex-m0plus -mthumb -"
 860      20726576 
 860      6973696F 
 860      6E203233 
 860      37373135 
 861 0239 67202D4F 		.ascii	"g -Og -ffunction-sections -ffat-lto-objects\000"
 861      67202D66 
 861      66756E63 
 861      74696F6E 
 861      2D736563 
 862              	.LASF0:
 863 0265 7369676E 		.ascii	"signed char\000"
 863      65642063 
 863      68617200 
 864              	.LASF19:
 865 0271 414D7578 		.ascii	"AMux_1_lastChannel\000"
 865      5F315F6C 
 865      61737443 
 865      68616E6E 
 865      656C00
 866              		.ident	"GCC: (GNU Tools for ARM Embedded Processors) 5.4.1 20160609 (release) [ARM/embedded-5-bran
