ARM GAS  C:\Users\cdrow\AppData\Local\Temp\ccs1fWF7.s 			page 1


   1              		.syntax unified
   2              		.cpu cortex-m0plus
   3              		.fpu softvfp
   4              		.eabi_attribute 20, 1
   5              		.eabi_attribute 21, 1
   6              		.eabi_attribute 23, 3
   7              		.eabi_attribute 24, 1
   8              		.eabi_attribute 25, 1
   9              		.eabi_attribute 26, 1
  10              		.eabi_attribute 30, 1
  11              		.eabi_attribute 34, 0
  12              		.eabi_attribute 18, 4
  13              		.thumb
  14              		.syntax unified
  15              		.file	"cyfitter_cfg.c"
  16              		.text
  17              	.Ltext0:
  18              		.cfi_sections	.debug_frame
  19              		.section	.psocinit,"ax",%progbits
  20              		.align	2
  21              		.code	16
  22              		.thumb_func
  23              		.type	ClockSetup, %function
  24              	ClockSetup:
  25              	.LFB4:
  26              		.file 1 "Generated_Source\\PSoC4\\cyfitter_cfg.c"
   1:Generated_Source\PSoC4/cyfitter_cfg.c **** 
   2:Generated_Source\PSoC4/cyfitter_cfg.c **** /*******************************************************************************
   3:Generated_Source\PSoC4/cyfitter_cfg.c **** * File Name: cyfitter_cfg.c
   4:Generated_Source\PSoC4/cyfitter_cfg.c **** * 
   5:Generated_Source\PSoC4/cyfitter_cfg.c **** * PSoC Creator  4.4
   6:Generated_Source\PSoC4/cyfitter_cfg.c **** *
   7:Generated_Source\PSoC4/cyfitter_cfg.c **** * Description:
   8:Generated_Source\PSoC4/cyfitter_cfg.c **** * This file contains device initialization code.
   9:Generated_Source\PSoC4/cyfitter_cfg.c **** * Except for the user defined sections in CyClockStartupError(), this file should not be modified.
  10:Generated_Source\PSoC4/cyfitter_cfg.c **** * This file is automatically generated by PSoC Creator.
  11:Generated_Source\PSoC4/cyfitter_cfg.c **** *
  12:Generated_Source\PSoC4/cyfitter_cfg.c **** ********************************************************************************
  13:Generated_Source\PSoC4/cyfitter_cfg.c **** * Copyright (c) 2007-2020 Cypress Semiconductor.  All rights reserved.
  14:Generated_Source\PSoC4/cyfitter_cfg.c **** * You may use this file only in accordance with the license, terms, conditions, 
  15:Generated_Source\PSoC4/cyfitter_cfg.c **** * disclaimers, and limitations in the end user license agreement accompanying 
  16:Generated_Source\PSoC4/cyfitter_cfg.c **** * the software package with which this file was provided.
  17:Generated_Source\PSoC4/cyfitter_cfg.c **** ********************************************************************************/
  18:Generated_Source\PSoC4/cyfitter_cfg.c **** 
  19:Generated_Source\PSoC4/cyfitter_cfg.c **** #include <string.h>
  20:Generated_Source\PSoC4/cyfitter_cfg.c **** #include "cytypes.h"
  21:Generated_Source\PSoC4/cyfitter_cfg.c **** #include "cydevice_trm.h"
  22:Generated_Source\PSoC4/cyfitter_cfg.c **** #include "cyfitter.h"
  23:Generated_Source\PSoC4/cyfitter_cfg.c **** #include "CyLib.h"
  24:Generated_Source\PSoC4/cyfitter_cfg.c **** #include "CyLFClk.h"
  25:Generated_Source\PSoC4/cyfitter_cfg.c **** #include "cyfitter_cfg.h"
  26:Generated_Source\PSoC4/cyfitter_cfg.c **** #include "cyapicallbacks.h"
  27:Generated_Source\PSoC4/cyfitter_cfg.c **** 
  28:Generated_Source\PSoC4/cyfitter_cfg.c **** 
  29:Generated_Source\PSoC4/cyfitter_cfg.c **** #if defined(__GNUC__) || defined(__ARMCC_VERSION)
  30:Generated_Source\PSoC4/cyfitter_cfg.c ****     #define CYPACKED 
  31:Generated_Source\PSoC4/cyfitter_cfg.c ****     #define CYPACKED_ATTR __attribute__ ((packed))
ARM GAS  C:\Users\cdrow\AppData\Local\Temp\ccs1fWF7.s 			page 2


  32:Generated_Source\PSoC4/cyfitter_cfg.c ****     #define CYALIGNED __attribute__ ((aligned))
  33:Generated_Source\PSoC4/cyfitter_cfg.c ****     #define CY_CFG_UNUSED __attribute__ ((unused))
  34:Generated_Source\PSoC4/cyfitter_cfg.c ****     #ifndef CY_CFG_SECTION
  35:Generated_Source\PSoC4/cyfitter_cfg.c ****         #define CY_CFG_SECTION __attribute__ ((section(".psocinit")))
  36:Generated_Source\PSoC4/cyfitter_cfg.c ****     #endif
  37:Generated_Source\PSoC4/cyfitter_cfg.c ****     
  38:Generated_Source\PSoC4/cyfitter_cfg.c ****     #if defined(__ARMCC_VERSION)
  39:Generated_Source\PSoC4/cyfitter_cfg.c ****         #define CY_CFG_MEMORY_BARRIER() __memory_changed()
  40:Generated_Source\PSoC4/cyfitter_cfg.c ****     #else
  41:Generated_Source\PSoC4/cyfitter_cfg.c ****         #define CY_CFG_MEMORY_BARRIER() __sync_synchronize()
  42:Generated_Source\PSoC4/cyfitter_cfg.c ****     #endif
  43:Generated_Source\PSoC4/cyfitter_cfg.c ****     
  44:Generated_Source\PSoC4/cyfitter_cfg.c **** #elif defined(__ICCARM__)
  45:Generated_Source\PSoC4/cyfitter_cfg.c ****     #include <intrinsics.h>
  46:Generated_Source\PSoC4/cyfitter_cfg.c **** 
  47:Generated_Source\PSoC4/cyfitter_cfg.c ****     #define CYPACKED __packed
  48:Generated_Source\PSoC4/cyfitter_cfg.c ****     #define CYPACKED_ATTR 
  49:Generated_Source\PSoC4/cyfitter_cfg.c ****     #define CYALIGNED _Pragma("data_alignment=4")
  50:Generated_Source\PSoC4/cyfitter_cfg.c ****     #define CY_CFG_UNUSED _Pragma("diag_suppress=Pe177")
  51:Generated_Source\PSoC4/cyfitter_cfg.c ****     #define CY_CFG_SECTION _Pragma("location=\".psocinit\"")
  52:Generated_Source\PSoC4/cyfitter_cfg.c ****     
  53:Generated_Source\PSoC4/cyfitter_cfg.c ****     #define CY_CFG_MEMORY_BARRIER() __DMB()
  54:Generated_Source\PSoC4/cyfitter_cfg.c ****     
  55:Generated_Source\PSoC4/cyfitter_cfg.c **** #else
  56:Generated_Source\PSoC4/cyfitter_cfg.c ****     #error Unsupported toolchain
  57:Generated_Source\PSoC4/cyfitter_cfg.c **** #endif
  58:Generated_Source\PSoC4/cyfitter_cfg.c **** 
  59:Generated_Source\PSoC4/cyfitter_cfg.c **** #ifndef CYCODE
  60:Generated_Source\PSoC4/cyfitter_cfg.c ****     #define CYCODE
  61:Generated_Source\PSoC4/cyfitter_cfg.c **** #endif
  62:Generated_Source\PSoC4/cyfitter_cfg.c **** #ifndef CYDATA
  63:Generated_Source\PSoC4/cyfitter_cfg.c ****     #define CYDATA
  64:Generated_Source\PSoC4/cyfitter_cfg.c **** #endif
  65:Generated_Source\PSoC4/cyfitter_cfg.c **** #ifndef CYFAR
  66:Generated_Source\PSoC4/cyfitter_cfg.c ****     #define CYFAR
  67:Generated_Source\PSoC4/cyfitter_cfg.c **** #endif
  68:Generated_Source\PSoC4/cyfitter_cfg.c **** #ifndef CYXDATA
  69:Generated_Source\PSoC4/cyfitter_cfg.c ****     #define CYXDATA
  70:Generated_Source\PSoC4/cyfitter_cfg.c **** #endif
  71:Generated_Source\PSoC4/cyfitter_cfg.c **** 
  72:Generated_Source\PSoC4/cyfitter_cfg.c **** 
  73:Generated_Source\PSoC4/cyfitter_cfg.c **** CY_CFG_UNUSED
  74:Generated_Source\PSoC4/cyfitter_cfg.c **** static void CYMEMZERO(void *s, size_t n);
  75:Generated_Source\PSoC4/cyfitter_cfg.c **** CY_CFG_UNUSED
  76:Generated_Source\PSoC4/cyfitter_cfg.c **** static void CYMEMZERO(void *s, size_t n)
  77:Generated_Source\PSoC4/cyfitter_cfg.c **** {
  78:Generated_Source\PSoC4/cyfitter_cfg.c **** 	(void)memset(s, 0, n);
  79:Generated_Source\PSoC4/cyfitter_cfg.c **** }
  80:Generated_Source\PSoC4/cyfitter_cfg.c **** CY_CFG_UNUSED
  81:Generated_Source\PSoC4/cyfitter_cfg.c **** static void CYCONFIGCPY(void *dest, const void *src, size_t n);
  82:Generated_Source\PSoC4/cyfitter_cfg.c **** CY_CFG_UNUSED
  83:Generated_Source\PSoC4/cyfitter_cfg.c **** static void CYCONFIGCPY(void *dest, const void *src, size_t n)
  84:Generated_Source\PSoC4/cyfitter_cfg.c **** {
  85:Generated_Source\PSoC4/cyfitter_cfg.c **** 	(void)memcpy(dest, src, n);
  86:Generated_Source\PSoC4/cyfitter_cfg.c **** }
  87:Generated_Source\PSoC4/cyfitter_cfg.c **** CY_CFG_UNUSED
  88:Generated_Source\PSoC4/cyfitter_cfg.c **** static void CYCONFIGCPYCODE(void *dest, const void *src, size_t n);
ARM GAS  C:\Users\cdrow\AppData\Local\Temp\ccs1fWF7.s 			page 3


  89:Generated_Source\PSoC4/cyfitter_cfg.c **** CY_CFG_UNUSED
  90:Generated_Source\PSoC4/cyfitter_cfg.c **** static void CYCONFIGCPYCODE(void *dest, const void *src, size_t n)
  91:Generated_Source\PSoC4/cyfitter_cfg.c **** {
  92:Generated_Source\PSoC4/cyfitter_cfg.c **** 	(void)memcpy(dest, src, n);
  93:Generated_Source\PSoC4/cyfitter_cfg.c **** }
  94:Generated_Source\PSoC4/cyfitter_cfg.c **** 
  95:Generated_Source\PSoC4/cyfitter_cfg.c **** 
  96:Generated_Source\PSoC4/cyfitter_cfg.c **** 
  97:Generated_Source\PSoC4/cyfitter_cfg.c **** 
  98:Generated_Source\PSoC4/cyfitter_cfg.c **** /* Clock startup error codes                                                   */
  99:Generated_Source\PSoC4/cyfitter_cfg.c **** #define CYCLOCKSTART_NO_ERROR    0u
 100:Generated_Source\PSoC4/cyfitter_cfg.c **** #define CYCLOCKSTART_XTAL_ERROR  1u
 101:Generated_Source\PSoC4/cyfitter_cfg.c **** #define CYCLOCKSTART_32KHZ_ERROR 2u
 102:Generated_Source\PSoC4/cyfitter_cfg.c **** #define CYCLOCKSTART_PLL_ERROR   3u
 103:Generated_Source\PSoC4/cyfitter_cfg.c **** #define CYCLOCKSTART_FLL_ERROR   4u
 104:Generated_Source\PSoC4/cyfitter_cfg.c **** #define CYCLOCKSTART_WCO_ERROR   5u
 105:Generated_Source\PSoC4/cyfitter_cfg.c **** 
 106:Generated_Source\PSoC4/cyfitter_cfg.c **** 
 107:Generated_Source\PSoC4/cyfitter_cfg.c **** #ifdef CY_NEED_CYCLOCKSTARTUPERROR
 108:Generated_Source\PSoC4/cyfitter_cfg.c **** /*******************************************************************************
 109:Generated_Source\PSoC4/cyfitter_cfg.c **** * Function Name: CyClockStartupError
 110:Generated_Source\PSoC4/cyfitter_cfg.c **** ********************************************************************************
 111:Generated_Source\PSoC4/cyfitter_cfg.c **** * Summary:
 112:Generated_Source\PSoC4/cyfitter_cfg.c **** *  If an error is encountered during clock configuration (crystal startup error,
 113:Generated_Source\PSoC4/cyfitter_cfg.c **** *  PLL lock error, etc.), the system will end up here.  Unless reimplemented by
 114:Generated_Source\PSoC4/cyfitter_cfg.c **** *  the customer, this function will stop in an infinite loop.
 115:Generated_Source\PSoC4/cyfitter_cfg.c **** *
 116:Generated_Source\PSoC4/cyfitter_cfg.c **** * Parameters:
 117:Generated_Source\PSoC4/cyfitter_cfg.c **** *   void
 118:Generated_Source\PSoC4/cyfitter_cfg.c **** *
 119:Generated_Source\PSoC4/cyfitter_cfg.c **** * Return:
 120:Generated_Source\PSoC4/cyfitter_cfg.c **** *   void
 121:Generated_Source\PSoC4/cyfitter_cfg.c **** *
 122:Generated_Source\PSoC4/cyfitter_cfg.c **** *******************************************************************************/
 123:Generated_Source\PSoC4/cyfitter_cfg.c **** CY_CFG_UNUSED
 124:Generated_Source\PSoC4/cyfitter_cfg.c **** static void CyClockStartupError(uint8 errorCode);
 125:Generated_Source\PSoC4/cyfitter_cfg.c **** CY_CFG_UNUSED
 126:Generated_Source\PSoC4/cyfitter_cfg.c **** static void CyClockStartupError(uint8 errorCode)
 127:Generated_Source\PSoC4/cyfitter_cfg.c **** {
 128:Generated_Source\PSoC4/cyfitter_cfg.c ****     /* To remove the compiler warning if errorCode not used.                */
 129:Generated_Source\PSoC4/cyfitter_cfg.c ****     errorCode = errorCode;
 130:Generated_Source\PSoC4/cyfitter_cfg.c **** 
 131:Generated_Source\PSoC4/cyfitter_cfg.c ****     /* If we have a clock startup error (bad MHz crystal, PLL lock, etc.),  */
 132:Generated_Source\PSoC4/cyfitter_cfg.c ****     /* we will end up here to allow the customer to implement something to  */
 133:Generated_Source\PSoC4/cyfitter_cfg.c ****     /* deal with the clock condition.                                       */
 134:Generated_Source\PSoC4/cyfitter_cfg.c **** 
 135:Generated_Source\PSoC4/cyfitter_cfg.c **** #ifdef CY_CFG_CLOCK_STARTUP_ERROR_CALLBACK
 136:Generated_Source\PSoC4/cyfitter_cfg.c ****     CY_CFG_Clock_Startup_ErrorCallback();
 137:Generated_Source\PSoC4/cyfitter_cfg.c **** #else
 138:Generated_Source\PSoC4/cyfitter_cfg.c ****     /*  If not using CY_CFG_CLOCK_STARTUP_ERROR_CALLBACK, place your clock startup code here. */
 139:Generated_Source\PSoC4/cyfitter_cfg.c ****     /* `#START CyClockStartupError` */
 140:Generated_Source\PSoC4/cyfitter_cfg.c **** 
 141:Generated_Source\PSoC4/cyfitter_cfg.c **** 
 142:Generated_Source\PSoC4/cyfitter_cfg.c **** 
 143:Generated_Source\PSoC4/cyfitter_cfg.c ****     /* `#END` */
 144:Generated_Source\PSoC4/cyfitter_cfg.c **** 
 145:Generated_Source\PSoC4/cyfitter_cfg.c ****     while(1) {}
ARM GAS  C:\Users\cdrow\AppData\Local\Temp\ccs1fWF7.s 			page 4


 146:Generated_Source\PSoC4/cyfitter_cfg.c **** #endif /* CY_CFG_CLOCK_STARTUP_ERROR_CALLBACK */
 147:Generated_Source\PSoC4/cyfitter_cfg.c **** }
 148:Generated_Source\PSoC4/cyfitter_cfg.c **** #endif
 149:Generated_Source\PSoC4/cyfitter_cfg.c **** 
 150:Generated_Source\PSoC4/cyfitter_cfg.c **** 
 151:Generated_Source\PSoC4/cyfitter_cfg.c **** 
 152:Generated_Source\PSoC4/cyfitter_cfg.c **** /*******************************************************************************
 153:Generated_Source\PSoC4/cyfitter_cfg.c **** * Function Name: ClockSetup
 154:Generated_Source\PSoC4/cyfitter_cfg.c **** ********************************************************************************
 155:Generated_Source\PSoC4/cyfitter_cfg.c **** *
 156:Generated_Source\PSoC4/cyfitter_cfg.c **** * Summary:
 157:Generated_Source\PSoC4/cyfitter_cfg.c **** *   Performs the initialization of all of the clocks in the device based on the
 158:Generated_Source\PSoC4/cyfitter_cfg.c **** *   settings in the Clock tab of the DWR.  This includes enabling the requested
 159:Generated_Source\PSoC4/cyfitter_cfg.c **** *   clocks and setting the necessary dividers to produce the desired frequency. 
 160:Generated_Source\PSoC4/cyfitter_cfg.c **** *
 161:Generated_Source\PSoC4/cyfitter_cfg.c **** * Parameters:
 162:Generated_Source\PSoC4/cyfitter_cfg.c **** *   void
 163:Generated_Source\PSoC4/cyfitter_cfg.c **** *
 164:Generated_Source\PSoC4/cyfitter_cfg.c **** * Return:
 165:Generated_Source\PSoC4/cyfitter_cfg.c **** *   void
 166:Generated_Source\PSoC4/cyfitter_cfg.c **** *
 167:Generated_Source\PSoC4/cyfitter_cfg.c **** *******************************************************************************/
 168:Generated_Source\PSoC4/cyfitter_cfg.c **** static void ClockSetup(void);
 169:Generated_Source\PSoC4/cyfitter_cfg.c **** CY_CFG_SECTION
 170:Generated_Source\PSoC4/cyfitter_cfg.c **** static void ClockSetup(void)
 171:Generated_Source\PSoC4/cyfitter_cfg.c **** {
  27              		.loc 1 171 0
  28              		.cfi_startproc
  29              		@ args = 0, pretend = 0, frame = 0
  30              		@ frame_needed = 0, uses_anonymous_args = 0
  31 0000 10B5     		push	{r4, lr}
  32              		.cfi_def_cfa_offset 8
  33              		.cfi_offset 4, -8
  34              		.cfi_offset 14, -4
 172:Generated_Source\PSoC4/cyfitter_cfg.c **** 
 173:Generated_Source\PSoC4/cyfitter_cfg.c **** 	/* Set Flash Cycles based on max possible frequency in case a glitch occurs during ClockSetup(). *
 174:Generated_Source\PSoC4/cyfitter_cfg.c **** 	CY_SET_REG32((void CYXDATA *)(CYREG_CPUSS_FLASH_CTL), (0x0012u));
  35              		.loc 1 174 0
  36 0002 1D4C     		ldr	r4, .L2
  37 0004 1223     		movs	r3, #18
  38 0006 2360     		str	r3, [r4]
 175:Generated_Source\PSoC4/cyfitter_cfg.c **** 	/* Update IMO to new clock speed. */
 176:Generated_Source\PSoC4/cyfitter_cfg.c **** 	CySysClkWriteImoFreq(24u);
  39              		.loc 1 176 0
  40 0008 1820     		movs	r0, #24
  41 000a FFF7FEFF 		bl	CySysClkWriteImoFreq
  42              	.LVL0:
 177:Generated_Source\PSoC4/cyfitter_cfg.c **** 
 178:Generated_Source\PSoC4/cyfitter_cfg.c **** 	/* Setup phase aligned clocks */
 179:Generated_Source\PSoC4/cyfitter_cfg.c **** 	CY_SET_REG32((void *)CYREG_PERI_DIV_16_CTL0, 0x00000100u);
  43              		.loc 1 179 0
  44 000e 8022     		movs	r2, #128
  45 0010 5200     		lsls	r2, r2, #1
  46 0012 1A4B     		ldr	r3, .L2+4
  47 0014 1A60     		str	r2, [r3]
 180:Generated_Source\PSoC4/cyfitter_cfg.c **** 	CY_SET_REG32((void *)CYREG_PERI_DIV_CMD, 0x8000FF40u);
  48              		.loc 1 180 0
ARM GAS  C:\Users\cdrow\AppData\Local\Temp\ccs1fWF7.s 			page 5


  49 0016 8023     		movs	r3, #128
  50 0018 DB05     		lsls	r3, r3, #23
  51 001a 1949     		ldr	r1, .L2+8
  52 001c 1960     		str	r1, [r3]
 181:Generated_Source\PSoC4/cyfitter_cfg.c **** 	CY_SET_REG32((void *)CYREG_PERI_DIV_16_CTL1, 0x00000100u);
  53              		.loc 1 181 0
  54 001e 1949     		ldr	r1, .L2+12
  55 0020 0A60     		str	r2, [r1]
 182:Generated_Source\PSoC4/cyfitter_cfg.c **** 	CY_SET_REG32((void *)CYREG_PERI_DIV_CMD, 0x8000FF41u);
  56              		.loc 1 182 0
  57 0022 194A     		ldr	r2, .L2+16
  58 0024 1A60     		str	r2, [r3]
 183:Generated_Source\PSoC4/cyfitter_cfg.c **** 	CY_SET_REG32((void *)CYREG_PERI_DIV_16_CTL2, 0x00000E00u);
  59              		.loc 1 183 0
  60 0026 E021     		movs	r1, #224
  61 0028 0901     		lsls	r1, r1, #4
  62 002a 184A     		ldr	r2, .L2+20
  63 002c 1160     		str	r1, [r2]
 184:Generated_Source\PSoC4/cyfitter_cfg.c **** 	CY_SET_REG32((void *)CYREG_PERI_DIV_CMD, 0x8000FF42u);
  64              		.loc 1 184 0
  65 002e 184A     		ldr	r2, .L2+24
  66 0030 1A60     		str	r2, [r3]
 185:Generated_Source\PSoC4/cyfitter_cfg.c **** 	CY_SET_REG32((void *)CYREG_PERI_DIV_16_CTL3, 0x00001000u);
  67              		.loc 1 185 0
  68 0032 8021     		movs	r1, #128
  69 0034 4901     		lsls	r1, r1, #5
  70 0036 174A     		ldr	r2, .L2+28
  71 0038 1160     		str	r1, [r2]
 186:Generated_Source\PSoC4/cyfitter_cfg.c **** 	CY_SET_REG32((void *)CYREG_PERI_DIV_CMD, 0x8000FF43u);
  72              		.loc 1 186 0
  73 003a 174A     		ldr	r2, .L2+32
  74 003c 1A60     		str	r2, [r3]
 187:Generated_Source\PSoC4/cyfitter_cfg.c **** 
 188:Generated_Source\PSoC4/cyfitter_cfg.c **** 	/* CYDEV_CLK_SELECT Starting address: CYDEV_CLK_SELECT */
 189:Generated_Source\PSoC4/cyfitter_cfg.c **** 	CY_SET_REG32((void *)(CYREG_CLK_SELECT), 0x00000020u);
  75              		.loc 1 189 0
  76 003e 2022     		movs	r2, #32
  77 0040 164B     		ldr	r3, .L2+36
  78 0042 1A60     		str	r2, [r3]
 190:Generated_Source\PSoC4/cyfitter_cfg.c **** 
 191:Generated_Source\PSoC4/cyfitter_cfg.c **** 	/* CYDEV_PERI_PCLK_CTL12 Starting address: CYDEV_PERI_PCLK_CTL12 */
 192:Generated_Source\PSoC4/cyfitter_cfg.c **** 	CY_SET_REG32((void *)(CYREG_PERI_PCLK_CTL12), 0x00000041u);
  79              		.loc 1 192 0
  80 0044 2132     		adds	r2, r2, #33
  81 0046 164B     		ldr	r3, .L2+40
  82 0048 1A60     		str	r2, [r3]
 193:Generated_Source\PSoC4/cyfitter_cfg.c **** 
 194:Generated_Source\PSoC4/cyfitter_cfg.c **** 	/* CYDEV_PERI_PCLK_CTL2 Starting address: CYDEV_PERI_PCLK_CTL2 */
 195:Generated_Source\PSoC4/cyfitter_cfg.c **** 	CY_SET_REG32((void *)(CYREG_PERI_PCLK_CTL2), 0x00000042u);
  83              		.loc 1 195 0
  84 004a 0132     		adds	r2, r2, #1
  85 004c 154B     		ldr	r3, .L2+44
  86 004e 1A60     		str	r2, [r3]
 196:Generated_Source\PSoC4/cyfitter_cfg.c **** 
 197:Generated_Source\PSoC4/cyfitter_cfg.c **** 	/* CYDEV_PERI_PCLK_CTL1 Starting address: CYDEV_PERI_PCLK_CTL1 */
 198:Generated_Source\PSoC4/cyfitter_cfg.c **** 	CY_SET_REG32((void *)(CYREG_PERI_PCLK_CTL1), 0x00000043u);
  87              		.loc 1 198 0
ARM GAS  C:\Users\cdrow\AppData\Local\Temp\ccs1fWF7.s 			page 6


  88 0050 0132     		adds	r2, r2, #1
  89 0052 154B     		ldr	r3, .L2+48
  90 0054 1A60     		str	r2, [r3]
 199:Generated_Source\PSoC4/cyfitter_cfg.c **** 
 200:Generated_Source\PSoC4/cyfitter_cfg.c **** 	(void)CyIntSetVector(11u, &CySysTimerIsr);
  91              		.loc 1 200 0
  92 0056 1549     		ldr	r1, .L2+52
  93 0058 0B20     		movs	r0, #11
  94 005a FFF7FEFF 		bl	CyIntSetVector
  95              	.LVL1:
 201:Generated_Source\PSoC4/cyfitter_cfg.c **** 	CyIntEnable(11u);
  96              		.loc 1 201 0
  97 005e 0B20     		movs	r0, #11
  98 0060 FFF7FEFF 		bl	CyIntEnable
  99              	.LVL2:
 202:Generated_Source\PSoC4/cyfitter_cfg.c **** 	CY_SET_REG32((void *)(CYREG_WCO_WDT_CONFIG), 0x00000000u);
 100              		.loc 1 202 0
 101 0064 0022     		movs	r2, #0
 102 0066 124B     		ldr	r3, .L2+56
 103 0068 1A60     		str	r2, [r3]
 203:Generated_Source\PSoC4/cyfitter_cfg.c **** 	CySysClkSetTimerSource(CY_SYS_CLK_TIMER_SRC_ILO);
 104              		.loc 1 203 0
 105 006a 0020     		movs	r0, #0
 106 006c FFF7FEFF 		bl	CySysClkSetTimerSource
 107              	.LVL3:
 204:Generated_Source\PSoC4/cyfitter_cfg.c **** 	/* Set Flash Cycles based on newly configured 24.00MHz HFCLK. */
 205:Generated_Source\PSoC4/cyfitter_cfg.c **** 	CY_SET_REG32((void CYXDATA *)(CYREG_CPUSS_FLASH_CTL), (0x0011u));
 108              		.loc 1 205 0
 109 0070 1123     		movs	r3, #17
 110 0072 2360     		str	r3, [r4]
 206:Generated_Source\PSoC4/cyfitter_cfg.c **** }
 111              		.loc 1 206 0
 112              		@ sp needed
 113 0074 10BD     		pop	{r4, pc}
 114              	.L3:
 115 0076 C046     		.align	2
 116              	.L2:
 117 0078 30001040 		.word	1074790448
 118 007c 00030040 		.word	1073742592
 119 0080 40FF0080 		.word	-2147418304
 120 0084 04030040 		.word	1073742596
 121 0088 41FF0080 		.word	-2147418303
 122 008c 08030040 		.word	1073742600
 123 0090 42FF0080 		.word	-2147418302
 124 0094 0C030040 		.word	1073742604
 125 0098 43FF0080 		.word	-2147418301
 126 009c 28000340 		.word	1073938472
 127 00a0 30010040 		.word	1073742128
 128 00a4 08010040 		.word	1073742088
 129 00a8 04010040 		.word	1073742084
 130 00ac 00000000 		.word	CySysTimerIsr
 131 00b0 0C020640 		.word	1074135564
 132              		.cfi_endproc
 133              	.LFE4:
 134              		.size	ClockSetup, .-ClockSetup
 135              		.section	.text.SetAnalogRoutingPumps,"ax",%progbits
 136              		.align	2
ARM GAS  C:\Users\cdrow\AppData\Local\Temp\ccs1fWF7.s 			page 7


 137              		.global	SetAnalogRoutingPumps
 138              		.code	16
 139              		.thumb_func
 140              		.type	SetAnalogRoutingPumps, %function
 141              	SetAnalogRoutingPumps:
 142              	.LFB6:
 207:Generated_Source\PSoC4/cyfitter_cfg.c **** 
 208:Generated_Source\PSoC4/cyfitter_cfg.c **** 
 209:Generated_Source\PSoC4/cyfitter_cfg.c **** /* Analog API Functions */
 210:Generated_Source\PSoC4/cyfitter_cfg.c **** 
 211:Generated_Source\PSoC4/cyfitter_cfg.c **** 
 212:Generated_Source\PSoC4/cyfitter_cfg.c **** /*******************************************************************************
 213:Generated_Source\PSoC4/cyfitter_cfg.c **** * Function Name: AnalogSetDefault
 214:Generated_Source\PSoC4/cyfitter_cfg.c **** ********************************************************************************
 215:Generated_Source\PSoC4/cyfitter_cfg.c **** *
 216:Generated_Source\PSoC4/cyfitter_cfg.c **** * Summary:
 217:Generated_Source\PSoC4/cyfitter_cfg.c **** *  Sets up the analog portions of the chip to default values based on chip
 218:Generated_Source\PSoC4/cyfitter_cfg.c **** *  configuration options from the project.
 219:Generated_Source\PSoC4/cyfitter_cfg.c **** *
 220:Generated_Source\PSoC4/cyfitter_cfg.c **** * Parameters:
 221:Generated_Source\PSoC4/cyfitter_cfg.c **** *  void
 222:Generated_Source\PSoC4/cyfitter_cfg.c **** *
 223:Generated_Source\PSoC4/cyfitter_cfg.c **** * Return:
 224:Generated_Source\PSoC4/cyfitter_cfg.c **** *  void
 225:Generated_Source\PSoC4/cyfitter_cfg.c **** *
 226:Generated_Source\PSoC4/cyfitter_cfg.c **** *******************************************************************************/
 227:Generated_Source\PSoC4/cyfitter_cfg.c **** static void AnalogSetDefault(void);
 228:Generated_Source\PSoC4/cyfitter_cfg.c **** static void AnalogSetDefault(void)
 229:Generated_Source\PSoC4/cyfitter_cfg.c **** {
 230:Generated_Source\PSoC4/cyfitter_cfg.c **** 	CY_SET_XTND_REG32((void CYFAR *)CYREG_CTB0_CTB_CTRL, 0x80000000u);
 231:Generated_Source\PSoC4/cyfitter_cfg.c **** 	CY_SET_XTND_REG32((void CYFAR *)CYREG_CTB0_OA0_SW, 0x20000010u);
 232:Generated_Source\PSoC4/cyfitter_cfg.c **** 	CY_SET_XTND_REG32((void CYFAR *)CYREG_CTB0_CTBBUS_SW, 0x00000400u);
 233:Generated_Source\PSoC4/cyfitter_cfg.c **** 	CY_SET_XTND_REG32((void CYFAR *)CYREG_ART_CTRL, 0x80000000u);
 234:Generated_Source\PSoC4/cyfitter_cfg.c **** 	CY_SET_XTND_REG32((void CYFAR *)CYREG_ART_SARMUXVPLUS_SW, 0x01000001u);
 235:Generated_Source\PSoC4/cyfitter_cfg.c **** 	CY_SET_XTND_REG32((void CYFAR *)CYREG_PASS_PASS_CTRL, 0x00000003u);
 236:Generated_Source\PSoC4/cyfitter_cfg.c **** 	CY_SET_XTND_REG32((void CYFAR *)CYREG_PASS_PRB_CTRL, 0x80000001u);
 237:Generated_Source\PSoC4/cyfitter_cfg.c **** 	CY_SET_XTND_REG32((void CYFAR *)CYREG_PASS_PRB_REF0, 0x000000F1u);
 238:Generated_Source\PSoC4/cyfitter_cfg.c **** 	CY_SET_XTND_REG32((void CYFAR *)CYREG_PASS_DSAB_DSAB_CTRL, 0x00000020u);
 239:Generated_Source\PSoC4/cyfitter_cfg.c **** 	SetAnalogRoutingPumps(1);
 240:Generated_Source\PSoC4/cyfitter_cfg.c **** }
 241:Generated_Source\PSoC4/cyfitter_cfg.c **** 
 242:Generated_Source\PSoC4/cyfitter_cfg.c **** 
 243:Generated_Source\PSoC4/cyfitter_cfg.c **** /*******************************************************************************
 244:Generated_Source\PSoC4/cyfitter_cfg.c **** * Function Name: SetAnalogRoutingPumps
 245:Generated_Source\PSoC4/cyfitter_cfg.c **** ********************************************************************************
 246:Generated_Source\PSoC4/cyfitter_cfg.c **** *
 247:Generated_Source\PSoC4/cyfitter_cfg.c **** * Summary:
 248:Generated_Source\PSoC4/cyfitter_cfg.c **** * Enables or disables the analog pumps feeding analog routing switches.
 249:Generated_Source\PSoC4/cyfitter_cfg.c **** * Intended to be called at startup, based on the Vdda system configuration;
 250:Generated_Source\PSoC4/cyfitter_cfg.c **** * may be called during operation when the user informs us that the Vdda voltage crossed the pump th
 251:Generated_Source\PSoC4/cyfitter_cfg.c **** *
 252:Generated_Source\PSoC4/cyfitter_cfg.c **** * Parameters:
 253:Generated_Source\PSoC4/cyfitter_cfg.c **** *  enabled - 1 to enable the pumps, 0 to disable the pumps
 254:Generated_Source\PSoC4/cyfitter_cfg.c **** *
 255:Generated_Source\PSoC4/cyfitter_cfg.c **** * Return:
 256:Generated_Source\PSoC4/cyfitter_cfg.c **** *  void
 257:Generated_Source\PSoC4/cyfitter_cfg.c **** *
ARM GAS  C:\Users\cdrow\AppData\Local\Temp\ccs1fWF7.s 			page 8


 258:Generated_Source\PSoC4/cyfitter_cfg.c **** *******************************************************************************/
 259:Generated_Source\PSoC4/cyfitter_cfg.c **** void SetAnalogRoutingPumps(uint8 enabled)
 260:Generated_Source\PSoC4/cyfitter_cfg.c **** {
 143              		.loc 1 260 0
 144              		.cfi_startproc
 145              		@ args = 0, pretend = 0, frame = 0
 146              		@ frame_needed = 0, uses_anonymous_args = 0
 147              		@ link register save eliminated.
 148              	.LVL4:
 261:Generated_Source\PSoC4/cyfitter_cfg.c **** 	uint32 regValue = CY_GET_XTND_REG32((void *)(CYREG_SAR_PUMP_CTRL));
 149              		.loc 1 261 0
 150 0000 064B     		ldr	r3, .L7
 151 0002 1B68     		ldr	r3, [r3]
 152              	.LVL5:
 262:Generated_Source\PSoC4/cyfitter_cfg.c **** 	if (enabled != 0u)
 153              		.loc 1 262 0
 154 0004 0028     		cmp	r0, #0
 155 0006 03D0     		beq	.L5
 263:Generated_Source\PSoC4/cyfitter_cfg.c **** 	{
 264:Generated_Source\PSoC4/cyfitter_cfg.c **** 		regValue |= 0x80000000u;
 156              		.loc 1 264 0
 157 0008 8022     		movs	r2, #128
 158 000a 1206     		lsls	r2, r2, #24
 159 000c 1343     		orrs	r3, r2
 160              	.LVL6:
 161 000e 01E0     		b	.L6
 162              	.L5:
 265:Generated_Source\PSoC4/cyfitter_cfg.c **** 	}
 266:Generated_Source\PSoC4/cyfitter_cfg.c **** 	else
 267:Generated_Source\PSoC4/cyfitter_cfg.c **** 	{
 268:Generated_Source\PSoC4/cyfitter_cfg.c **** 		regValue &= ~0x80000000u;
 163              		.loc 1 268 0
 164 0010 5B00     		lsls	r3, r3, #1
 165              	.LVL7:
 166 0012 5B08     		lsrs	r3, r3, #1
 167              	.LVL8:
 168              	.L6:
 269:Generated_Source\PSoC4/cyfitter_cfg.c **** 	}
 270:Generated_Source\PSoC4/cyfitter_cfg.c **** 	CY_SET_XTND_REG32((void *)(CYREG_SAR_PUMP_CTRL), regValue);
 169              		.loc 1 270 0
 170 0014 014A     		ldr	r2, .L7
 171 0016 1360     		str	r3, [r2]
 271:Generated_Source\PSoC4/cyfitter_cfg.c **** }
 172              		.loc 1 271 0
 173              		@ sp needed
 174 0018 7047     		bx	lr
 175              	.L8:
 176 001a C046     		.align	2
 177              	.L7:
 178 001c 80033A40 		.word	1077543808
 179              		.cfi_endproc
 180              	.LFE6:
 181              		.size	SetAnalogRoutingPumps, .-SetAnalogRoutingPumps
 182              		.section	.text.AnalogSetDefault,"ax",%progbits
 183              		.align	2
 184              		.code	16
 185              		.thumb_func
ARM GAS  C:\Users\cdrow\AppData\Local\Temp\ccs1fWF7.s 			page 9


 186              		.type	AnalogSetDefault, %function
 187              	AnalogSetDefault:
 188              	.LFB5:
 229:Generated_Source\PSoC4/cyfitter_cfg.c **** 	CY_SET_XTND_REG32((void CYFAR *)CYREG_CTB0_CTB_CTRL, 0x80000000u);
 189              		.loc 1 229 0
 190              		.cfi_startproc
 191              		@ args = 0, pretend = 0, frame = 0
 192              		@ frame_needed = 0, uses_anonymous_args = 0
 193 0000 10B5     		push	{r4, lr}
 194              		.cfi_def_cfa_offset 8
 195              		.cfi_offset 4, -8
 196              		.cfi_offset 14, -4
 230:Generated_Source\PSoC4/cyfitter_cfg.c **** 	CY_SET_XTND_REG32((void CYFAR *)CYREG_CTB0_OA0_SW, 0x20000010u);
 197              		.loc 1 230 0
 198 0002 8023     		movs	r3, #128
 199 0004 1B06     		lsls	r3, r3, #24
 200 0006 0F4A     		ldr	r2, .L10
 201 0008 1360     		str	r3, [r2]
 231:Generated_Source\PSoC4/cyfitter_cfg.c **** 	CY_SET_XTND_REG32((void CYFAR *)CYREG_CTB0_CTBBUS_SW, 0x00000400u);
 202              		.loc 1 231 0
 203 000a 0F49     		ldr	r1, .L10+4
 204 000c 0F4A     		ldr	r2, .L10+8
 205 000e 1160     		str	r1, [r2]
 232:Generated_Source\PSoC4/cyfitter_cfg.c **** 	CY_SET_XTND_REG32((void CYFAR *)CYREG_ART_CTRL, 0x80000000u);
 206              		.loc 1 232 0
 207 0010 8021     		movs	r1, #128
 208 0012 C900     		lsls	r1, r1, #3
 209 0014 0E4A     		ldr	r2, .L10+12
 210 0016 1160     		str	r1, [r2]
 233:Generated_Source\PSoC4/cyfitter_cfg.c **** 	CY_SET_XTND_REG32((void CYFAR *)CYREG_ART_SARMUXVPLUS_SW, 0x01000001u);
 211              		.loc 1 233 0
 212 0018 0E4A     		ldr	r2, .L10+16
 213 001a 1360     		str	r3, [r2]
 234:Generated_Source\PSoC4/cyfitter_cfg.c **** 	CY_SET_XTND_REG32((void CYFAR *)CYREG_PASS_PASS_CTRL, 0x00000003u);
 214              		.loc 1 234 0
 215 001c 0E4A     		ldr	r2, .L10+20
 216 001e 0F4B     		ldr	r3, .L10+24
 217 0020 1A60     		str	r2, [r3]
 235:Generated_Source\PSoC4/cyfitter_cfg.c **** 	CY_SET_XTND_REG32((void CYFAR *)CYREG_PASS_PRB_CTRL, 0x80000001u);
 218              		.loc 1 235 0
 219 0022 0322     		movs	r2, #3
 220 0024 0E4B     		ldr	r3, .L10+28
 221 0026 1A60     		str	r2, [r3]
 236:Generated_Source\PSoC4/cyfitter_cfg.c **** 	CY_SET_XTND_REG32((void CYFAR *)CYREG_PASS_PRB_REF0, 0x000000F1u);
 222              		.loc 1 236 0
 223 0028 0E4A     		ldr	r2, .L10+32
 224 002a 0F4B     		ldr	r3, .L10+36
 225 002c 1A60     		str	r2, [r3]
 237:Generated_Source\PSoC4/cyfitter_cfg.c **** 	CY_SET_XTND_REG32((void CYFAR *)CYREG_PASS_DSAB_DSAB_CTRL, 0x00000020u);
 226              		.loc 1 237 0
 227 002e F122     		movs	r2, #241
 228 0030 0E4B     		ldr	r3, .L10+40
 229 0032 1A60     		str	r2, [r3]
 238:Generated_Source\PSoC4/cyfitter_cfg.c **** 	SetAnalogRoutingPumps(1);
 230              		.loc 1 238 0
 231 0034 D13A     		subs	r2, r2, #209
 232 0036 0E4B     		ldr	r3, .L10+44
ARM GAS  C:\Users\cdrow\AppData\Local\Temp\ccs1fWF7.s 			page 10


 233 0038 1A60     		str	r2, [r3]
 239:Generated_Source\PSoC4/cyfitter_cfg.c **** }
 234              		.loc 1 239 0
 235 003a 0120     		movs	r0, #1
 236 003c FFF7FEFF 		bl	SetAnalogRoutingPumps
 237              	.LVL9:
 240:Generated_Source\PSoC4/cyfitter_cfg.c **** 
 238              		.loc 1 240 0
 239              		@ sp needed
 240 0040 10BD     		pop	{r4, pc}
 241              	.L11:
 242 0042 C046     		.align	2
 243              	.L10:
 244 0044 00003040 		.word	1076887552
 245 0048 10000020 		.word	536870928
 246 004c 80003040 		.word	1076887680
 247 0050 90003040 		.word	1076887696
 248 0054 00003840 		.word	1077411840
 249 0058 01000001 		.word	16777217
 250 005c 10003840 		.word	1077411856
 251 0060 08013F40 		.word	1077870856
 252 0064 01000080 		.word	-2147483647
 253 0068 00023F40 		.word	1077871104
 254 006c 04023F40 		.word	1077871108
 255 0070 000E3F40 		.word	1077874176
 256              		.cfi_endproc
 257              	.LFE5:
 258              		.size	AnalogSetDefault, .-AnalogSetDefault
 259              		.section	.psocinit
 260              		.align	2
 261              		.global	cyfitter_cfg
 262              		.code	16
 263              		.thumb_func
 264              		.type	cyfitter_cfg, %function
 265              	cyfitter_cfg:
 266              	.LFB7:
 272:Generated_Source\PSoC4/cyfitter_cfg.c **** 
 273:Generated_Source\PSoC4/cyfitter_cfg.c **** 
 274:Generated_Source\PSoC4/cyfitter_cfg.c **** 
 275:Generated_Source\PSoC4/cyfitter_cfg.c **** 
 276:Generated_Source\PSoC4/cyfitter_cfg.c **** /*******************************************************************************
 277:Generated_Source\PSoC4/cyfitter_cfg.c **** * Function Name: cyfitter_cfg
 278:Generated_Source\PSoC4/cyfitter_cfg.c **** ********************************************************************************
 279:Generated_Source\PSoC4/cyfitter_cfg.c **** * Summary:
 280:Generated_Source\PSoC4/cyfitter_cfg.c **** *  This function is called by the start-up code for the selected device. It
 281:Generated_Source\PSoC4/cyfitter_cfg.c **** *  performs all of the necessary device configuration based on the design
 282:Generated_Source\PSoC4/cyfitter_cfg.c **** *  settings.  This includes settings from the Design Wide Resources (DWR) such
 283:Generated_Source\PSoC4/cyfitter_cfg.c **** *  as Clocks and Pins as well as any component configuration that is necessary.
 284:Generated_Source\PSoC4/cyfitter_cfg.c **** *
 285:Generated_Source\PSoC4/cyfitter_cfg.c **** * Parameters:
 286:Generated_Source\PSoC4/cyfitter_cfg.c **** *   void
 287:Generated_Source\PSoC4/cyfitter_cfg.c **** *
 288:Generated_Source\PSoC4/cyfitter_cfg.c **** * Return:
 289:Generated_Source\PSoC4/cyfitter_cfg.c **** *   void
 290:Generated_Source\PSoC4/cyfitter_cfg.c **** *
 291:Generated_Source\PSoC4/cyfitter_cfg.c **** *******************************************************************************/
 292:Generated_Source\PSoC4/cyfitter_cfg.c **** CY_CFG_SECTION
ARM GAS  C:\Users\cdrow\AppData\Local\Temp\ccs1fWF7.s 			page 11


 293:Generated_Source\PSoC4/cyfitter_cfg.c **** void cyfitter_cfg(void)
 294:Generated_Source\PSoC4/cyfitter_cfg.c **** {
 267              		.loc 1 294 0
 268              		.cfi_startproc
 269              		@ args = 0, pretend = 0, frame = 0
 270              		@ frame_needed = 0, uses_anonymous_args = 0
 271 00b4 10B5     		push	{r4, lr}
 272              		.cfi_def_cfa_offset 8
 273              		.cfi_offset 4, -8
 274              		.cfi_offset 14, -4
 295:Generated_Source\PSoC4/cyfitter_cfg.c **** 	/* Disable interrupts by default. Let user enable if/when they want. */
 296:Generated_Source\PSoC4/cyfitter_cfg.c **** 	CyGlobalIntDisable;
 275              		.loc 1 296 0
 276              		.syntax divided
 277              	@ 296 "Generated_Source\PSoC4\cyfitter_cfg.c" 1
 278 00b6 72B6     		CPSID   i
 279              	@ 0 "" 2
 297:Generated_Source\PSoC4/cyfitter_cfg.c **** 
 298:Generated_Source\PSoC4/cyfitter_cfg.c **** 	{
 299:Generated_Source\PSoC4/cyfitter_cfg.c **** 		/* HSIOM Starting address: CYDEV_HSIOM_BASE */
 300:Generated_Source\PSoC4/cyfitter_cfg.c **** 		CY_SET_REG32((void *)(CYDEV_HSIOM_BASE), 0x009900EEu);
 280              		.loc 1 300 0
 281              		.thumb
 282              		.syntax unified
 283 00b8 104A     		ldr	r2, .L13
 284 00ba 114B     		ldr	r3, .L13+4
 285 00bc 1A60     		str	r2, [r3]
 301:Generated_Source\PSoC4/cyfitter_cfg.c **** 		CY_SET_REG32((void *)(CYREG_HSIOM_PORT_SEL3), 0xEE000000u);
 286              		.loc 1 301 0
 287 00be EE22     		movs	r2, #238
 288 00c0 1206     		lsls	r2, r2, #24
 289 00c2 104B     		ldr	r3, .L13+8
 290 00c4 1A60     		str	r2, [r3]
 302:Generated_Source\PSoC4/cyfitter_cfg.c **** 
 303:Generated_Source\PSoC4/cyfitter_cfg.c **** 		/* PASS_SAR_TRIG_SEL Starting address: CYDEV_PASS_SAR_TRIG_SEL */
 304:Generated_Source\PSoC4/cyfitter_cfg.c **** 		CY_SET_REG32((void *)(CYREG_PASS_SAR_TRIG_SEL), 0x00000000u);
 291              		.loc 1 304 0
 292 00c6 0022     		movs	r2, #0
 293 00c8 0F4B     		ldr	r3, .L13+12
 294 00ca 1A60     		str	r2, [r3]
 305:Generated_Source\PSoC4/cyfitter_cfg.c **** 
 306:Generated_Source\PSoC4/cyfitter_cfg.c **** 	}
 307:Generated_Source\PSoC4/cyfitter_cfg.c **** 
 308:Generated_Source\PSoC4/cyfitter_cfg.c **** 	/* Perform second pass device configuration. These items must be configured in specific order afte
 309:Generated_Source\PSoC4/cyfitter_cfg.c **** 	/* IOPINS0_0 Starting address: CYDEV_GPIO_PRT0_BASE */
 310:Generated_Source\PSoC4/cyfitter_cfg.c **** 	CY_SET_REG32((void *)(CYDEV_GPIO_PRT0_BASE), 0x00000020u);
 295              		.loc 1 310 0
 296 00cc 2032     		adds	r2, r2, #32
 297 00ce 0F4B     		ldr	r3, .L13+16
 298 00d0 1A60     		str	r2, [r3]
 311:Generated_Source\PSoC4/cyfitter_cfg.c **** 	CY_SET_REG32((void *)(CYREG_GPIO_PRT0_PC), 0x00271036u);
 299              		.loc 1 311 0
 300 00d2 0F4A     		ldr	r2, .L13+20
 301 00d4 0F4B     		ldr	r3, .L13+24
 302 00d6 1A60     		str	r2, [r3]
 312:Generated_Source\PSoC4/cyfitter_cfg.c **** 
 313:Generated_Source\PSoC4/cyfitter_cfg.c **** 	/* IOPINS0_2 Starting address: CYDEV_GPIO_PRT2_BASE */
ARM GAS  C:\Users\cdrow\AppData\Local\Temp\ccs1fWF7.s 			page 12


 314:Generated_Source\PSoC4/cyfitter_cfg.c **** 	CY_SET_REG32((void *)(CYDEV_GPIO_PRT2_BASE), 0x000000A0u);
 303              		.loc 1 314 0
 304 00d8 A023     		movs	r3, #160
 305 00da 0F4A     		ldr	r2, .L13+28
 306 00dc 1360     		str	r3, [r2]
 315:Generated_Source\PSoC4/cyfitter_cfg.c **** 	CY_SET_REG32((void *)(CYREG_GPIO_PRT2_PC2), 0x000000A0u);
 307              		.loc 1 315 0
 308 00de 0F4A     		ldr	r2, .L13+32
 309 00e0 1360     		str	r3, [r2]
 316:Generated_Source\PSoC4/cyfitter_cfg.c **** 
 317:Generated_Source\PSoC4/cyfitter_cfg.c **** 	/* IOPINS0_3 Starting address: CYDEV_GPIO_PRT3_BASE */
 318:Generated_Source\PSoC4/cyfitter_cfg.c **** 	CY_SET_REG32((void *)(CYDEV_GPIO_PRT3_BASE), 0x000000C0u);
 310              		.loc 1 318 0
 311 00e2 C022     		movs	r2, #192
 312 00e4 0E4B     		ldr	r3, .L13+36
 313 00e6 1A60     		str	r2, [r3]
 319:Generated_Source\PSoC4/cyfitter_cfg.c **** 	CY_SET_REG32((void *)(CYREG_GPIO_PRT3_PC), 0x00900000u);
 314              		.loc 1 319 0
 315 00e8 9022     		movs	r2, #144
 316 00ea 1204     		lsls	r2, r2, #16
 317 00ec 0D4B     		ldr	r3, .L13+40
 318 00ee 1A60     		str	r2, [r3]
 320:Generated_Source\PSoC4/cyfitter_cfg.c **** 
 321:Generated_Source\PSoC4/cyfitter_cfg.c **** 
 322:Generated_Source\PSoC4/cyfitter_cfg.c **** 	/* Setup clocks based on selections from Clock DWR */
 323:Generated_Source\PSoC4/cyfitter_cfg.c **** 	ClockSetup();
 319              		.loc 1 323 0
 320 00f0 FFF786FF 		bl	ClockSetup
 321              	.LVL10:
 324:Generated_Source\PSoC4/cyfitter_cfg.c **** 
 325:Generated_Source\PSoC4/cyfitter_cfg.c **** 	/* Perform basic analog initialization to defaults */
 326:Generated_Source\PSoC4/cyfitter_cfg.c **** 	AnalogSetDefault();
 322              		.loc 1 326 0
 323 00f4 FFF7FEFF 		bl	AnalogSetDefault
 324              	.LVL11:
 327:Generated_Source\PSoC4/cyfitter_cfg.c **** 
 328:Generated_Source\PSoC4/cyfitter_cfg.c **** }
 325              		.loc 1 328 0
 326              		@ sp needed
 327 00f8 10BD     		pop	{r4, pc}
 328              	.L14:
 329 00fa C046     		.align	2
 330              	.L13:
 331 00fc EE009900 		.word	10027246
 332 0100 00000240 		.word	1073872896
 333 0104 00030240 		.word	1073873664
 334 0108 04013F40 		.word	1077870852
 335 010c 00000440 		.word	1074003968
 336 0110 36102700 		.word	2560054
 337 0114 08000440 		.word	1074003976
 338 0118 00020440 		.word	1074004480
 339 011c 18020440 		.word	1074004504
 340 0120 00030440 		.word	1074004736
 341 0124 08030440 		.word	1074004744
 342              		.cfi_endproc
 343              	.LFE7:
 344              		.size	cyfitter_cfg, .-cyfitter_cfg
ARM GAS  C:\Users\cdrow\AppData\Local\Temp\ccs1fWF7.s 			page 13


 345              		.text
 346              	.Letext0:
 347              		.file 2 "Generated_Source\\PSoC4\\cytypes.h"
 348              		.file 3 "Generated_Source\\PSoC4\\CyLib.h"
 349              		.file 4 "Generated_Source\\PSoC4\\CyLFClk.h"
 350              		.section	.debug_info,"",%progbits
 351              	.Ldebug_info0:
 352 0000 C1010000 		.4byte	0x1c1
 353 0004 0400     		.2byte	0x4
 354 0006 00000000 		.4byte	.Ldebug_abbrev0
 355 000a 04       		.byte	0x4
 356 000b 01       		.uleb128 0x1
 357 000c AB010000 		.4byte	.LASF25
 358 0010 0C       		.byte	0xc
 359 0011 49020000 		.4byte	.LASF26
 360 0015 B1000000 		.4byte	.LASF27
 361 0019 00000000 		.4byte	.Ldebug_ranges0+0
 362 001d 00000000 		.4byte	0
 363 0021 00000000 		.4byte	.Ldebug_line0
 364 0025 02       		.uleb128 0x2
 365 0026 04       		.byte	0x4
 366 0027 05       		.byte	0x5
 367 0028 696E7400 		.ascii	"int\000"
 368 002c 03       		.uleb128 0x3
 369 002d 04       		.byte	0x4
 370 002e 07       		.byte	0x7
 371 002f 2F010000 		.4byte	.LASF0
 372 0033 03       		.uleb128 0x3
 373 0034 08       		.byte	0x8
 374 0035 05       		.byte	0x5
 375 0036 5C010000 		.4byte	.LASF1
 376 003a 03       		.uleb128 0x3
 377 003b 08       		.byte	0x8
 378 003c 04       		.byte	0x4
 379 003d 9F010000 		.4byte	.LASF2
 380 0041 03       		.uleb128 0x3
 381 0042 01       		.byte	0x1
 382 0043 06       		.byte	0x6
 383 0044 3D020000 		.4byte	.LASF3
 384 0048 03       		.uleb128 0x3
 385 0049 01       		.byte	0x1
 386 004a 08       		.byte	0x8
 387 004b 61000000 		.4byte	.LASF4
 388 004f 03       		.uleb128 0x3
 389 0050 02       		.byte	0x2
 390 0051 05       		.byte	0x5
 391 0052 77010000 		.4byte	.LASF5
 392 0056 03       		.uleb128 0x3
 393 0057 02       		.byte	0x2
 394 0058 07       		.byte	0x7
 395 0059 48000000 		.4byte	.LASF6
 396 005d 03       		.uleb128 0x3
 397 005e 04       		.byte	0x4
 398 005f 05       		.byte	0x5
 399 0060 96010000 		.4byte	.LASF7
 400 0064 03       		.uleb128 0x3
 401 0065 04       		.byte	0x4
ARM GAS  C:\Users\cdrow\AppData\Local\Temp\ccs1fWF7.s 			page 14


 402 0066 07       		.byte	0x7
 403 0067 6F000000 		.4byte	.LASF8
 404 006b 03       		.uleb128 0x3
 405 006c 08       		.byte	0x8
 406 006d 07       		.byte	0x7
 407 006e 3C010000 		.4byte	.LASF9
 408 0072 03       		.uleb128 0x3
 409 0073 04       		.byte	0x4
 410 0074 07       		.byte	0x7
 411 0075 53010000 		.4byte	.LASF10
 412 0079 03       		.uleb128 0x3
 413 007a 01       		.byte	0x1
 414 007b 08       		.byte	0x8
 415 007c 6A010000 		.4byte	.LASF11
 416 0080 04       		.uleb128 0x4
 417 0081 81000000 		.4byte	.LASF12
 418 0085 02       		.byte	0x2
 419 0086 F701     		.2byte	0x1f7
 420 0088 48000000 		.4byte	0x48
 421 008c 04       		.uleb128 0x4
 422 008d 28010000 		.4byte	.LASF13
 423 0091 02       		.byte	0x2
 424 0092 F901     		.2byte	0x1f9
 425 0094 64000000 		.4byte	0x64
 426 0098 03       		.uleb128 0x3
 427 0099 04       		.byte	0x4
 428 009a 04       		.byte	0x4
 429 009b 5B000000 		.4byte	.LASF14
 430 009f 03       		.uleb128 0x3
 431 00a0 08       		.byte	0x8
 432 00a1 04       		.byte	0x4
 433 00a2 AA000000 		.4byte	.LASF15
 434 00a6 04       		.uleb128 0x4
 435 00a7 00000000 		.4byte	.LASF16
 436 00ab 02       		.byte	0x2
 437 00ac A302     		.2byte	0x2a3
 438 00ae B2000000 		.4byte	0xb2
 439 00b2 05       		.uleb128 0x5
 440 00b3 8C000000 		.4byte	0x8c
 441 00b7 06       		.uleb128 0x6
 442 00b8 3D000000 		.4byte	.LASF17
 443 00bc 01       		.byte	0x1
 444 00bd AA       		.byte	0xaa
 445 00be 00000000 		.4byte	.LFB4
 446 00c2 B4000000 		.4byte	.LFE4-.LFB4
 447 00c6 01       		.uleb128 0x1
 448 00c7 9C       		.byte	0x9c
 449 00c8 15010000 		.4byte	0x115
 450 00cc 07       		.uleb128 0x7
 451 00cd 0E000000 		.4byte	.LVL0
 452 00d1 98010000 		.4byte	0x198
 453 00d5 DF000000 		.4byte	0xdf
 454 00d9 08       		.uleb128 0x8
 455 00da 01       		.uleb128 0x1
 456 00db 50       		.byte	0x50
 457 00dc 01       		.uleb128 0x1
 458 00dd 48       		.byte	0x48
ARM GAS  C:\Users\cdrow\AppData\Local\Temp\ccs1fWF7.s 			page 15


 459 00de 00       		.byte	0
 460 00df 07       		.uleb128 0x7
 461 00e0 5E000000 		.4byte	.LVL1
 462 00e4 A3010000 		.4byte	0x1a3
 463 00e8 F2000000 		.4byte	0xf2
 464 00ec 08       		.uleb128 0x8
 465 00ed 01       		.uleb128 0x1
 466 00ee 50       		.byte	0x50
 467 00ef 01       		.uleb128 0x1
 468 00f0 3B       		.byte	0x3b
 469 00f1 00       		.byte	0
 470 00f2 07       		.uleb128 0x7
 471 00f3 64000000 		.4byte	.LVL2
 472 00f7 AE010000 		.4byte	0x1ae
 473 00fb 05010000 		.4byte	0x105
 474 00ff 08       		.uleb128 0x8
 475 0100 01       		.uleb128 0x1
 476 0101 50       		.byte	0x50
 477 0102 01       		.uleb128 0x1
 478 0103 3B       		.byte	0x3b
 479 0104 00       		.byte	0
 480 0105 09       		.uleb128 0x9
 481 0106 70000000 		.4byte	.LVL3
 482 010a B9010000 		.4byte	0x1b9
 483 010e 08       		.uleb128 0x8
 484 010f 01       		.uleb128 0x1
 485 0110 50       		.byte	0x50
 486 0111 01       		.uleb128 0x1
 487 0112 30       		.byte	0x30
 488 0113 00       		.byte	0
 489 0114 00       		.byte	0
 490 0115 0A       		.uleb128 0xa
 491 0116 94000000 		.4byte	.LASF19
 492 011a 01       		.byte	0x1
 493 011b 0301     		.2byte	0x103
 494 011d 00000000 		.4byte	.LFB6
 495 0121 20000000 		.4byte	.LFE6-.LFB6
 496 0125 01       		.uleb128 0x1
 497 0126 9C       		.byte	0x9c
 498 0127 4A010000 		.4byte	0x14a
 499 012b 0B       		.uleb128 0xb
 500 012c 6F010000 		.4byte	.LASF28
 501 0130 01       		.byte	0x1
 502 0131 0301     		.2byte	0x103
 503 0133 80000000 		.4byte	0x80
 504 0137 01       		.uleb128 0x1
 505 0138 50       		.byte	0x50
 506 0139 0C       		.uleb128 0xc
 507 013a 6F020000 		.4byte	.LASF29
 508 013e 01       		.byte	0x1
 509 013f 0501     		.2byte	0x105
 510 0141 8C000000 		.4byte	0x8c
 511 0145 00000000 		.4byte	.LLST0
 512 0149 00       		.byte	0
 513 014a 06       		.uleb128 0x6
 514 014b 06000000 		.4byte	.LASF18
 515 014f 01       		.byte	0x1
ARM GAS  C:\Users\cdrow\AppData\Local\Temp\ccs1fWF7.s 			page 16


 516 0150 E4       		.byte	0xe4
 517 0151 00000000 		.4byte	.LFB5
 518 0155 74000000 		.4byte	.LFE5-.LFB5
 519 0159 01       		.uleb128 0x1
 520 015a 9C       		.byte	0x9c
 521 015b 6F010000 		.4byte	0x16f
 522 015f 09       		.uleb128 0x9
 523 0160 40000000 		.4byte	.LVL9
 524 0164 15010000 		.4byte	0x115
 525 0168 08       		.uleb128 0x8
 526 0169 01       		.uleb128 0x1
 527 016a 50       		.byte	0x50
 528 016b 01       		.uleb128 0x1
 529 016c 31       		.byte	0x31
 530 016d 00       		.byte	0
 531 016e 00       		.byte	0
 532 016f 0A       		.uleb128 0xa
 533 0170 87000000 		.4byte	.LASF20
 534 0174 01       		.byte	0x1
 535 0175 2501     		.2byte	0x125
 536 0177 B4000000 		.4byte	.LFB7
 537 017b 74000000 		.4byte	.LFE7-.LFB7
 538 017f 01       		.uleb128 0x1
 539 0180 9C       		.byte	0x9c
 540 0181 98010000 		.4byte	0x198
 541 0185 0D       		.uleb128 0xd
 542 0186 F4000000 		.4byte	.LVL10
 543 018a B7000000 		.4byte	0xb7
 544 018e 0D       		.uleb128 0xd
 545 018f F8000000 		.4byte	.LVL11
 546 0193 4A010000 		.4byte	0x14a
 547 0197 00       		.byte	0
 548 0198 0E       		.uleb128 0xe
 549 0199 81010000 		.4byte	.LASF21
 550 019d 81010000 		.4byte	.LASF21
 551 01a1 03       		.byte	0x3
 552 01a2 6C       		.byte	0x6c
 553 01a3 0E       		.uleb128 0xe
 554 01a4 2E000000 		.4byte	.LASF22
 555 01a8 2E000000 		.4byte	.LASF22
 556 01ac 03       		.byte	0x3
 557 01ad D0       		.byte	0xd0
 558 01ae 0E       		.uleb128 0xe
 559 01af 1C010000 		.4byte	.LASF23
 560 01b3 1C010000 		.4byte	.LASF23
 561 01b7 03       		.byte	0x3
 562 01b8 D6       		.byte	0xd6
 563 01b9 0E       		.uleb128 0xe
 564 01ba 17000000 		.4byte	.LASF24
 565 01be 17000000 		.4byte	.LASF24
 566 01c2 04       		.byte	0x4
 567 01c3 9F       		.byte	0x9f
 568 01c4 00       		.byte	0
 569              		.section	.debug_abbrev,"",%progbits
 570              	.Ldebug_abbrev0:
 571 0000 01       		.uleb128 0x1
 572 0001 11       		.uleb128 0x11
ARM GAS  C:\Users\cdrow\AppData\Local\Temp\ccs1fWF7.s 			page 17


 573 0002 01       		.byte	0x1
 574 0003 25       		.uleb128 0x25
 575 0004 0E       		.uleb128 0xe
 576 0005 13       		.uleb128 0x13
 577 0006 0B       		.uleb128 0xb
 578 0007 03       		.uleb128 0x3
 579 0008 0E       		.uleb128 0xe
 580 0009 1B       		.uleb128 0x1b
 581 000a 0E       		.uleb128 0xe
 582 000b 55       		.uleb128 0x55
 583 000c 17       		.uleb128 0x17
 584 000d 11       		.uleb128 0x11
 585 000e 01       		.uleb128 0x1
 586 000f 10       		.uleb128 0x10
 587 0010 17       		.uleb128 0x17
 588 0011 00       		.byte	0
 589 0012 00       		.byte	0
 590 0013 02       		.uleb128 0x2
 591 0014 24       		.uleb128 0x24
 592 0015 00       		.byte	0
 593 0016 0B       		.uleb128 0xb
 594 0017 0B       		.uleb128 0xb
 595 0018 3E       		.uleb128 0x3e
 596 0019 0B       		.uleb128 0xb
 597 001a 03       		.uleb128 0x3
 598 001b 08       		.uleb128 0x8
 599 001c 00       		.byte	0
 600 001d 00       		.byte	0
 601 001e 03       		.uleb128 0x3
 602 001f 24       		.uleb128 0x24
 603 0020 00       		.byte	0
 604 0021 0B       		.uleb128 0xb
 605 0022 0B       		.uleb128 0xb
 606 0023 3E       		.uleb128 0x3e
 607 0024 0B       		.uleb128 0xb
 608 0025 03       		.uleb128 0x3
 609 0026 0E       		.uleb128 0xe
 610 0027 00       		.byte	0
 611 0028 00       		.byte	0
 612 0029 04       		.uleb128 0x4
 613 002a 16       		.uleb128 0x16
 614 002b 00       		.byte	0
 615 002c 03       		.uleb128 0x3
 616 002d 0E       		.uleb128 0xe
 617 002e 3A       		.uleb128 0x3a
 618 002f 0B       		.uleb128 0xb
 619 0030 3B       		.uleb128 0x3b
 620 0031 05       		.uleb128 0x5
 621 0032 49       		.uleb128 0x49
 622 0033 13       		.uleb128 0x13
 623 0034 00       		.byte	0
 624 0035 00       		.byte	0
 625 0036 05       		.uleb128 0x5
 626 0037 35       		.uleb128 0x35
 627 0038 00       		.byte	0
 628 0039 49       		.uleb128 0x49
 629 003a 13       		.uleb128 0x13
ARM GAS  C:\Users\cdrow\AppData\Local\Temp\ccs1fWF7.s 			page 18


 630 003b 00       		.byte	0
 631 003c 00       		.byte	0
 632 003d 06       		.uleb128 0x6
 633 003e 2E       		.uleb128 0x2e
 634 003f 01       		.byte	0x1
 635 0040 03       		.uleb128 0x3
 636 0041 0E       		.uleb128 0xe
 637 0042 3A       		.uleb128 0x3a
 638 0043 0B       		.uleb128 0xb
 639 0044 3B       		.uleb128 0x3b
 640 0045 0B       		.uleb128 0xb
 641 0046 27       		.uleb128 0x27
 642 0047 19       		.uleb128 0x19
 643 0048 11       		.uleb128 0x11
 644 0049 01       		.uleb128 0x1
 645 004a 12       		.uleb128 0x12
 646 004b 06       		.uleb128 0x6
 647 004c 40       		.uleb128 0x40
 648 004d 18       		.uleb128 0x18
 649 004e 9742     		.uleb128 0x2117
 650 0050 19       		.uleb128 0x19
 651 0051 01       		.uleb128 0x1
 652 0052 13       		.uleb128 0x13
 653 0053 00       		.byte	0
 654 0054 00       		.byte	0
 655 0055 07       		.uleb128 0x7
 656 0056 898201   		.uleb128 0x4109
 657 0059 01       		.byte	0x1
 658 005a 11       		.uleb128 0x11
 659 005b 01       		.uleb128 0x1
 660 005c 31       		.uleb128 0x31
 661 005d 13       		.uleb128 0x13
 662 005e 01       		.uleb128 0x1
 663 005f 13       		.uleb128 0x13
 664 0060 00       		.byte	0
 665 0061 00       		.byte	0
 666 0062 08       		.uleb128 0x8
 667 0063 8A8201   		.uleb128 0x410a
 668 0066 00       		.byte	0
 669 0067 02       		.uleb128 0x2
 670 0068 18       		.uleb128 0x18
 671 0069 9142     		.uleb128 0x2111
 672 006b 18       		.uleb128 0x18
 673 006c 00       		.byte	0
 674 006d 00       		.byte	0
 675 006e 09       		.uleb128 0x9
 676 006f 898201   		.uleb128 0x4109
 677 0072 01       		.byte	0x1
 678 0073 11       		.uleb128 0x11
 679 0074 01       		.uleb128 0x1
 680 0075 31       		.uleb128 0x31
 681 0076 13       		.uleb128 0x13
 682 0077 00       		.byte	0
 683 0078 00       		.byte	0
 684 0079 0A       		.uleb128 0xa
 685 007a 2E       		.uleb128 0x2e
 686 007b 01       		.byte	0x1
ARM GAS  C:\Users\cdrow\AppData\Local\Temp\ccs1fWF7.s 			page 19


 687 007c 3F       		.uleb128 0x3f
 688 007d 19       		.uleb128 0x19
 689 007e 03       		.uleb128 0x3
 690 007f 0E       		.uleb128 0xe
 691 0080 3A       		.uleb128 0x3a
 692 0081 0B       		.uleb128 0xb
 693 0082 3B       		.uleb128 0x3b
 694 0083 05       		.uleb128 0x5
 695 0084 27       		.uleb128 0x27
 696 0085 19       		.uleb128 0x19
 697 0086 11       		.uleb128 0x11
 698 0087 01       		.uleb128 0x1
 699 0088 12       		.uleb128 0x12
 700 0089 06       		.uleb128 0x6
 701 008a 40       		.uleb128 0x40
 702 008b 18       		.uleb128 0x18
 703 008c 9742     		.uleb128 0x2117
 704 008e 19       		.uleb128 0x19
 705 008f 01       		.uleb128 0x1
 706 0090 13       		.uleb128 0x13
 707 0091 00       		.byte	0
 708 0092 00       		.byte	0
 709 0093 0B       		.uleb128 0xb
 710 0094 05       		.uleb128 0x5
 711 0095 00       		.byte	0
 712 0096 03       		.uleb128 0x3
 713 0097 0E       		.uleb128 0xe
 714 0098 3A       		.uleb128 0x3a
 715 0099 0B       		.uleb128 0xb
 716 009a 3B       		.uleb128 0x3b
 717 009b 05       		.uleb128 0x5
 718 009c 49       		.uleb128 0x49
 719 009d 13       		.uleb128 0x13
 720 009e 02       		.uleb128 0x2
 721 009f 18       		.uleb128 0x18
 722 00a0 00       		.byte	0
 723 00a1 00       		.byte	0
 724 00a2 0C       		.uleb128 0xc
 725 00a3 34       		.uleb128 0x34
 726 00a4 00       		.byte	0
 727 00a5 03       		.uleb128 0x3
 728 00a6 0E       		.uleb128 0xe
 729 00a7 3A       		.uleb128 0x3a
 730 00a8 0B       		.uleb128 0xb
 731 00a9 3B       		.uleb128 0x3b
 732 00aa 05       		.uleb128 0x5
 733 00ab 49       		.uleb128 0x49
 734 00ac 13       		.uleb128 0x13
 735 00ad 02       		.uleb128 0x2
 736 00ae 17       		.uleb128 0x17
 737 00af 00       		.byte	0
 738 00b0 00       		.byte	0
 739 00b1 0D       		.uleb128 0xd
 740 00b2 898201   		.uleb128 0x4109
 741 00b5 00       		.byte	0
 742 00b6 11       		.uleb128 0x11
 743 00b7 01       		.uleb128 0x1
ARM GAS  C:\Users\cdrow\AppData\Local\Temp\ccs1fWF7.s 			page 20


 744 00b8 31       		.uleb128 0x31
 745 00b9 13       		.uleb128 0x13
 746 00ba 00       		.byte	0
 747 00bb 00       		.byte	0
 748 00bc 0E       		.uleb128 0xe
 749 00bd 2E       		.uleb128 0x2e
 750 00be 00       		.byte	0
 751 00bf 3F       		.uleb128 0x3f
 752 00c0 19       		.uleb128 0x19
 753 00c1 3C       		.uleb128 0x3c
 754 00c2 19       		.uleb128 0x19
 755 00c3 6E       		.uleb128 0x6e
 756 00c4 0E       		.uleb128 0xe
 757 00c5 03       		.uleb128 0x3
 758 00c6 0E       		.uleb128 0xe
 759 00c7 3A       		.uleb128 0x3a
 760 00c8 0B       		.uleb128 0xb
 761 00c9 3B       		.uleb128 0x3b
 762 00ca 0B       		.uleb128 0xb
 763 00cb 00       		.byte	0
 764 00cc 00       		.byte	0
 765 00cd 00       		.byte	0
 766              		.section	.debug_loc,"",%progbits
 767              	.Ldebug_loc0:
 768              	.LLST0:
 769 0000 04000000 		.4byte	.LVL5
 770 0004 12000000 		.4byte	.LVL7
 771 0008 0100     		.2byte	0x1
 772 000a 53       		.byte	0x53
 773 000b 14000000 		.4byte	.LVL8
 774 000f 20000000 		.4byte	.LFE6
 775 0013 0100     		.2byte	0x1
 776 0015 53       		.byte	0x53
 777 0016 00000000 		.4byte	0
 778 001a 00000000 		.4byte	0
 779              		.section	.debug_aranges,"",%progbits
 780 0000 34000000 		.4byte	0x34
 781 0004 0200     		.2byte	0x2
 782 0006 00000000 		.4byte	.Ldebug_info0
 783 000a 04       		.byte	0x4
 784 000b 00       		.byte	0
 785 000c 0000     		.2byte	0
 786 000e 0000     		.2byte	0
 787 0010 00000000 		.4byte	.LFB4
 788 0014 B4000000 		.4byte	.LFE4-.LFB4
 789 0018 00000000 		.4byte	.LFB6
 790 001c 20000000 		.4byte	.LFE6-.LFB6
 791 0020 00000000 		.4byte	.LFB5
 792 0024 74000000 		.4byte	.LFE5-.LFB5
 793 0028 B4000000 		.4byte	.LFB7
 794 002c 74000000 		.4byte	.LFE7-.LFB7
 795 0030 00000000 		.4byte	0
 796 0034 00000000 		.4byte	0
 797              		.section	.debug_ranges,"",%progbits
 798              	.Ldebug_ranges0:
 799 0000 00000000 		.4byte	.LFB4
 800 0004 B4000000 		.4byte	.LFE4
ARM GAS  C:\Users\cdrow\AppData\Local\Temp\ccs1fWF7.s 			page 21


 801 0008 00000000 		.4byte	.LFB6
 802 000c 20000000 		.4byte	.LFE6
 803 0010 00000000 		.4byte	.LFB5
 804 0014 74000000 		.4byte	.LFE5
 805 0018 B4000000 		.4byte	.LFB7
 806 001c 28010000 		.4byte	.LFE7
 807 0020 00000000 		.4byte	0
 808 0024 00000000 		.4byte	0
 809              		.section	.debug_line,"",%progbits
 810              	.Ldebug_line0:
 811 0000 CE000000 		.section	.debug_str,"MS",%progbits,1
 811      02006100 
 811      00000201 
 811      FB0E0D00 
 811      01010101 
 812              	.LASF16:
 813 0000 72656733 		.ascii	"reg32\000"
 813      3200
 814              	.LASF18:
 815 0006 416E616C 		.ascii	"AnalogSetDefault\000"
 815      6F675365 
 815      74446566 
 815      61756C74 
 815      00
 816              	.LASF24:
 817 0017 43795379 		.ascii	"CySysClkSetTimerSource\000"
 817      73436C6B 
 817      53657454 
 817      696D6572 
 817      536F7572 
 818              	.LASF22:
 819 002e 4379496E 		.ascii	"CyIntSetVector\000"
 819      74536574 
 819      56656374 
 819      6F7200
 820              	.LASF17:
 821 003d 436C6F63 		.ascii	"ClockSetup\000"
 821      6B536574 
 821      757000
 822              	.LASF6:
 823 0048 73686F72 		.ascii	"short unsigned int\000"
 823      7420756E 
 823      7369676E 
 823      65642069 
 823      6E7400
 824              	.LASF14:
 825 005b 666C6F61 		.ascii	"float\000"
 825      7400
 826              	.LASF4:
 827 0061 756E7369 		.ascii	"unsigned char\000"
 827      676E6564 
 827      20636861 
 827      7200
 828              	.LASF8:
 829 006f 6C6F6E67 		.ascii	"long unsigned int\000"
 829      20756E73 
 829      69676E65 
ARM GAS  C:\Users\cdrow\AppData\Local\Temp\ccs1fWF7.s 			page 22


 829      6420696E 
 829      7400
 830              	.LASF12:
 831 0081 75696E74 		.ascii	"uint8\000"
 831      3800
 832              	.LASF20:
 833 0087 63796669 		.ascii	"cyfitter_cfg\000"
 833      74746572 
 833      5F636667 
 833      00
 834              	.LASF19:
 835 0094 53657441 		.ascii	"SetAnalogRoutingPumps\000"
 835      6E616C6F 
 835      67526F75 
 835      74696E67 
 835      50756D70 
 836              	.LASF15:
 837 00aa 646F7562 		.ascii	"double\000"
 837      6C6500
 838              	.LASF27:
 839 00b1 433A5C55 		.ascii	"C:\\Users\\cdrow\\Downloads\\TJ Temperature Spatial"
 839      73657273 
 839      5C636472 
 839      6F775C44 
 839      6F776E6C 
 840 00e0 2050726F 		.ascii	" Profile Revised.cydsn\\TJ Temperature Spatial Prof"
 840      66696C65 
 840      20526576 
 840      69736564 
 840      2E637964 
 841 0112 696C652E 		.ascii	"ile.cydsn\000"
 841      63796473 
 841      6E00
 842              	.LASF23:
 843 011c 4379496E 		.ascii	"CyIntEnable\000"
 843      74456E61 
 843      626C6500 
 844              	.LASF13:
 845 0128 75696E74 		.ascii	"uint32\000"
 845      333200
 846              	.LASF0:
 847 012f 756E7369 		.ascii	"unsigned int\000"
 847      676E6564 
 847      20696E74 
 847      00
 848              	.LASF9:
 849 013c 6C6F6E67 		.ascii	"long long unsigned int\000"
 849      206C6F6E 
 849      6720756E 
 849      7369676E 
 849      65642069 
 850              	.LASF10:
 851 0153 73697A65 		.ascii	"sizetype\000"
 851      74797065 
 851      00
 852              	.LASF1:
 853 015c 6C6F6E67 		.ascii	"long long int\000"
ARM GAS  C:\Users\cdrow\AppData\Local\Temp\ccs1fWF7.s 			page 23


 853      206C6F6E 
 853      6720696E 
 853      7400
 854              	.LASF11:
 855 016a 63686172 		.ascii	"char\000"
 855      00
 856              	.LASF28:
 857 016f 656E6162 		.ascii	"enabled\000"
 857      6C656400 
 858              	.LASF5:
 859 0177 73686F72 		.ascii	"short int\000"
 859      7420696E 
 859      7400
 860              	.LASF21:
 861 0181 43795379 		.ascii	"CySysClkWriteImoFreq\000"
 861      73436C6B 
 861      57726974 
 861      65496D6F 
 861      46726571 
 862              	.LASF7:
 863 0196 6C6F6E67 		.ascii	"long int\000"
 863      20696E74 
 863      00
 864              	.LASF2:
 865 019f 6C6F6E67 		.ascii	"long double\000"
 865      20646F75 
 865      626C6500 
 866              	.LASF25:
 867 01ab 474E5520 		.ascii	"GNU C11 5.4.1 20160609 (release) [ARM/embedded-5-br"
 867      43313120 
 867      352E342E 
 867      31203230 
 867      31363036 
 868 01de 616E6368 		.ascii	"anch revision 237715] -mcpu=cortex-m0plus -mthumb -"
 868      20726576 
 868      6973696F 
 868      6E203233 
 868      37373135 
 869 0211 67202D4F 		.ascii	"g -Og -ffunction-sections -ffat-lto-objects\000"
 869      67202D66 
 869      66756E63 
 869      74696F6E 
 869      2D736563 
 870              	.LASF3:
 871 023d 7369676E 		.ascii	"signed char\000"
 871      65642063 
 871      68617200 
 872              	.LASF26:
 873 0249 47656E65 		.ascii	"Generated_Source\\PSoC4\\cyfitter_cfg.c\000"
 873      72617465 
 873      645F536F 
 873      75726365 
 873      5C50536F 
 874              	.LASF29:
 875 026f 72656756 		.ascii	"regValue\000"
 875      616C7565 
 875      00
ARM GAS  C:\Users\cdrow\AppData\Local\Temp\ccs1fWF7.s 			page 24


 876              		.ident	"GCC: (GNU Tools for ARM Embedded Processors) 5.4.1 20160609 (release) [ARM/embedded-5-bran
