ARM GAS  C:\Users\TUCKER~1\AppData\Local\Temp\ccecfI5r.s 			page 1


   1              		.syntax unified
   2              		.cpu cortex-m0plus
   3              		.fpu softvfp
   4              		.eabi_attribute 20, 1
   5              		.eabi_attribute 21, 1
   6              		.eabi_attribute 23, 3
   7              		.eabi_attribute 24, 1
   8              		.eabi_attribute 25, 1
   9              		.eabi_attribute 26, 1
  10              		.eabi_attribute 30, 1
  11              		.eabi_attribute 34, 0
  12              		.eabi_attribute 18, 4
  13              		.thumb
  14              		.syntax unified
  15              		.file	"PVref_1.c"
  16              		.text
  17              	.Ltext0:
  18              		.cfi_sections	.debug_frame
  19              		.section	.text.PVref_1_Init,"ax",%progbits
  20              		.align	2
  21              		.global	PVref_1_Init
  22              		.code	16
  23              		.thumb_func
  24              		.type	PVref_1_Init, %function
  25              	PVref_1_Init:
  26              	.LFB0:
  27              		.file 1 "Generated_Source\\PSoC4\\PVref_1.c"
   1:Generated_Source\PSoC4/PVref_1.c **** /***************************************************************************//**
   2:Generated_Source\PSoC4/PVref_1.c **** * \file PVref_1.c
   3:Generated_Source\PSoC4/PVref_1.c **** * \version 1.0
   4:Generated_Source\PSoC4/PVref_1.c **** *
   5:Generated_Source\PSoC4/PVref_1.c **** * \brief
   6:Generated_Source\PSoC4/PVref_1.c **** *  This file provides the source code to the API for the Programmable
   7:Generated_Source\PSoC4/PVref_1.c **** *  Voltage Reference component.
   8:Generated_Source\PSoC4/PVref_1.c **** *
   9:Generated_Source\PSoC4/PVref_1.c **** * Note:
  10:Generated_Source\PSoC4/PVref_1.c **** *  None
  11:Generated_Source\PSoC4/PVref_1.c **** *
  12:Generated_Source\PSoC4/PVref_1.c **** ********************************************************************************
  13:Generated_Source\PSoC4/PVref_1.c **** * \copyright
  14:Generated_Source\PSoC4/PVref_1.c **** * Copyright 2016, Cypress Semiconductor Corporation. All rights reserved.
  15:Generated_Source\PSoC4/PVref_1.c **** * You may use this file only in accordance with the license, terms, conditions,
  16:Generated_Source\PSoC4/PVref_1.c **** * disclaimers, and limitations in the end user license agreement accompanying
  17:Generated_Source\PSoC4/PVref_1.c **** * the software package with which this file was provided.
  18:Generated_Source\PSoC4/PVref_1.c **** *******************************************************************************/
  19:Generated_Source\PSoC4/PVref_1.c **** 
  20:Generated_Source\PSoC4/PVref_1.c **** #include "PVref_1.h"
  21:Generated_Source\PSoC4/PVref_1.c **** 
  22:Generated_Source\PSoC4/PVref_1.c **** uint8 PVref_1_initVar = 0u;
  23:Generated_Source\PSoC4/PVref_1.c **** 
  24:Generated_Source\PSoC4/PVref_1.c **** 
  25:Generated_Source\PSoC4/PVref_1.c **** /*******************************************************************************
  26:Generated_Source\PSoC4/PVref_1.c **** * Function Name: PVref_1_Init
  27:Generated_Source\PSoC4/PVref_1.c **** ****************************************************************************//**
  28:Generated_Source\PSoC4/PVref_1.c **** *
  29:Generated_Source\PSoC4/PVref_1.c **** *  Initialize/Restore the default Voltage Reference configuration as defined
  30:Generated_Source\PSoC4/PVref_1.c **** *  in the customizer. If the reference is set to Vdda, it will enable all
ARM GAS  C:\Users\TUCKER~1\AppData\Local\Temp\ccecfI5r.s 			page 2


  31:Generated_Source\PSoC4/PVref_1.c **** *  Vdda-based references.
  32:Generated_Source\PSoC4/PVref_1.c **** *
  33:Generated_Source\PSoC4/PVref_1.c **** * \sideeffect
  34:Generated_Source\PSoC4/PVref_1.c **** *  If the reference is Vdda-based, the function will enable all Vdda-based
  35:Generated_Source\PSoC4/PVref_1.c **** *  references because they share the same resistor tree.
  36:Generated_Source\PSoC4/PVref_1.c **** *
  37:Generated_Source\PSoC4/PVref_1.c **** *******************************************************************************/
  38:Generated_Source\PSoC4/PVref_1.c **** void PVref_1_Init(void)
  39:Generated_Source\PSoC4/PVref_1.c **** {
  28              		.loc 1 39 0
  29              		.cfi_startproc
  30              		@ args = 0, pretend = 0, frame = 0
  31              		@ frame_needed = 0, uses_anonymous_args = 0
  32              		@ link register save eliminated.
  40:Generated_Source\PSoC4/PVref_1.c ****     PVref_1_PRB_CTRL_REG |= PVref_1_PRB_CTRL_REG_INIT;
  33              		.loc 1 40 0
  34 0000 044A     		ldr	r2, .L2
  35 0002 1368     		ldr	r3, [r2]
  36 0004 8021     		movs	r1, #128
  37 0006 0906     		lsls	r1, r1, #24
  38 0008 0B43     		orrs	r3, r1
  39 000a 1360     		str	r3, [r2]
  41:Generated_Source\PSoC4/PVref_1.c ****     PVref_1_PRB_REF_REG = PVref_1_PRB_REF_REG_INIT;
  40              		.loc 1 41 0
  41 000c F022     		movs	r2, #240
  42 000e 024B     		ldr	r3, .L2+4
  43 0010 1A60     		str	r2, [r3]
  42:Generated_Source\PSoC4/PVref_1.c **** }
  44              		.loc 1 42 0
  45              		@ sp needed
  46 0012 7047     		bx	lr
  47              	.L3:
  48              		.align	2
  49              	.L2:
  50 0014 00023F40 		.word	1077871104
  51 0018 04023F40 		.word	1077871108
  52              		.cfi_endproc
  53              	.LFE0:
  54              		.size	PVref_1_Init, .-PVref_1_Init
  55              		.section	.text.PVref_1_Enable,"ax",%progbits
  56              		.align	2
  57              		.global	PVref_1_Enable
  58              		.code	16
  59              		.thumb_func
  60              		.type	PVref_1_Enable, %function
  61              	PVref_1_Enable:
  62              	.LFB1:
  43:Generated_Source\PSoC4/PVref_1.c **** 
  44:Generated_Source\PSoC4/PVref_1.c **** 
  45:Generated_Source\PSoC4/PVref_1.c **** /*******************************************************************************
  46:Generated_Source\PSoC4/PVref_1.c **** * Function Name: PVref_1_Enable
  47:Generated_Source\PSoC4/PVref_1.c **** ****************************************************************************//**
  48:Generated_Source\PSoC4/PVref_1.c **** *
  49:Generated_Source\PSoC4/PVref_1.c **** *  Enables the Voltage Reference.
  50:Generated_Source\PSoC4/PVref_1.c **** *
  51:Generated_Source\PSoC4/PVref_1.c **** *******************************************************************************/
  52:Generated_Source\PSoC4/PVref_1.c **** void PVref_1_Enable(void)
ARM GAS  C:\Users\TUCKER~1\AppData\Local\Temp\ccecfI5r.s 			page 3


  53:Generated_Source\PSoC4/PVref_1.c **** {
  63              		.loc 1 53 0
  64              		.cfi_startproc
  65              		@ args = 0, pretend = 0, frame = 0
  66              		@ frame_needed = 0, uses_anonymous_args = 0
  67              		@ link register save eliminated.
  54:Generated_Source\PSoC4/PVref_1.c ****     PVref_1_PRB_REF_REG |= PVref_1_VREF_ENABLE;
  68              		.loc 1 54 0
  69 0000 024A     		ldr	r2, .L5
  70 0002 1168     		ldr	r1, [r2]
  71 0004 0123     		movs	r3, #1
  72 0006 0B43     		orrs	r3, r1
  73 0008 1360     		str	r3, [r2]
  55:Generated_Source\PSoC4/PVref_1.c **** }
  74              		.loc 1 55 0
  75              		@ sp needed
  76 000a 7047     		bx	lr
  77              	.L6:
  78              		.align	2
  79              	.L5:
  80 000c 04023F40 		.word	1077871108
  81              		.cfi_endproc
  82              	.LFE1:
  83              		.size	PVref_1_Enable, .-PVref_1_Enable
  84              		.section	.text.PVref_1_Start,"ax",%progbits
  85              		.align	2
  86              		.global	PVref_1_Start
  87              		.code	16
  88              		.thumb_func
  89              		.type	PVref_1_Start, %function
  90              	PVref_1_Start:
  91              	.LFB2:
  56:Generated_Source\PSoC4/PVref_1.c **** 
  57:Generated_Source\PSoC4/PVref_1.c **** 
  58:Generated_Source\PSoC4/PVref_1.c **** /*******************************************************************************
  59:Generated_Source\PSoC4/PVref_1.c **** * Function Name: PVref_1_Start
  60:Generated_Source\PSoC4/PVref_1.c **** ****************************************************************************//**
  61:Generated_Source\PSoC4/PVref_1.c **** *
  62:Generated_Source\PSoC4/PVref_1.c **** *  Initializes all parameters required to setup the component as defined in the
  63:Generated_Source\PSoC4/PVref_1.c **** *  customizer. If the reference is set to Vdda, it will enable all Vdda based
  64:Generated_Source\PSoC4/PVref_1.c **** *  references.
  65:Generated_Source\PSoC4/PVref_1.c **** *
  66:Generated_Source\PSoC4/PVref_1.c **** * \globalvars
  67:Generated_Source\PSoC4/PVref_1.c **** *  \ref PVref_1_initVar - This variable is used to indicate the initial
  68:Generated_Source\PSoC4/PVref_1.c **** *  configuration of this component. The variable is initialized to zero and
  69:Generated_Source\PSoC4/PVref_1.c **** *  set to 1 the first time PVref_1_Start() is called. This allows
  70:Generated_Source\PSoC4/PVref_1.c **** *  the component initialization without re-initialization in all subsequent
  71:Generated_Source\PSoC4/PVref_1.c **** *  calls to the PVref_1_Start() routine.
  72:Generated_Source\PSoC4/PVref_1.c **** *
  73:Generated_Source\PSoC4/PVref_1.c **** * \sideeffect
  74:Generated_Source\PSoC4/PVref_1.c **** *  If the reference is Vdda-based, the function will enable all Vdda-based
  75:Generated_Source\PSoC4/PVref_1.c **** *  references because they share the same resistor tree.
  76:Generated_Source\PSoC4/PVref_1.c **** *
  77:Generated_Source\PSoC4/PVref_1.c **** *******************************************************************************/
  78:Generated_Source\PSoC4/PVref_1.c **** void PVref_1_Start(void)
  79:Generated_Source\PSoC4/PVref_1.c **** {
  92              		.loc 1 79 0
ARM GAS  C:\Users\TUCKER~1\AppData\Local\Temp\ccecfI5r.s 			page 4


  93              		.cfi_startproc
  94              		@ args = 0, pretend = 0, frame = 0
  95              		@ frame_needed = 0, uses_anonymous_args = 0
  96 0000 10B5     		push	{r4, lr}
  97              		.cfi_def_cfa_offset 8
  98              		.cfi_offset 4, -8
  99              		.cfi_offset 14, -4
  80:Generated_Source\PSoC4/PVref_1.c ****     /* If not Initialized, then initialize all required hardware and software. */
  81:Generated_Source\PSoC4/PVref_1.c ****     if (PVref_1_initVar == 0u)
 100              		.loc 1 81 0
 101 0002 064B     		ldr	r3, .L9
 102 0004 1B78     		ldrb	r3, [r3]
 103 0006 002B     		cmp	r3, #0
 104 0008 04D1     		bne	.L8
  82:Generated_Source\PSoC4/PVref_1.c ****     {
  83:Generated_Source\PSoC4/PVref_1.c ****         PVref_1_initVar = 1u;
 105              		.loc 1 83 0
 106 000a 0122     		movs	r2, #1
 107 000c 034B     		ldr	r3, .L9
 108 000e 1A70     		strb	r2, [r3]
  84:Generated_Source\PSoC4/PVref_1.c ****         PVref_1_Init();
 109              		.loc 1 84 0
 110 0010 FFF7FEFF 		bl	PVref_1_Init
 111              	.LVL0:
 112              	.L8:
  85:Generated_Source\PSoC4/PVref_1.c ****     }
  86:Generated_Source\PSoC4/PVref_1.c **** 
  87:Generated_Source\PSoC4/PVref_1.c ****     PVref_1_Enable();
 113              		.loc 1 87 0
 114 0014 FFF7FEFF 		bl	PVref_1_Enable
 115              	.LVL1:
  88:Generated_Source\PSoC4/PVref_1.c **** }
 116              		.loc 1 88 0
 117              		@ sp needed
 118 0018 10BD     		pop	{r4, pc}
 119              	.L10:
 120 001a C046     		.align	2
 121              	.L9:
 122 001c 00000000 		.word	.LANCHOR0
 123              		.cfi_endproc
 124              	.LFE2:
 125              		.size	PVref_1_Start, .-PVref_1_Start
 126              		.section	.text.PVref_1_Stop,"ax",%progbits
 127              		.align	2
 128              		.global	PVref_1_Stop
 129              		.code	16
 130              		.thumb_func
 131              		.type	PVref_1_Stop, %function
 132              	PVref_1_Stop:
 133              	.LFB3:
  89:Generated_Source\PSoC4/PVref_1.c **** 
  90:Generated_Source\PSoC4/PVref_1.c **** 
  91:Generated_Source\PSoC4/PVref_1.c **** /*******************************************************************************
  92:Generated_Source\PSoC4/PVref_1.c **** * Function Name: PVref_1_Stop
  93:Generated_Source\PSoC4/PVref_1.c **** ****************************************************************************//**
  94:Generated_Source\PSoC4/PVref_1.c **** *
  95:Generated_Source\PSoC4/PVref_1.c **** *  Disables the Voltage Reference.
ARM GAS  C:\Users\TUCKER~1\AppData\Local\Temp\ccecfI5r.s 			page 5


  96:Generated_Source\PSoC4/PVref_1.c **** *
  97:Generated_Source\PSoC4/PVref_1.c **** *******************************************************************************/
  98:Generated_Source\PSoC4/PVref_1.c **** void PVref_1_Stop(void)
  99:Generated_Source\PSoC4/PVref_1.c **** {
 134              		.loc 1 99 0
 135              		.cfi_startproc
 136              		@ args = 0, pretend = 0, frame = 0
 137              		@ frame_needed = 0, uses_anonymous_args = 0
 138              		@ link register save eliminated.
 100:Generated_Source\PSoC4/PVref_1.c ****     PVref_1_PRB_REF_REG &= ~PVref_1_VREF_ENABLE;
 139              		.loc 1 100 0
 140 0000 024A     		ldr	r2, .L12
 141 0002 1368     		ldr	r3, [r2]
 142 0004 0121     		movs	r1, #1
 143 0006 8B43     		bics	r3, r1
 144 0008 1360     		str	r3, [r2]
 101:Generated_Source\PSoC4/PVref_1.c **** }
 145              		.loc 1 101 0
 146              		@ sp needed
 147 000a 7047     		bx	lr
 148              	.L13:
 149              		.align	2
 150              	.L12:
 151 000c 04023F40 		.word	1077871108
 152              		.cfi_endproc
 153              	.LFE3:
 154              		.size	PVref_1_Stop, .-PVref_1_Stop
 155              		.section	.text.PVref_1_SetTap,"ax",%progbits
 156              		.align	2
 157              		.global	PVref_1_SetTap
 158              		.code	16
 159              		.thumb_func
 160              		.type	PVref_1_SetTap, %function
 161              	PVref_1_SetTap:
 162              	.LFB4:
 102:Generated_Source\PSoC4/PVref_1.c **** 
 103:Generated_Source\PSoC4/PVref_1.c **** 
 104:Generated_Source\PSoC4/PVref_1.c **** /*******************************************************************************
 105:Generated_Source\PSoC4/PVref_1.c **** * Function Name: PVref_1_SetTap
 106:Generated_Source\PSoC4/PVref_1.c **** ****************************************************************************//**
 107:Generated_Source\PSoC4/PVref_1.c **** *
 108:Generated_Source\PSoC4/PVref_1.c **** *  Selects which of the equally spaced resistor divider taps will be used for
 109:Generated_Source\PSoC4/PVref_1.c **** *  the reference. The output will range in 1/16th steps between Vref/16 to Vref.
 110:Generated_Source\PSoC4/PVref_1.c **** *
 111:Generated_Source\PSoC4/PVref_1.c **** *  \param
 112:Generated_Source\PSoC4/PVref_1.c **** *  dividerTap:    One of the 16-tap voltage dividers to select a voltage
 113:Generated_Source\PSoC4/PVref_1.c **** *                 between 1/16 of the reference source to the full reference
 114:Generated_Source\PSoC4/PVref_1.c **** *                 source in steps of 1/16.
 115:Generated_Source\PSoC4/PVref_1.c **** * * 1   :    1/16 Vref
 116:Generated_Source\PSoC4/PVref_1.c **** * * ... :    ...
 117:Generated_Source\PSoC4/PVref_1.c **** * * 16  :    Vref
 118:Generated_Source\PSoC4/PVref_1.c **** *
 119:Generated_Source\PSoC4/PVref_1.c **** *******************************************************************************/
 120:Generated_Source\PSoC4/PVref_1.c **** void PVref_1_SetTap(uint32 dividerTap)
 121:Generated_Source\PSoC4/PVref_1.c **** {
 163              		.loc 1 121 0
 164              		.cfi_startproc
ARM GAS  C:\Users\TUCKER~1\AppData\Local\Temp\ccecfI5r.s 			page 6


 165              		@ args = 0, pretend = 0, frame = 0
 166              		@ frame_needed = 0, uses_anonymous_args = 0
 167              		@ link register save eliminated.
 168              	.LVL2:
 122:Generated_Source\PSoC4/PVref_1.c ****     PVref_1_PRB_REF_REG = (PVref_1_PRB_REF_REG & ~PVref_1_VREF_LEVEL_SEL_MASK) |
 169              		.loc 1 122 0
 170 0000 0549     		ldr	r1, .L15
 171 0002 0A68     		ldr	r2, [r1]
 172 0004 F023     		movs	r3, #240
 173 0006 9A43     		bics	r2, r3
 123:Generated_Source\PSoC4/PVref_1.c ****         (((dividerTap - 1u) << PVref_1_VREF_LEVEL_SEL_MASK_POS) & PVref_1_VREF_LEVEL_SEL_MASK);
 174              		.loc 1 123 0
 175 0008 0138     		subs	r0, r0, #1
 176              	.LVL3:
 177 000a 0301     		lsls	r3, r0, #4
 178 000c FF20     		movs	r0, #255
 179              	.LVL4:
 180 000e 1840     		ands	r0, r3
 122:Generated_Source\PSoC4/PVref_1.c ****     PVref_1_PRB_REF_REG = (PVref_1_PRB_REF_REG & ~PVref_1_VREF_LEVEL_SEL_MASK) |
 181              		.loc 1 122 0
 182 0010 1043     		orrs	r0, r2
 183 0012 0860     		str	r0, [r1]
 124:Generated_Source\PSoC4/PVref_1.c **** }
 184              		.loc 1 124 0
 185              		@ sp needed
 186 0014 7047     		bx	lr
 187              	.L16:
 188 0016 C046     		.align	2
 189              	.L15:
 190 0018 04023F40 		.word	1077871108
 191              		.cfi_endproc
 192              	.LFE4:
 193              		.size	PVref_1_SetTap, .-PVref_1_SetTap
 194              		.section	.text.PVref_1_SetVRefSrc,"ax",%progbits
 195              		.align	2
 196              		.global	PVref_1_SetVRefSrc
 197              		.code	16
 198              		.thumb_func
 199              		.type	PVref_1_SetVRefSrc, %function
 200              	PVref_1_SetVRefSrc:
 201              	.LFB5:
 125:Generated_Source\PSoC4/PVref_1.c **** 
 126:Generated_Source\PSoC4/PVref_1.c **** 
 127:Generated_Source\PSoC4/PVref_1.c **** /*******************************************************************************
 128:Generated_Source\PSoC4/PVref_1.c **** * Function Name: PVref_1_SetVRefSrc
 129:Generated_Source\PSoC4/PVref_1.c **** ****************************************************************************//**
 130:Generated_Source\PSoC4/PVref_1.c **** *
 131:Generated_Source\PSoC4/PVref_1.c **** *  Selects whether the reference at the top of the resistor divider is based
 132:Generated_Source\PSoC4/PVref_1.c **** *  on the bandgap or Vdda.
 133:Generated_Source\PSoC4/PVref_1.c **** *
 134:Generated_Source\PSoC4/PVref_1.c **** *  \param
 135:Generated_Source\PSoC4/PVref_1.c **** *  reference:    The reference source.
 136:Generated_Source\PSoC4/PVref_1.c **** * * PVref_1_BANDGAP_REFERENCE :    Bandgap reference
 137:Generated_Source\PSoC4/PVref_1.c **** * * PVref_1_VDDA_REFERENCE    :    Vdda reference
 138:Generated_Source\PSoC4/PVref_1.c **** *
 139:Generated_Source\PSoC4/PVref_1.c **** * \sideeffect
 140:Generated_Source\PSoC4/PVref_1.c **** *  If the reference is based on Vdda, it will affect all Vdda-based references
ARM GAS  C:\Users\TUCKER~1\AppData\Local\Temp\ccecfI5r.s 			page 7


 141:Generated_Source\PSoC4/PVref_1.c **** *  because they share the same resistor tree.
 142:Generated_Source\PSoC4/PVref_1.c **** *
 143:Generated_Source\PSoC4/PVref_1.c **** *******************************************************************************/
 144:Generated_Source\PSoC4/PVref_1.c **** void PVref_1_SetVRefSrc(uint32 reference)
 145:Generated_Source\PSoC4/PVref_1.c **** {
 202              		.loc 1 145 0
 203              		.cfi_startproc
 204              		@ args = 0, pretend = 0, frame = 0
 205              		@ frame_needed = 0, uses_anonymous_args = 0
 206              		@ link register save eliminated.
 207              	.LVL5:
 146:Generated_Source\PSoC4/PVref_1.c ****     if (PVref_1_BANDGAP_REFERENCE == reference)
 208              		.loc 1 146 0
 209 0000 0028     		cmp	r0, #0
 210 0002 05D1     		bne	.L18
 147:Generated_Source\PSoC4/PVref_1.c ****     {
 148:Generated_Source\PSoC4/PVref_1.c ****         PVref_1_PRB_REF_REG &= ~PVref_1_VREF_SUPPLY_SEL;
 211              		.loc 1 148 0
 212 0004 084A     		ldr	r2, .L20
 213 0006 1368     		ldr	r3, [r2]
 214 0008 0221     		movs	r1, #2
 215 000a 8B43     		bics	r3, r1
 216 000c 1360     		str	r3, [r2]
 217 000e 09E0     		b	.L17
 218              	.L18:
 149:Generated_Source\PSoC4/PVref_1.c ****     }
 150:Generated_Source\PSoC4/PVref_1.c ****     else /* Vdda reference source */
 151:Generated_Source\PSoC4/PVref_1.c ****     {
 152:Generated_Source\PSoC4/PVref_1.c ****         PVref_1_PRB_CTRL_REG |= PVref_1_VDDA_ENABLE;
 219              		.loc 1 152 0
 220 0010 064A     		ldr	r2, .L20+4
 221 0012 1168     		ldr	r1, [r2]
 222 0014 1023     		movs	r3, #16
 223 0016 0B43     		orrs	r3, r1
 224 0018 1360     		str	r3, [r2]
 153:Generated_Source\PSoC4/PVref_1.c ****         PVref_1_PRB_REF_REG |= PVref_1_VREF_SUPPLY_SEL;
 225              		.loc 1 153 0
 226 001a 034A     		ldr	r2, .L20
 227 001c 1168     		ldr	r1, [r2]
 228 001e 0223     		movs	r3, #2
 229 0020 0B43     		orrs	r3, r1
 230 0022 1360     		str	r3, [r2]
 231              	.L17:
 154:Generated_Source\PSoC4/PVref_1.c ****     }
 155:Generated_Source\PSoC4/PVref_1.c **** }
 232              		.loc 1 155 0
 233              		@ sp needed
 234 0024 7047     		bx	lr
 235              	.L21:
 236 0026 C046     		.align	2
 237              	.L20:
 238 0028 04023F40 		.word	1077871108
 239 002c 00023F40 		.word	1077871104
 240              		.cfi_endproc
 241              	.LFE5:
 242              		.size	PVref_1_SetVRefSrc, .-PVref_1_SetVRefSrc
 243              		.global	PVref_1_initVar
ARM GAS  C:\Users\TUCKER~1\AppData\Local\Temp\ccecfI5r.s 			page 8


 244              		.bss
 245              		.set	.LANCHOR0,. + 0
 246              		.type	PVref_1_initVar, %object
 247              		.size	PVref_1_initVar, 1
 248              	PVref_1_initVar:
 249 0000 00       		.space	1
 250              		.text
 251              	.Letext0:
 252              		.file 2 "Generated_Source\\PSoC4\\cytypes.h"
 253              		.section	.debug_info,"",%progbits
 254              	.Ldebug_info0:
 255 0000 5A010000 		.4byte	0x15a
 256 0004 0400     		.2byte	0x4
 257 0006 00000000 		.4byte	.Ldebug_abbrev0
 258 000a 04       		.byte	0x4
 259 000b 01       		.uleb128 0x1
 260 000c 91010000 		.4byte	.LASF23
 261 0010 0C       		.byte	0xc
 262 0011 D5000000 		.4byte	.LASF24
 263 0015 01010000 		.4byte	.LASF25
 264 0019 00000000 		.4byte	.Ldebug_ranges0+0
 265 001d 00000000 		.4byte	0
 266 0021 00000000 		.4byte	.Ldebug_line0
 267 0025 02       		.uleb128 0x2
 268 0026 01       		.byte	0x1
 269 0027 06       		.byte	0x6
 270 0028 23020000 		.4byte	.LASF0
 271 002c 02       		.uleb128 0x2
 272 002d 01       		.byte	0x1
 273 002e 08       		.byte	0x8
 274 002f 45000000 		.4byte	.LASF1
 275 0033 02       		.uleb128 0x2
 276 0034 02       		.byte	0x2
 277 0035 05       		.byte	0x5
 278 0036 78010000 		.4byte	.LASF2
 279 003a 02       		.uleb128 0x2
 280 003b 02       		.byte	0x2
 281 003c 07       		.byte	0x7
 282 003d 65000000 		.4byte	.LASF3
 283 0041 02       		.uleb128 0x2
 284 0042 04       		.byte	0x4
 285 0043 05       		.byte	0x5
 286 0044 88010000 		.4byte	.LASF4
 287 0048 02       		.uleb128 0x2
 288 0049 04       		.byte	0x4
 289 004a 07       		.byte	0x7
 290 004b 53000000 		.4byte	.LASF5
 291 004f 02       		.uleb128 0x2
 292 0050 08       		.byte	0x8
 293 0051 05       		.byte	0x5
 294 0052 65010000 		.4byte	.LASF6
 295 0056 02       		.uleb128 0x2
 296 0057 08       		.byte	0x8
 297 0058 07       		.byte	0x7
 298 0059 AE000000 		.4byte	.LASF7
 299 005d 03       		.uleb128 0x3
 300 005e 04       		.byte	0x4
ARM GAS  C:\Users\TUCKER~1\AppData\Local\Temp\ccecfI5r.s 			page 9


 301 005f 05       		.byte	0x5
 302 0060 696E7400 		.ascii	"int\000"
 303 0064 02       		.uleb128 0x2
 304 0065 04       		.byte	0x4
 305 0066 07       		.byte	0x7
 306 0067 A1000000 		.4byte	.LASF8
 307 006b 04       		.uleb128 0x4
 308 006c 82010000 		.4byte	.LASF9
 309 0070 02       		.byte	0x2
 310 0071 F701     		.2byte	0x1f7
 311 0073 2C000000 		.4byte	0x2c
 312 0077 04       		.uleb128 0x4
 313 0078 8D000000 		.4byte	.LASF10
 314 007c 02       		.byte	0x2
 315 007d F901     		.2byte	0x1f9
 316 007f 48000000 		.4byte	0x48
 317 0083 02       		.uleb128 0x2
 318 0084 04       		.byte	0x4
 319 0085 04       		.byte	0x4
 320 0086 3F000000 		.4byte	.LASF11
 321 008a 02       		.uleb128 0x2
 322 008b 08       		.byte	0x8
 323 008c 04       		.byte	0x4
 324 008d 78000000 		.4byte	.LASF12
 325 0091 02       		.uleb128 0x2
 326 0092 01       		.byte	0x1
 327 0093 08       		.byte	0x8
 328 0094 73010000 		.4byte	.LASF13
 329 0098 04       		.uleb128 0x4
 330 0099 0F000000 		.4byte	.LASF14
 331 009d 02       		.byte	0x2
 332 009e A302     		.2byte	0x2a3
 333 00a0 A4000000 		.4byte	0xa4
 334 00a4 05       		.uleb128 0x5
 335 00a5 77000000 		.4byte	0x77
 336 00a9 06       		.uleb128 0x6
 337 00aa 32000000 		.4byte	.LASF15
 338 00ae 01       		.byte	0x1
 339 00af 26       		.byte	0x26
 340 00b0 00000000 		.4byte	.LFB0
 341 00b4 1C000000 		.4byte	.LFE0-.LFB0
 342 00b8 01       		.uleb128 0x1
 343 00b9 9C       		.byte	0x9c
 344 00ba 06       		.uleb128 0x6
 345 00bb 2F020000 		.4byte	.LASF16
 346 00bf 01       		.byte	0x1
 347 00c0 34       		.byte	0x34
 348 00c1 00000000 		.4byte	.LFB1
 349 00c5 10000000 		.4byte	.LFE1-.LFB1
 350 00c9 01       		.uleb128 0x1
 351 00ca 9C       		.byte	0x9c
 352 00cb 07       		.uleb128 0x7
 353 00cc 7F000000 		.4byte	.LASF18
 354 00d0 01       		.byte	0x1
 355 00d1 4E       		.byte	0x4e
 356 00d2 00000000 		.4byte	.LFB2
 357 00d6 20000000 		.4byte	.LFE2-.LFB2
ARM GAS  C:\Users\TUCKER~1\AppData\Local\Temp\ccecfI5r.s 			page 10


 358 00da 01       		.uleb128 0x1
 359 00db 9C       		.byte	0x9c
 360 00dc F3000000 		.4byte	0xf3
 361 00e0 08       		.uleb128 0x8
 362 00e1 14000000 		.4byte	.LVL0
 363 00e5 A9000000 		.4byte	0xa9
 364 00e9 08       		.uleb128 0x8
 365 00ea 18000000 		.4byte	.LVL1
 366 00ee BA000000 		.4byte	0xba
 367 00f2 00       		.byte	0
 368 00f3 06       		.uleb128 0x6
 369 00f4 94000000 		.4byte	.LASF17
 370 00f8 01       		.byte	0x1
 371 00f9 62       		.byte	0x62
 372 00fa 00000000 		.4byte	.LFB3
 373 00fe 10000000 		.4byte	.LFE3-.LFB3
 374 0102 01       		.uleb128 0x1
 375 0103 9C       		.byte	0x9c
 376 0104 07       		.uleb128 0x7
 377 0105 00000000 		.4byte	.LASF19
 378 0109 01       		.byte	0x1
 379 010a 78       		.byte	0x78
 380 010b 00000000 		.4byte	.LFB4
 381 010f 1C000000 		.4byte	.LFE4-.LFB4
 382 0113 01       		.uleb128 0x1
 383 0114 9C       		.byte	0x9c
 384 0115 29010000 		.4byte	0x129
 385 0119 09       		.uleb128 0x9
 386 011a F6000000 		.4byte	.LASF21
 387 011e 01       		.byte	0x1
 388 011f 78       		.byte	0x78
 389 0120 77000000 		.4byte	0x77
 390 0124 00000000 		.4byte	.LLST0
 391 0128 00       		.byte	0
 392 0129 07       		.uleb128 0x7
 393 012a 1F000000 		.4byte	.LASF20
 394 012e 01       		.byte	0x1
 395 012f 90       		.byte	0x90
 396 0130 00000000 		.4byte	.LFB5
 397 0134 30000000 		.4byte	.LFE5-.LFB5
 398 0138 01       		.uleb128 0x1
 399 0139 9C       		.byte	0x9c
 400 013a 4C010000 		.4byte	0x14c
 401 013e 0A       		.uleb128 0xa
 402 013f 15000000 		.4byte	.LASF22
 403 0143 01       		.byte	0x1
 404 0144 90       		.byte	0x90
 405 0145 77000000 		.4byte	0x77
 406 0149 01       		.uleb128 0x1
 407 014a 50       		.byte	0x50
 408 014b 00       		.byte	0
 409 014c 0B       		.uleb128 0xb
 410 014d C5000000 		.4byte	.LASF26
 411 0151 01       		.byte	0x1
 412 0152 16       		.byte	0x16
 413 0153 6B000000 		.4byte	0x6b
 414 0157 05       		.uleb128 0x5
ARM GAS  C:\Users\TUCKER~1\AppData\Local\Temp\ccecfI5r.s 			page 11


 415 0158 03       		.byte	0x3
 416 0159 00000000 		.4byte	PVref_1_initVar
 417 015d 00       		.byte	0
 418              		.section	.debug_abbrev,"",%progbits
 419              	.Ldebug_abbrev0:
 420 0000 01       		.uleb128 0x1
 421 0001 11       		.uleb128 0x11
 422 0002 01       		.byte	0x1
 423 0003 25       		.uleb128 0x25
 424 0004 0E       		.uleb128 0xe
 425 0005 13       		.uleb128 0x13
 426 0006 0B       		.uleb128 0xb
 427 0007 03       		.uleb128 0x3
 428 0008 0E       		.uleb128 0xe
 429 0009 1B       		.uleb128 0x1b
 430 000a 0E       		.uleb128 0xe
 431 000b 55       		.uleb128 0x55
 432 000c 17       		.uleb128 0x17
 433 000d 11       		.uleb128 0x11
 434 000e 01       		.uleb128 0x1
 435 000f 10       		.uleb128 0x10
 436 0010 17       		.uleb128 0x17
 437 0011 00       		.byte	0
 438 0012 00       		.byte	0
 439 0013 02       		.uleb128 0x2
 440 0014 24       		.uleb128 0x24
 441 0015 00       		.byte	0
 442 0016 0B       		.uleb128 0xb
 443 0017 0B       		.uleb128 0xb
 444 0018 3E       		.uleb128 0x3e
 445 0019 0B       		.uleb128 0xb
 446 001a 03       		.uleb128 0x3
 447 001b 0E       		.uleb128 0xe
 448 001c 00       		.byte	0
 449 001d 00       		.byte	0
 450 001e 03       		.uleb128 0x3
 451 001f 24       		.uleb128 0x24
 452 0020 00       		.byte	0
 453 0021 0B       		.uleb128 0xb
 454 0022 0B       		.uleb128 0xb
 455 0023 3E       		.uleb128 0x3e
 456 0024 0B       		.uleb128 0xb
 457 0025 03       		.uleb128 0x3
 458 0026 08       		.uleb128 0x8
 459 0027 00       		.byte	0
 460 0028 00       		.byte	0
 461 0029 04       		.uleb128 0x4
 462 002a 16       		.uleb128 0x16
 463 002b 00       		.byte	0
 464 002c 03       		.uleb128 0x3
 465 002d 0E       		.uleb128 0xe
 466 002e 3A       		.uleb128 0x3a
 467 002f 0B       		.uleb128 0xb
 468 0030 3B       		.uleb128 0x3b
 469 0031 05       		.uleb128 0x5
 470 0032 49       		.uleb128 0x49
 471 0033 13       		.uleb128 0x13
ARM GAS  C:\Users\TUCKER~1\AppData\Local\Temp\ccecfI5r.s 			page 12


 472 0034 00       		.byte	0
 473 0035 00       		.byte	0
 474 0036 05       		.uleb128 0x5
 475 0037 35       		.uleb128 0x35
 476 0038 00       		.byte	0
 477 0039 49       		.uleb128 0x49
 478 003a 13       		.uleb128 0x13
 479 003b 00       		.byte	0
 480 003c 00       		.byte	0
 481 003d 06       		.uleb128 0x6
 482 003e 2E       		.uleb128 0x2e
 483 003f 00       		.byte	0
 484 0040 3F       		.uleb128 0x3f
 485 0041 19       		.uleb128 0x19
 486 0042 03       		.uleb128 0x3
 487 0043 0E       		.uleb128 0xe
 488 0044 3A       		.uleb128 0x3a
 489 0045 0B       		.uleb128 0xb
 490 0046 3B       		.uleb128 0x3b
 491 0047 0B       		.uleb128 0xb
 492 0048 27       		.uleb128 0x27
 493 0049 19       		.uleb128 0x19
 494 004a 11       		.uleb128 0x11
 495 004b 01       		.uleb128 0x1
 496 004c 12       		.uleb128 0x12
 497 004d 06       		.uleb128 0x6
 498 004e 40       		.uleb128 0x40
 499 004f 18       		.uleb128 0x18
 500 0050 9742     		.uleb128 0x2117
 501 0052 19       		.uleb128 0x19
 502 0053 00       		.byte	0
 503 0054 00       		.byte	0
 504 0055 07       		.uleb128 0x7
 505 0056 2E       		.uleb128 0x2e
 506 0057 01       		.byte	0x1
 507 0058 3F       		.uleb128 0x3f
 508 0059 19       		.uleb128 0x19
 509 005a 03       		.uleb128 0x3
 510 005b 0E       		.uleb128 0xe
 511 005c 3A       		.uleb128 0x3a
 512 005d 0B       		.uleb128 0xb
 513 005e 3B       		.uleb128 0x3b
 514 005f 0B       		.uleb128 0xb
 515 0060 27       		.uleb128 0x27
 516 0061 19       		.uleb128 0x19
 517 0062 11       		.uleb128 0x11
 518 0063 01       		.uleb128 0x1
 519 0064 12       		.uleb128 0x12
 520 0065 06       		.uleb128 0x6
 521 0066 40       		.uleb128 0x40
 522 0067 18       		.uleb128 0x18
 523 0068 9742     		.uleb128 0x2117
 524 006a 19       		.uleb128 0x19
 525 006b 01       		.uleb128 0x1
 526 006c 13       		.uleb128 0x13
 527 006d 00       		.byte	0
 528 006e 00       		.byte	0
ARM GAS  C:\Users\TUCKER~1\AppData\Local\Temp\ccecfI5r.s 			page 13


 529 006f 08       		.uleb128 0x8
 530 0070 898201   		.uleb128 0x4109
 531 0073 00       		.byte	0
 532 0074 11       		.uleb128 0x11
 533 0075 01       		.uleb128 0x1
 534 0076 31       		.uleb128 0x31
 535 0077 13       		.uleb128 0x13
 536 0078 00       		.byte	0
 537 0079 00       		.byte	0
 538 007a 09       		.uleb128 0x9
 539 007b 05       		.uleb128 0x5
 540 007c 00       		.byte	0
 541 007d 03       		.uleb128 0x3
 542 007e 0E       		.uleb128 0xe
 543 007f 3A       		.uleb128 0x3a
 544 0080 0B       		.uleb128 0xb
 545 0081 3B       		.uleb128 0x3b
 546 0082 0B       		.uleb128 0xb
 547 0083 49       		.uleb128 0x49
 548 0084 13       		.uleb128 0x13
 549 0085 02       		.uleb128 0x2
 550 0086 17       		.uleb128 0x17
 551 0087 00       		.byte	0
 552 0088 00       		.byte	0
 553 0089 0A       		.uleb128 0xa
 554 008a 05       		.uleb128 0x5
 555 008b 00       		.byte	0
 556 008c 03       		.uleb128 0x3
 557 008d 0E       		.uleb128 0xe
 558 008e 3A       		.uleb128 0x3a
 559 008f 0B       		.uleb128 0xb
 560 0090 3B       		.uleb128 0x3b
 561 0091 0B       		.uleb128 0xb
 562 0092 49       		.uleb128 0x49
 563 0093 13       		.uleb128 0x13
 564 0094 02       		.uleb128 0x2
 565 0095 18       		.uleb128 0x18
 566 0096 00       		.byte	0
 567 0097 00       		.byte	0
 568 0098 0B       		.uleb128 0xb
 569 0099 34       		.uleb128 0x34
 570 009a 00       		.byte	0
 571 009b 03       		.uleb128 0x3
 572 009c 0E       		.uleb128 0xe
 573 009d 3A       		.uleb128 0x3a
 574 009e 0B       		.uleb128 0xb
 575 009f 3B       		.uleb128 0x3b
 576 00a0 0B       		.uleb128 0xb
 577 00a1 49       		.uleb128 0x49
 578 00a2 13       		.uleb128 0x13
 579 00a3 3F       		.uleb128 0x3f
 580 00a4 19       		.uleb128 0x19
 581 00a5 02       		.uleb128 0x2
 582 00a6 18       		.uleb128 0x18
 583 00a7 00       		.byte	0
 584 00a8 00       		.byte	0
 585 00a9 00       		.byte	0
ARM GAS  C:\Users\TUCKER~1\AppData\Local\Temp\ccecfI5r.s 			page 14


 586              		.section	.debug_loc,"",%progbits
 587              	.Ldebug_loc0:
 588              	.LLST0:
 589 0000 00000000 		.4byte	.LVL2
 590 0004 0A000000 		.4byte	.LVL3
 591 0008 0100     		.2byte	0x1
 592 000a 50       		.byte	0x50
 593 000b 0A000000 		.4byte	.LVL3
 594 000f 0E000000 		.4byte	.LVL4
 595 0013 0300     		.2byte	0x3
 596 0015 70       		.byte	0x70
 597 0016 01       		.sleb128 1
 598 0017 9F       		.byte	0x9f
 599 0018 0E000000 		.4byte	.LVL4
 600 001c 1C000000 		.4byte	.LFE4
 601 0020 0400     		.2byte	0x4
 602 0022 F3       		.byte	0xf3
 603 0023 01       		.uleb128 0x1
 604 0024 50       		.byte	0x50
 605 0025 9F       		.byte	0x9f
 606 0026 00000000 		.4byte	0
 607 002a 00000000 		.4byte	0
 608              		.section	.debug_aranges,"",%progbits
 609 0000 44000000 		.4byte	0x44
 610 0004 0200     		.2byte	0x2
 611 0006 00000000 		.4byte	.Ldebug_info0
 612 000a 04       		.byte	0x4
 613 000b 00       		.byte	0
 614 000c 0000     		.2byte	0
 615 000e 0000     		.2byte	0
 616 0010 00000000 		.4byte	.LFB0
 617 0014 1C000000 		.4byte	.LFE0-.LFB0
 618 0018 00000000 		.4byte	.LFB1
 619 001c 10000000 		.4byte	.LFE1-.LFB1
 620 0020 00000000 		.4byte	.LFB2
 621 0024 20000000 		.4byte	.LFE2-.LFB2
 622 0028 00000000 		.4byte	.LFB3
 623 002c 10000000 		.4byte	.LFE3-.LFB3
 624 0030 00000000 		.4byte	.LFB4
 625 0034 1C000000 		.4byte	.LFE4-.LFB4
 626 0038 00000000 		.4byte	.LFB5
 627 003c 30000000 		.4byte	.LFE5-.LFB5
 628 0040 00000000 		.4byte	0
 629 0044 00000000 		.4byte	0
 630              		.section	.debug_ranges,"",%progbits
 631              	.Ldebug_ranges0:
 632 0000 00000000 		.4byte	.LFB0
 633 0004 1C000000 		.4byte	.LFE0
 634 0008 00000000 		.4byte	.LFB1
 635 000c 10000000 		.4byte	.LFE1
 636 0010 00000000 		.4byte	.LFB2
 637 0014 20000000 		.4byte	.LFE2
 638 0018 00000000 		.4byte	.LFB3
 639 001c 10000000 		.4byte	.LFE3
 640 0020 00000000 		.4byte	.LFB4
 641 0024 1C000000 		.4byte	.LFE4
 642 0028 00000000 		.4byte	.LFB5
ARM GAS  C:\Users\TUCKER~1\AppData\Local\Temp\ccecfI5r.s 			page 15


 643 002c 30000000 		.4byte	.LFE5
 644 0030 00000000 		.4byte	0
 645 0034 00000000 		.4byte	0
 646              		.section	.debug_line,"",%progbits
 647              	.Ldebug_line0:
 648 0000 BD000000 		.section	.debug_str,"MS",%progbits,1
 648      02004400 
 648      00000201 
 648      FB0E0D00 
 648      01010101 
 649              	.LASF19:
 650 0000 50567265 		.ascii	"PVref_1_SetTap\000"
 650      665F315F 
 650      53657454 
 650      617000
 651              	.LASF14:
 652 000f 72656733 		.ascii	"reg32\000"
 652      3200
 653              	.LASF22:
 654 0015 72656665 		.ascii	"reference\000"
 654      72656E63 
 654      6500
 655              	.LASF20:
 656 001f 50567265 		.ascii	"PVref_1_SetVRefSrc\000"
 656      665F315F 
 656      53657456 
 656      52656653 
 656      726300
 657              	.LASF15:
 658 0032 50567265 		.ascii	"PVref_1_Init\000"
 658      665F315F 
 658      496E6974 
 658      00
 659              	.LASF11:
 660 003f 666C6F61 		.ascii	"float\000"
 660      7400
 661              	.LASF1:
 662 0045 756E7369 		.ascii	"unsigned char\000"
 662      676E6564 
 662      20636861 
 662      7200
 663              	.LASF5:
 664 0053 6C6F6E67 		.ascii	"long unsigned int\000"
 664      20756E73 
 664      69676E65 
 664      6420696E 
 664      7400
 665              	.LASF3:
 666 0065 73686F72 		.ascii	"short unsigned int\000"
 666      7420756E 
 666      7369676E 
 666      65642069 
 666      6E7400
 667              	.LASF12:
 668 0078 646F7562 		.ascii	"double\000"
 668      6C6500
 669              	.LASF18:
ARM GAS  C:\Users\TUCKER~1\AppData\Local\Temp\ccecfI5r.s 			page 16


 670 007f 50567265 		.ascii	"PVref_1_Start\000"
 670      665F315F 
 670      53746172 
 670      7400
 671              	.LASF10:
 672 008d 75696E74 		.ascii	"uint32\000"
 672      333200
 673              	.LASF17:
 674 0094 50567265 		.ascii	"PVref_1_Stop\000"
 674      665F315F 
 674      53746F70 
 674      00
 675              	.LASF8:
 676 00a1 756E7369 		.ascii	"unsigned int\000"
 676      676E6564 
 676      20696E74 
 676      00
 677              	.LASF7:
 678 00ae 6C6F6E67 		.ascii	"long long unsigned int\000"
 678      206C6F6E 
 678      6720756E 
 678      7369676E 
 678      65642069 
 679              	.LASF26:
 680 00c5 50567265 		.ascii	"PVref_1_initVar\000"
 680      665F315F 
 680      696E6974 
 680      56617200 
 681              	.LASF24:
 682 00d5 47656E65 		.ascii	"Generated_Source\\PSoC4\\PVref_1.c\000"
 682      72617465 
 682      645F536F 
 682      75726365 
 682      5C50536F 
 683              	.LASF21:
 684 00f6 64697669 		.ascii	"dividerTap\000"
 684      64657254 
 684      617000
 685              	.LASF25:
 686 0101 433A5C55 		.ascii	"C:\\Users\\Tucker Zischka\\Documents\\GitHub\\Li-Ce"
 686      73657273 
 686      5C547563 
 686      6B657220 
 686      5A697363 
 687 012f 6C6C5465 		.ascii	"llTesting_Script\\TJ Temperature Spatial Profile.cy"
 687      7374696E 
 687      675F5363 
 687      72697074 
 687      5C544A20 
 688 0161 64736E00 		.ascii	"dsn\000"
 689              	.LASF6:
 690 0165 6C6F6E67 		.ascii	"long long int\000"
 690      206C6F6E 
 690      6720696E 
 690      7400
 691              	.LASF13:
 692 0173 63686172 		.ascii	"char\000"
ARM GAS  C:\Users\TUCKER~1\AppData\Local\Temp\ccecfI5r.s 			page 17


 692      00
 693              	.LASF2:
 694 0178 73686F72 		.ascii	"short int\000"
 694      7420696E 
 694      7400
 695              	.LASF9:
 696 0182 75696E74 		.ascii	"uint8\000"
 696      3800
 697              	.LASF4:
 698 0188 6C6F6E67 		.ascii	"long int\000"
 698      20696E74 
 698      00
 699              	.LASF23:
 700 0191 474E5520 		.ascii	"GNU C11 5.4.1 20160609 (release) [ARM/embedded-5-br"
 700      43313120 
 700      352E342E 
 700      31203230 
 700      31363036 
 701 01c4 616E6368 		.ascii	"anch revision 237715] -mcpu=cortex-m0plus -mthumb -"
 701      20726576 
 701      6973696F 
 701      6E203233 
 701      37373135 
 702 01f7 67202D4F 		.ascii	"g -Og -ffunction-sections -ffat-lto-objects\000"
 702      67202D66 
 702      66756E63 
 702      74696F6E 
 702      2D736563 
 703              	.LASF0:
 704 0223 7369676E 		.ascii	"signed char\000"
 704      65642063 
 704      68617200 
 705              	.LASF16:
 706 022f 50567265 		.ascii	"PVref_1_Enable\000"
 706      665F315F 
 706      456E6162 
 706      6C6500
 707              		.ident	"GCC: (GNU Tools for ARM Embedded Processors) 5.4.1 20160609 (release) [ARM/embedded-5-bran
