--------------- Rebuild Started: 04/10/2021 21:17:56 Project: Internal_Main, Configuration: ARM GCC 5.4-2016-q2-update Debug ---------------
Deleting file ".\CortexM0p\ARM_GCC_541\Debug\main.o"
Deleting file ".\CortexM0p\ARM_GCC_541\Debug\cyfitter_cfg.o"
Deleting file ".\CortexM0p\ARM_GCC_541\Debug\cymetadata.o"
Deleting file ".\CortexM0p\ARM_GCC_541\Debug\ADC_1.o"
Deleting file ".\CortexM0p\ARM_GCC_541\Debug\ADC_1_INIT.o"
Deleting file ".\CortexM0p\ARM_GCC_541\Debug\ADC_1_INT.o"
Deleting file ".\CortexM0p\ARM_GCC_541\Debug\ADC_1_PM.o"
Deleting file ".\CortexM0p\ARM_GCC_541\Debug\PVref_1.o"
Deleting file ".\CortexM0p\ARM_GCC_541\Debug\PVref_1_PM.o"
Deleting file ".\CortexM0p\ARM_GCC_541\Debug\Cal_in.o"
Deleting file ".\CortexM0p\ARM_GCC_541\Debug\Cal_in_PM.o"
Deleting file ".\CortexM0p\ARM_GCC_541\Debug\PGA_1.o"
Deleting file ".\CortexM0p\ARM_GCC_541\Debug\PGA_1_PM.o"
Deleting file ".\CortexM0p\ARM_GCC_541\Debug\Pin_2.o"
Deleting file ".\CortexM0p\ARM_GCC_541\Debug\Pin_2_PM.o"
Deleting file ".\CortexM0p\ARM_GCC_541\Debug\Opamp_1.o"
Deleting file ".\CortexM0p\ARM_GCC_541\Debug\Opamp_1_PM.o"
Deleting file ".\CortexM0p\ARM_GCC_541\Debug\bgRef.o"
Deleting file ".\CortexM0p\ARM_GCC_541\Debug\bgRef_PM.o"
Deleting file ".\CortexM0p\ARM_GCC_541\Debug\Shunt_in.o"
Deleting file ".\CortexM0p\ARM_GCC_541\Debug\Shunt_in_PM.o"
Deleting file ".\CortexM0p\ARM_GCC_541\Debug\Shunt_gnd.o"
Deleting file ".\CortexM0p\ARM_GCC_541\Debug\Shunt_gnd_PM.o"
Deleting file ".\CortexM0p\ARM_GCC_541\Debug\Battery_in.o"
Deleting file ".\CortexM0p\ARM_GCC_541\Debug\Battery_in_PM.o"
Deleting file ".\CortexM0p\ARM_GCC_541\Debug\Opamp_2.o"
Deleting file ".\CortexM0p\ARM_GCC_541\Debug\Opamp_2_PM.o"
Deleting file ".\CortexM0p\ARM_GCC_541\Debug\ADC_1_intSarClock.o"
Deleting file ".\CortexM0p\ARM_GCC_541\Debug\ADC_1_IRQ.o"
Deleting file ".\CortexM0p\ARM_GCC_541\Debug\ADC_1_intUabClock.o"
Deleting file ".\CortexM0p\ARM_GCC_541\Debug\Cm0plusStart.o"
Deleting file ".\CortexM0p\ARM_GCC_541\Debug\CyFlash.o"
Deleting file ".\CortexM0p\ARM_GCC_541\Debug\CyLib.o"
Deleting file ".\CortexM0p\ARM_GCC_541\Debug\cyPm.o"
Deleting file ".\CortexM0p\ARM_GCC_541\Debug\cyutils.o"
Deleting file ".\CortexM0p\ARM_GCC_541\Debug\CyBootAsmGnu.o"
Deleting file ".\CortexM0p\ARM_GCC_541\Debug\CyDMA.o"
Deleting file ".\CortexM0p\ARM_GCC_541\Debug\CyLFClk.o"
Deleting file ".\CortexM0p\ARM_GCC_541\Debug\cy_em_eeprom.o"
Deleting file ".\CortexM0p\ARM_GCC_541\Debug\UART_1.o"
Deleting file ".\CortexM0p\ARM_GCC_541\Debug\UART_1_SPI_UART.o"
Deleting file ".\CortexM0p\ARM_GCC_541\Debug\UART_1_SPI_UART_INT.o"
Deleting file ".\CortexM0p\ARM_GCC_541\Debug\UART_1_PM.o"
Deleting file ".\CortexM0p\ARM_GCC_541\Debug\UART_1_UART.o"
Deleting file ".\CortexM0p\ARM_GCC_541\Debug\UART_1_BOOT.o"
Deleting file ".\CortexM0p\ARM_GCC_541\Debug\UART_1_UART_BOOT.o"
Deleting file ".\CortexM0p\ARM_GCC_541\Debug\I2C_1.o"
Deleting file ".\CortexM0p\ARM_GCC_541\Debug\I2C_1_I2C_INT.o"
Deleting file ".\CortexM0p\ARM_GCC_541\Debug\I2C_1_I2C.o"
Deleting file ".\CortexM0p\ARM_GCC_541\Debug\I2C_1_I2C_BOOT.o"
Deleting file ".\CortexM0p\ARM_GCC_541\Debug\I2C_1_I2C_MASTER.o"
Deleting file ".\CortexM0p\ARM_GCC_541\Debug\I2C_1_PM.o"
Deleting file ".\CortexM0p\ARM_GCC_541\Debug\I2C_1_BOOT.o"
Deleting file ".\CortexM0p\ARM_GCC_541\Debug\BLUE_LED.o"
Deleting file ".\CortexM0p\ARM_GCC_541\Debug\BLUE_LED_PM.o"
Deleting file ".\CortexM0p\ARM_GCC_541\Debug\RELAY_EN.o"
Deleting file ".\CortexM0p\ARM_GCC_541\Debug\RELAY_EN_PM.o"
Deleting file ".\CortexM0p\ARM_GCC_541\Debug\UART_1_SCBCLK.o"
Deleting file ".\CortexM0p\ARM_GCC_541\Debug\I2C_1_SCBCLK.o"
Deleting file ".\CortexM0p\ARM_GCC_541\Debug\I2C_1_sda.o"
Deleting file ".\CortexM0p\ARM_GCC_541\Debug\I2C_1_sda_PM.o"
Deleting file ".\CortexM0p\ARM_GCC_541\Debug\I2C_1_scl.o"
Deleting file ".\CortexM0p\ARM_GCC_541\Debug\I2C_1_scl_PM.o"
Deleting file ".\CortexM0p\ARM_GCC_541\Debug\I2C_1_SCB_IRQ.o"
Deleting file ".\CortexM0p\ARM_GCC_541\Debug\Timer_1.o"
Deleting file ".\CortexM0p\ARM_GCC_541\Debug\Timer_1_PM.o"
Deleting file ".\CortexM0p\ARM_GCC_541\Debug\Clock_1.o"
Deleting file ".\CortexM0p\ARM_GCC_541\Debug\Pin_1.o"
Deleting file ".\CortexM0p\ARM_GCC_541\Debug\Pin_1_PM.o"
Deleting file ".\CortexM0p\ARM_GCC_541\Debug\AmpOut.o"
Deleting file ".\CortexM0p\ARM_GCC_541\Debug\AmpOut_PM.o"
Deleting file ".\CortexM0p\ARM_GCC_541\Debug\GND_ref.o"
Deleting file ".\CortexM0p\ARM_GCC_541\Debug\GND_ref_PM.o"
Deleting file ".\CortexM0p\ARM_GCC_541\Debug\Internal_Main.hex"
Deleting file ".\CortexM0p\ARM_GCC_541\Debug\Internal_Main.elf"
Deleting file ".\CortexM0p\ARM_GCC_541\Debug\Internal_Main.map"
Deleting file ".\Internal_Main.cycdx"
Deleting file ".\Internal_Main.rpt"
Deleting file ".\CortexM0p\ARM_GCC_541\Debug\.deps\SOURCE_C__ARM_GCC_GENERIC.P"
Deleting file ".\CortexM0p\ARM_GCC_541\Debug\.deps\SOURCE_ASM__ARM_GCC_GENERIC.P"
cydsfit.exe -.appdatapath "C:\Users\Tucker Zischka\AppData\Local\Cypress Semiconductor\PSoC Creator\4.4" -.fdsnotice -.fdswarpdepfile=warp_dependencies.txt -.fdselabdepfile=elab_dependencies.txt -.fdsbldfile=generated_files.txt -.fdsreffile=referenced_files.txt -p "C:\Users\Tucker Zischka\Documents\GitHub\Li-CellTesting_Script\Internal_Main\Internal_Main.cydsn\Internal_Main.cyprj" -d CY8C4145LQI-PS433 -s "C:\Users\Tucker Zischka\Documents\GitHub\Li-CellTesting_Script\Internal_Main\Internal_Main.cydsn\Generated_Source\PSoC4" -- -yv2 -q10 -ygs -o2 -v3 -.fftcfgtype=LE
Elaborating Design...
ADD: sdb.M0065: information: Analog terminal "Cal_In.analog_0" on TopDesign is unconnected.
 * C:\Users\Tucker Zischka\Documents\GitHub\Li-CellTesting_Script\Internal_Main\Internal_Main.cydsn\TopDesign\TopDesign.cysch (Signal: Net_86)
 * C:\Users\Tucker Zischka\Documents\GitHub\Li-CellTesting_Script\Internal_Main\Internal_Main.cydsn\TopDesign\TopDesign.cysch (Shape_7.3)
ADD: sdb.M0065: information: Analog terminal "Shunt_Gnd.analog_0" on TopDesign is unconnected.
 * C:\Users\Tucker Zischka\Documents\GitHub\Li-CellTesting_Script\Internal_Main\Internal_Main.cydsn\TopDesign\TopDesign.cysch (Signal: Net_88)
 * C:\Users\Tucker Zischka\Documents\GitHub\Li-CellTesting_Script\Internal_Main\Internal_Main.cydsn\TopDesign\TopDesign.cysch (Shape_15.3)
ADD: sdb.M0065: information: Analog terminal "Opamp_2.Vout" on TopDesign is unconnected.
 * C:\Users\Tucker Zischka\Documents\GitHub\Li-CellTesting_Script\Internal_Main\Internal_Main.cydsn\TopDesign\TopDesign.cysch (Signal: Net_115)
 * C:\Users\Tucker Zischka\Documents\GitHub\Li-CellTesting_Script\Internal_Main\Internal_Main.cydsn\TopDesign\TopDesign.cysch (Shape_137)
 * C:\Users\Tucker Zischka\Documents\GitHub\Li-CellTesting_Script\Internal_Main\Internal_Main.cydsn\TopDesign\TopDesign.cysch (Shape_139.10)
 * C:\Users\Tucker Zischka\Documents\GitHub\Li-CellTesting_Script\Internal_Main\Internal_Main.cydsn\TopDesign\TopDesign.cysch (Shape_140)
 * C:\Users\Tucker Zischka\Documents\GitHub\Li-CellTesting_Script\Internal_Main\Internal_Main.cydsn\TopDesign\TopDesign.cysch (Shape_232)
ADD: sdb.M0061: information: Info from component: ADC_1. Off-chip Vref bypass does not have any effect when Vref is set to VDDA.
 * C:\Users\Tucker Zischka\Documents\GitHub\Li-CellTesting_Script\Internal_Main\Internal_Main.cydsn\TopDesign\TopDesign.cysch (Instance:ADC_1)
HDL Generation...
Synthesis...
Tech Mapping...
ADD: pft.M0040: information: The following 9 pin(s) will be assigned a location by the fitter: \ADC_1:Bypass(0)\, AmpOut(0), Battery_In(0), bgRef(0), Cal_In(0), GND_ref(0), RELAY_EN(0), Shunt_Gnd(0), Shunt_In(0)
Analog Placement...
Analog Routing...
Analog Code Generation...
Digital Placement...
Digital Routing...
Bitstream Generation...
Bitstream Verification...
Static timing analysis...
API Generation...
Dependency Generation...
Cleanup...
arm-none-eabi-gcc.exe -mcpu=cortex-m0plus -mthumb -I. -IGenerated_Source\PSoC4 -Wa,-alh=.\CortexM0p\ARM_GCC_541\Debug/main.lst -g -D DEBUG -D CY_CORE_ID=0 -Wall -ffunction-sections -ffat-lto-objects -Og -c main.c -o .\CortexM0p\ARM_GCC_541\Debug\main.o
main.c: In function 'main':
main.c:139:11: warning: unused variable 'vrgndVal' [-Wunused-variable]
     float vrgndVal; 
           ^
main.c:138:11: warning: unused variable 'vrefVal' [-Wunused-variable]
     float vrefVal;
           ^
main.c:137:11: warning: unused variable 'vrefCount' [-Wunused-variable]
     int32 vrefCount;
           ^
main.c:136:11: warning: unused variable 'vrgndCount' [-Wunused-variable]
     int32 vrgndCount;
           ^
arm-none-eabi-gcc.exe -mcpu=cortex-m0plus -mthumb -I. -IGenerated_Source\PSoC4 -Wa,-alh=.\CortexM0p\ARM_GCC_541\Debug/cyfitter_cfg.lst -g -D DEBUG -D CY_CORE_ID=0 -Wall -ffunction-sections -ffat-lto-objects -Og -c Generated_Source\PSoC4\cyfitter_cfg.c -o .\CortexM0p\ARM_GCC_541\Debug\cyfitter_cfg.o
arm-none-eabi-gcc.exe -mcpu=cortex-m0plus -mthumb -I. -IGenerated_Source\PSoC4 -Wa,-alh=.\CortexM0p\ARM_GCC_541\Debug/cymetadata.lst -g -D DEBUG -D CY_CORE_ID=0 -Wall -ffunction-sections -ffat-lto-objects -Og -c Generated_Source\PSoC4\cymetadata.c -o .\CortexM0p\ARM_GCC_541\Debug\cymetadata.o
arm-none-eabi-gcc.exe -mcpu=cortex-m0plus -mthumb -I. -IGenerated_Source\PSoC4 -Wa,-alh=.\CortexM0p\ARM_GCC_541\Debug/ADC_1.lst -g -D DEBUG -D CY_CORE_ID=0 -Wall -ffunction-sections -ffat-lto-objects -Og -c Generated_Source\PSoC4\ADC_1.c -o .\CortexM0p\ARM_GCC_541\Debug\ADC_1.o
arm-none-eabi-gcc.exe -mcpu=cortex-m0plus -mthumb -I. -IGenerated_Source\PSoC4 -Wa,-alh=.\CortexM0p\ARM_GCC_541\Debug/ADC_1_INIT.lst -g -D DEBUG -D CY_CORE_ID=0 -Wall -ffunction-sections -ffat-lto-objects -Og -c Generated_Source\PSoC4\ADC_1_INIT.c -o .\CortexM0p\ARM_GCC_541\Debug\ADC_1_INIT.o
arm-none-eabi-gcc.exe -mcpu=cortex-m0plus -mthumb -I. -IGenerated_Source\PSoC4 -Wa,-alh=.\CortexM0p\ARM_GCC_541\Debug/ADC_1_INT.lst -g -D DEBUG -D CY_CORE_ID=0 -Wall -ffunction-sections -ffat-lto-objects -Og -c Generated_Source\PSoC4\ADC_1_INT.c -o .\CortexM0p\ARM_GCC_541\Debug\ADC_1_INT.o
arm-none-eabi-gcc.exe -mcpu=cortex-m0plus -mthumb -I. -IGenerated_Source\PSoC4 -Wa,-alh=.\CortexM0p\ARM_GCC_541\Debug/ADC_1_PM.lst -g -D DEBUG -D CY_CORE_ID=0 -Wall -ffunction-sections -ffat-lto-objects -Og -c Generated_Source\PSoC4\ADC_1_PM.c -o .\CortexM0p\ARM_GCC_541\Debug\ADC_1_PM.o
arm-none-eabi-gcc.exe -mcpu=cortex-m0plus -mthumb -I. -IGenerated_Source\PSoC4 -Wa,-alh=.\CortexM0p\ARM_GCC_541\Debug/PVref_1.lst -g -D DEBUG -D CY_CORE_ID=0 -Wall -ffunction-sections -ffat-lto-objects -Og -c Generated_Source\PSoC4\PVref_1.c -o .\CortexM0p\ARM_GCC_541\Debug\PVref_1.o
arm-none-eabi-gcc.exe -mcpu=cortex-m0plus -mthumb -I. -IGenerated_Source\PSoC4 -Wa,-alh=.\CortexM0p\ARM_GCC_541\Debug/PVref_1_PM.lst -g -D DEBUG -D CY_CORE_ID=0 -Wall -ffunction-sections -ffat-lto-objects -Og -c Generated_Source\PSoC4\PVref_1_PM.c -o .\CortexM0p\ARM_GCC_541\Debug\PVref_1_PM.o
arm-none-eabi-gcc.exe -mcpu=cortex-m0plus -mthumb -I. -IGenerated_Source\PSoC4 -Wa,-alh=.\CortexM0p\ARM_GCC_541\Debug/Cal_in.lst -g -D DEBUG -D CY_CORE_ID=0 -Wall -ffunction-sections -ffat-lto-objects -Og -c Generated_Source\PSoC4\Cal_in.c -o .\CortexM0p\ARM_GCC_541\Debug\Cal_in.o
arm-none-eabi-gcc.exe -mcpu=cortex-m0plus -mthumb -I. -IGenerated_Source\PSoC4 -Wa,-alh=.\CortexM0p\ARM_GCC_541\Debug/Cal_in_PM.lst -g -D DEBUG -D CY_CORE_ID=0 -Wall -ffunction-sections -ffat-lto-objects -Og -c Generated_Source\PSoC4\Cal_in_PM.c -o .\CortexM0p\ARM_GCC_541\Debug\Cal_in_PM.o
arm-none-eabi-gcc.exe -mcpu=cortex-m0plus -mthumb -I. -IGenerated_Source\PSoC4 -Wa,-alh=.\CortexM0p\ARM_GCC_541\Debug/PGA_1.lst -g -D DEBUG -D CY_CORE_ID=0 -Wall -ffunction-sections -ffat-lto-objects -Og -c Generated_Source\PSoC4\PGA_1.c -o .\CortexM0p\ARM_GCC_541\Debug\PGA_1.o
arm-none-eabi-gcc.exe -mcpu=cortex-m0plus -mthumb -I. -IGenerated_Source\PSoC4 -Wa,-alh=.\CortexM0p\ARM_GCC_541\Debug/PGA_1_PM.lst -g -D DEBUG -D CY_CORE_ID=0 -Wall -ffunction-sections -ffat-lto-objects -Og -c Generated_Source\PSoC4\PGA_1_PM.c -o .\CortexM0p\ARM_GCC_541\Debug\PGA_1_PM.o
arm-none-eabi-gcc.exe -mcpu=cortex-m0plus -mthumb -I. -IGenerated_Source\PSoC4 -Wa,-alh=.\CortexM0p\ARM_GCC_541\Debug/Pin_2.lst -g -D DEBUG -D CY_CORE_ID=0 -Wall -ffunction-sections -ffat-lto-objects -Og -c Generated_Source\PSoC4\Pin_2.c -o .\CortexM0p\ARM_GCC_541\Debug\Pin_2.o
arm-none-eabi-gcc.exe -mcpu=cortex-m0plus -mthumb -I. -IGenerated_Source\PSoC4 -Wa,-alh=.\CortexM0p\ARM_GCC_541\Debug/Pin_2_PM.lst -g -D DEBUG -D CY_CORE_ID=0 -Wall -ffunction-sections -ffat-lto-objects -Og -c Generated_Source\PSoC4\Pin_2_PM.c -o .\CortexM0p\ARM_GCC_541\Debug\Pin_2_PM.o
arm-none-eabi-gcc.exe -mcpu=cortex-m0plus -mthumb -I. -IGenerated_Source\PSoC4 -Wa,-alh=.\CortexM0p\ARM_GCC_541\Debug/Opamp_1.lst -g -D DEBUG -D CY_CORE_ID=0 -Wall -ffunction-sections -ffat-lto-objects -Og -c Generated_Source\PSoC4\Opamp_1.c -o .\CortexM0p\ARM_GCC_541\Debug\Opamp_1.o
arm-none-eabi-gcc.exe -mcpu=cortex-m0plus -mthumb -I. -IGenerated_Source\PSoC4 -Wa,-alh=.\CortexM0p\ARM_GCC_541\Debug/Opamp_1_PM.lst -g -D DEBUG -D CY_CORE_ID=0 -Wall -ffunction-sections -ffat-lto-objects -Og -c Generated_Source\PSoC4\Opamp_1_PM.c -o .\CortexM0p\ARM_GCC_541\Debug\Opamp_1_PM.o
arm-none-eabi-gcc.exe -mcpu=cortex-m0plus -mthumb -I. -IGenerated_Source\PSoC4 -Wa,-alh=.\CortexM0p\ARM_GCC_541\Debug/bgRef.lst -g -D DEBUG -D CY_CORE_ID=0 -Wall -ffunction-sections -ffat-lto-objects -Og -c Generated_Source\PSoC4\bgRef.c -o .\CortexM0p\ARM_GCC_541\Debug\bgRef.o
arm-none-eabi-gcc.exe -mcpu=cortex-m0plus -mthumb -I. -IGenerated_Source\PSoC4 -Wa,-alh=.\CortexM0p\ARM_GCC_541\Debug/bgRef_PM.lst -g -D DEBUG -D CY_CORE_ID=0 -Wall -ffunction-sections -ffat-lto-objects -Og -c Generated_Source\PSoC4\bgRef_PM.c -o .\CortexM0p\ARM_GCC_541\Debug\bgRef_PM.o
arm-none-eabi-gcc.exe -mcpu=cortex-m0plus -mthumb -I. -IGenerated_Source\PSoC4 -Wa,-alh=.\CortexM0p\ARM_GCC_541\Debug/Shunt_in.lst -g -D DEBUG -D CY_CORE_ID=0 -Wall -ffunction-sections -ffat-lto-objects -Og -c Generated_Source\PSoC4\Shunt_in.c -o .\CortexM0p\ARM_GCC_541\Debug\Shunt_in.o
arm-none-eabi-gcc.exe -mcpu=cortex-m0plus -mthumb -I. -IGenerated_Source\PSoC4 -Wa,-alh=.\CortexM0p\ARM_GCC_541\Debug/Shunt_in_PM.lst -g -D DEBUG -D CY_CORE_ID=0 -Wall -ffunction-sections -ffat-lto-objects -Og -c Generated_Source\PSoC4\Shunt_in_PM.c -o .\CortexM0p\ARM_GCC_541\Debug\Shunt_in_PM.o
arm-none-eabi-gcc.exe -mcpu=cortex-m0plus -mthumb -I. -IGenerated_Source\PSoC4 -Wa,-alh=.\CortexM0p\ARM_GCC_541\Debug/Shunt_gnd.lst -g -D DEBUG -D CY_CORE_ID=0 -Wall -ffunction-sections -ffat-lto-objects -Og -c Generated_Source\PSoC4\Shunt_gnd.c -o .\CortexM0p\ARM_GCC_541\Debug\Shunt_gnd.o
arm-none-eabi-gcc.exe -mcpu=cortex-m0plus -mthumb -I. -IGenerated_Source\PSoC4 -Wa,-alh=.\CortexM0p\ARM_GCC_541\Debug/Shunt_gnd_PM.lst -g -D DEBUG -D CY_CORE_ID=0 -Wall -ffunction-sections -ffat-lto-objects -Og -c Generated_Source\PSoC4\Shunt_gnd_PM.c -o .\CortexM0p\ARM_GCC_541\Debug\Shunt_gnd_PM.o
arm-none-eabi-gcc.exe -mcpu=cortex-m0plus -mthumb -I. -IGenerated_Source\PSoC4 -Wa,-alh=.\CortexM0p\ARM_GCC_541\Debug/Battery_in.lst -g -D DEBUG -D CY_CORE_ID=0 -Wall -ffunction-sections -ffat-lto-objects -Og -c Generated_Source\PSoC4\Battery_in.c -o .\CortexM0p\ARM_GCC_541\Debug\Battery_in.o
arm-none-eabi-gcc.exe -mcpu=cortex-m0plus -mthumb -I. -IGenerated_Source\PSoC4 -Wa,-alh=.\CortexM0p\ARM_GCC_541\Debug/Battery_in_PM.lst -g -D DEBUG -D CY_CORE_ID=0 -Wall -ffunction-sections -ffat-lto-objects -Og -c Generated_Source\PSoC4\Battery_in_PM.c -o .\CortexM0p\ARM_GCC_541\Debug\Battery_in_PM.o
arm-none-eabi-gcc.exe -mcpu=cortex-m0plus -mthumb -I. -IGenerated_Source\PSoC4 -Wa,-alh=.\CortexM0p\ARM_GCC_541\Debug/Opamp_2.lst -g -D DEBUG -D CY_CORE_ID=0 -Wall -ffunction-sections -ffat-lto-objects -Og -c Generated_Source\PSoC4\Opamp_2.c -o .\CortexM0p\ARM_GCC_541\Debug\Opamp_2.o
arm-none-eabi-gcc.exe -mcpu=cortex-m0plus -mthumb -I. -IGenerated_Source\PSoC4 -Wa,-alh=.\CortexM0p\ARM_GCC_541\Debug/Opamp_2_PM.lst -g -D DEBUG -D CY_CORE_ID=0 -Wall -ffunction-sections -ffat-lto-objects -Og -c Generated_Source\PSoC4\Opamp_2_PM.c -o .\CortexM0p\ARM_GCC_541\Debug\Opamp_2_PM.o
arm-none-eabi-gcc.exe -mcpu=cortex-m0plus -mthumb -I. -IGenerated_Source\PSoC4 -Wa,-alh=.\CortexM0p\ARM_GCC_541\Debug/ADC_1_intSarClock.lst -g -D DEBUG -D CY_CORE_ID=0 -Wall -ffunction-sections -ffat-lto-objects -Og -c Generated_Source\PSoC4\ADC_1_intSarClock.c -o .\CortexM0p\ARM_GCC_541\Debug\ADC_1_intSarClock.o
arm-none-eabi-gcc.exe -mcpu=cortex-m0plus -mthumb -I. -IGenerated_Source\PSoC4 -Wa,-alh=.\CortexM0p\ARM_GCC_541\Debug/ADC_1_IRQ.lst -g -D DEBUG -D CY_CORE_ID=0 -Wall -ffunction-sections -ffat-lto-objects -Og -c Generated_Source\PSoC4\ADC_1_IRQ.c -o .\CortexM0p\ARM_GCC_541\Debug\ADC_1_IRQ.o
arm-none-eabi-gcc.exe -mcpu=cortex-m0plus -mthumb -I. -IGenerated_Source\PSoC4 -Wa,-alh=.\CortexM0p\ARM_GCC_541\Debug/ADC_1_intUabClock.lst -g -D DEBUG -D CY_CORE_ID=0 -Wall -ffunction-sections -ffat-lto-objects -Og -c Generated_Source\PSoC4\ADC_1_intUabClock.c -o .\CortexM0p\ARM_GCC_541\Debug\ADC_1_intUabClock.o
arm-none-eabi-gcc.exe -mcpu=cortex-m0plus -mthumb -I. -IGenerated_Source\PSoC4 -Wa,-alh=.\CortexM0p\ARM_GCC_541\Debug/Cm0plusStart.lst -g -D DEBUG -D CY_CORE_ID=0 -Wall -ffunction-sections -ffat-lto-objects -Og -c Generated_Source\PSoC4\Cm0plusStart.c -o .\CortexM0p\ARM_GCC_541\Debug\Cm0plusStart.o
arm-none-eabi-gcc.exe -mcpu=cortex-m0plus -mthumb -I. -IGenerated_Source\PSoC4 -Wa,-alh=.\CortexM0p\ARM_GCC_541\Debug/CyFlash.lst -g -D DEBUG -D CY_CORE_ID=0 -Wall -ffunction-sections -ffat-lto-objects -Og -c Generated_Source\PSoC4\CyFlash.c -o .\CortexM0p\ARM_GCC_541\Debug\CyFlash.o
arm-none-eabi-gcc.exe -mcpu=cortex-m0plus -mthumb -I. -IGenerated_Source\PSoC4 -Wa,-alh=.\CortexM0p\ARM_GCC_541\Debug/CyLib.lst -g -D DEBUG -D CY_CORE_ID=0 -Wall -ffunction-sections -ffat-lto-objects -Og -c Generated_Source\PSoC4\CyLib.c -o .\CortexM0p\ARM_GCC_541\Debug\CyLib.o
arm-none-eabi-gcc.exe -mcpu=cortex-m0plus -mthumb -I. -IGenerated_Source\PSoC4 -Wa,-alh=.\CortexM0p\ARM_GCC_541\Debug/cyPm.lst -g -D DEBUG -D CY_CORE_ID=0 -Wall -ffunction-sections -ffat-lto-objects -Og -c Generated_Source\PSoC4\cyPm.c -o .\CortexM0p\ARM_GCC_541\Debug\cyPm.o
arm-none-eabi-gcc.exe -mcpu=cortex-m0plus -mthumb -I. -IGenerated_Source\PSoC4 -Wa,-alh=.\CortexM0p\ARM_GCC_541\Debug/cyutils.lst -g -D DEBUG -D CY_CORE_ID=0 -Wall -ffunction-sections -ffat-lto-objects -Og -c Generated_Source\PSoC4\cyutils.c -o .\CortexM0p\ARM_GCC_541\Debug\cyutils.o
arm-none-eabi-gcc.exe -mcpu=cortex-m0plus -mthumb -I. -IGenerated_Source\PSoC4 -Wa,-alh=.\CortexM0p\ARM_GCC_541\Debug/CyDMA.lst -g -D DEBUG -D CY_CORE_ID=0 -Wall -ffunction-sections -ffat-lto-objects -Og -c Generated_Source\PSoC4\CyDMA.c -o .\CortexM0p\ARM_GCC_541\Debug\CyDMA.o
arm-none-eabi-gcc.exe -mcpu=cortex-m0plus -mthumb -I. -IGenerated_Source\PSoC4 -Wa,-alh=.\CortexM0p\ARM_GCC_541\Debug/CyLFClk.lst -g -D DEBUG -D CY_CORE_ID=0 -Wall -ffunction-sections -ffat-lto-objects -Og -c Generated_Source\PSoC4\CyLFClk.c -o .\CortexM0p\ARM_GCC_541\Debug\CyLFClk.o
arm-none-eabi-gcc.exe -mcpu=cortex-m0plus -mthumb -I. -IGenerated_Source\PSoC4 -Wa,-alh=.\CortexM0p\ARM_GCC_541\Debug/cy_em_eeprom.lst -g -D DEBUG -D CY_CORE_ID=0 -Wall -ffunction-sections -ffat-lto-objects -Og -c Generated_Source\PSoC4\cy_em_eeprom.c -o .\CortexM0p\ARM_GCC_541\Debug\cy_em_eeprom.o
arm-none-eabi-gcc.exe -mcpu=cortex-m0plus -mthumb -I. -IGenerated_Source\PSoC4 -Wa,-alh=.\CortexM0p\ARM_GCC_541\Debug/UART_1.lst -g -D DEBUG -D CY_CORE_ID=0 -Wall -ffunction-sections -ffat-lto-objects -Og -c Generated_Source\PSoC4\UART_1.c -o .\CortexM0p\ARM_GCC_541\Debug\UART_1.o
arm-none-eabi-gcc.exe -mcpu=cortex-m0plus -mthumb -I. -IGenerated_Source\PSoC4 -Wa,-alh=.\CortexM0p\ARM_GCC_541\Debug/UART_1_SPI_UART.lst -g -D DEBUG -D CY_CORE_ID=0 -Wall -ffunction-sections -ffat-lto-objects -Og -c Generated_Source\PSoC4\UART_1_SPI_UART.c -o .\CortexM0p\ARM_GCC_541\Debug\UART_1_SPI_UART.o
arm-none-eabi-gcc.exe -mcpu=cortex-m0plus -mthumb -I. -IGenerated_Source\PSoC4 -Wa,-alh=.\CortexM0p\ARM_GCC_541\Debug/UART_1_SPI_UART_INT.lst -g -D DEBUG -D CY_CORE_ID=0 -Wall -ffunction-sections -ffat-lto-objects -Og -c Generated_Source\PSoC4\UART_1_SPI_UART_INT.c -o .\CortexM0p\ARM_GCC_541\Debug\UART_1_SPI_UART_INT.o
arm-none-eabi-gcc.exe -mcpu=cortex-m0plus -mthumb -I. -IGenerated_Source\PSoC4 -Wa,-alh=.\CortexM0p\ARM_GCC_541\Debug/UART_1_PM.lst -g -D DEBUG -D CY_CORE_ID=0 -Wall -ffunction-sections -ffat-lto-objects -Og -c Generated_Source\PSoC4\UART_1_PM.c -o .\CortexM0p\ARM_GCC_541\Debug\UART_1_PM.o
arm-none-eabi-gcc.exe -mcpu=cortex-m0plus -mthumb -I. -IGenerated_Source\PSoC4 -Wa,-alh=.\CortexM0p\ARM_GCC_541\Debug/UART_1_UART.lst -g -D DEBUG -D CY_CORE_ID=0 -Wall -ffunction-sections -ffat-lto-objects -Og -c Generated_Source\PSoC4\UART_1_UART.c -o .\CortexM0p\ARM_GCC_541\Debug\UART_1_UART.o
arm-none-eabi-gcc.exe -mcpu=cortex-m0plus -mthumb -I. -IGenerated_Source\PSoC4 -Wa,-alh=.\CortexM0p\ARM_GCC_541\Debug/UART_1_BOOT.lst -g -D DEBUG -D CY_CORE_ID=0 -Wall -ffunction-sections -ffat-lto-objects -Og -c Generated_Source\PSoC4\UART_1_BOOT.c -o .\CortexM0p\ARM_GCC_541\Debug\UART_1_BOOT.o
arm-none-eabi-gcc.exe -mcpu=cortex-m0plus -mthumb -I. -IGenerated_Source\PSoC4 -Wa,-alh=.\CortexM0p\ARM_GCC_541\Debug/UART_1_UART_BOOT.lst -g -D DEBUG -D CY_CORE_ID=0 -Wall -ffunction-sections -ffat-lto-objects -Og -c Generated_Source\PSoC4\UART_1_UART_BOOT.c -o .\CortexM0p\ARM_GCC_541\Debug\UART_1_UART_BOOT.o
arm-none-eabi-gcc.exe -mcpu=cortex-m0plus -mthumb -I. -IGenerated_Source\PSoC4 -Wa,-alh=.\CortexM0p\ARM_GCC_541\Debug/I2C_1.lst -g -D DEBUG -D CY_CORE_ID=0 -Wall -ffunction-sections -ffat-lto-objects -Og -c Generated_Source\PSoC4\I2C_1.c -o .\CortexM0p\ARM_GCC_541\Debug\I2C_1.o
arm-none-eabi-gcc.exe -mcpu=cortex-m0plus -mthumb -I. -IGenerated_Source\PSoC4 -Wa,-alh=.\CortexM0p\ARM_GCC_541\Debug/I2C_1_I2C_INT.lst -g -D DEBUG -D CY_CORE_ID=0 -Wall -ffunction-sections -ffat-lto-objects -Og -c Generated_Source\PSoC4\I2C_1_I2C_INT.c -o .\CortexM0p\ARM_GCC_541\Debug\I2C_1_I2C_INT.o
arm-none-eabi-gcc.exe -mcpu=cortex-m0plus -mthumb -I. -IGenerated_Source\PSoC4 -Wa,-alh=.\CortexM0p\ARM_GCC_541\Debug/I2C_1_I2C.lst -g -D DEBUG -D CY_CORE_ID=0 -Wall -ffunction-sections -ffat-lto-objects -Og -c Generated_Source\PSoC4\I2C_1_I2C.c -o .\CortexM0p\ARM_GCC_541\Debug\I2C_1_I2C.o
arm-none-eabi-gcc.exe -mcpu=cortex-m0plus -mthumb -I. -IGenerated_Source\PSoC4 -Wa,-alh=.\CortexM0p\ARM_GCC_541\Debug/I2C_1_I2C_BOOT.lst -g -D DEBUG -D CY_CORE_ID=0 -Wall -ffunction-sections -ffat-lto-objects -Og -c Generated_Source\PSoC4\I2C_1_I2C_BOOT.c -o .\CortexM0p\ARM_GCC_541\Debug\I2C_1_I2C_BOOT.o
arm-none-eabi-gcc.exe -mcpu=cortex-m0plus -mthumb -I. -IGenerated_Source\PSoC4 -Wa,-alh=.\CortexM0p\ARM_GCC_541\Debug/I2C_1_I2C_MASTER.lst -g -D DEBUG -D CY_CORE_ID=0 -Wall -ffunction-sections -ffat-lto-objects -Og -c Generated_Source\PSoC4\I2C_1_I2C_MASTER.c -o .\CortexM0p\ARM_GCC_541\Debug\I2C_1_I2C_MASTER.o
arm-none-eabi-gcc.exe -mcpu=cortex-m0plus -mthumb -I. -IGenerated_Source\PSoC4 -Wa,-alh=.\CortexM0p\ARM_GCC_541\Debug/I2C_1_PM.lst -g -D DEBUG -D CY_CORE_ID=0 -Wall -ffunction-sections -ffat-lto-objects -Og -c Generated_Source\PSoC4\I2C_1_PM.c -o .\CortexM0p\ARM_GCC_541\Debug\I2C_1_PM.o
arm-none-eabi-gcc.exe -mcpu=cortex-m0plus -mthumb -I. -IGenerated_Source\PSoC4 -Wa,-alh=.\CortexM0p\ARM_GCC_541\Debug/I2C_1_BOOT.lst -g -D DEBUG -D CY_CORE_ID=0 -Wall -ffunction-sections -ffat-lto-objects -Og -c Generated_Source\PSoC4\I2C_1_BOOT.c -o .\CortexM0p\ARM_GCC_541\Debug\I2C_1_BOOT.o
arm-none-eabi-gcc.exe -mcpu=cortex-m0plus -mthumb -I. -IGenerated_Source\PSoC4 -Wa,-alh=.\CortexM0p\ARM_GCC_541\Debug/BLUE_LED.lst -g -D DEBUG -D CY_CORE_ID=0 -Wall -ffunction-sections -ffat-lto-objects -Og -c Generated_Source\PSoC4\BLUE_LED.c -o .\CortexM0p\ARM_GCC_541\Debug\BLUE_LED.o
arm-none-eabi-gcc.exe -mcpu=cortex-m0plus -mthumb -I. -IGenerated_Source\PSoC4 -Wa,-alh=.\CortexM0p\ARM_GCC_541\Debug/BLUE_LED_PM.lst -g -D DEBUG -D CY_CORE_ID=0 -Wall -ffunction-sections -ffat-lto-objects -Og -c Generated_Source\PSoC4\BLUE_LED_PM.c -o .\CortexM0p\ARM_GCC_541\Debug\BLUE_LED_PM.o
arm-none-eabi-gcc.exe -mcpu=cortex-m0plus -mthumb -I. -IGenerated_Source\PSoC4 -Wa,-alh=.\CortexM0p\ARM_GCC_541\Debug/RELAY_EN.lst -g -D DEBUG -D CY_CORE_ID=0 -Wall -ffunction-sections -ffat-lto-objects -Og -c Generated_Source\PSoC4\RELAY_EN.c -o .\CortexM0p\ARM_GCC_541\Debug\RELAY_EN.o
arm-none-eabi-gcc.exe -mcpu=cortex-m0plus -mthumb -I. -IGenerated_Source\PSoC4 -Wa,-alh=.\CortexM0p\ARM_GCC_541\Debug/RELAY_EN_PM.lst -g -D DEBUG -D CY_CORE_ID=0 -Wall -ffunction-sections -ffat-lto-objects -Og -c Generated_Source\PSoC4\RELAY_EN_PM.c -o .\CortexM0p\ARM_GCC_541\Debug\RELAY_EN_PM.o
arm-none-eabi-gcc.exe -mcpu=cortex-m0plus -mthumb -I. -IGenerated_Source\PSoC4 -Wa,-alh=.\CortexM0p\ARM_GCC_541\Debug/UART_1_SCBCLK.lst -g -D DEBUG -D CY_CORE_ID=0 -Wall -ffunction-sections -ffat-lto-objects -Og -c Generated_Source\PSoC4\UART_1_SCBCLK.c -o .\CortexM0p\ARM_GCC_541\Debug\UART_1_SCBCLK.o
arm-none-eabi-gcc.exe -mcpu=cortex-m0plus -mthumb -I. -IGenerated_Source\PSoC4 -Wa,-alh=.\CortexM0p\ARM_GCC_541\Debug/I2C_1_SCBCLK.lst -g -D DEBUG -D CY_CORE_ID=0 -Wall -ffunction-sections -ffat-lto-objects -Og -c Generated_Source\PSoC4\I2C_1_SCBCLK.c -o .\CortexM0p\ARM_GCC_541\Debug\I2C_1_SCBCLK.o
arm-none-eabi-gcc.exe -mcpu=cortex-m0plus -mthumb -I. -IGenerated_Source\PSoC4 -Wa,-alh=.\CortexM0p\ARM_GCC_541\Debug/I2C_1_sda.lst -g -D DEBUG -D CY_CORE_ID=0 -Wall -ffunction-sections -ffat-lto-objects -Og -c Generated_Source\PSoC4\I2C_1_sda.c -o .\CortexM0p\ARM_GCC_541\Debug\I2C_1_sda.o
arm-none-eabi-gcc.exe -mcpu=cortex-m0plus -mthumb -I. -IGenerated_Source\PSoC4 -Wa,-alh=.\CortexM0p\ARM_GCC_541\Debug/I2C_1_sda_PM.lst -g -D DEBUG -D CY_CORE_ID=0 -Wall -ffunction-sections -ffat-lto-objects -Og -c Generated_Source\PSoC4\I2C_1_sda_PM.c -o .\CortexM0p\ARM_GCC_541\Debug\I2C_1_sda_PM.o
arm-none-eabi-gcc.exe -mcpu=cortex-m0plus -mthumb -I. -IGenerated_Source\PSoC4 -Wa,-alh=.\CortexM0p\ARM_GCC_541\Debug/I2C_1_scl.lst -g -D DEBUG -D CY_CORE_ID=0 -Wall -ffunction-sections -ffat-lto-objects -Og -c Generated_Source\PSoC4\I2C_1_scl.c -o .\CortexM0p\ARM_GCC_541\Debug\I2C_1_scl.o
arm-none-eabi-gcc.exe -mcpu=cortex-m0plus -mthumb -I. -IGenerated_Source\PSoC4 -Wa,-alh=.\CortexM0p\ARM_GCC_541\Debug/I2C_1_scl_PM.lst -g -D DEBUG -D CY_CORE_ID=0 -Wall -ffunction-sections -ffat-lto-objects -Og -c Generated_Source\PSoC4\I2C_1_scl_PM.c -o .\CortexM0p\ARM_GCC_541\Debug\I2C_1_scl_PM.o
arm-none-eabi-gcc.exe -mcpu=cortex-m0plus -mthumb -I. -IGenerated_Source\PSoC4 -Wa,-alh=.\CortexM0p\ARM_GCC_541\Debug/I2C_1_SCB_IRQ.lst -g -D DEBUG -D CY_CORE_ID=0 -Wall -ffunction-sections -ffat-lto-objects -Og -c Generated_Source\PSoC4\I2C_1_SCB_IRQ.c -o .\CortexM0p\ARM_GCC_541\Debug\I2C_1_SCB_IRQ.o
arm-none-eabi-gcc.exe -mcpu=cortex-m0plus -mthumb -I. -IGenerated_Source\PSoC4 -Wa,-alh=.\CortexM0p\ARM_GCC_541\Debug/Timer_1.lst -g -D DEBUG -D CY_CORE_ID=0 -Wall -ffunction-sections -ffat-lto-objects -Og -c Generated_Source\PSoC4\Timer_1.c -o .\CortexM0p\ARM_GCC_541\Debug\Timer_1.o
arm-none-eabi-gcc.exe -mcpu=cortex-m0plus -mthumb -I. -IGenerated_Source\PSoC4 -Wa,-alh=.\CortexM0p\ARM_GCC_541\Debug/Timer_1_PM.lst -g -D DEBUG -D CY_CORE_ID=0 -Wall -ffunction-sections -ffat-lto-objects -Og -c Generated_Source\PSoC4\Timer_1_PM.c -o .\CortexM0p\ARM_GCC_541\Debug\Timer_1_PM.o
arm-none-eabi-gcc.exe -mcpu=cortex-m0plus -mthumb -I. -IGenerated_Source\PSoC4 -Wa,-alh=.\CortexM0p\ARM_GCC_541\Debug/Clock_1.lst -g -D DEBUG -D CY_CORE_ID=0 -Wall -ffunction-sections -ffat-lto-objects -Og -c Generated_Source\PSoC4\Clock_1.c -o .\CortexM0p\ARM_GCC_541\Debug\Clock_1.o
arm-none-eabi-gcc.exe -mcpu=cortex-m0plus -mthumb -I. -IGenerated_Source\PSoC4 -Wa,-alh=.\CortexM0p\ARM_GCC_541\Debug/Pin_1.lst -g -D DEBUG -D CY_CORE_ID=0 -Wall -ffunction-sections -ffat-lto-objects -Og -c Generated_Source\PSoC4\Pin_1.c -o .\CortexM0p\ARM_GCC_541\Debug\Pin_1.o
arm-none-eabi-gcc.exe -mcpu=cortex-m0plus -mthumb -I. -IGenerated_Source\PSoC4 -Wa,-alh=.\CortexM0p\ARM_GCC_541\Debug/Pin_1_PM.lst -g -D DEBUG -D CY_CORE_ID=0 -Wall -ffunction-sections -ffat-lto-objects -Og -c Generated_Source\PSoC4\Pin_1_PM.c -o .\CortexM0p\ARM_GCC_541\Debug\Pin_1_PM.o
arm-none-eabi-gcc.exe -mcpu=cortex-m0plus -mthumb -I. -IGenerated_Source\PSoC4 -Wa,-alh=.\CortexM0p\ARM_GCC_541\Debug/AmpOut.lst -g -D DEBUG -D CY_CORE_ID=0 -Wall -ffunction-sections -ffat-lto-objects -Og -c Generated_Source\PSoC4\AmpOut.c -o .\CortexM0p\ARM_GCC_541\Debug\AmpOut.o
arm-none-eabi-gcc.exe -mcpu=cortex-m0plus -mthumb -I. -IGenerated_Source\PSoC4 -Wa,-alh=.\CortexM0p\ARM_GCC_541\Debug/AmpOut_PM.lst -g -D DEBUG -D CY_CORE_ID=0 -Wall -ffunction-sections -ffat-lto-objects -Og -c Generated_Source\PSoC4\AmpOut_PM.c -o .\CortexM0p\ARM_GCC_541\Debug\AmpOut_PM.o
arm-none-eabi-gcc.exe -mcpu=cortex-m0plus -mthumb -I. -IGenerated_Source\PSoC4 -Wa,-alh=.\CortexM0p\ARM_GCC_541\Debug/GND_ref.lst -g -D DEBUG -D CY_CORE_ID=0 -Wall -ffunction-sections -ffat-lto-objects -Og -c Generated_Source\PSoC4\GND_ref.c -o .\CortexM0p\ARM_GCC_541\Debug\GND_ref.o
arm-none-eabi-gcc.exe -mcpu=cortex-m0plus -mthumb -I. -IGenerated_Source\PSoC4 -Wa,-alh=.\CortexM0p\ARM_GCC_541\Debug/GND_ref_PM.lst -g -D DEBUG -D CY_CORE_ID=0 -Wall -ffunction-sections -ffat-lto-objects -Og -c Generated_Source\PSoC4\GND_ref_PM.c -o .\CortexM0p\ARM_GCC_541\Debug\GND_ref_PM.o
arm-none-eabi-as.exe -mcpu=cortex-m0plus -mthumb -I. -IGenerated_Source\PSoC4 -alh=.\CortexM0p\ARM_GCC_541\Debug/CyBootAsmGnu.lst -g -W -o .\CortexM0p\ARM_GCC_541\Debug\CyBootAsmGnu.o Generated_Source\PSoC4\CyBootAsmGnu.s
arm-none-eabi-ar.exe -rs .\CortexM0p\ARM_GCC_541\Debug\Internal_Main.a .\CortexM0p\ARM_GCC_541\Debug\ADC_1.o .\CortexM0p\ARM_GCC_541\Debug\ADC_1_INIT.o .\CortexM0p\ARM_GCC_541\Debug\ADC_1_INT.o .\CortexM0p\ARM_GCC_541\Debug\ADC_1_PM.o .\CortexM0p\ARM_GCC_541\Debug\PVref_1.o .\CortexM0p\ARM_GCC_541\Debug\PVref_1_PM.o .\CortexM0p\ARM_GCC_541\Debug\Cal_in.o .\CortexM0p\ARM_GCC_541\Debug\Cal_in_PM.o .\CortexM0p\ARM_GCC_541\Debug\PGA_1.o .\CortexM0p\ARM_GCC_541\Debug\PGA_1_PM.o .\CortexM0p\ARM_GCC_541\Debug\Pin_2.o .\CortexM0p\ARM_GCC_541\Debug\Pin_2_PM.o .\CortexM0p\ARM_GCC_541\Debug\Opamp_1.o .\CortexM0p\ARM_GCC_541\Debug\Opamp_1_PM.o .\CortexM0p\ARM_GCC_541\Debug\bgRef.o .\CortexM0p\ARM_GCC_541\Debug\bgRef_PM.o .\CortexM0p\ARM_GCC_541\Debug\Shunt_in.o .\CortexM0p\ARM_GCC_541\Debug\Shunt_in_PM.o .\CortexM0p\ARM_GCC_541\Debug\Shunt_gnd.o .\CortexM0p\ARM_GCC_541\Debug\Shunt_gnd_PM.o .\CortexM0p\ARM_GCC_541\Debug\Battery_in.o .\CortexM0p\ARM_GCC_541\Debug\Battery_in_PM.o .\CortexM0p\ARM_GCC_541\Debug\Opamp_2.o .\CortexM0p\ARM_GCC_541\Debug\Opamp_2_PM.o .\CortexM0p\ARM_GCC_541\Debug\ADC_1_intSarClock.o .\CortexM0p\ARM_GCC_541\Debug\ADC_1_IRQ.o .\CortexM0p\ARM_GCC_541\Debug\ADC_1_intUabClock.o .\CortexM0p\ARM_GCC_541\Debug\CyFlash.o .\CortexM0p\ARM_GCC_541\Debug\CyLib.o .\CortexM0p\ARM_GCC_541\Debug\cyPm.o .\CortexM0p\ARM_GCC_541\Debug\cyutils.o .\CortexM0p\ARM_GCC_541\Debug\CyDMA.o .\CortexM0p\ARM_GCC_541\Debug\CyLFClk.o .\CortexM0p\ARM_GCC_541\Debug\cy_em_eeprom.o .\CortexM0p\ARM_GCC_541\Debug\UART_1.o .\CortexM0p\ARM_GCC_541\Debug\UART_1_SPI_UART.o .\CortexM0p\ARM_GCC_541\Debug\UART_1_SPI_UART_INT.o .\CortexM0p\ARM_GCC_541\Debug\UART_1_PM.o .\CortexM0p\ARM_GCC_541\Debug\UART_1_UART.o .\CortexM0p\ARM_GCC_541\Debug\UART_1_BOOT.o .\CortexM0p\ARM_GCC_541\Debug\UART_1_UART_BOOT.o .\CortexM0p\ARM_GCC_541\Debug\I2C_1.o .\CortexM0p\ARM_GCC_541\Debug\I2C_1_I2C_INT.o .\CortexM0p\ARM_GCC_541\Debug\I2C_1_I2C.o .\CortexM0p\ARM_GCC_541\Debug\I2C_1_I2C_BOOT.o .\CortexM0p\ARM_GCC_541\Debug\I2C_1_I2C_MASTER.o .\CortexM0p\ARM_GCC_541\Debug\I2C_1_PM.o .\CortexM0p\ARM_GCC_541\Debug\I2C_1_BOOT.o .\CortexM0p\ARM_GCC_541\Debug\BLUE_LED.o .\CortexM0p\ARM_GCC_541\Debug\BLUE_LED_PM.o .\CortexM0p\ARM_GCC_541\Debug\RELAY_EN.o .\CortexM0p\ARM_GCC_541\Debug\RELAY_EN_PM.o .\CortexM0p\ARM_GCC_541\Debug\UART_1_SCBCLK.o .\CortexM0p\ARM_GCC_541\Debug\I2C_1_SCBCLK.o .\CortexM0p\ARM_GCC_541\Debug\I2C_1_sda.o .\CortexM0p\ARM_GCC_541\Debug\I2C_1_sda_PM.o .\CortexM0p\ARM_GCC_541\Debug\I2C_1_scl.o .\CortexM0p\ARM_GCC_541\Debug\I2C_1_scl_PM.o .\CortexM0p\ARM_GCC_541\Debug\I2C_1_SCB_IRQ.o .\CortexM0p\ARM_GCC_541\Debug\Timer_1.o .\CortexM0p\ARM_GCC_541\Debug\Timer_1_PM.o .\CortexM0p\ARM_GCC_541\Debug\Clock_1.o .\CortexM0p\ARM_GCC_541\Debug\Pin_1.o .\CortexM0p\ARM_GCC_541\Debug\Pin_1_PM.o .\CortexM0p\ARM_GCC_541\Debug\AmpOut.o .\CortexM0p\ARM_GCC_541\Debug\AmpOut_PM.o .\CortexM0p\ARM_GCC_541\Debug\GND_ref.o .\CortexM0p\ARM_GCC_541\Debug\GND_ref_PM.o .\CortexM0p\ARM_GCC_541\Debug\CyBootAsmGnu.o
arm-none-eabi-ar.exe: creating .\CortexM0p\ARM_GCC_541\Debug\Internal_Main.a
arm-none-eabi-gcc.exe -Wl,--start-group -o "C:\Users\Tucker Zischka\Documents\GitHub\Li-CellTesting_Script\Internal_Main\Internal_Main.cydsn\CortexM0p\ARM_GCC_541\Debug\Internal_Main.elf" .\CortexM0p\ARM_GCC_541\Debug\main.o .\CortexM0p\ARM_GCC_541\Debug\cyfitter_cfg.o .\CortexM0p\ARM_GCC_541\Debug\cymetadata.o .\CortexM0p\ARM_GCC_541\Debug\Cm0plusStart.o .\CortexM0p\ARM_GCC_541\Debug\Internal_Main.a -mcpu=cortex-m0plus -mthumb -L Generated_Source\PSoC4 -Wl,-Map,.\CortexM0p\ARM_GCC_541\Debug/Internal_Main.map -T Generated_Source\PSoC4\cm0plusgcc.ld -specs=nano.specs -u _printf_float -Wl,--gc-sections -g -ffunction-sections -Og -ffat-lto-objects -Wl,--end-group
cyelftool.exe -C "C:\Users\Tucker Zischka\Documents\GitHub\Li-CellTesting_Script\Internal_Main\Internal_Main.cydsn\CortexM0p\ARM_GCC_541\Debug\Internal_Main.elf" --flash_row_size 128 --flash_size 32768 --flash_offset 0x00000000
No ELF section .cychecksum found, creating one
Application checksum calculated and stored in ELF section .cychecksum
Checksum calculated and stored in ELF section .cymeta
cyelftool.exe -S "C:\Users\Tucker Zischka\Documents\GitHub\Li-CellTesting_Script\Internal_Main\Internal_Main.cydsn\CortexM0p\ARM_GCC_541\Debug\Internal_Main.elf"
Flash used: 22896 of 32768 bytes (69.9%).
SRAM used: 2004 of 4096 bytes (48.9%). Stack: 1024 bytes. Heap: 512 bytes.
--------------- Rebuild Succeeded: 04/10/2021 21:18:22 ---------------
