ARM GAS  C:\Users\cdrow\AppData\Local\Temp\ccg55wfO.s 			page 1


   1              		.syntax unified
   2              		.cpu cortex-m0plus
   3              		.fpu softvfp
   4              		.eabi_attribute 20, 1
   5              		.eabi_attribute 21, 1
   6              		.eabi_attribute 23, 3
   7              		.eabi_attribute 24, 1
   8              		.eabi_attribute 25, 1
   9              		.eabi_attribute 26, 1
  10              		.eabi_attribute 30, 1
  11              		.eabi_attribute 34, 0
  12              		.eabi_attribute 18, 4
  13              		.thumb
  14              		.syntax unified
  15              		.file	"ADC_1_INIT.c"
  16              		.text
  17              	.Ltext0:
  18              		.cfi_sections	.debug_frame
  19              		.global	ADC_1_allConfigs
  20              		.section	.rodata
  21              		.align	2
  22              		.type	ADC_1_allConfigs, %object
  23              		.size	ADC_1_allConfigs, 56
  24              	ADC_1_allConfigs:
  25 0000 00000000 		.word	0
  26 0004 01000000 		.word	1
  27 0008 C00E2050 		.word	1344278208
  28 000c F8000490 		.word	-1878785800
  29 0010 03000200 		.word	131075
  30 0014 02000200 		.word	131074
  31 0018 0002000E 		.word	234881536
  32 001c 00000000 		.word	0
  33 0020 01000000 		.word	1
  34 0024 00000000 		.word	0
  35 0028 00000000 		.word	0
  36 002c B0040000 		.word	1200
  37 0030 01000000 		.word	1
  38 0034 0100     		.short	1
  39 0036 0000     		.space	2
  40              		.text
  41              	.Letext0:
  42              		.file 1 "Generated_Source\\PSoC4\\cytypes.h"
  43              		.file 2 "Generated_Source\\PSoC4\\ADC_1.h"
  44              		.file 3 "Generated_Source\\PSoC4\\ADC_1_INIT.c"
  45              		.section	.debug_info,"",%progbits
  46              	.Ldebug_info0:
  47 0000 8E010000 		.4byte	0x18e
  48 0004 0400     		.2byte	0x4
  49 0006 00000000 		.4byte	.Ldebug_abbrev0
  50 000a 04       		.byte	0x4
  51 000b 01       		.uleb128 0x1
  52 000c DA010000 		.4byte	.LASF32
  53 0010 0C       		.byte	0xc
  54 0011 84010000 		.4byte	.LASF33
  55 0015 17000000 		.4byte	.LASF34
  56 0019 00000000 		.4byte	.Ldebug_line0
  57 001d 02       		.uleb128 0x2
ARM GAS  C:\Users\cdrow\AppData\Local\Temp\ccg55wfO.s 			page 2


  58 001e 01       		.byte	0x1
  59 001f 06       		.byte	0x6
  60 0020 6C020000 		.4byte	.LASF0
  61 0024 02       		.uleb128 0x2
  62 0025 01       		.byte	0x1
  63 0026 08       		.byte	0x8
  64 0027 B9000000 		.4byte	.LASF1
  65 002b 02       		.uleb128 0x2
  66 002c 02       		.byte	0x2
  67 002d 05       		.byte	0x5
  68 002e AF010000 		.4byte	.LASF2
  69 0032 02       		.uleb128 0x2
  70 0033 02       		.byte	0x2
  71 0034 07       		.byte	0x7
  72 0035 8A000000 		.4byte	.LASF3
  73 0039 02       		.uleb128 0x2
  74 003a 04       		.byte	0x4
  75 003b 05       		.byte	0x5
  76 003c C5010000 		.4byte	.LASF4
  77 0040 02       		.uleb128 0x2
  78 0041 04       		.byte	0x4
  79 0042 07       		.byte	0x7
  80 0043 D4000000 		.4byte	.LASF5
  81 0047 02       		.uleb128 0x2
  82 0048 08       		.byte	0x8
  83 0049 05       		.byte	0x5
  84 004a 71010000 		.4byte	.LASF6
  85 004e 02       		.uleb128 0x2
  86 004f 08       		.byte	0x8
  87 0050 07       		.byte	0x7
  88 0051 41010000 		.4byte	.LASF7
  89 0055 03       		.uleb128 0x3
  90 0056 04       		.byte	0x4
  91 0057 05       		.byte	0x5
  92 0058 696E7400 		.ascii	"int\000"
  93 005c 02       		.uleb128 0x2
  94 005d 04       		.byte	0x4
  95 005e 07       		.byte	0x7
  96 005f 28010000 		.4byte	.LASF8
  97 0063 04       		.uleb128 0x4
  98 0064 0F010000 		.4byte	.LASF9
  99 0068 01       		.byte	0x1
 100 0069 FD01     		.2byte	0x1fd
 101 006b 32000000 		.4byte	0x32
 102 006f 04       		.uleb128 0x4
 103 0070 16010000 		.4byte	.LASF10
 104 0074 01       		.byte	0x1
 105 0075 FE01     		.2byte	0x1fe
 106 0077 40000000 		.4byte	0x40
 107 007b 04       		.uleb128 0x4
 108 007c E6000000 		.4byte	.LASF11
 109 0080 01       		.byte	0x1
 110 0081 0102     		.2byte	0x201
 111 0083 39000000 		.4byte	0x39
 112 0087 02       		.uleb128 0x2
 113 0088 04       		.byte	0x4
 114 0089 04       		.byte	0x4
ARM GAS  C:\Users\cdrow\AppData\Local\Temp\ccg55wfO.s 			page 3


 115 008a B3000000 		.4byte	.LASF12
 116 008e 02       		.uleb128 0x2
 117 008f 08       		.byte	0x8
 118 0090 04       		.byte	0x4
 119 0091 08010000 		.4byte	.LASF13
 120 0095 02       		.uleb128 0x2
 121 0096 01       		.byte	0x1
 122 0097 08       		.byte	0x8
 123 0098 7F010000 		.4byte	.LASF14
 124 009c 02       		.uleb128 0x2
 125 009d 08       		.byte	0x8
 126 009e 04       		.byte	0x4
 127 009f CE010000 		.4byte	.LASF15
 128 00a3 02       		.uleb128 0x2
 129 00a4 04       		.byte	0x4
 130 00a5 07       		.byte	0x7
 131 00a6 68010000 		.4byte	.LASF16
 132 00aa 05       		.uleb128 0x5
 133 00ab 38       		.byte	0x38
 134 00ac 02       		.byte	0x2
 135 00ad 5D       		.byte	0x5d
 136 00ae 5B010000 		.4byte	0x15b
 137 00b2 06       		.uleb128 0x6
 138 00b3 78020000 		.4byte	.LASF17
 139 00b7 02       		.byte	0x2
 140 00b8 5F       		.byte	0x5f
 141 00b9 6F000000 		.4byte	0x6f
 142 00bd 00       		.byte	0
 143 00be 06       		.uleb128 0x6
 144 00bf B9010000 		.4byte	.LASF18
 145 00c3 02       		.byte	0x2
 146 00c4 60       		.byte	0x60
 147 00c5 6F000000 		.4byte	0x6f
 148 00c9 04       		.byte	0x4
 149 00ca 06       		.uleb128 0x6
 150 00cb 63010000 		.4byte	.LASF19
 151 00cf 02       		.byte	0x2
 152 00d0 61       		.byte	0x61
 153 00d1 6F000000 		.4byte	0x6f
 154 00d5 08       		.byte	0x8
 155 00d6 06       		.uleb128 0x6
 156 00d7 1D010000 		.4byte	.LASF20
 157 00db 02       		.byte	0x2
 158 00dc 64       		.byte	0x64
 159 00dd 6F000000 		.4byte	0x6f
 160 00e1 0C       		.byte	0xc
 161 00e2 06       		.uleb128 0x6
 162 00e3 0A000000 		.4byte	.LASF21
 163 00e7 02       		.byte	0x2
 164 00e8 65       		.byte	0x65
 165 00e9 6F000000 		.4byte	0x6f
 166 00ed 10       		.byte	0x10
 167 00ee 06       		.uleb128 0x6
 168 00ef 7D000000 		.4byte	.LASF22
 169 00f3 02       		.byte	0x2
 170 00f4 66       		.byte	0x66
 171 00f5 6F000000 		.4byte	0x6f
ARM GAS  C:\Users\cdrow\AppData\Local\Temp\ccg55wfO.s 			page 4


 172 00f9 14       		.byte	0x14
 173 00fa 06       		.uleb128 0x6
 174 00fb 58010000 		.4byte	.LASF23
 175 00ff 02       		.byte	0x2
 176 0100 67       		.byte	0x67
 177 0101 6F000000 		.4byte	0x6f
 178 0105 18       		.byte	0x18
 179 0106 06       		.uleb128 0x6
 180 0107 00000000 		.4byte	.LASF24
 181 010b 02       		.byte	0x2
 182 010c 68       		.byte	0x68
 183 010d 6F000000 		.4byte	0x6f
 184 0111 1C       		.byte	0x1c
 185 0112 06       		.uleb128 0x6
 186 0113 A8010000 		.4byte	.LASF25
 187 0117 02       		.byte	0x2
 188 0118 69       		.byte	0x69
 189 0119 6F000000 		.4byte	0x6f
 190 011d 20       		.byte	0x20
 191 011e 06       		.uleb128 0x6
 192 011f C7000000 		.4byte	.LASF26
 193 0123 02       		.byte	0x2
 194 0124 6A       		.byte	0x6a
 195 0125 6F000000 		.4byte	0x6f
 196 0129 24       		.byte	0x24
 197 012a 06       		.uleb128 0x6
 198 012b A8000000 		.4byte	.LASF27
 199 012f 02       		.byte	0x2
 200 0130 6B       		.byte	0x6b
 201 0131 6F000000 		.4byte	0x6f
 202 0135 28       		.byte	0x28
 203 0136 06       		.uleb128 0x6
 204 0137 35010000 		.4byte	.LASF28
 205 013b 02       		.byte	0x2
 206 013c 6C       		.byte	0x6c
 207 013d 7B000000 		.4byte	0x7b
 208 0141 2C       		.byte	0x2c
 209 0142 06       		.uleb128 0x6
 210 0143 9D000000 		.4byte	.LASF29
 211 0147 02       		.byte	0x2
 212 0148 6E       		.byte	0x6e
 213 0149 6F000000 		.4byte	0x6f
 214 014d 30       		.byte	0x30
 215 014e 06       		.uleb128 0x6
 216 014f FD000000 		.4byte	.LASF30
 217 0153 02       		.byte	0x2
 218 0154 75       		.byte	0x75
 219 0155 63000000 		.4byte	0x63
 220 0159 34       		.byte	0x34
 221 015a 00       		.byte	0
 222 015b 07       		.uleb128 0x7
 223 015c 69000000 		.4byte	.LASF31
 224 0160 02       		.byte	0x2
 225 0161 7C       		.byte	0x7c
 226 0162 AA000000 		.4byte	0xaa
 227 0166 08       		.uleb128 0x8
 228 0167 76010000 		.4byte	0x176
ARM GAS  C:\Users\cdrow\AppData\Local\Temp\ccg55wfO.s 			page 5


 229 016b 76010000 		.4byte	0x176
 230 016f 09       		.uleb128 0x9
 231 0170 A3000000 		.4byte	0xa3
 232 0174 00       		.byte	0
 233 0175 00       		.byte	0
 234 0176 0A       		.uleb128 0xa
 235 0177 5B010000 		.4byte	0x15b
 236 017b 0B       		.uleb128 0xb
 237 017c EC000000 		.4byte	.LASF35
 238 0180 03       		.byte	0x3
 239 0181 2A       		.byte	0x2a
 240 0182 8C010000 		.4byte	0x18c
 241 0186 05       		.uleb128 0x5
 242 0187 03       		.byte	0x3
 243 0188 00000000 		.4byte	ADC_1_allConfigs
 244 018c 0A       		.uleb128 0xa
 245 018d 66010000 		.4byte	0x166
 246 0191 00       		.byte	0
 247              		.section	.debug_abbrev,"",%progbits
 248              	.Ldebug_abbrev0:
 249 0000 01       		.uleb128 0x1
 250 0001 11       		.uleb128 0x11
 251 0002 01       		.byte	0x1
 252 0003 25       		.uleb128 0x25
 253 0004 0E       		.uleb128 0xe
 254 0005 13       		.uleb128 0x13
 255 0006 0B       		.uleb128 0xb
 256 0007 03       		.uleb128 0x3
 257 0008 0E       		.uleb128 0xe
 258 0009 1B       		.uleb128 0x1b
 259 000a 0E       		.uleb128 0xe
 260 000b 10       		.uleb128 0x10
 261 000c 17       		.uleb128 0x17
 262 000d 00       		.byte	0
 263 000e 00       		.byte	0
 264 000f 02       		.uleb128 0x2
 265 0010 24       		.uleb128 0x24
 266 0011 00       		.byte	0
 267 0012 0B       		.uleb128 0xb
 268 0013 0B       		.uleb128 0xb
 269 0014 3E       		.uleb128 0x3e
 270 0015 0B       		.uleb128 0xb
 271 0016 03       		.uleb128 0x3
 272 0017 0E       		.uleb128 0xe
 273 0018 00       		.byte	0
 274 0019 00       		.byte	0
 275 001a 03       		.uleb128 0x3
 276 001b 24       		.uleb128 0x24
 277 001c 00       		.byte	0
 278 001d 0B       		.uleb128 0xb
 279 001e 0B       		.uleb128 0xb
 280 001f 3E       		.uleb128 0x3e
 281 0020 0B       		.uleb128 0xb
 282 0021 03       		.uleb128 0x3
 283 0022 08       		.uleb128 0x8
 284 0023 00       		.byte	0
 285 0024 00       		.byte	0
ARM GAS  C:\Users\cdrow\AppData\Local\Temp\ccg55wfO.s 			page 6


 286 0025 04       		.uleb128 0x4
 287 0026 16       		.uleb128 0x16
 288 0027 00       		.byte	0
 289 0028 03       		.uleb128 0x3
 290 0029 0E       		.uleb128 0xe
 291 002a 3A       		.uleb128 0x3a
 292 002b 0B       		.uleb128 0xb
 293 002c 3B       		.uleb128 0x3b
 294 002d 05       		.uleb128 0x5
 295 002e 49       		.uleb128 0x49
 296 002f 13       		.uleb128 0x13
 297 0030 00       		.byte	0
 298 0031 00       		.byte	0
 299 0032 05       		.uleb128 0x5
 300 0033 13       		.uleb128 0x13
 301 0034 01       		.byte	0x1
 302 0035 0B       		.uleb128 0xb
 303 0036 0B       		.uleb128 0xb
 304 0037 3A       		.uleb128 0x3a
 305 0038 0B       		.uleb128 0xb
 306 0039 3B       		.uleb128 0x3b
 307 003a 0B       		.uleb128 0xb
 308 003b 01       		.uleb128 0x1
 309 003c 13       		.uleb128 0x13
 310 003d 00       		.byte	0
 311 003e 00       		.byte	0
 312 003f 06       		.uleb128 0x6
 313 0040 0D       		.uleb128 0xd
 314 0041 00       		.byte	0
 315 0042 03       		.uleb128 0x3
 316 0043 0E       		.uleb128 0xe
 317 0044 3A       		.uleb128 0x3a
 318 0045 0B       		.uleb128 0xb
 319 0046 3B       		.uleb128 0x3b
 320 0047 0B       		.uleb128 0xb
 321 0048 49       		.uleb128 0x49
 322 0049 13       		.uleb128 0x13
 323 004a 38       		.uleb128 0x38
 324 004b 0B       		.uleb128 0xb
 325 004c 00       		.byte	0
 326 004d 00       		.byte	0
 327 004e 07       		.uleb128 0x7
 328 004f 16       		.uleb128 0x16
 329 0050 00       		.byte	0
 330 0051 03       		.uleb128 0x3
 331 0052 0E       		.uleb128 0xe
 332 0053 3A       		.uleb128 0x3a
 333 0054 0B       		.uleb128 0xb
 334 0055 3B       		.uleb128 0x3b
 335 0056 0B       		.uleb128 0xb
 336 0057 49       		.uleb128 0x49
 337 0058 13       		.uleb128 0x13
 338 0059 00       		.byte	0
 339 005a 00       		.byte	0
 340 005b 08       		.uleb128 0x8
 341 005c 01       		.uleb128 0x1
 342 005d 01       		.byte	0x1
ARM GAS  C:\Users\cdrow\AppData\Local\Temp\ccg55wfO.s 			page 7


 343 005e 49       		.uleb128 0x49
 344 005f 13       		.uleb128 0x13
 345 0060 01       		.uleb128 0x1
 346 0061 13       		.uleb128 0x13
 347 0062 00       		.byte	0
 348 0063 00       		.byte	0
 349 0064 09       		.uleb128 0x9
 350 0065 21       		.uleb128 0x21
 351 0066 00       		.byte	0
 352 0067 49       		.uleb128 0x49
 353 0068 13       		.uleb128 0x13
 354 0069 2F       		.uleb128 0x2f
 355 006a 0B       		.uleb128 0xb
 356 006b 00       		.byte	0
 357 006c 00       		.byte	0
 358 006d 0A       		.uleb128 0xa
 359 006e 26       		.uleb128 0x26
 360 006f 00       		.byte	0
 361 0070 49       		.uleb128 0x49
 362 0071 13       		.uleb128 0x13
 363 0072 00       		.byte	0
 364 0073 00       		.byte	0
 365 0074 0B       		.uleb128 0xb
 366 0075 34       		.uleb128 0x34
 367 0076 00       		.byte	0
 368 0077 03       		.uleb128 0x3
 369 0078 0E       		.uleb128 0xe
 370 0079 3A       		.uleb128 0x3a
 371 007a 0B       		.uleb128 0xb
 372 007b 3B       		.uleb128 0x3b
 373 007c 0B       		.uleb128 0xb
 374 007d 49       		.uleb128 0x49
 375 007e 13       		.uleb128 0x13
 376 007f 3F       		.uleb128 0x3f
 377 0080 19       		.uleb128 0x19
 378 0081 02       		.uleb128 0x2
 379 0082 18       		.uleb128 0x18
 380 0083 00       		.byte	0
 381 0084 00       		.byte	0
 382 0085 00       		.byte	0
 383              		.section	.debug_aranges,"",%progbits
 384 0000 14000000 		.4byte	0x14
 385 0004 0200     		.2byte	0x2
 386 0006 00000000 		.4byte	.Ldebug_info0
 387 000a 04       		.byte	0x4
 388 000b 00       		.byte	0
 389 000c 0000     		.2byte	0
 390 000e 0000     		.2byte	0
 391 0010 00000000 		.4byte	0
 392 0014 00000000 		.4byte	0
 393              		.section	.debug_line,"",%progbits
 394              	.Ldebug_line0:
 395 0000 58000000 		.section	.debug_str,"MS",%progbits,1
 395      02005200 
 395      00000201 
 395      FB0E0D00 
 395      01010101 
ARM GAS  C:\Users\cdrow\AppData\Local\Temp\ccg55wfO.s 			page 8


 396              	.LASF24:
 397 0000 72616E67 		.ascii	"rangeCond\000"
 397      65436F6E 
 397      6400
 398              	.LASF21:
 399 000a 73616D70 		.ascii	"sampleTime01\000"
 399      6C655469 
 399      6D653031 
 399      00
 400              	.LASF34:
 401 0017 433A5C55 		.ascii	"C:\\Users\\cdrow\\Documents\\GitHub\\Li-CellTesting"
 401      73657273 
 401      5C636472 
 401      6F775C44 
 401      6F63756D 
 402 0045 5F536372 		.ascii	"_Script\\PSOC4_Main\\PSOC4_Main.cydsn\000"
 402      6970745C 
 402      50534F43 
 402      345F4D61 
 402      696E5C50 
 403              	.LASF31:
 404 0069 4144435F 		.ascii	"ADC_1_CONFIG_STRUCT\000"
 404      315F434F 
 404      4E464947 
 404      5F535452 
 404      55435400 
 405              	.LASF22:
 406 007d 73616D70 		.ascii	"sampleTime23\000"
 406      6C655469 
 406      6D653233 
 406      00
 407              	.LASF3:
 408 008a 73686F72 		.ascii	"short unsigned int\000"
 408      7420756E 
 408      7369676E 
 408      65642069 
 408      6E7400
 409              	.LASF29:
 410 009d 6D697363 		.ascii	"miscConfig\000"
 410      436F6E66 
 410      696700
 411              	.LASF27:
 412 00a8 73617449 		.ascii	"satIntMask\000"
 412      6E744D61 
 412      736B00
 413              	.LASF12:
 414 00b3 666C6F61 		.ascii	"float\000"
 414      7400
 415              	.LASF1:
 416 00b9 756E7369 		.ascii	"unsigned char\000"
 416      676E6564 
 416      20636861 
 416      7200
 417              	.LASF26:
 418 00c7 72616E67 		.ascii	"rangeIntMask\000"
 418      65496E74 
 418      4D61736B 
ARM GAS  C:\Users\cdrow\AppData\Local\Temp\ccg55wfO.s 			page 9


 418      00
 419              	.LASF5:
 420 00d4 6C6F6E67 		.ascii	"long unsigned int\000"
 420      20756E73 
 420      69676E65 
 420      6420696E 
 420      7400
 421              	.LASF11:
 422 00e6 696E7433 		.ascii	"int32\000"
 422      3200
 423              	.LASF35:
 424 00ec 4144435F 		.ascii	"ADC_1_allConfigs\000"
 424      315F616C 
 424      6C436F6E 
 424      66696773 
 424      00
 425              	.LASF30:
 426 00fd 636C6B44 		.ascii	"clkDivider\000"
 426      69766964 
 426      657200
 427              	.LASF13:
 428 0108 646F7562 		.ascii	"double\000"
 428      6C6500
 429              	.LASF9:
 430 010f 75696E74 		.ascii	"uint16\000"
 430      313600
 431              	.LASF10:
 432 0116 75696E74 		.ascii	"uint32\000"
 432      333200
 433              	.LASF20:
 434 011d 73616D70 		.ascii	"sampleCtrl\000"
 434      6C654374 
 434      726C00
 435              	.LASF8:
 436 0128 756E7369 		.ascii	"unsigned int\000"
 436      676E6564 
 436      20696E74 
 436      00
 437              	.LASF28:
 438 0135 76726566 		.ascii	"vrefMvValue\000"
 438      4D765661 
 438      6C756500 
 439              	.LASF7:
 440 0141 6C6F6E67 		.ascii	"long long unsigned int\000"
 440      206C6F6E 
 440      6720756E 
 440      7369676E 
 440      65642069 
 441              	.LASF23:
 442 0158 72616E67 		.ascii	"rangeThres\000"
 442      65546872 
 442      657300
 443              	.LASF19:
 444 0163 6374726C 		.ascii	"ctrl\000"
 444      00
 445              	.LASF16:
 446 0168 73697A65 		.ascii	"sizetype\000"
ARM GAS  C:\Users\cdrow\AppData\Local\Temp\ccg55wfO.s 			page 10


 446      74797065 
 446      00
 447              	.LASF6:
 448 0171 6C6F6E67 		.ascii	"long long int\000"
 448      206C6F6E 
 448      6720696E 
 448      7400
 449              	.LASF14:
 450 017f 63686172 		.ascii	"char\000"
 450      00
 451              	.LASF33:
 452 0184 47656E65 		.ascii	"Generated_Source\\PSoC4\\ADC_1_INIT.c\000"
 452      72617465 
 452      645F536F 
 452      75726365 
 452      5C50536F 
 453              	.LASF25:
 454 01a8 6368616E 		.ascii	"chanEn\000"
 454      456E00
 455              	.LASF2:
 456 01af 73686F72 		.ascii	"short int\000"
 456      7420696E 
 456      7400
 457              	.LASF18:
 458 01b9 6E756D43 		.ascii	"numChannels\000"
 458      68616E6E 
 458      656C7300 
 459              	.LASF4:
 460 01c5 6C6F6E67 		.ascii	"long int\000"
 460      20696E74 
 460      00
 461              	.LASF15:
 462 01ce 6C6F6E67 		.ascii	"long double\000"
 462      20646F75 
 462      626C6500 
 463              	.LASF32:
 464 01da 474E5520 		.ascii	"GNU C11 5.4.1 20160609 (release) [ARM/embedded-5-br"
 464      43313120 
 464      352E342E 
 464      31203230 
 464      31363036 
 465 020d 616E6368 		.ascii	"anch revision 237715] -mcpu=cortex-m0plus -mthumb -"
 465      20726576 
 465      6973696F 
 465      6E203233 
 465      37373135 
 466 0240 67202D4F 		.ascii	"g -Og -ffunction-sections -ffat-lto-objects\000"
 466      67202D66 
 466      66756E63 
 466      74696F6E 
 466      2D736563 
 467              	.LASF0:
 468 026c 7369676E 		.ascii	"signed char\000"
 468      65642063 
 468      68617200 
 469              	.LASF17:
 470 0278 6368616E 		.ascii	"channelBase\000"
ARM GAS  C:\Users\cdrow\AppData\Local\Temp\ccg55wfO.s 			page 11


 470      6E656C42 
 470      61736500 
 471              		.ident	"GCC: (GNU Tools for ARM Embedded Processors) 5.4.1 20160609 (release) [ARM/embedded-5-bran
