ARM GAS  C:\Users\TUCKER~1\AppData\Local\Temp\ccrpwtTs.s 			page 1


   1              		.syntax unified
   2              		.cpu cortex-m0plus
   3              		.fpu softvfp
   4              		.eabi_attribute 20, 1
   5              		.eabi_attribute 21, 1
   6              		.eabi_attribute 23, 3
   7              		.eabi_attribute 24, 1
   8              		.eabi_attribute 25, 1
   9              		.eabi_attribute 26, 1
  10              		.eabi_attribute 30, 1
  11              		.eabi_attribute 34, 0
  12              		.eabi_attribute 18, 4
  13              		.thumb
  14              		.syntax unified
  15              		.file	"PGA_2_PM.c"
  16              		.text
  17              	.Ltext0:
  18              		.cfi_sections	.debug_frame
  19              		.section	.text.PGA_2_SaveConfig,"ax",%progbits
  20              		.align	2
  21              		.global	PGA_2_SaveConfig
  22              		.code	16
  23              		.thumb_func
  24              		.type	PGA_2_SaveConfig, %function
  25              	PGA_2_SaveConfig:
  26              	.LFB0:
  27              		.file 1 "Generated_Source\\PSoC4\\PGA_2_PM.c"
   1:Generated_Source\PSoC4/PGA_2_PM.c **** /***************************************************************************//**
   2:Generated_Source\PSoC4/PGA_2_PM.c **** * \file     PGA_2_PM.c  
   3:Generated_Source\PSoC4/PGA_2_PM.c **** * \version  1.10
   4:Generated_Source\PSoC4/PGA_2_PM.c **** *
   5:Generated_Source\PSoC4/PGA_2_PM.c **** * \brief
   6:Generated_Source\PSoC4/PGA_2_PM.c **** *  This file provides the power management source code to the API for PGA_P4 
   7:Generated_Source\PSoC4/PGA_2_PM.c **** *  Component.
   8:Generated_Source\PSoC4/PGA_2_PM.c **** *
   9:Generated_Source\PSoC4/PGA_2_PM.c **** ********************************************************************************
  10:Generated_Source\PSoC4/PGA_2_PM.c **** * \copyright
  11:Generated_Source\PSoC4/PGA_2_PM.c **** * Copyright 2016, Cypress Semiconductor Corporation.  All rights reserved.
  12:Generated_Source\PSoC4/PGA_2_PM.c **** * You may use this file only in accordance with the license, terms, conditions,
  13:Generated_Source\PSoC4/PGA_2_PM.c **** * disclaimers, and limitations in the end user license agreement accompanying
  14:Generated_Source\PSoC4/PGA_2_PM.c **** * the software package with which this file was provided.
  15:Generated_Source\PSoC4/PGA_2_PM.c **** *******************************************************************************/
  16:Generated_Source\PSoC4/PGA_2_PM.c **** 
  17:Generated_Source\PSoC4/PGA_2_PM.c **** #include "PGA_2_PVT.h"
  18:Generated_Source\PSoC4/PGA_2_PM.c **** 
  19:Generated_Source\PSoC4/PGA_2_PM.c **** 
  20:Generated_Source\PSoC4/PGA_2_PM.c **** /*******************************************************************************
  21:Generated_Source\PSoC4/PGA_2_PM.c **** * Function Name: PGA_2_SaveConfig
  22:Generated_Source\PSoC4/PGA_2_PM.c **** ****************************************************************************//**
  23:Generated_Source\PSoC4/PGA_2_PM.c **** *
  24:Generated_Source\PSoC4/PGA_2_PM.c **** *  Empty function. Included for consistency with other components.
  25:Generated_Source\PSoC4/PGA_2_PM.c **** *
  26:Generated_Source\PSoC4/PGA_2_PM.c **** *******************************************************************************/
  27:Generated_Source\PSoC4/PGA_2_PM.c **** void PGA_2_SaveConfig(void)
  28:Generated_Source\PSoC4/PGA_2_PM.c **** {
  28              		.loc 1 28 0
  29              		.cfi_startproc
ARM GAS  C:\Users\TUCKER~1\AppData\Local\Temp\ccrpwtTs.s 			page 2


  30              		@ args = 0, pretend = 0, frame = 0
  31              		@ frame_needed = 0, uses_anonymous_args = 0
  32              		@ link register save eliminated.
  29:Generated_Source\PSoC4/PGA_2_PM.c ****     /* Nothing to save as registers are System reset on retention flops */
  30:Generated_Source\PSoC4/PGA_2_PM.c **** }
  33              		.loc 1 30 0
  34              		@ sp needed
  35 0000 7047     		bx	lr
  36              		.cfi_endproc
  37              	.LFE0:
  38              		.size	PGA_2_SaveConfig, .-PGA_2_SaveConfig
  39 0002 C046     		.section	.text.PGA_2_RestoreConfig,"ax",%progbits
  40              		.align	2
  41              		.global	PGA_2_RestoreConfig
  42              		.code	16
  43              		.thumb_func
  44              		.type	PGA_2_RestoreConfig, %function
  45              	PGA_2_RestoreConfig:
  46              	.LFB1:
  31:Generated_Source\PSoC4/PGA_2_PM.c **** 
  32:Generated_Source\PSoC4/PGA_2_PM.c **** 
  33:Generated_Source\PSoC4/PGA_2_PM.c **** /*******************************************************************************  
  34:Generated_Source\PSoC4/PGA_2_PM.c **** * Function Name: PGA_2_RestoreConfig
  35:Generated_Source\PSoC4/PGA_2_PM.c **** ****************************************************************************//**
  36:Generated_Source\PSoC4/PGA_2_PM.c **** *
  37:Generated_Source\PSoC4/PGA_2_PM.c **** *  Empty function. Included for consistency with other components.
  38:Generated_Source\PSoC4/PGA_2_PM.c **** *
  39:Generated_Source\PSoC4/PGA_2_PM.c **** *******************************************************************************/
  40:Generated_Source\PSoC4/PGA_2_PM.c **** void PGA_2_RestoreConfig(void)
  41:Generated_Source\PSoC4/PGA_2_PM.c **** {
  47              		.loc 1 41 0
  48              		.cfi_startproc
  49              		@ args = 0, pretend = 0, frame = 0
  50              		@ frame_needed = 0, uses_anonymous_args = 0
  51              		@ link register save eliminated.
  42:Generated_Source\PSoC4/PGA_2_PM.c ****     /* Nothing to restore */
  43:Generated_Source\PSoC4/PGA_2_PM.c **** }
  52              		.loc 1 43 0
  53              		@ sp needed
  54 0000 7047     		bx	lr
  55              		.cfi_endproc
  56              	.LFE1:
  57              		.size	PGA_2_RestoreConfig, .-PGA_2_RestoreConfig
  58 0002 C046     		.section	.text.PGA_2_Sleep,"ax",%progbits
  59              		.align	2
  60              		.global	PGA_2_Sleep
  61              		.code	16
  62              		.thumb_func
  63              		.type	PGA_2_Sleep, %function
  64              	PGA_2_Sleep:
  65              	.LFB2:
  44:Generated_Source\PSoC4/PGA_2_PM.c **** 
  45:Generated_Source\PSoC4/PGA_2_PM.c **** 
  46:Generated_Source\PSoC4/PGA_2_PM.c **** /*******************************************************************************   
  47:Generated_Source\PSoC4/PGA_2_PM.c **** * Function Name: PGA_2_Sleep
  48:Generated_Source\PSoC4/PGA_2_PM.c **** ****************************************************************************//**
  49:Generated_Source\PSoC4/PGA_2_PM.c **** *
ARM GAS  C:\Users\TUCKER~1\AppData\Local\Temp\ccrpwtTs.s 			page 3


  50:Generated_Source\PSoC4/PGA_2_PM.c **** *  When the "Deep sleep operation" is disabled then the function disables 
  51:Generated_Source\PSoC4/PGA_2_PM.c **** *  component's operation and saves its configuration. Should be called 
  52:Generated_Source\PSoC4/PGA_2_PM.c **** *  just prior to entering sleep.
  53:Generated_Source\PSoC4/PGA_2_PM.c **** *  When the "Deep sleep operation" is enabled then the function does nothing
  54:Generated_Source\PSoC4/PGA_2_PM.c **** *  and the component continues to operate during Deep Sleep state.
  55:Generated_Source\PSoC4/PGA_2_PM.c **** *
  56:Generated_Source\PSoC4/PGA_2_PM.c **** *  \internal
  57:Generated_Source\PSoC4/PGA_2_PM.c **** *   The PGA_2_backup.enableState is modified 
  58:Generated_Source\PSoC4/PGA_2_PM.c **** *   depending on the enable state of the block before entering to sleep mode.
  59:Generated_Source\PSoC4/PGA_2_PM.c **** *
  60:Generated_Source\PSoC4/PGA_2_PM.c **** *******************************************************************************/
  61:Generated_Source\PSoC4/PGA_2_PM.c **** void PGA_2_Sleep(void)
  62:Generated_Source\PSoC4/PGA_2_PM.c **** {
  66              		.loc 1 62 0
  67              		.cfi_startproc
  68              		@ args = 0, pretend = 0, frame = 0
  69              		@ frame_needed = 0, uses_anonymous_args = 0
  70 0000 10B5     		push	{r4, lr}
  71              		.cfi_def_cfa_offset 8
  72              		.cfi_offset 4, -8
  73              		.cfi_offset 14, -4
  63:Generated_Source\PSoC4/PGA_2_PM.c ****     #if(!PGA_2_CHECK_DEEPSLEEP_SUPPORT)
  64:Generated_Source\PSoC4/PGA_2_PM.c ****         if((PGA_2_OA_RES_CTRL_REG & PGA_2_OA_PWR_MODE_MASK) != 0u)
  74              		.loc 1 64 0
  75 0002 094B     		ldr	r3, .L6
  76 0004 1B68     		ldr	r3, [r3]
  77 0006 9B07     		lsls	r3, r3, #30
  78 0008 08D0     		beq	.L4
  65:Generated_Source\PSoC4/PGA_2_PM.c ****         {
  66:Generated_Source\PSoC4/PGA_2_PM.c ****             PGA_2_internalGainPower |= PGA_2_ENABLED;
  79              		.loc 1 66 0
  80 000a 084A     		ldr	r2, .L6+4
  81 000c 8023     		movs	r3, #128
  82 000e 1B06     		lsls	r3, r3, #24
  83 0010 1168     		ldr	r1, [r2]
  84 0012 0B43     		orrs	r3, r1
  85 0014 1360     		str	r3, [r2]
  67:Generated_Source\PSoC4/PGA_2_PM.c ****             PGA_2_Stop();
  86              		.loc 1 67 0
  87 0016 FFF7FEFF 		bl	PGA_2_Stop
  88              	.LVL0:
  89 001a 04E0     		b	.L3
  90              	.L4:
  68:Generated_Source\PSoC4/PGA_2_PM.c ****         }
  69:Generated_Source\PSoC4/PGA_2_PM.c ****         else /* The component is disabled */
  70:Generated_Source\PSoC4/PGA_2_PM.c ****         {
  71:Generated_Source\PSoC4/PGA_2_PM.c ****             PGA_2_internalGainPower &= (uint32) ~PGA_2_ENABLED;
  91              		.loc 1 71 0
  92 001c 034A     		ldr	r2, .L6+4
  93 001e 1368     		ldr	r3, [r2]
  94 0020 5B00     		lsls	r3, r3, #1
  95 0022 5B08     		lsrs	r3, r3, #1
  96 0024 1360     		str	r3, [r2]
  97              	.L3:
  72:Generated_Source\PSoC4/PGA_2_PM.c ****         }
  73:Generated_Source\PSoC4/PGA_2_PM.c ****         /* Save the configuration */
  74:Generated_Source\PSoC4/PGA_2_PM.c ****         PGA_2_SaveConfig();
ARM GAS  C:\Users\TUCKER~1\AppData\Local\Temp\ccrpwtTs.s 			page 4


  75:Generated_Source\PSoC4/PGA_2_PM.c ****     #endif /* (PGA_2_CHECK_DEEPSLEEP_SUPPORT) */
  76:Generated_Source\PSoC4/PGA_2_PM.c **** }
  98              		.loc 1 76 0
  99              		@ sp needed
 100 0026 10BD     		pop	{r4, pc}
 101              	.L7:
 102              		.align	2
 103              	.L6:
 104 0028 08003140 		.word	1076953096
 105 002c 00000000 		.word	PGA_2_internalGainPower
 106              		.cfi_endproc
 107              	.LFE2:
 108              		.size	PGA_2_Sleep, .-PGA_2_Sleep
 109              		.section	.text.PGA_2_Wakeup,"ax",%progbits
 110              		.align	2
 111              		.global	PGA_2_Wakeup
 112              		.code	16
 113              		.thumb_func
 114              		.type	PGA_2_Wakeup, %function
 115              	PGA_2_Wakeup:
 116              	.LFB3:
  77:Generated_Source\PSoC4/PGA_2_PM.c **** 
  78:Generated_Source\PSoC4/PGA_2_PM.c **** 
  79:Generated_Source\PSoC4/PGA_2_PM.c **** /*******************************************************************************
  80:Generated_Source\PSoC4/PGA_2_PM.c **** * Function Name: PGA_2_Wakeup
  81:Generated_Source\PSoC4/PGA_2_PM.c **** ****************************************************************************//**
  82:Generated_Source\PSoC4/PGA_2_PM.c **** *
  83:Generated_Source\PSoC4/PGA_2_PM.c **** *  When the "Deep sleep operation" is disabled then the function enables
  84:Generated_Source\PSoC4/PGA_2_PM.c **** *  block's operation and restores its configuration. Should be called
  85:Generated_Source\PSoC4/PGA_2_PM.c **** *  just after awaking from sleep.
  86:Generated_Source\PSoC4/PGA_2_PM.c **** *  When the "Deep sleep operation" is enabled then the function does nothing
  87:Generated_Source\PSoC4/PGA_2_PM.c **** *  and the component continues to operate during Active state.
  88:Generated_Source\PSoC4/PGA_2_PM.c **** *
  89:Generated_Source\PSoC4/PGA_2_PM.c **** *  \internal
  90:Generated_Source\PSoC4/PGA_2_PM.c **** *   The PGA_2_backup.enableState is used to 
  91:Generated_Source\PSoC4/PGA_2_PM.c **** *   restore the enable state of block after wakeup from sleep mode.
  92:Generated_Source\PSoC4/PGA_2_PM.c **** * 
  93:Generated_Source\PSoC4/PGA_2_PM.c **** *******************************************************************************/
  94:Generated_Source\PSoC4/PGA_2_PM.c **** void PGA_2_Wakeup(void)
  95:Generated_Source\PSoC4/PGA_2_PM.c **** {
 117              		.loc 1 95 0
 118              		.cfi_startproc
 119              		@ args = 0, pretend = 0, frame = 0
 120              		@ frame_needed = 0, uses_anonymous_args = 0
 121 0000 10B5     		push	{r4, lr}
 122              		.cfi_def_cfa_offset 8
 123              		.cfi_offset 4, -8
 124              		.cfi_offset 14, -4
  96:Generated_Source\PSoC4/PGA_2_PM.c ****     #if(!PGA_2_CHECK_DEEPSLEEP_SUPPORT)
  97:Generated_Source\PSoC4/PGA_2_PM.c ****         /* Restore the configurations */
  98:Generated_Source\PSoC4/PGA_2_PM.c ****         PGA_2_RestoreConfig();
  99:Generated_Source\PSoC4/PGA_2_PM.c ****         /* Enables the component operation */
 100:Generated_Source\PSoC4/PGA_2_PM.c ****         if((PGA_2_internalGainPower & PGA_2_ENABLED) != 0u)
 125              		.loc 1 100 0
 126 0002 034B     		ldr	r3, .L10
 127 0004 1B68     		ldr	r3, [r3]
 128 0006 002B     		cmp	r3, #0
ARM GAS  C:\Users\TUCKER~1\AppData\Local\Temp\ccrpwtTs.s 			page 5


 129 0008 01DA     		bge	.L8
 101:Generated_Source\PSoC4/PGA_2_PM.c ****         {
 102:Generated_Source\PSoC4/PGA_2_PM.c ****             PGA_2_Enable();
 130              		.loc 1 102 0
 131 000a FFF7FEFF 		bl	PGA_2_Enable
 132              	.LVL1:
 133              	.L8:
 103:Generated_Source\PSoC4/PGA_2_PM.c ****         } /* Do nothing if component was disabled before */
 104:Generated_Source\PSoC4/PGA_2_PM.c ****     #endif /* (PGA_2_CHECK_DEEPSLEEP_SUPPORT) */
 105:Generated_Source\PSoC4/PGA_2_PM.c **** }
 134              		.loc 1 105 0
 135              		@ sp needed
 136 000e 10BD     		pop	{r4, pc}
 137              	.L11:
 138              		.align	2
 139              	.L10:
 140 0010 00000000 		.word	PGA_2_internalGainPower
 141              		.cfi_endproc
 142              	.LFE3:
 143              		.size	PGA_2_Wakeup, .-PGA_2_Wakeup
 144              		.text
 145              	.Letext0:
 146              		.file 2 "Generated_Source\\PSoC4\\cytypes.h"
 147              		.file 3 "Generated_Source\\PSoC4\\PGA_2.h"
 148              		.file 4 "Generated_Source\\PSoC4\\PGA_2_PVT.h"
 149              		.section	.debug_info,"",%progbits
 150              	.Ldebug_info0:
 151 0000 1B010000 		.4byte	0x11b
 152 0004 0400     		.2byte	0x4
 153 0006 00000000 		.4byte	.Ldebug_abbrev0
 154 000a 04       		.byte	0x4
 155 000b 01       		.uleb128 0x1
 156 000c 75010000 		.4byte	.LASF20
 157 0010 0C       		.byte	0xc
 158 0011 47010000 		.4byte	.LASF21
 159 0015 AF000000 		.4byte	.LASF22
 160 0019 00000000 		.4byte	.Ldebug_ranges0+0
 161 001d 00000000 		.4byte	0
 162 0021 00000000 		.4byte	.Ldebug_line0
 163 0025 02       		.uleb128 0x2
 164 0026 01       		.byte	0x1
 165 0027 06       		.byte	0x6
 166 0028 07020000 		.4byte	.LASF0
 167 002c 02       		.uleb128 0x2
 168 002d 01       		.byte	0x1
 169 002e 08       		.byte	0x8
 170 002f 54000000 		.4byte	.LASF1
 171 0033 02       		.uleb128 0x2
 172 0034 02       		.byte	0x2
 173 0035 05       		.byte	0x5
 174 0036 34010000 		.4byte	.LASF2
 175 003a 02       		.uleb128 0x2
 176 003b 02       		.byte	0x2
 177 003c 07       		.byte	0x7
 178 003d 74000000 		.4byte	.LASF3
 179 0041 02       		.uleb128 0x2
 180 0042 04       		.byte	0x4
ARM GAS  C:\Users\TUCKER~1\AppData\Local\Temp\ccrpwtTs.s 			page 6


 181 0043 05       		.byte	0x5
 182 0044 3E010000 		.4byte	.LASF4
 183 0048 02       		.uleb128 0x2
 184 0049 04       		.byte	0x4
 185 004a 07       		.byte	0x7
 186 004b 62000000 		.4byte	.LASF5
 187 004f 02       		.uleb128 0x2
 188 0050 08       		.byte	0x8
 189 0051 05       		.byte	0x5
 190 0052 21010000 		.4byte	.LASF6
 191 0056 02       		.uleb128 0x2
 192 0057 08       		.byte	0x8
 193 0058 07       		.byte	0x7
 194 0059 0A010000 		.4byte	.LASF7
 195 005d 03       		.uleb128 0x3
 196 005e 04       		.byte	0x4
 197 005f 05       		.byte	0x5
 198 0060 696E7400 		.ascii	"int\000"
 199 0064 02       		.uleb128 0x2
 200 0065 04       		.byte	0x4
 201 0066 07       		.byte	0x7
 202 0067 A2000000 		.4byte	.LASF8
 203 006b 04       		.uleb128 0x4
 204 006c 9B000000 		.4byte	.LASF12
 205 0070 02       		.byte	0x2
 206 0071 FE01     		.2byte	0x1fe
 207 0073 48000000 		.4byte	0x48
 208 0077 02       		.uleb128 0x2
 209 0078 04       		.byte	0x4
 210 0079 04       		.byte	0x4
 211 007a 4E000000 		.4byte	.LASF9
 212 007e 02       		.uleb128 0x2
 213 007f 08       		.byte	0x8
 214 0080 04       		.byte	0x4
 215 0081 94000000 		.4byte	.LASF10
 216 0085 02       		.uleb128 0x2
 217 0086 01       		.byte	0x1
 218 0087 08       		.byte	0x8
 219 0088 2F010000 		.4byte	.LASF11
 220 008c 04       		.uleb128 0x4
 221 008d 14000000 		.4byte	.LASF13
 222 0091 02       		.byte	0x2
 223 0092 A802     		.2byte	0x2a8
 224 0094 98000000 		.4byte	0x98
 225 0098 05       		.uleb128 0x5
 226 0099 6B000000 		.4byte	0x6b
 227 009d 06       		.uleb128 0x6
 228 009e 1A000000 		.4byte	.LASF14
 229 00a2 01       		.byte	0x1
 230 00a3 1B       		.byte	0x1b
 231 00a4 00000000 		.4byte	.LFB0
 232 00a8 02000000 		.4byte	.LFE0-.LFB0
 233 00ac 01       		.uleb128 0x1
 234 00ad 9C       		.byte	0x9c
 235 00ae 06       		.uleb128 0x6
 236 00af 00000000 		.4byte	.LASF15
 237 00b3 01       		.byte	0x1
ARM GAS  C:\Users\TUCKER~1\AppData\Local\Temp\ccrpwtTs.s 			page 7


 238 00b4 28       		.byte	0x28
 239 00b5 00000000 		.4byte	.LFB1
 240 00b9 02000000 		.4byte	.LFE1-.LFB1
 241 00bd 01       		.uleb128 0x1
 242 00be 9C       		.byte	0x9c
 243 00bf 07       		.uleb128 0x7
 244 00c0 69010000 		.4byte	.LASF16
 245 00c4 01       		.byte	0x1
 246 00c5 3D       		.byte	0x3d
 247 00c6 00000000 		.4byte	.LFB2
 248 00ca 30000000 		.4byte	.LFE2-.LFB2
 249 00ce 01       		.uleb128 0x1
 250 00cf 9C       		.byte	0x9c
 251 00d0 DE000000 		.4byte	0xde
 252 00d4 08       		.uleb128 0x8
 253 00d5 1A000000 		.4byte	.LVL0
 254 00d9 08010000 		.4byte	0x108
 255 00dd 00       		.byte	0
 256 00de 07       		.uleb128 0x7
 257 00df 13020000 		.4byte	.LASF17
 258 00e3 01       		.byte	0x1
 259 00e4 5E       		.byte	0x5e
 260 00e5 00000000 		.4byte	.LFB3
 261 00e9 14000000 		.4byte	.LFE3-.LFB3
 262 00ed 01       		.uleb128 0x1
 263 00ee 9C       		.byte	0x9c
 264 00ef FD000000 		.4byte	0xfd
 265 00f3 08       		.uleb128 0x8
 266 00f4 0E000000 		.4byte	.LVL1
 267 00f8 13010000 		.4byte	0x113
 268 00fc 00       		.byte	0
 269 00fd 09       		.uleb128 0x9
 270 00fe 2B000000 		.4byte	.LASF23
 271 0102 04       		.byte	0x4
 272 0103 32       		.byte	0x32
 273 0104 6B000000 		.4byte	0x6b
 274 0108 0A       		.uleb128 0xa
 275 0109 43000000 		.4byte	.LASF18
 276 010d 43000000 		.4byte	.LASF18
 277 0111 03       		.byte	0x3
 278 0112 38       		.byte	0x38
 279 0113 0A       		.uleb128 0xa
 280 0114 87000000 		.4byte	.LASF19
 281 0118 87000000 		.4byte	.LASF19
 282 011c 03       		.byte	0x3
 283 011d 36       		.byte	0x36
 284 011e 00       		.byte	0
 285              		.section	.debug_abbrev,"",%progbits
 286              	.Ldebug_abbrev0:
 287 0000 01       		.uleb128 0x1
 288 0001 11       		.uleb128 0x11
 289 0002 01       		.byte	0x1
 290 0003 25       		.uleb128 0x25
 291 0004 0E       		.uleb128 0xe
 292 0005 13       		.uleb128 0x13
 293 0006 0B       		.uleb128 0xb
 294 0007 03       		.uleb128 0x3
ARM GAS  C:\Users\TUCKER~1\AppData\Local\Temp\ccrpwtTs.s 			page 8


 295 0008 0E       		.uleb128 0xe
 296 0009 1B       		.uleb128 0x1b
 297 000a 0E       		.uleb128 0xe
 298 000b 55       		.uleb128 0x55
 299 000c 17       		.uleb128 0x17
 300 000d 11       		.uleb128 0x11
 301 000e 01       		.uleb128 0x1
 302 000f 10       		.uleb128 0x10
 303 0010 17       		.uleb128 0x17
 304 0011 00       		.byte	0
 305 0012 00       		.byte	0
 306 0013 02       		.uleb128 0x2
 307 0014 24       		.uleb128 0x24
 308 0015 00       		.byte	0
 309 0016 0B       		.uleb128 0xb
 310 0017 0B       		.uleb128 0xb
 311 0018 3E       		.uleb128 0x3e
 312 0019 0B       		.uleb128 0xb
 313 001a 03       		.uleb128 0x3
 314 001b 0E       		.uleb128 0xe
 315 001c 00       		.byte	0
 316 001d 00       		.byte	0
 317 001e 03       		.uleb128 0x3
 318 001f 24       		.uleb128 0x24
 319 0020 00       		.byte	0
 320 0021 0B       		.uleb128 0xb
 321 0022 0B       		.uleb128 0xb
 322 0023 3E       		.uleb128 0x3e
 323 0024 0B       		.uleb128 0xb
 324 0025 03       		.uleb128 0x3
 325 0026 08       		.uleb128 0x8
 326 0027 00       		.byte	0
 327 0028 00       		.byte	0
 328 0029 04       		.uleb128 0x4
 329 002a 16       		.uleb128 0x16
 330 002b 00       		.byte	0
 331 002c 03       		.uleb128 0x3
 332 002d 0E       		.uleb128 0xe
 333 002e 3A       		.uleb128 0x3a
 334 002f 0B       		.uleb128 0xb
 335 0030 3B       		.uleb128 0x3b
 336 0031 05       		.uleb128 0x5
 337 0032 49       		.uleb128 0x49
 338 0033 13       		.uleb128 0x13
 339 0034 00       		.byte	0
 340 0035 00       		.byte	0
 341 0036 05       		.uleb128 0x5
 342 0037 35       		.uleb128 0x35
 343 0038 00       		.byte	0
 344 0039 49       		.uleb128 0x49
 345 003a 13       		.uleb128 0x13
 346 003b 00       		.byte	0
 347 003c 00       		.byte	0
 348 003d 06       		.uleb128 0x6
 349 003e 2E       		.uleb128 0x2e
 350 003f 00       		.byte	0
 351 0040 3F       		.uleb128 0x3f
ARM GAS  C:\Users\TUCKER~1\AppData\Local\Temp\ccrpwtTs.s 			page 9


 352 0041 19       		.uleb128 0x19
 353 0042 03       		.uleb128 0x3
 354 0043 0E       		.uleb128 0xe
 355 0044 3A       		.uleb128 0x3a
 356 0045 0B       		.uleb128 0xb
 357 0046 3B       		.uleb128 0x3b
 358 0047 0B       		.uleb128 0xb
 359 0048 27       		.uleb128 0x27
 360 0049 19       		.uleb128 0x19
 361 004a 11       		.uleb128 0x11
 362 004b 01       		.uleb128 0x1
 363 004c 12       		.uleb128 0x12
 364 004d 06       		.uleb128 0x6
 365 004e 40       		.uleb128 0x40
 366 004f 18       		.uleb128 0x18
 367 0050 9742     		.uleb128 0x2117
 368 0052 19       		.uleb128 0x19
 369 0053 00       		.byte	0
 370 0054 00       		.byte	0
 371 0055 07       		.uleb128 0x7
 372 0056 2E       		.uleb128 0x2e
 373 0057 01       		.byte	0x1
 374 0058 3F       		.uleb128 0x3f
 375 0059 19       		.uleb128 0x19
 376 005a 03       		.uleb128 0x3
 377 005b 0E       		.uleb128 0xe
 378 005c 3A       		.uleb128 0x3a
 379 005d 0B       		.uleb128 0xb
 380 005e 3B       		.uleb128 0x3b
 381 005f 0B       		.uleb128 0xb
 382 0060 27       		.uleb128 0x27
 383 0061 19       		.uleb128 0x19
 384 0062 11       		.uleb128 0x11
 385 0063 01       		.uleb128 0x1
 386 0064 12       		.uleb128 0x12
 387 0065 06       		.uleb128 0x6
 388 0066 40       		.uleb128 0x40
 389 0067 18       		.uleb128 0x18
 390 0068 9742     		.uleb128 0x2117
 391 006a 19       		.uleb128 0x19
 392 006b 01       		.uleb128 0x1
 393 006c 13       		.uleb128 0x13
 394 006d 00       		.byte	0
 395 006e 00       		.byte	0
 396 006f 08       		.uleb128 0x8
 397 0070 898201   		.uleb128 0x4109
 398 0073 00       		.byte	0
 399 0074 11       		.uleb128 0x11
 400 0075 01       		.uleb128 0x1
 401 0076 31       		.uleb128 0x31
 402 0077 13       		.uleb128 0x13
 403 0078 00       		.byte	0
 404 0079 00       		.byte	0
 405 007a 09       		.uleb128 0x9
 406 007b 34       		.uleb128 0x34
 407 007c 00       		.byte	0
 408 007d 03       		.uleb128 0x3
ARM GAS  C:\Users\TUCKER~1\AppData\Local\Temp\ccrpwtTs.s 			page 10


 409 007e 0E       		.uleb128 0xe
 410 007f 3A       		.uleb128 0x3a
 411 0080 0B       		.uleb128 0xb
 412 0081 3B       		.uleb128 0x3b
 413 0082 0B       		.uleb128 0xb
 414 0083 49       		.uleb128 0x49
 415 0084 13       		.uleb128 0x13
 416 0085 3F       		.uleb128 0x3f
 417 0086 19       		.uleb128 0x19
 418 0087 3C       		.uleb128 0x3c
 419 0088 19       		.uleb128 0x19
 420 0089 00       		.byte	0
 421 008a 00       		.byte	0
 422 008b 0A       		.uleb128 0xa
 423 008c 2E       		.uleb128 0x2e
 424 008d 00       		.byte	0
 425 008e 3F       		.uleb128 0x3f
 426 008f 19       		.uleb128 0x19
 427 0090 3C       		.uleb128 0x3c
 428 0091 19       		.uleb128 0x19
 429 0092 6E       		.uleb128 0x6e
 430 0093 0E       		.uleb128 0xe
 431 0094 03       		.uleb128 0x3
 432 0095 0E       		.uleb128 0xe
 433 0096 3A       		.uleb128 0x3a
 434 0097 0B       		.uleb128 0xb
 435 0098 3B       		.uleb128 0x3b
 436 0099 0B       		.uleb128 0xb
 437 009a 00       		.byte	0
 438 009b 00       		.byte	0
 439 009c 00       		.byte	0
 440              		.section	.debug_aranges,"",%progbits
 441 0000 34000000 		.4byte	0x34
 442 0004 0200     		.2byte	0x2
 443 0006 00000000 		.4byte	.Ldebug_info0
 444 000a 04       		.byte	0x4
 445 000b 00       		.byte	0
 446 000c 0000     		.2byte	0
 447 000e 0000     		.2byte	0
 448 0010 00000000 		.4byte	.LFB0
 449 0014 02000000 		.4byte	.LFE0-.LFB0
 450 0018 00000000 		.4byte	.LFB1
 451 001c 02000000 		.4byte	.LFE1-.LFB1
 452 0020 00000000 		.4byte	.LFB2
 453 0024 30000000 		.4byte	.LFE2-.LFB2
 454 0028 00000000 		.4byte	.LFB3
 455 002c 14000000 		.4byte	.LFE3-.LFB3
 456 0030 00000000 		.4byte	0
 457 0034 00000000 		.4byte	0
 458              		.section	.debug_ranges,"",%progbits
 459              	.Ldebug_ranges0:
 460 0000 00000000 		.4byte	.LFB0
 461 0004 02000000 		.4byte	.LFE0
 462 0008 00000000 		.4byte	.LFB1
 463 000c 02000000 		.4byte	.LFE1
 464 0010 00000000 		.4byte	.LFB2
 465 0014 30000000 		.4byte	.LFE2
ARM GAS  C:\Users\TUCKER~1\AppData\Local\Temp\ccrpwtTs.s 			page 11


 466 0018 00000000 		.4byte	.LFB3
 467 001c 14000000 		.4byte	.LFE3
 468 0020 00000000 		.4byte	0
 469 0024 00000000 		.4byte	0
 470              		.section	.debug_line,"",%progbits
 471              	.Ldebug_line0:
 472 0000 AC000000 		.section	.debug_str,"MS",%progbits,1
 472      02005F00 
 472      00000201 
 472      FB0E0D00 
 472      01010101 
 473              	.LASF15:
 474 0000 5047415F 		.ascii	"PGA_2_RestoreConfig\000"
 474      325F5265 
 474      73746F72 
 474      65436F6E 
 474      66696700 
 475              	.LASF13:
 476 0014 72656733 		.ascii	"reg32\000"
 476      3200
 477              	.LASF14:
 478 001a 5047415F 		.ascii	"PGA_2_SaveConfig\000"
 478      325F5361 
 478      7665436F 
 478      6E666967 
 478      00
 479              	.LASF23:
 480 002b 5047415F 		.ascii	"PGA_2_internalGainPower\000"
 480      325F696E 
 480      7465726E 
 480      616C4761 
 480      696E506F 
 481              	.LASF18:
 482 0043 5047415F 		.ascii	"PGA_2_Stop\000"
 482      325F5374 
 482      6F7000
 483              	.LASF9:
 484 004e 666C6F61 		.ascii	"float\000"
 484      7400
 485              	.LASF1:
 486 0054 756E7369 		.ascii	"unsigned char\000"
 486      676E6564 
 486      20636861 
 486      7200
 487              	.LASF5:
 488 0062 6C6F6E67 		.ascii	"long unsigned int\000"
 488      20756E73 
 488      69676E65 
 488      6420696E 
 488      7400
 489              	.LASF3:
 490 0074 73686F72 		.ascii	"short unsigned int\000"
 490      7420756E 
 490      7369676E 
 490      65642069 
 490      6E7400
 491              	.LASF19:
ARM GAS  C:\Users\TUCKER~1\AppData\Local\Temp\ccrpwtTs.s 			page 12


 492 0087 5047415F 		.ascii	"PGA_2_Enable\000"
 492      325F456E 
 492      61626C65 
 492      00
 493              	.LASF10:
 494 0094 646F7562 		.ascii	"double\000"
 494      6C6500
 495              	.LASF12:
 496 009b 75696E74 		.ascii	"uint32\000"
 496      333200
 497              	.LASF8:
 498 00a2 756E7369 		.ascii	"unsigned int\000"
 498      676E6564 
 498      20696E74 
 498      00
 499              	.LASF22:
 500 00af 433A5C55 		.ascii	"C:\\Users\\Tucker Zischka\\Documents\\GitHub\\Li-Ce"
 500      73657273 
 500      5C547563 
 500      6B657220 
 500      5A697363 
 501 00dd 6C6C5465 		.ascii	"llTesting_Script\\PSOC4_Main\\PSOC4_Main.cydsn\000"
 501      7374696E 
 501      675F5363 
 501      72697074 
 501      5C50534F 
 502              	.LASF7:
 503 010a 6C6F6E67 		.ascii	"long long unsigned int\000"
 503      206C6F6E 
 503      6720756E 
 503      7369676E 
 503      65642069 
 504              	.LASF6:
 505 0121 6C6F6E67 		.ascii	"long long int\000"
 505      206C6F6E 
 505      6720696E 
 505      7400
 506              	.LASF11:
 507 012f 63686172 		.ascii	"char\000"
 507      00
 508              	.LASF2:
 509 0134 73686F72 		.ascii	"short int\000"
 509      7420696E 
 509      7400
 510              	.LASF4:
 511 013e 6C6F6E67 		.ascii	"long int\000"
 511      20696E74 
 511      00
 512              	.LASF21:
 513 0147 47656E65 		.ascii	"Generated_Source\\PSoC4\\PGA_2_PM.c\000"
 513      72617465 
 513      645F536F 
 513      75726365 
 513      5C50536F 
 514              	.LASF16:
 515 0169 5047415F 		.ascii	"PGA_2_Sleep\000"
 515      325F536C 
ARM GAS  C:\Users\TUCKER~1\AppData\Local\Temp\ccrpwtTs.s 			page 13


 515      65657000 
 516              	.LASF20:
 517 0175 474E5520 		.ascii	"GNU C11 5.4.1 20160609 (release) [ARM/embedded-5-br"
 517      43313120 
 517      352E342E 
 517      31203230 
 517      31363036 
 518 01a8 616E6368 		.ascii	"anch revision 237715] -mcpu=cortex-m0plus -mthumb -"
 518      20726576 
 518      6973696F 
 518      6E203233 
 518      37373135 
 519 01db 67202D4F 		.ascii	"g -Og -ffunction-sections -ffat-lto-objects\000"
 519      67202D66 
 519      66756E63 
 519      74696F6E 
 519      2D736563 
 520              	.LASF0:
 521 0207 7369676E 		.ascii	"signed char\000"
 521      65642063 
 521      68617200 
 522              	.LASF17:
 523 0213 5047415F 		.ascii	"PGA_2_Wakeup\000"
 523      325F5761 
 523      6B657570 
 523      00
 524              		.ident	"GCC: (GNU Tools for ARM Embedded Processors) 5.4.1 20160609 (release) [ARM/embedded-5-bran
