ARM GAS  C:\Users\cdrow\AppData\Local\Temp\ccNm0arA.s 			page 1


   1              		.syntax unified
   2              		.cpu cortex-m0plus
   3              		.fpu softvfp
   4              		.eabi_attribute 20, 1
   5              		.eabi_attribute 21, 1
   6              		.eabi_attribute 23, 3
   7              		.eabi_attribute 24, 1
   8              		.eabi_attribute 25, 1
   9              		.eabi_attribute 26, 1
  10              		.eabi_attribute 30, 1
  11              		.eabi_attribute 34, 0
  12              		.eabi_attribute 18, 4
  13              		.thumb
  14              		.syntax unified
  15              		.file	"PVref_1_PM.c"
  16              		.text
  17              	.Ltext0:
  18              		.cfi_sections	.debug_frame
  19              		.section	.text.PVref_1_Sleep,"ax",%progbits
  20              		.align	2
  21              		.global	PVref_1_Sleep
  22              		.code	16
  23              		.thumb_func
  24              		.type	PVref_1_Sleep, %function
  25              	PVref_1_Sleep:
  26              	.LFB0:
  27              		.file 1 "Generated_Source\\PSoC4\\PVref_1_PM.c"
   1:Generated_Source\PSoC4/PVref_1_PM.c **** /***************************************************************************//**
   2:Generated_Source\PSoC4/PVref_1_PM.c **** * \file PVref_1_PM.c
   3:Generated_Source\PSoC4/PVref_1_PM.c **** * \version 1.0
   4:Generated_Source\PSoC4/PVref_1_PM.c **** *
   5:Generated_Source\PSoC4/PVref_1_PM.c **** * \brief
   6:Generated_Source\PSoC4/PVref_1_PM.c **** *  This file provides the API source code for Power Management of the
   7:Generated_Source\PSoC4/PVref_1_PM.c **** *  Programmable Voltage Reference component.
   8:Generated_Source\PSoC4/PVref_1_PM.c **** *
   9:Generated_Source\PSoC4/PVref_1_PM.c **** * Note:
  10:Generated_Source\PSoC4/PVref_1_PM.c **** *  None
  11:Generated_Source\PSoC4/PVref_1_PM.c **** *
  12:Generated_Source\PSoC4/PVref_1_PM.c **** ********************************************************************************
  13:Generated_Source\PSoC4/PVref_1_PM.c **** * \copyright
  14:Generated_Source\PSoC4/PVref_1_PM.c **** * Copyright 2016, Cypress Semiconductor Corporation. All rights reserved.
  15:Generated_Source\PSoC4/PVref_1_PM.c **** * You may use this file only in accordance with the license, terms, conditions,
  16:Generated_Source\PSoC4/PVref_1_PM.c **** * disclaimers, and limitations in the end user license agreement accompanying
  17:Generated_Source\PSoC4/PVref_1_PM.c **** * the software package with which this file was provided.
  18:Generated_Source\PSoC4/PVref_1_PM.c **** *******************************************************************************/
  19:Generated_Source\PSoC4/PVref_1_PM.c **** 
  20:Generated_Source\PSoC4/PVref_1_PM.c **** #include "PVref_1.h"
  21:Generated_Source\PSoC4/PVref_1_PM.c **** 
  22:Generated_Source\PSoC4/PVref_1_PM.c **** static PVref_1_backup_struct PVref_1_backup = {0u};
  23:Generated_Source\PSoC4/PVref_1_PM.c **** 
  24:Generated_Source\PSoC4/PVref_1_PM.c **** 
  25:Generated_Source\PSoC4/PVref_1_PM.c **** /*******************************************************************************
  26:Generated_Source\PSoC4/PVref_1_PM.c **** * Function Name: PVref_1_Sleep
  27:Generated_Source\PSoC4/PVref_1_PM.c **** ****************************************************************************//**
  28:Generated_Source\PSoC4/PVref_1_PM.c **** *
  29:Generated_Source\PSoC4/PVref_1_PM.c **** *  Prepares the component to enter Sleep mode.
  30:Generated_Source\PSoC4/PVref_1_PM.c **** *  If the reference is based on Vdda, the function will open the switch at the
ARM GAS  C:\Users\cdrow\AppData\Local\Temp\ccNm0arA.s 			page 2


  31:Generated_Source\PSoC4/PVref_1_PM.c **** *  bottom of the resistor tree to eliminate the current flow through the
  32:Generated_Source\PSoC4/PVref_1_PM.c **** *  resistor. If the reference is based on the bandgap, this function will do
  33:Generated_Source\PSoC4/PVref_1_PM.c **** *  nothing.
  34:Generated_Source\PSoC4/PVref_1_PM.c **** *
  35:Generated_Source\PSoC4/PVref_1_PM.c **** * \sideeffect
  36:Generated_Source\PSoC4/PVref_1_PM.c **** *  If the reference is based on Vdda, it will affect all Vdda-based references
  37:Generated_Source\PSoC4/PVref_1_PM.c **** *  because they share the same resistor tree.
  38:Generated_Source\PSoC4/PVref_1_PM.c **** *
  39:Generated_Source\PSoC4/PVref_1_PM.c **** *******************************************************************************/
  40:Generated_Source\PSoC4/PVref_1_PM.c **** void PVref_1_Sleep(void)
  41:Generated_Source\PSoC4/PVref_1_PM.c **** {
  28              		.loc 1 41 0
  29              		.cfi_startproc
  30              		@ args = 0, pretend = 0, frame = 0
  31              		@ frame_needed = 0, uses_anonymous_args = 0
  32              		@ link register save eliminated.
  42:Generated_Source\PSoC4/PVref_1_PM.c ****     if (0u != (PVref_1_PRB_REF_REG & PVref_1_VREF_SUPPLY_SEL))
  33              		.loc 1 42 0
  34 0000 084B     		ldr	r3, .L4
  35 0002 1B68     		ldr	r3, [r3]
  36 0004 9B07     		lsls	r3, r3, #30
  37 0006 08D5     		bpl	.L2
  43:Generated_Source\PSoC4/PVref_1_PM.c ****     {
  44:Generated_Source\PSoC4/PVref_1_PM.c ****         PVref_1_PRB_CTRL_REG &= ~PVref_1_VDDA_ENABLE;
  38              		.loc 1 44 0
  39 0008 074A     		ldr	r2, .L4+4
  40 000a 1368     		ldr	r3, [r2]
  41 000c 1021     		movs	r1, #16
  42 000e 8B43     		bics	r3, r1
  43 0010 1360     		str	r3, [r2]
  45:Generated_Source\PSoC4/PVref_1_PM.c ****         PVref_1_backup.enableState = 1u;
  44              		.loc 1 45 0
  45 0012 0122     		movs	r2, #1
  46 0014 054B     		ldr	r3, .L4+8
  47 0016 1A70     		strb	r2, [r3]
  48 0018 02E0     		b	.L1
  49              	.L2:
  46:Generated_Source\PSoC4/PVref_1_PM.c ****     }
  47:Generated_Source\PSoC4/PVref_1_PM.c ****     else /* The reference is based on the bandgap */
  48:Generated_Source\PSoC4/PVref_1_PM.c ****     {
  49:Generated_Source\PSoC4/PVref_1_PM.c ****         PVref_1_backup.enableState = 0u;
  50              		.loc 1 49 0
  51 001a 0022     		movs	r2, #0
  52 001c 034B     		ldr	r3, .L4+8
  53 001e 1A70     		strb	r2, [r3]
  54              	.L1:
  50:Generated_Source\PSoC4/PVref_1_PM.c ****     }
  51:Generated_Source\PSoC4/PVref_1_PM.c **** }
  55              		.loc 1 51 0
  56              		@ sp needed
  57 0020 7047     		bx	lr
  58              	.L5:
  59 0022 C046     		.align	2
  60              	.L4:
  61 0024 08023F40 		.word	1077871112
  62 0028 00023F40 		.word	1077871104
  63 002c 00000000 		.word	.LANCHOR0
ARM GAS  C:\Users\cdrow\AppData\Local\Temp\ccNm0arA.s 			page 3


  64              		.cfi_endproc
  65              	.LFE0:
  66              		.size	PVref_1_Sleep, .-PVref_1_Sleep
  67              		.section	.text.PVref_1_Wakeup,"ax",%progbits
  68              		.align	2
  69              		.global	PVref_1_Wakeup
  70              		.code	16
  71              		.thumb_func
  72              		.type	PVref_1_Wakeup, %function
  73              	PVref_1_Wakeup:
  74              	.LFB1:
  52:Generated_Source\PSoC4/PVref_1_PM.c **** 
  53:Generated_Source\PSoC4/PVref_1_PM.c **** 
  54:Generated_Source\PSoC4/PVref_1_PM.c **** /*******************************************************************************
  55:Generated_Source\PSoC4/PVref_1_PM.c **** * Function Name: PVref_1_Wakeup
  56:Generated_Source\PSoC4/PVref_1_PM.c **** ****************************************************************************//**
  57:Generated_Source\PSoC4/PVref_1_PM.c **** *
  58:Generated_Source\PSoC4/PVref_1_PM.c **** *  Restores the component after exiting Sleep mode.
  59:Generated_Source\PSoC4/PVref_1_PM.c **** *  By calling this function for any Vdda-based reference, the function will
  60:Generated_Source\PSoC4/PVref_1_PM.c **** *  enable all Vdda-based references because they all are based on the same
  61:Generated_Source\PSoC4/PVref_1_PM.c **** *  resistor divider. For bandgap-based references, nothing will happen.
  62:Generated_Source\PSoC4/PVref_1_PM.c **** *
  63:Generated_Source\PSoC4/PVref_1_PM.c **** * \sideeffect
  64:Generated_Source\PSoC4/PVref_1_PM.c **** *  If the reference is based on Vdda, it will affect all Vdda-based references
  65:Generated_Source\PSoC4/PVref_1_PM.c **** *  because they share the same resistor tree.
  66:Generated_Source\PSoC4/PVref_1_PM.c **** *
  67:Generated_Source\PSoC4/PVref_1_PM.c **** *******************************************************************************/
  68:Generated_Source\PSoC4/PVref_1_PM.c **** void PVref_1_Wakeup(void)
  69:Generated_Source\PSoC4/PVref_1_PM.c **** {
  75              		.loc 1 69 0
  76              		.cfi_startproc
  77              		@ args = 0, pretend = 0, frame = 0
  78              		@ frame_needed = 0, uses_anonymous_args = 0
  79              		@ link register save eliminated.
  70:Generated_Source\PSoC4/PVref_1_PM.c ****     if (0u != PVref_1_backup.enableState)
  80              		.loc 1 70 0
  81 0000 044B     		ldr	r3, .L8
  82 0002 1B78     		ldrb	r3, [r3]
  83 0004 002B     		cmp	r3, #0
  84 0006 04D0     		beq	.L6
  71:Generated_Source\PSoC4/PVref_1_PM.c ****     {
  72:Generated_Source\PSoC4/PVref_1_PM.c ****         PVref_1_PRB_CTRL_REG |= PVref_1_VDDA_ENABLE;
  85              		.loc 1 72 0
  86 0008 034A     		ldr	r2, .L8+4
  87 000a 1168     		ldr	r1, [r2]
  88 000c 1023     		movs	r3, #16
  89 000e 0B43     		orrs	r3, r1
  90 0010 1360     		str	r3, [r2]
  91              	.L6:
  73:Generated_Source\PSoC4/PVref_1_PM.c ****     } /* Do nothing if the reference is based on the bandgap */
  74:Generated_Source\PSoC4/PVref_1_PM.c **** }
  92              		.loc 1 74 0
  93              		@ sp needed
  94 0012 7047     		bx	lr
  95              	.L9:
  96              		.align	2
  97              	.L8:
ARM GAS  C:\Users\cdrow\AppData\Local\Temp\ccNm0arA.s 			page 4


  98 0014 00000000 		.word	.LANCHOR0
  99 0018 00023F40 		.word	1077871104
 100              		.cfi_endproc
 101              	.LFE1:
 102              		.size	PVref_1_Wakeup, .-PVref_1_Wakeup
 103              		.bss
 104              		.align	2
 105              		.set	.LANCHOR0,. + 0
 106              		.type	PVref_1_backup, %object
 107              		.size	PVref_1_backup, 1
 108              	PVref_1_backup:
 109 0000 00       		.space	1
 110              		.text
 111              	.Letext0:
 112              		.file 2 "Generated_Source\\PSoC4\\cytypes.h"
 113              		.file 3 "Generated_Source\\PSoC4\\PVref_1.h"
 114              		.section	.debug_info,"",%progbits
 115              	.Ldebug_info0:
 116 0000 F9000000 		.4byte	0xf9
 117 0004 0400     		.2byte	0x4
 118 0006 00000000 		.4byte	.Ldebug_abbrev0
 119 000a 04       		.byte	0x4
 120 000b 01       		.uleb128 0x1
 121 000c 61010000 		.4byte	.LASF18
 122 0010 0C       		.byte	0xc
 123 0011 9F000000 		.4byte	.LASF19
 124 0015 06000000 		.4byte	.LASF20
 125 0019 00000000 		.4byte	.Ldebug_ranges0+0
 126 001d 00000000 		.4byte	0
 127 0021 00000000 		.4byte	.Ldebug_line0
 128 0025 02       		.uleb128 0x2
 129 0026 01       		.byte	0x1
 130 0027 06       		.byte	0x6
 131 0028 F3010000 		.4byte	.LASF0
 132 002c 02       		.uleb128 0x2
 133 002d 01       		.byte	0x1
 134 002e 08       		.byte	0x8
 135 002f 6C000000 		.4byte	.LASF1
 136 0033 02       		.uleb128 0x2
 137 0034 02       		.byte	0x2
 138 0035 05       		.byte	0x5
 139 0036 3C010000 		.4byte	.LASF2
 140 003a 02       		.uleb128 0x2
 141 003b 02       		.byte	0x2
 142 003c 07       		.byte	0x7
 143 003d 8C000000 		.4byte	.LASF3
 144 0041 02       		.uleb128 0x2
 145 0042 04       		.byte	0x4
 146 0043 05       		.byte	0x5
 147 0044 4C010000 		.4byte	.LASF4
 148 0048 02       		.uleb128 0x2
 149 0049 04       		.byte	0x4
 150 004a 07       		.byte	0x7
 151 004b 7A000000 		.4byte	.LASF5
 152 004f 02       		.uleb128 0x2
 153 0050 08       		.byte	0x8
 154 0051 05       		.byte	0x5
ARM GAS  C:\Users\cdrow\AppData\Local\Temp\ccNm0arA.s 			page 5


 155 0052 1A010000 		.4byte	.LASF6
 156 0056 02       		.uleb128 0x2
 157 0057 08       		.byte	0x8
 158 0058 07       		.byte	0x7
 159 0059 DE000000 		.4byte	.LASF7
 160 005d 03       		.uleb128 0x3
 161 005e 04       		.byte	0x4
 162 005f 05       		.byte	0x5
 163 0060 696E7400 		.ascii	"int\000"
 164 0064 02       		.uleb128 0x2
 165 0065 04       		.byte	0x4
 166 0066 07       		.byte	0x7
 167 0067 D1000000 		.4byte	.LASF8
 168 006b 04       		.uleb128 0x4
 169 006c 46010000 		.4byte	.LASF9
 170 0070 02       		.byte	0x2
 171 0071 FB01     		.2byte	0x1fb
 172 0073 2C000000 		.4byte	0x2c
 173 0077 04       		.uleb128 0x4
 174 0078 CA000000 		.4byte	.LASF10
 175 007c 02       		.byte	0x2
 176 007d FD01     		.2byte	0x1fd
 177 007f 48000000 		.4byte	0x48
 178 0083 02       		.uleb128 0x2
 179 0084 04       		.byte	0x4
 180 0085 04       		.byte	0x4
 181 0086 66000000 		.4byte	.LASF11
 182 008a 02       		.uleb128 0x2
 183 008b 08       		.byte	0x8
 184 008c 04       		.byte	0x4
 185 008d C3000000 		.4byte	.LASF12
 186 0091 02       		.uleb128 0x2
 187 0092 01       		.byte	0x1
 188 0093 08       		.byte	0x8
 189 0094 28010000 		.4byte	.LASF13
 190 0098 04       		.uleb128 0x4
 191 0099 00000000 		.4byte	.LASF14
 192 009d 02       		.byte	0x2
 193 009e A702     		.2byte	0x2a7
 194 00a0 A4000000 		.4byte	0xa4
 195 00a4 05       		.uleb128 0x5
 196 00a5 77000000 		.4byte	0x77
 197 00a9 06       		.uleb128 0x6
 198 00aa 01       		.byte	0x1
 199 00ab 03       		.byte	0x3
 200 00ac 28       		.byte	0x28
 201 00ad BE000000 		.4byte	0xbe
 202 00b1 07       		.uleb128 0x7
 203 00b2 55010000 		.4byte	.LASF21
 204 00b6 03       		.byte	0x3
 205 00b7 2A       		.byte	0x2a
 206 00b8 6B000000 		.4byte	0x6b
 207 00bc 00       		.byte	0
 208 00bd 00       		.byte	0
 209 00be 08       		.uleb128 0x8
 210 00bf 04010000 		.4byte	.LASF15
 211 00c3 03       		.byte	0x3
ARM GAS  C:\Users\cdrow\AppData\Local\Temp\ccNm0arA.s 			page 6


 212 00c4 2B       		.byte	0x2b
 213 00c5 A9000000 		.4byte	0xa9
 214 00c9 09       		.uleb128 0x9
 215 00ca 58000000 		.4byte	.LASF16
 216 00ce 01       		.byte	0x1
 217 00cf 28       		.byte	0x28
 218 00d0 00000000 		.4byte	.LFB0
 219 00d4 30000000 		.4byte	.LFE0-.LFB0
 220 00d8 01       		.uleb128 0x1
 221 00d9 9C       		.byte	0x9c
 222 00da 09       		.uleb128 0x9
 223 00db 2D010000 		.4byte	.LASF17
 224 00df 01       		.byte	0x1
 225 00e0 44       		.byte	0x44
 226 00e1 00000000 		.4byte	.LFB1
 227 00e5 1C000000 		.4byte	.LFE1-.LFB1
 228 00e9 01       		.uleb128 0x1
 229 00ea 9C       		.byte	0x9c
 230 00eb 0A       		.uleb128 0xa
 231 00ec F5000000 		.4byte	.LASF22
 232 00f0 01       		.byte	0x1
 233 00f1 16       		.byte	0x16
 234 00f2 BE000000 		.4byte	0xbe
 235 00f6 05       		.uleb128 0x5
 236 00f7 03       		.byte	0x3
 237 00f8 00000000 		.4byte	PVref_1_backup
 238 00fc 00       		.byte	0
 239              		.section	.debug_abbrev,"",%progbits
 240              	.Ldebug_abbrev0:
 241 0000 01       		.uleb128 0x1
 242 0001 11       		.uleb128 0x11
 243 0002 01       		.byte	0x1
 244 0003 25       		.uleb128 0x25
 245 0004 0E       		.uleb128 0xe
 246 0005 13       		.uleb128 0x13
 247 0006 0B       		.uleb128 0xb
 248 0007 03       		.uleb128 0x3
 249 0008 0E       		.uleb128 0xe
 250 0009 1B       		.uleb128 0x1b
 251 000a 0E       		.uleb128 0xe
 252 000b 55       		.uleb128 0x55
 253 000c 17       		.uleb128 0x17
 254 000d 11       		.uleb128 0x11
 255 000e 01       		.uleb128 0x1
 256 000f 10       		.uleb128 0x10
 257 0010 17       		.uleb128 0x17
 258 0011 00       		.byte	0
 259 0012 00       		.byte	0
 260 0013 02       		.uleb128 0x2
 261 0014 24       		.uleb128 0x24
 262 0015 00       		.byte	0
 263 0016 0B       		.uleb128 0xb
 264 0017 0B       		.uleb128 0xb
 265 0018 3E       		.uleb128 0x3e
 266 0019 0B       		.uleb128 0xb
 267 001a 03       		.uleb128 0x3
 268 001b 0E       		.uleb128 0xe
ARM GAS  C:\Users\cdrow\AppData\Local\Temp\ccNm0arA.s 			page 7


 269 001c 00       		.byte	0
 270 001d 00       		.byte	0
 271 001e 03       		.uleb128 0x3
 272 001f 24       		.uleb128 0x24
 273 0020 00       		.byte	0
 274 0021 0B       		.uleb128 0xb
 275 0022 0B       		.uleb128 0xb
 276 0023 3E       		.uleb128 0x3e
 277 0024 0B       		.uleb128 0xb
 278 0025 03       		.uleb128 0x3
 279 0026 08       		.uleb128 0x8
 280 0027 00       		.byte	0
 281 0028 00       		.byte	0
 282 0029 04       		.uleb128 0x4
 283 002a 16       		.uleb128 0x16
 284 002b 00       		.byte	0
 285 002c 03       		.uleb128 0x3
 286 002d 0E       		.uleb128 0xe
 287 002e 3A       		.uleb128 0x3a
 288 002f 0B       		.uleb128 0xb
 289 0030 3B       		.uleb128 0x3b
 290 0031 05       		.uleb128 0x5
 291 0032 49       		.uleb128 0x49
 292 0033 13       		.uleb128 0x13
 293 0034 00       		.byte	0
 294 0035 00       		.byte	0
 295 0036 05       		.uleb128 0x5
 296 0037 35       		.uleb128 0x35
 297 0038 00       		.byte	0
 298 0039 49       		.uleb128 0x49
 299 003a 13       		.uleb128 0x13
 300 003b 00       		.byte	0
 301 003c 00       		.byte	0
 302 003d 06       		.uleb128 0x6
 303 003e 13       		.uleb128 0x13
 304 003f 01       		.byte	0x1
 305 0040 0B       		.uleb128 0xb
 306 0041 0B       		.uleb128 0xb
 307 0042 3A       		.uleb128 0x3a
 308 0043 0B       		.uleb128 0xb
 309 0044 3B       		.uleb128 0x3b
 310 0045 0B       		.uleb128 0xb
 311 0046 01       		.uleb128 0x1
 312 0047 13       		.uleb128 0x13
 313 0048 00       		.byte	0
 314 0049 00       		.byte	0
 315 004a 07       		.uleb128 0x7
 316 004b 0D       		.uleb128 0xd
 317 004c 00       		.byte	0
 318 004d 03       		.uleb128 0x3
 319 004e 0E       		.uleb128 0xe
 320 004f 3A       		.uleb128 0x3a
 321 0050 0B       		.uleb128 0xb
 322 0051 3B       		.uleb128 0x3b
 323 0052 0B       		.uleb128 0xb
 324 0053 49       		.uleb128 0x49
 325 0054 13       		.uleb128 0x13
ARM GAS  C:\Users\cdrow\AppData\Local\Temp\ccNm0arA.s 			page 8


 326 0055 38       		.uleb128 0x38
 327 0056 0B       		.uleb128 0xb
 328 0057 00       		.byte	0
 329 0058 00       		.byte	0
 330 0059 08       		.uleb128 0x8
 331 005a 16       		.uleb128 0x16
 332 005b 00       		.byte	0
 333 005c 03       		.uleb128 0x3
 334 005d 0E       		.uleb128 0xe
 335 005e 3A       		.uleb128 0x3a
 336 005f 0B       		.uleb128 0xb
 337 0060 3B       		.uleb128 0x3b
 338 0061 0B       		.uleb128 0xb
 339 0062 49       		.uleb128 0x49
 340 0063 13       		.uleb128 0x13
 341 0064 00       		.byte	0
 342 0065 00       		.byte	0
 343 0066 09       		.uleb128 0x9
 344 0067 2E       		.uleb128 0x2e
 345 0068 00       		.byte	0
 346 0069 3F       		.uleb128 0x3f
 347 006a 19       		.uleb128 0x19
 348 006b 03       		.uleb128 0x3
 349 006c 0E       		.uleb128 0xe
 350 006d 3A       		.uleb128 0x3a
 351 006e 0B       		.uleb128 0xb
 352 006f 3B       		.uleb128 0x3b
 353 0070 0B       		.uleb128 0xb
 354 0071 27       		.uleb128 0x27
 355 0072 19       		.uleb128 0x19
 356 0073 11       		.uleb128 0x11
 357 0074 01       		.uleb128 0x1
 358 0075 12       		.uleb128 0x12
 359 0076 06       		.uleb128 0x6
 360 0077 40       		.uleb128 0x40
 361 0078 18       		.uleb128 0x18
 362 0079 9742     		.uleb128 0x2117
 363 007b 19       		.uleb128 0x19
 364 007c 00       		.byte	0
 365 007d 00       		.byte	0
 366 007e 0A       		.uleb128 0xa
 367 007f 34       		.uleb128 0x34
 368 0080 00       		.byte	0
 369 0081 03       		.uleb128 0x3
 370 0082 0E       		.uleb128 0xe
 371 0083 3A       		.uleb128 0x3a
 372 0084 0B       		.uleb128 0xb
 373 0085 3B       		.uleb128 0x3b
 374 0086 0B       		.uleb128 0xb
 375 0087 49       		.uleb128 0x49
 376 0088 13       		.uleb128 0x13
 377 0089 02       		.uleb128 0x2
 378 008a 18       		.uleb128 0x18
 379 008b 00       		.byte	0
 380 008c 00       		.byte	0
 381 008d 00       		.byte	0
 382              		.section	.debug_aranges,"",%progbits
ARM GAS  C:\Users\cdrow\AppData\Local\Temp\ccNm0arA.s 			page 9


 383 0000 24000000 		.4byte	0x24
 384 0004 0200     		.2byte	0x2
 385 0006 00000000 		.4byte	.Ldebug_info0
 386 000a 04       		.byte	0x4
 387 000b 00       		.byte	0
 388 000c 0000     		.2byte	0
 389 000e 0000     		.2byte	0
 390 0010 00000000 		.4byte	.LFB0
 391 0014 30000000 		.4byte	.LFE0-.LFB0
 392 0018 00000000 		.4byte	.LFB1
 393 001c 1C000000 		.4byte	.LFE1-.LFB1
 394 0020 00000000 		.4byte	0
 395 0024 00000000 		.4byte	0
 396              		.section	.debug_ranges,"",%progbits
 397              	.Ldebug_ranges0:
 398 0000 00000000 		.4byte	.LFB0
 399 0004 30000000 		.4byte	.LFE0
 400 0008 00000000 		.4byte	.LFB1
 401 000c 1C000000 		.4byte	.LFE1
 402 0010 00000000 		.4byte	0
 403 0014 00000000 		.4byte	0
 404              		.section	.debug_line,"",%progbits
 405              	.Ldebug_line0:
 406 0000 81000000 		.section	.debug_str,"MS",%progbits,1
 406      02005400 
 406      00000201 
 406      FB0E0D00 
 406      01010101 
 407              	.LASF14:
 408 0000 72656733 		.ascii	"reg32\000"
 408      3200
 409              	.LASF20:
 410 0006 433A5C55 		.ascii	"C:\\Users\\cdrow\\Documents\\GitHub\\Li-CellTesting"
 410      73657273 
 410      5C636472 
 410      6F775C44 
 410      6F63756D 
 411 0034 5F536372 		.ascii	"_Script\\PSOC4_Main\\PSOC4_Main.cydsn\000"
 411      6970745C 
 411      50534F43 
 411      345F4D61 
 411      696E5C50 
 412              	.LASF16:
 413 0058 50567265 		.ascii	"PVref_1_Sleep\000"
 413      665F315F 
 413      536C6565 
 413      7000
 414              	.LASF11:
 415 0066 666C6F61 		.ascii	"float\000"
 415      7400
 416              	.LASF1:
 417 006c 756E7369 		.ascii	"unsigned char\000"
 417      676E6564 
 417      20636861 
 417      7200
 418              	.LASF5:
 419 007a 6C6F6E67 		.ascii	"long unsigned int\000"
ARM GAS  C:\Users\cdrow\AppData\Local\Temp\ccNm0arA.s 			page 10


 419      20756E73 
 419      69676E65 
 419      6420696E 
 419      7400
 420              	.LASF3:
 421 008c 73686F72 		.ascii	"short unsigned int\000"
 421      7420756E 
 421      7369676E 
 421      65642069 
 421      6E7400
 422              	.LASF19:
 423 009f 47656E65 		.ascii	"Generated_Source\\PSoC4\\PVref_1_PM.c\000"
 423      72617465 
 423      645F536F 
 423      75726365 
 423      5C50536F 
 424              	.LASF12:
 425 00c3 646F7562 		.ascii	"double\000"
 425      6C6500
 426              	.LASF10:
 427 00ca 75696E74 		.ascii	"uint32\000"
 427      333200
 428              	.LASF8:
 429 00d1 756E7369 		.ascii	"unsigned int\000"
 429      676E6564 
 429      20696E74 
 429      00
 430              	.LASF7:
 431 00de 6C6F6E67 		.ascii	"long long unsigned int\000"
 431      206C6F6E 
 431      6720756E 
 431      7369676E 
 431      65642069 
 432              	.LASF22:
 433 00f5 50567265 		.ascii	"PVref_1_backup\000"
 433      665F315F 
 433      6261636B 
 433      757000
 434              	.LASF15:
 435 0104 50567265 		.ascii	"PVref_1_backup_struct\000"
 435      665F315F 
 435      6261636B 
 435      75705F73 
 435      74727563 
 436              	.LASF6:
 437 011a 6C6F6E67 		.ascii	"long long int\000"
 437      206C6F6E 
 437      6720696E 
 437      7400
 438              	.LASF13:
 439 0128 63686172 		.ascii	"char\000"
 439      00
 440              	.LASF17:
 441 012d 50567265 		.ascii	"PVref_1_Wakeup\000"
 441      665F315F 
 441      57616B65 
 441      757000
ARM GAS  C:\Users\cdrow\AppData\Local\Temp\ccNm0arA.s 			page 11


 442              	.LASF2:
 443 013c 73686F72 		.ascii	"short int\000"
 443      7420696E 
 443      7400
 444              	.LASF9:
 445 0146 75696E74 		.ascii	"uint8\000"
 445      3800
 446              	.LASF4:
 447 014c 6C6F6E67 		.ascii	"long int\000"
 447      20696E74 
 447      00
 448              	.LASF21:
 449 0155 656E6162 		.ascii	"enableState\000"
 449      6C655374 
 449      61746500 
 450              	.LASF18:
 451 0161 474E5520 		.ascii	"GNU C11 5.4.1 20160609 (release) [ARM/embedded-5-br"
 451      43313120 
 451      352E342E 
 451      31203230 
 451      31363036 
 452 0194 616E6368 		.ascii	"anch revision 237715] -mcpu=cortex-m0plus -mthumb -"
 452      20726576 
 452      6973696F 
 452      6E203233 
 452      37373135 
 453 01c7 67202D4F 		.ascii	"g -Og -ffunction-sections -ffat-lto-objects\000"
 453      67202D66 
 453      66756E63 
 453      74696F6E 
 453      2D736563 
 454              	.LASF0:
 455 01f3 7369676E 		.ascii	"signed char\000"
 455      65642063 
 455      68617200 
 456              		.ident	"GCC: (GNU Tools for ARM Embedded Processors) 5.4.1 20160609 (release) [ARM/embedded-5-bran
