--------------- Build Started: 03/07/2021 17:49:15 Project: PSOC4_Main, Configuration: ARM GCC 5.4-2016-q2-update Debug ---------------
cydsfit.exe -.appdatapath "C:\Users\cdrow\AppData\Local\Cypress Semiconductor\PSoC Creator\4.4" -.fdsnotice -.fdswarpdepfile=warp_dependencies.txt -.fdselabdepfile=elab_dependencies.txt -.fdsbldfile=generated_files.txt -.fdsreffile=referenced_files.txt -p "C:\Users\cdrow\Documents\PSoC Creator\PSOC4_Main\PSOC4_Main.cydsn\PSOC4_Main.cyprj" -d CY8C4145LQI-PS433 -s "C:\Users\cdrow\Documents\PSoC Creator\PSOC4_Main\PSOC4_Main.cydsn\Generated_Source\PSoC4" -- -yv2 -q10 -ygs -o2 -v3 -.fftcfgtype=LE
Elaborating Design...
HDL Generation...
Synthesis...
Tech Mapping...
ADD: pft.M0040: information: The following 7 pin(s) will be assigned a location by the fitter: \ADC_1:Bypass(0)\, \I2C_1:scl(0)\, \I2C_1:sda(0)\, \UART_1:rx(0)\, \UART_1:tx(0)\, Pin_1(0), Pin_2(0)
Analog Placement...
Analog Routing...
Analog Code Generation...
Digital Placement...
Digital Routing...
Bitstream Generation...
Bitstream Verification...
Static timing analysis...
API Generation...
Dependency Generation...
Cleanup...
arm-none-eabi-gcc.exe -mcpu=cortex-m0plus -mthumb -I. -IGenerated_Source\PSoC4 -Wa,-alh=.\CortexM0p\ARM_GCC_541\Debug/main.lst -g -D DEBUG -Wall -ffunction-sections -ffat-lto-objects -Og -c main.c -o .\CortexM0p\ARM_GCC_541\Debug\main.o
arm-none-eabi-gcc.exe -mcpu=cortex-m0plus -mthumb -I. -IGenerated_Source\PSoC4 -Wa,-alh=.\CortexM0p\ARM_GCC_541\Debug/cyfitter_cfg.lst -g -D DEBUG -Wall -ffunction-sections -ffat-lto-objects -Og -c Generated_Source\PSoC4\cyfitter_cfg.c -o .\CortexM0p\ARM_GCC_541\Debug\cyfitter_cfg.o
arm-none-eabi-gcc.exe -mcpu=cortex-m0plus -mthumb -I. -IGenerated_Source\PSoC4 -Wa,-alh=.\CortexM0p\ARM_GCC_541\Debug/Clock_1.lst -g -D DEBUG -Wall -ffunction-sections -ffat-lto-objects -Og -c Generated_Source\PSoC4\Clock_1.c -o .\CortexM0p\ARM_GCC_541\Debug\Clock_1.o
arm-none-eabi-gcc.exe -mcpu=cortex-m0plus -mthumb -I. -IGenerated_Source\PSoC4 -Wa,-alh=.\CortexM0p\ARM_GCC_541\Debug/Timer_1.lst -g -D DEBUG -Wall -ffunction-sections -ffat-lto-objects -Og -c Generated_Source\PSoC4\Timer_1.c -o .\CortexM0p\ARM_GCC_541\Debug\Timer_1.o
arm-none-eabi-gcc.exe -mcpu=cortex-m0plus -mthumb -I. -IGenerated_Source\PSoC4 -Wa,-alh=.\CortexM0p\ARM_GCC_541\Debug/Timer_1_PM.lst -g -D DEBUG -Wall -ffunction-sections -ffat-lto-objects -Og -c Generated_Source\PSoC4\Timer_1_PM.c -o .\CortexM0p\ARM_GCC_541\Debug\Timer_1_PM.o
arm-none-eabi-gcc.exe -mcpu=cortex-m0plus -mthumb -I. -IGenerated_Source\PSoC4 -Wa,-alh=.\CortexM0p\ARM_GCC_541\Debug/UART_1.lst -g -D DEBUG -Wall -ffunction-sections -ffat-lto-objects -Og -c Generated_Source\PSoC4\UART_1.c -o .\CortexM0p\ARM_GCC_541\Debug\UART_1.o
arm-none-eabi-gcc.exe -mcpu=cortex-m0plus -mthumb -I. -IGenerated_Source\PSoC4 -Wa,-alh=.\CortexM0p\ARM_GCC_541\Debug/UART_1_SPI_UART.lst -g -D DEBUG -Wall -ffunction-sections -ffat-lto-objects -Og -c Generated_Source\PSoC4\UART_1_SPI_UART.c -o .\CortexM0p\ARM_GCC_541\Debug\UART_1_SPI_UART.o
arm-none-eabi-gcc.exe -mcpu=cortex-m0plus -mthumb -I. -IGenerated_Source\PSoC4 -Wa,-alh=.\CortexM0p\ARM_GCC_541\Debug/UART_1_SPI_UART_INT.lst -g -D DEBUG -Wall -ffunction-sections -ffat-lto-objects -Og -c Generated_Source\PSoC4\UART_1_SPI_UART_INT.c -o .\CortexM0p\ARM_GCC_541\Debug\UART_1_SPI_UART_INT.o
arm-none-eabi-gcc.exe -mcpu=cortex-m0plus -mthumb -I. -IGenerated_Source\PSoC4 -Wa,-alh=.\CortexM0p\ARM_GCC_541\Debug/UART_1_PM.lst -g -D DEBUG -Wall -ffunction-sections -ffat-lto-objects -Og -c Generated_Source\PSoC4\UART_1_PM.c -o .\CortexM0p\ARM_GCC_541\Debug\UART_1_PM.o
arm-none-eabi-gcc.exe -mcpu=cortex-m0plus -mthumb -I. -IGenerated_Source\PSoC4 -Wa,-alh=.\CortexM0p\ARM_GCC_541\Debug/UART_1_UART.lst -g -D DEBUG -Wall -ffunction-sections -ffat-lto-objects -Og -c Generated_Source\PSoC4\UART_1_UART.c -o .\CortexM0p\ARM_GCC_541\Debug\UART_1_UART.o
arm-none-eabi-gcc.exe -mcpu=cortex-m0plus -mthumb -I. -IGenerated_Source\PSoC4 -Wa,-alh=.\CortexM0p\ARM_GCC_541\Debug/UART_1_BOOT.lst -g -D DEBUG -Wall -ffunction-sections -ffat-lto-objects -Og -c Generated_Source\PSoC4\UART_1_BOOT.c -o .\CortexM0p\ARM_GCC_541\Debug\UART_1_BOOT.o
arm-none-eabi-gcc.exe -mcpu=cortex-m0plus -mthumb -I. -IGenerated_Source\PSoC4 -Wa,-alh=.\CortexM0p\ARM_GCC_541\Debug/UART_1_UART_BOOT.lst -g -D DEBUG -Wall -ffunction-sections -ffat-lto-objects -Og -c Generated_Source\PSoC4\UART_1_UART_BOOT.c -o .\CortexM0p\ARM_GCC_541\Debug\UART_1_UART_BOOT.o
arm-none-eabi-gcc.exe -mcpu=cortex-m0plus -mthumb -I. -IGenerated_Source\PSoC4 -Wa,-alh=.\CortexM0p\ARM_GCC_541\Debug/I2C_1.lst -g -D DEBUG -Wall -ffunction-sections -ffat-lto-objects -Og -c Generated_Source\PSoC4\I2C_1.c -o .\CortexM0p\ARM_GCC_541\Debug\I2C_1.o
arm-none-eabi-gcc.exe -mcpu=cortex-m0plus -mthumb -I. -IGenerated_Source\PSoC4 -Wa,-alh=.\CortexM0p\ARM_GCC_541\Debug/I2C_1_I2C_INT.lst -g -D DEBUG -Wall -ffunction-sections -ffat-lto-objects -Og -c Generated_Source\PSoC4\I2C_1_I2C_INT.c -o .\CortexM0p\ARM_GCC_541\Debug\I2C_1_I2C_INT.o
arm-none-eabi-gcc.exe -mcpu=cortex-m0plus -mthumb -I. -IGenerated_Source\PSoC4 -Wa,-alh=.\CortexM0p\ARM_GCC_541\Debug/I2C_1_I2C.lst -g -D DEBUG -Wall -ffunction-sections -ffat-lto-objects -Og -c Generated_Source\PSoC4\I2C_1_I2C.c -o .\CortexM0p\ARM_GCC_541\Debug\I2C_1_I2C.o
arm-none-eabi-gcc.exe -mcpu=cortex-m0plus -mthumb -I. -IGenerated_Source\PSoC4 -Wa,-alh=.\CortexM0p\ARM_GCC_541\Debug/I2C_1_I2C_BOOT.lst -g -D DEBUG -Wall -ffunction-sections -ffat-lto-objects -Og -c Generated_Source\PSoC4\I2C_1_I2C_BOOT.c -o .\CortexM0p\ARM_GCC_541\Debug\I2C_1_I2C_BOOT.o
arm-none-eabi-gcc.exe -mcpu=cortex-m0plus -mthumb -I. -IGenerated_Source\PSoC4 -Wa,-alh=.\CortexM0p\ARM_GCC_541\Debug/I2C_1_I2C_MASTER.lst -g -D DEBUG -Wall -ffunction-sections -ffat-lto-objects -Og -c Generated_Source\PSoC4\I2C_1_I2C_MASTER.c -o .\CortexM0p\ARM_GCC_541\Debug\I2C_1_I2C_MASTER.o
arm-none-eabi-gcc.exe -mcpu=cortex-m0plus -mthumb -I. -IGenerated_Source\PSoC4 -Wa,-alh=.\CortexM0p\ARM_GCC_541\Debug/I2C_1_PM.lst -g -D DEBUG -Wall -ffunction-sections -ffat-lto-objects -Og -c Generated_Source\PSoC4\I2C_1_PM.c -o .\CortexM0p\ARM_GCC_541\Debug\I2C_1_PM.o
arm-none-eabi-gcc.exe -mcpu=cortex-m0plus -mthumb -I. -IGenerated_Source\PSoC4 -Wa,-alh=.\CortexM0p\ARM_GCC_541\Debug/I2C_1_BOOT.lst -g -D DEBUG -Wall -ffunction-sections -ffat-lto-objects -Og -c Generated_Source\PSoC4\I2C_1_BOOT.c -o .\CortexM0p\ARM_GCC_541\Debug\I2C_1_BOOT.o
arm-none-eabi-gcc.exe -mcpu=cortex-m0plus -mthumb -I. -IGenerated_Source\PSoC4 -Wa,-alh=.\CortexM0p\ARM_GCC_541\Debug/ADC_1.lst -g -D DEBUG -Wall -ffunction-sections -ffat-lto-objects -Og -c Generated_Source\PSoC4\ADC_1.c -o .\CortexM0p\ARM_GCC_541\Debug\ADC_1.o
arm-none-eabi-gcc.exe -mcpu=cortex-m0plus -mthumb -I. -IGenerated_Source\PSoC4 -Wa,-alh=.\CortexM0p\ARM_GCC_541\Debug/ADC_1_INIT.lst -g -D DEBUG -Wall -ffunction-sections -ffat-lto-objects -Og -c Generated_Source\PSoC4\ADC_1_INIT.c -o .\CortexM0p\ARM_GCC_541\Debug\ADC_1_INIT.o
arm-none-eabi-gcc.exe -mcpu=cortex-m0plus -mthumb -I. -IGenerated_Source\PSoC4 -Wa,-alh=.\CortexM0p\ARM_GCC_541\Debug/ADC_1_INT.lst -g -D DEBUG -Wall -ffunction-sections -ffat-lto-objects -Og -c Generated_Source\PSoC4\ADC_1_INT.c -o .\CortexM0p\ARM_GCC_541\Debug\ADC_1_INT.o
arm-none-eabi-gcc.exe -mcpu=cortex-m0plus -mthumb -I. -IGenerated_Source\PSoC4 -Wa,-alh=.\CortexM0p\ARM_GCC_541\Debug/ADC_1_PM.lst -g -D DEBUG -Wall -ffunction-sections -ffat-lto-objects -Og -c Generated_Source\PSoC4\ADC_1_PM.c -o .\CortexM0p\ARM_GCC_541\Debug\ADC_1_PM.o
arm-none-eabi-gcc.exe -mcpu=cortex-m0plus -mthumb -I. -IGenerated_Source\PSoC4 -Wa,-alh=.\CortexM0p\ARM_GCC_541\Debug/PGA_1.lst -g -D DEBUG -Wall -ffunction-sections -ffat-lto-objects -Og -c Generated_Source\PSoC4\PGA_1.c -o .\CortexM0p\ARM_GCC_541\Debug\PGA_1.o
arm-none-eabi-gcc.exe -mcpu=cortex-m0plus -mthumb -I. -IGenerated_Source\PSoC4 -Wa,-alh=.\CortexM0p\ARM_GCC_541\Debug/PGA_1_PM.lst -g -D DEBUG -Wall -ffunction-sections -ffat-lto-objects -Og -c Generated_Source\PSoC4\PGA_1_PM.c -o .\CortexM0p\ARM_GCC_541\Debug\PGA_1_PM.o
arm-none-eabi-gcc.exe -mcpu=cortex-m0plus -mthumb -I. -IGenerated_Source\PSoC4 -Wa,-alh=.\CortexM0p\ARM_GCC_541\Debug/Pin_1.lst -g -D DEBUG -Wall -ffunction-sections -ffat-lto-objects -Og -c Generated_Source\PSoC4\Pin_1.c -o .\CortexM0p\ARM_GCC_541\Debug\Pin_1.o
arm-none-eabi-gcc.exe -mcpu=cortex-m0plus -mthumb -I. -IGenerated_Source\PSoC4 -Wa,-alh=.\CortexM0p\ARM_GCC_541\Debug/Pin_1_PM.lst -g -D DEBUG -Wall -ffunction-sections -ffat-lto-objects -Og -c Generated_Source\PSoC4\Pin_1_PM.c -o .\CortexM0p\ARM_GCC_541\Debug\Pin_1_PM.o
arm-none-eabi-gcc.exe -mcpu=cortex-m0plus -mthumb -I. -IGenerated_Source\PSoC4 -Wa,-alh=.\CortexM0p\ARM_GCC_541\Debug/Pin_2.lst -g -D DEBUG -Wall -ffunction-sections -ffat-lto-objects -Og -c Generated_Source\PSoC4\Pin_2.c -o .\CortexM0p\ARM_GCC_541\Debug\Pin_2.o
arm-none-eabi-gcc.exe -mcpu=cortex-m0plus -mthumb -I. -IGenerated_Source\PSoC4 -Wa,-alh=.\CortexM0p\ARM_GCC_541\Debug/Pin_2_PM.lst -g -D DEBUG -Wall -ffunction-sections -ffat-lto-objects -Og -c Generated_Source\PSoC4\Pin_2_PM.c -o .\CortexM0p\ARM_GCC_541\Debug\Pin_2_PM.o
arm-none-eabi-gcc.exe -mcpu=cortex-m0plus -mthumb -I. -IGenerated_Source\PSoC4 -Wa,-alh=.\CortexM0p\ARM_GCC_541\Debug/Opamp_1.lst -g -D DEBUG -Wall -ffunction-sections -ffat-lto-objects -Og -c Generated_Source\PSoC4\Opamp_1.c -o .\CortexM0p\ARM_GCC_541\Debug\Opamp_1.o
arm-none-eabi-gcc.exe -mcpu=cortex-m0plus -mthumb -I. -IGenerated_Source\PSoC4 -Wa,-alh=.\CortexM0p\ARM_GCC_541\Debug/Opamp_1_PM.lst -g -D DEBUG -Wall -ffunction-sections -ffat-lto-objects -Og -c Generated_Source\PSoC4\Opamp_1_PM.c -o .\CortexM0p\ARM_GCC_541\Debug\Opamp_1_PM.o
arm-none-eabi-gcc.exe -mcpu=cortex-m0plus -mthumb -I. -IGenerated_Source\PSoC4 -Wa,-alh=.\CortexM0p\ARM_GCC_541\Debug/AMux_1.lst -g -D DEBUG -Wall -ffunction-sections -ffat-lto-objects -Og -c Generated_Source\PSoC4\AMux_1.c -o .\CortexM0p\ARM_GCC_541\Debug\AMux_1.o
arm-none-eabi-gcc.exe -mcpu=cortex-m0plus -mthumb -I. -IGenerated_Source\PSoC4 -Wa,-alh=.\CortexM0p\ARM_GCC_541\Debug/UART_1_SCBCLK.lst -g -D DEBUG -Wall -ffunction-sections -ffat-lto-objects -Og -c Generated_Source\PSoC4\UART_1_SCBCLK.c -o .\CortexM0p\ARM_GCC_541\Debug\UART_1_SCBCLK.o
arm-none-eabi-gcc.exe -mcpu=cortex-m0plus -mthumb -I. -IGenerated_Source\PSoC4 -Wa,-alh=.\CortexM0p\ARM_GCC_541\Debug/UART_1_tx.lst -g -D DEBUG -Wall -ffunction-sections -ffat-lto-objects -Og -c Generated_Source\PSoC4\UART_1_tx.c -o .\CortexM0p\ARM_GCC_541\Debug\UART_1_tx.o
arm-none-eabi-gcc.exe -mcpu=cortex-m0plus -mthumb -I. -IGenerated_Source\PSoC4 -Wa,-alh=.\CortexM0p\ARM_GCC_541\Debug/UART_1_tx_PM.lst -g -D DEBUG -Wall -ffunction-sections -ffat-lto-objects -Og -c Generated_Source\PSoC4\UART_1_tx_PM.c -o .\CortexM0p\ARM_GCC_541\Debug\UART_1_tx_PM.o
arm-none-eabi-gcc.exe -mcpu=cortex-m0plus -mthumb -I. -IGenerated_Source\PSoC4 -Wa,-alh=.\CortexM0p\ARM_GCC_541\Debug/UART_1_rx.lst -g -D DEBUG -Wall -ffunction-sections -ffat-lto-objects -Og -c Generated_Source\PSoC4\UART_1_rx.c -o .\CortexM0p\ARM_GCC_541\Debug\UART_1_rx.o
arm-none-eabi-gcc.exe -mcpu=cortex-m0plus -mthumb -I. -IGenerated_Source\PSoC4 -Wa,-alh=.\CortexM0p\ARM_GCC_541\Debug/UART_1_rx_PM.lst -g -D DEBUG -Wall -ffunction-sections -ffat-lto-objects -Og -c Generated_Source\PSoC4\UART_1_rx_PM.c -o .\CortexM0p\ARM_GCC_541\Debug\UART_1_rx_PM.o
arm-none-eabi-gcc.exe -mcpu=cortex-m0plus -mthumb -I. -IGenerated_Source\PSoC4 -Wa,-alh=.\CortexM0p\ARM_GCC_541\Debug/I2C_1_SCBCLK.lst -g -D DEBUG -Wall -ffunction-sections -ffat-lto-objects -Og -c Generated_Source\PSoC4\I2C_1_SCBCLK.c -o .\CortexM0p\ARM_GCC_541\Debug\I2C_1_SCBCLK.o
arm-none-eabi-gcc.exe -mcpu=cortex-m0plus -mthumb -I. -IGenerated_Source\PSoC4 -Wa,-alh=.\CortexM0p\ARM_GCC_541\Debug/I2C_1_sda.lst -g -D DEBUG -Wall -ffunction-sections -ffat-lto-objects -Og -c Generated_Source\PSoC4\I2C_1_sda.c -o .\CortexM0p\ARM_GCC_541\Debug\I2C_1_sda.o
arm-none-eabi-gcc.exe -mcpu=cortex-m0plus -mthumb -I. -IGenerated_Source\PSoC4 -Wa,-alh=.\CortexM0p\ARM_GCC_541\Debug/I2C_1_sda_PM.lst -g -D DEBUG -Wall -ffunction-sections -ffat-lto-objects -Og -c Generated_Source\PSoC4\I2C_1_sda_PM.c -o .\CortexM0p\ARM_GCC_541\Debug\I2C_1_sda_PM.o
arm-none-eabi-gcc.exe -mcpu=cortex-m0plus -mthumb -I. -IGenerated_Source\PSoC4 -Wa,-alh=.\CortexM0p\ARM_GCC_541\Debug/I2C_1_scl.lst -g -D DEBUG -Wall -ffunction-sections -ffat-lto-objects -Og -c Generated_Source\PSoC4\I2C_1_scl.c -o .\CortexM0p\ARM_GCC_541\Debug\I2C_1_scl.o
arm-none-eabi-gcc.exe -mcpu=cortex-m0plus -mthumb -I. -IGenerated_Source\PSoC4 -Wa,-alh=.\CortexM0p\ARM_GCC_541\Debug/I2C_1_scl_PM.lst -g -D DEBUG -Wall -ffunction-sections -ffat-lto-objects -Og -c Generated_Source\PSoC4\I2C_1_scl_PM.c -o .\CortexM0p\ARM_GCC_541\Debug\I2C_1_scl_PM.o
arm-none-eabi-gcc.exe -mcpu=cortex-m0plus -mthumb -I. -IGenerated_Source\PSoC4 -Wa,-alh=.\CortexM0p\ARM_GCC_541\Debug/I2C_1_SCB_IRQ.lst -g -D DEBUG -Wall -ffunction-sections -ffat-lto-objects -Og -c Generated_Source\PSoC4\I2C_1_SCB_IRQ.c -o .\CortexM0p\ARM_GCC_541\Debug\I2C_1_SCB_IRQ.o
arm-none-eabi-gcc.exe -mcpu=cortex-m0plus -mthumb -I. -IGenerated_Source\PSoC4 -Wa,-alh=.\CortexM0p\ARM_GCC_541\Debug/ADC_1_intSarClock.lst -g -D DEBUG -Wall -ffunction-sections -ffat-lto-objects -Og -c Generated_Source\PSoC4\ADC_1_intSarClock.c -o .\CortexM0p\ARM_GCC_541\Debug\ADC_1_intSarClock.o
arm-none-eabi-gcc.exe -mcpu=cortex-m0plus -mthumb -I. -IGenerated_Source\PSoC4 -Wa,-alh=.\CortexM0p\ARM_GCC_541\Debug/ADC_1_IRQ.lst -g -D DEBUG -Wall -ffunction-sections -ffat-lto-objects -Og -c Generated_Source\PSoC4\ADC_1_IRQ.c -o .\CortexM0p\ARM_GCC_541\Debug\ADC_1_IRQ.o
arm-none-eabi-gcc.exe -mcpu=cortex-m0plus -mthumb -I. -IGenerated_Source\PSoC4 -Wa,-alh=.\CortexM0p\ARM_GCC_541\Debug/ADC_1_intUabClock.lst -g -D DEBUG -Wall -ffunction-sections -ffat-lto-objects -Og -c Generated_Source\PSoC4\ADC_1_intUabClock.c -o .\CortexM0p\ARM_GCC_541\Debug\ADC_1_intUabClock.o
arm-none-eabi-gcc.exe -mcpu=cortex-m0plus -mthumb -I. -IGenerated_Source\PSoC4 -Wa,-alh=.\CortexM0p\ARM_GCC_541\Debug/Cm0plusStart.lst -g -D DEBUG -Wall -ffunction-sections -ffat-lto-objects -Og -c Generated_Source\PSoC4\Cm0plusStart.c -o .\CortexM0p\ARM_GCC_541\Debug\Cm0plusStart.o
arm-none-eabi-gcc.exe -mcpu=cortex-m0plus -mthumb -I. -IGenerated_Source\PSoC4 -Wa,-alh=.\CortexM0p\ARM_GCC_541\Debug/CyFlash.lst -g -D DEBUG -Wall -ffunction-sections -ffat-lto-objects -Og -c Generated_Source\PSoC4\CyFlash.c -o .\CortexM0p\ARM_GCC_541\Debug\CyFlash.o
arm-none-eabi-gcc.exe -mcpu=cortex-m0plus -mthumb -I. -IGenerated_Source\PSoC4 -Wa,-alh=.\CortexM0p\ARM_GCC_541\Debug/CyLib.lst -g -D DEBUG -Wall -ffunction-sections -ffat-lto-objects -Og -c Generated_Source\PSoC4\CyLib.c -o .\CortexM0p\ARM_GCC_541\Debug\CyLib.o
arm-none-eabi-gcc.exe -mcpu=cortex-m0plus -mthumb -I. -IGenerated_Source\PSoC4 -Wa,-alh=.\CortexM0p\ARM_GCC_541\Debug/cyPm.lst -g -D DEBUG -Wall -ffunction-sections -ffat-lto-objects -Og -c Generated_Source\PSoC4\cyPm.c -o .\CortexM0p\ARM_GCC_541\Debug\cyPm.o
arm-none-eabi-gcc.exe -mcpu=cortex-m0plus -mthumb -I. -IGenerated_Source\PSoC4 -Wa,-alh=.\CortexM0p\ARM_GCC_541\Debug/cyutils.lst -g -D DEBUG -Wall -ffunction-sections -ffat-lto-objects -Og -c Generated_Source\PSoC4\cyutils.c -o .\CortexM0p\ARM_GCC_541\Debug\cyutils.o
arm-none-eabi-gcc.exe -mcpu=cortex-m0plus -mthumb -I. -IGenerated_Source\PSoC4 -Wa,-alh=.\CortexM0p\ARM_GCC_541\Debug/CyDMA.lst -g -D DEBUG -Wall -ffunction-sections -ffat-lto-objects -Og -c Generated_Source\PSoC4\CyDMA.c -o .\CortexM0p\ARM_GCC_541\Debug\CyDMA.o
arm-none-eabi-gcc.exe -mcpu=cortex-m0plus -mthumb -I. -IGenerated_Source\PSoC4 -Wa,-alh=.\CortexM0p\ARM_GCC_541\Debug/CyLFClk.lst -g -D DEBUG -Wall -ffunction-sections -ffat-lto-objects -Og -c Generated_Source\PSoC4\CyLFClk.c -o .\CortexM0p\ARM_GCC_541\Debug\CyLFClk.o
arm-none-eabi-gcc.exe -mcpu=cortex-m0plus -mthumb -I. -IGenerated_Source\PSoC4 -Wa,-alh=.\CortexM0p\ARM_GCC_541\Debug/cy_em_eeprom.lst -g -D DEBUG -Wall -ffunction-sections -ffat-lto-objects -Og -c Generated_Source\PSoC4\cy_em_eeprom.c -o .\CortexM0p\ARM_GCC_541\Debug\cy_em_eeprom.o
arm-none-eabi-gcc.exe -mcpu=cortex-m0plus -mthumb -I. -IGenerated_Source\PSoC4 -Wa,-alh=.\CortexM0p\ARM_GCC_541\Debug/RELAY.lst -g -D DEBUG -Wall -ffunction-sections -ffat-lto-objects -Og -c Generated_Source\PSoC4\RELAY.c -o .\CortexM0p\ARM_GCC_541\Debug\RELAY.o
arm-none-eabi-gcc.exe -mcpu=cortex-m0plus -mthumb -I. -IGenerated_Source\PSoC4 -Wa,-alh=.\CortexM0p\ARM_GCC_541\Debug/RELAY_PM.lst -g -D DEBUG -Wall -ffunction-sections -ffat-lto-objects -Og -c Generated_Source\PSoC4\RELAY_PM.c -o .\CortexM0p\ARM_GCC_541\Debug\RELAY_PM.o
arm-none-eabi-gcc.exe -mcpu=cortex-m0plus -mthumb -I. -IGenerated_Source\PSoC4 -Wa,-alh=.\CortexM0p\ARM_GCC_541\Debug/RED_LED.lst -g -D DEBUG -Wall -ffunction-sections -ffat-lto-objects -Og -c Generated_Source\PSoC4\RED_LED.c -o .\CortexM0p\ARM_GCC_541\Debug\RED_LED.o
arm-none-eabi-gcc.exe -mcpu=cortex-m0plus -mthumb -I. -IGenerated_Source\PSoC4 -Wa,-alh=.\CortexM0p\ARM_GCC_541\Debug/RED_LED_PM.lst -g -D DEBUG -Wall -ffunction-sections -ffat-lto-objects -Og -c Generated_Source\PSoC4\RED_LED_PM.c -o .\CortexM0p\ARM_GCC_541\Debug\RED_LED_PM.o
arm-none-eabi-as.exe -mcpu=cortex-m0plus -mthumb -I. -IGenerated_Source\PSoC4 -alh=.\CortexM0p\ARM_GCC_541\Debug/CyBootAsmGnu.lst -g -W -o .\CortexM0p\ARM_GCC_541\Debug\CyBootAsmGnu.o Generated_Source\PSoC4\CyBootAsmGnu.s
arm-none-eabi-ar.exe -rs .\CortexM0p\ARM_GCC_541\Debug\PSOC4_Main.a .\CortexM0p\ARM_GCC_541\Debug\Clock_1.o .\CortexM0p\ARM_GCC_541\Debug\Timer_1.o .\CortexM0p\ARM_GCC_541\Debug\Timer_1_PM.o .\CortexM0p\ARM_GCC_541\Debug\UART_1.o .\CortexM0p\ARM_GCC_541\Debug\UART_1_SPI_UART.o .\CortexM0p\ARM_GCC_541\Debug\UART_1_SPI_UART_INT.o .\CortexM0p\ARM_GCC_541\Debug\UART_1_PM.o .\CortexM0p\ARM_GCC_541\Debug\UART_1_UART.o .\CortexM0p\ARM_GCC_541\Debug\UART_1_BOOT.o .\CortexM0p\ARM_GCC_541\Debug\UART_1_UART_BOOT.o .\CortexM0p\ARM_GCC_541\Debug\I2C_1.o .\CortexM0p\ARM_GCC_541\Debug\I2C_1_I2C_INT.o .\CortexM0p\ARM_GCC_541\Debug\I2C_1_I2C.o .\CortexM0p\ARM_GCC_541\Debug\I2C_1_I2C_BOOT.o .\CortexM0p\ARM_GCC_541\Debug\I2C_1_I2C_MASTER.o .\CortexM0p\ARM_GCC_541\Debug\I2C_1_PM.o .\CortexM0p\ARM_GCC_541\Debug\I2C_1_BOOT.o .\CortexM0p\ARM_GCC_541\Debug\ADC_1.o .\CortexM0p\ARM_GCC_541\Debug\ADC_1_INIT.o .\CortexM0p\ARM_GCC_541\Debug\ADC_1_INT.o .\CortexM0p\ARM_GCC_541\Debug\ADC_1_PM.o .\CortexM0p\ARM_GCC_541\Debug\PGA_1.o .\CortexM0p\ARM_GCC_541\Debug\PGA_1_PM.o .\CortexM0p\ARM_GCC_541\Debug\Pin_1.o .\CortexM0p\ARM_GCC_541\Debug\Pin_1_PM.o .\CortexM0p\ARM_GCC_541\Debug\Pin_2.o .\CortexM0p\ARM_GCC_541\Debug\Pin_2_PM.o .\CortexM0p\ARM_GCC_541\Debug\Opamp_1.o .\CortexM0p\ARM_GCC_541\Debug\Opamp_1_PM.o .\CortexM0p\ARM_GCC_541\Debug\AMux_1.o .\CortexM0p\ARM_GCC_541\Debug\UART_1_SCBCLK.o .\CortexM0p\ARM_GCC_541\Debug\UART_1_tx.o .\CortexM0p\ARM_GCC_541\Debug\UART_1_tx_PM.o .\CortexM0p\ARM_GCC_541\Debug\UART_1_rx.o .\CortexM0p\ARM_GCC_541\Debug\UART_1_rx_PM.o .\CortexM0p\ARM_GCC_541\Debug\I2C_1_SCBCLK.o .\CortexM0p\ARM_GCC_541\Debug\I2C_1_sda.o .\CortexM0p\ARM_GCC_541\Debug\I2C_1_sda_PM.o .\CortexM0p\ARM_GCC_541\Debug\I2C_1_scl.o .\CortexM0p\ARM_GCC_541\Debug\I2C_1_scl_PM.o .\CortexM0p\ARM_GCC_541\Debug\I2C_1_SCB_IRQ.o .\CortexM0p\ARM_GCC_541\Debug\ADC_1_intSarClock.o .\CortexM0p\ARM_GCC_541\Debug\ADC_1_IRQ.o .\CortexM0p\ARM_GCC_541\Debug\ADC_1_intUabClock.o .\CortexM0p\ARM_GCC_541\Debug\CyFlash.o .\CortexM0p\ARM_GCC_541\Debug\CyLib.o .\CortexM0p\ARM_GCC_541\Debug\cyPm.o .\CortexM0p\ARM_GCC_541\Debug\cyutils.o .\CortexM0p\ARM_GCC_541\Debug\CyDMA.o .\CortexM0p\ARM_GCC_541\Debug\CyLFClk.o .\CortexM0p\ARM_GCC_541\Debug\cy_em_eeprom.o .\CortexM0p\ARM_GCC_541\Debug\RELAY.o .\CortexM0p\ARM_GCC_541\Debug\RELAY_PM.o .\CortexM0p\ARM_GCC_541\Debug\RED_LED.o .\CortexM0p\ARM_GCC_541\Debug\RED_LED_PM.o .\CortexM0p\ARM_GCC_541\Debug\CyBootAsmGnu.o
arm-none-eabi-ar.exe: creating .\CortexM0p\ARM_GCC_541\Debug\PSOC4_Main.a
arm-none-eabi-gcc.exe -Wl,--start-group -o "C:\Users\cdrow\Documents\PSoC Creator\PSOC4_Main\PSOC4_Main.cydsn\CortexM0p\ARM_GCC_541\Debug\PSOC4_Main.elf" .\CortexM0p\ARM_GCC_541\Debug\main.o .\CortexM0p\ARM_GCC_541\Debug\cyfitter_cfg.o .\CortexM0p\ARM_GCC_541\Debug\cymetadata.o .\CortexM0p\ARM_GCC_541\Debug\Cm0plusStart.o .\CortexM0p\ARM_GCC_541\Debug\PSOC4_Main.a -mcpu=cortex-m0plus -mthumb -L Generated_Source\PSoC4 -Wl,-Map,.\CortexM0p\ARM_GCC_541\Debug/PSOC4_Main.map -T Generated_Source\PSoC4\cm0plusgcc.ld -specs=nano.specs -Wl,--gc-sections -g -ffunction-sections -Og -ffat-lto-objects -Wl,--end-group
cyelftool.exe -C "C:\Users\cdrow\Documents\PSoC Creator\PSOC4_Main\PSOC4_Main.cydsn\CortexM0p\ARM_GCC_541\Debug\PSOC4_Main.elf" --flash_row_size 128 --flash_size 32768 --flash_offset 0x00000000
No ELF section .cychecksum found, creating one
Application checksum calculated and stored in ELF section .cychecksum
Checksum calculated and stored in ELF section .cymeta
cyelftool.exe -S "C:\Users\cdrow\Documents\PSoC Creator\PSOC4_Main\PSOC4_Main.cydsn\CortexM0p\ARM_GCC_541\Debug\PSOC4_Main.elf"
Flash used: 5878 of 32768 bytes (17.9%).
SRAM used: 2564 of 4096 bytes (62.6%). Stack: 2048 bytes. Heap: 128 bytes.
--------------- Build Succeeded: 03/07/2021 17:49:36 ---------------
