Loading plugins phase: Elapsed time ==> 0s.446ms
<CYPRESSTAG name="CyDsfit arguments...">
cydsfit arguments: -.fdsnotice -.fdswarpdepfile=warp_dependencies.txt -.fdselabdepfile=elab_dependencies.txt -.fdsbldfile=generated_files.txt -.fdsreffile=referenced_files.txt -p C:\Users\cdrow\Downloads\TJ Temperature Spatial Profile Revised.cydsn\TJ Temperature Spatial Profile.cydsn\TJ Temperature Spatial Profile.cyprj -d CY8C4145LQI-PS433 -s C:\Users\cdrow\Downloads\TJ Temperature Spatial Profile Revised.cydsn\TJ Temperature Spatial Profile.cydsn\Generated_Source\PSoC4 -- -yv2 -q10 -ygs -o2 -v3 -.fftcfgtype=LE
</CYPRESSTAG>
<CYPRESSTAG name="Design elaboration results...">
</CYPRESSTAG>
Elaboration phase: Elapsed time ==> 8s.174ms
<CYPRESSTAG name="HDL generation results...">
</CYPRESSTAG>
HDL generation phase: Elapsed time ==> 0s.462ms
<CYPRESSTAG name="Synthesis results...">

     | | | | | | |
   _________________
  -|               |-
  -|               |-
  -|               |-
  -|    CYPRESS    |-
  -|               |-
  -|               |-   Warp Verilog Synthesis Compiler: Version 6.3 IR 41
  -|               |-   Copyright (C) 1991-2001 Cypress Semiconductor
   |_______________|
     | | | | | | |

======================================================================
Compiling:  TJ Temperature Spatial Profile.v
Program  :   C:\Program Files (x86)\Cypress\PSoC Creator\4.4\PSoC Creator\warp\bin\warp.exe
Options  :    -yv2 -q10 -ygs -o2 -v3 -.fftcfgtype=LE -ya -.fftprj=C:\Users\cdrow\Downloads\TJ Temperature Spatial Profile Revised.cydsn\TJ Temperature Spatial Profile.cydsn\TJ Temperature Spatial Profile.cyprj -dcpsoc3 TJ Temperature Spatial Profile.v -verilog
======================================================================

======================================================================
Compiling:  TJ Temperature Spatial Profile.v
Program  :   C:\Program Files (x86)\Cypress\PSoC Creator\4.4\PSoC Creator\warp\bin\warp.exe
Options  :    -yv2 -q10 -ygs -o2 -v3 -.fftcfgtype=LE -ya -.fftprj=C:\Users\cdrow\Downloads\TJ Temperature Spatial Profile Revised.cydsn\TJ Temperature Spatial Profile.cydsn\TJ Temperature Spatial Profile.cyprj -dcpsoc3 TJ Temperature Spatial Profile.v -verilog
======================================================================

======================================================================
Compiling:  TJ Temperature Spatial Profile.v
Program  :   vlogfe
Options  :    -yv2 -q10 -ygs -o2 -v3 -.fftcfgtype=LE -ya -.fftprj=C:\Users\cdrow\Downloads\TJ Temperature Spatial Profile Revised.cydsn\TJ Temperature Spatial Profile.cydsn\TJ Temperature Spatial Profile.cyprj -dcpsoc3 -verilog TJ Temperature Spatial Profile.v
======================================================================

vlogfe V6.3 IR 41:  Verilog parser
Sun Mar 07 15:11:11 2021


======================================================================
Compiling:  TJ Temperature Spatial Profile.v
Program  :   vpp
Options  :    -yv2 -q10 TJ Temperature Spatial Profile.v
======================================================================

vpp V6.3 IR 41:  Verilog Pre-Processor
Sun Mar 07 15:11:11 2021

Flattening file 'C:\Program Files (x86)\Cypress\PSoC Creator\4.4\PSoC Creator\psoc\content\CyPrimitives\cyprimitives.cylib\cy_analog_virtualmux_v1_0\cy_analog_virtualmux_v1_0.v'
Flattening file 'C:\Program Files (x86)\Cypress\PSoC Creator\4.4\PSoC Creator\psoc\content\CyPrimitives\cyprimitives.cylib\cy_virtualmux_v1_0\cy_virtualmux_v1_0.v'
Flattening file 'C:\Program Files (x86)\Cypress\PSoC Creator\4.4\PSoC Creator\psoc\content\CyPrimitives\cyprimitives.cylib\ZeroTerminal\ZeroTerminal.v'
Flattening file 'C:\Program Files (x86)\Cypress\PSoC Creator\4.4\PSoC Creator\psoc\content\CyPrimitives\cyprimitives.cylib\or_v1_0\or_v1_0.v'
Flattening file 'C:\Program Files (x86)\Cypress\PSoC Creator\4.4\PSoC Creator\psoc\content\CyComponentLibrary\CyComponentLibrary.cylib\Bus_Connect_v2_50\Bus_Connect_v2_50.v'
Flattening file 'C:\Program Files (x86)\Cypress\PSoC Creator\4.4\PSoC Creator\warp\lib\common\cypress.v'
Flattening file 'C:\Program Files (x86)\Cypress\PSoC Creator\4.4\PSoC Creator\warp\lib\common\cy_psoc3_inc.v'
Flattening file 'C:\Program Files (x86)\Cypress\PSoC Creator\4.4\PSoC Creator\psoc\content\CyPrimitives\cyprimitives.cylib\cy_vref_v1_70\cy_vref_v1_70.v'

vpp:  No errors.

Library 'work' => directory 'lcpsoc3'
General_symbol_table
General_symbol_table
Linking 'C:\Program Files (x86)\Cypress\PSoC Creator\4.4\PSoC Creator\warp\lib\common\std.vhd'.
Linking 'C:\Program Files (x86)\Cypress\PSoC Creator\4.4\PSoC Creator\warp\lib\common\cypress.vhd'.
Linking 'C:\Program Files (x86)\Cypress\PSoC Creator\4.4\PSoC Creator\warp\lib\common\work\cypress.vif'.
Linking 'C:\Program Files (x86)\Cypress\PSoC Creator\4.4\PSoC Creator\warp\lib\ieee\work\stdlogic.vif'.
Linking 'C:\Program Files (x86)\Cypress\PSoC Creator\4.4\PSoC Creator\warp\lib\common\stdlogic\lpmpkg.vif'.
Linking 'C:\Program Files (x86)\Cypress\PSoC Creator\4.4\PSoC Creator\warp\lib\common\stdlogic\rtlpkg.vif'.
Linking 'C:\Program Files (x86)\Cypress\PSoC Creator\4.4\PSoC Creator\warp\lib\common\stdlogic\mod_cnst.vif'.
Linking 'C:\Program Files (x86)\Cypress\PSoC Creator\4.4\PSoC Creator\warp\lib\common\stdlogic\mod_mthv.vif'.
Linking 'C:\Program Files (x86)\Cypress\PSoC Creator\4.4\PSoC Creator\warp\lib\common\stdlogic\mod_genv.vif'.
Using control file 'TJ Temperature Spatial Profile.ctl'.

vlogfe:  No errors.


======================================================================
Compiling:  TJ Temperature Spatial Profile.v
Program  :   tovif
Options  :    -yv2 -q10 -ygs -o2 -v3 -.fftcfgtype=LE -ya -.fftprj=C:\Users\cdrow\Downloads\TJ Temperature Spatial Profile Revised.cydsn\TJ Temperature Spatial Profile.cydsn\TJ Temperature Spatial Profile.cyprj -dcpsoc3 -verilog TJ Temperature Spatial Profile.v
======================================================================

tovif V6.3 IR 41:  High-level synthesis
Sun Mar 07 15:11:12 2021

Linking 'C:\Program Files (x86)\Cypress\PSoC Creator\4.4\PSoC Creator\warp\lib\common\std.vhd'.
Linking 'C:\Program Files (x86)\Cypress\PSoC Creator\4.4\PSoC Creator\warp\lib\common\cypress.vhd'.
Linking 'C:\Program Files (x86)\Cypress\PSoC Creator\4.4\PSoC Creator\warp\lib\common\work\cypress.vif'.
Linking 'C:\Program Files (x86)\Cypress\PSoC Creator\4.4\PSoC Creator\warp\lib\ieee\work\stdlogic.vif'.
Linking 'C:\Program Files (x86)\Cypress\PSoC Creator\4.4\PSoC Creator\warp\lib\common\stdlogic\lpmpkg.vif'.
Linking 'C:\Program Files (x86)\Cypress\PSoC Creator\4.4\PSoC Creator\warp\lib\common\stdlogic\rtlpkg.vif'.
Linking 'C:\Program Files (x86)\Cypress\PSoC Creator\4.4\PSoC Creator\warp\lib\common\stdlogic\mod_cnst.vif'.
Linking 'C:\Program Files (x86)\Cypress\PSoC Creator\4.4\PSoC Creator\warp\lib\common\stdlogic\mod_mthv.vif'.
Linking 'C:\Program Files (x86)\Cypress\PSoC Creator\4.4\PSoC Creator\warp\lib\common\stdlogic\mod_genv.vif'.
Linking 'C:\Users\cdrow\Downloads\TJ Temperature Spatial Profile Revised.cydsn\TJ Temperature Spatial Profile.cydsn\codegentemp\TJ Temperature Spatial Profile.ctl'.
Linking 'C:\Program Files (x86)\Cypress\PSoC Creator\4.4\PSoC Creator\psoc\content\CyPrimitives\cyprimitives.cylib\cy_analog_virtualmux_v1_0\cy_analog_virtualmux_v1_0.v'.
Linking 'C:\Users\cdrow\Downloads\TJ Temperature Spatial Profile Revised.cydsn\TJ Temperature Spatial Profile.cydsn\codegentemp\TJ Temperature Spatial Profile.v'.
Linking 'C:\Program Files (x86)\Cypress\PSoC Creator\4.4\PSoC Creator\psoc\content\CyPrimitives\cyprimitives.cylib\cy_virtualmux_v1_0\cy_virtualmux_v1_0.v'.
Linking 'C:\Program Files (x86)\Cypress\PSoC Creator\4.4\PSoC Creator\psoc\content\CyPrimitives\cyprimitives.cylib\ZeroTerminal\ZeroTerminal.v'.
Linking 'C:\Program Files (x86)\Cypress\PSoC Creator\4.4\PSoC Creator\psoc\content\CyPrimitives\cyprimitives.cylib\or_v1_0\or_v1_0.v'.
Linking 'C:\Program Files (x86)\Cypress\PSoC Creator\4.4\PSoC Creator\psoc\content\CyComponentLibrary\CyComponentLibrary.cylib\Bus_Connect_v2_50\Bus_Connect_v2_50.v'.
Linking 'C:\Program Files (x86)\Cypress\PSoC Creator\4.4\PSoC Creator\warp\lib\common\cypress.v'.
Linking 'C:\Program Files (x86)\Cypress\PSoC Creator\4.4\PSoC Creator\warp\lib\common\cy_psoc3_inc.v'.
Linking 'C:\Program Files (x86)\Cypress\PSoC Creator\4.4\PSoC Creator\psoc\content\CyPrimitives\cyprimitives.cylib\cy_vref_v1_70\cy_vref_v1_70.v'.
TJ Temperature Spatial Profile.v (line 568, col 24):  Warning: (W460) 't_fvalid' unassigned in module 'Scan_ADC_v3_10_2'.

tovif:  No errors.  1 warning.


======================================================================
Compiling:  TJ Temperature Spatial Profile.v
Program  :   topld
Options  :    -yv2 -q10 -ygs -o2 -v3 -.fftcfgtype=LE -ya -.fftprj=C:\Users\cdrow\Downloads\TJ Temperature Spatial Profile Revised.cydsn\TJ Temperature Spatial Profile.cydsn\TJ Temperature Spatial Profile.cyprj -dcpsoc3 -verilog TJ Temperature Spatial Profile.v
======================================================================

topld V6.3 IR 41:  Synthesis and optimization
Sun Mar 07 15:11:15 2021

Linking 'C:\Program Files (x86)\Cypress\PSoC Creator\4.4\PSoC Creator\warp\lib\common\std.vhd'.
Linking 'C:\Program Files (x86)\Cypress\PSoC Creator\4.4\PSoC Creator\warp\lib\common\cypress.vhd'.
Linking 'C:\Program Files (x86)\Cypress\PSoC Creator\4.4\PSoC Creator\warp\lib\common\work\cypress.vif'.
Linking 'C:\Program Files (x86)\Cypress\PSoC Creator\4.4\PSoC Creator\warp\lib\ieee\work\stdlogic.vif'.
Linking 'C:\Program Files (x86)\Cypress\PSoC Creator\4.4\PSoC Creator\warp\lib\common\stdlogic\lpmpkg.vif'.
Linking 'C:\Program Files (x86)\Cypress\PSoC Creator\4.4\PSoC Creator\warp\lib\common\stdlogic\rtlpkg.vif'.
Linking 'C:\Program Files (x86)\Cypress\PSoC Creator\4.4\PSoC Creator\warp\lib\common\stdlogic\mod_cnst.vif'.
Linking 'C:\Program Files (x86)\Cypress\PSoC Creator\4.4\PSoC Creator\warp\lib\common\stdlogic\mod_mthv.vif'.
Linking 'C:\Program Files (x86)\Cypress\PSoC Creator\4.4\PSoC Creator\warp\lib\common\stdlogic\mod_genv.vif'.
Linking 'C:\Users\cdrow\Downloads\TJ Temperature Spatial Profile Revised.cydsn\TJ Temperature Spatial Profile.cydsn\codegentemp\TJ Temperature Spatial Profile.ctl'.
Linking 'C:\Program Files (x86)\Cypress\PSoC Creator\4.4\PSoC Creator\psoc\content\CyPrimitives\cyprimitives.cylib\cy_analog_virtualmux_v1_0\cy_analog_virtualmux_v1_0.v'.
Linking 'C:\Users\cdrow\Downloads\TJ Temperature Spatial Profile Revised.cydsn\TJ Temperature Spatial Profile.cydsn\codegentemp\TJ Temperature Spatial Profile.v'.
Linking 'C:\Program Files (x86)\Cypress\PSoC Creator\4.4\PSoC Creator\psoc\content\CyPrimitives\cyprimitives.cylib\cy_virtualmux_v1_0\cy_virtualmux_v1_0.v'.
Linking 'C:\Program Files (x86)\Cypress\PSoC Creator\4.4\PSoC Creator\psoc\content\CyPrimitives\cyprimitives.cylib\ZeroTerminal\ZeroTerminal.v'.
Linking 'C:\Program Files (x86)\Cypress\PSoC Creator\4.4\PSoC Creator\psoc\content\CyPrimitives\cyprimitives.cylib\or_v1_0\or_v1_0.v'.
Linking 'C:\Program Files (x86)\Cypress\PSoC Creator\4.4\PSoC Creator\psoc\content\CyComponentLibrary\CyComponentLibrary.cylib\Bus_Connect_v2_50\Bus_Connect_v2_50.v'.
Linking 'C:\Program Files (x86)\Cypress\PSoC Creator\4.4\PSoC Creator\warp\lib\common\cypress.v'.
Linking 'C:\Program Files (x86)\Cypress\PSoC Creator\4.4\PSoC Creator\warp\lib\common\cy_psoc3_inc.v'.
Linking 'C:\Program Files (x86)\Cypress\PSoC Creator\4.4\PSoC Creator\psoc\content\CyPrimitives\cyprimitives.cylib\cy_vref_v1_70\cy_vref_v1_70.v'.
Linking 'C:\Program Files (x86)\Cypress\PSoC Creator\4.4\PSoC Creator\warp\lib\lcpsoc3\stdlogic\cpsoc3.vif'.

----------------------------------------------------------
Detecting unused logic.
----------------------------------------------------------
    User names
	\I2C_1:Net_1257\
	\I2C_1:uncfg_rx_irq\
	\I2C_1:Net_1099\
	\I2C_1:Net_1258\
	Net_2048
	Net_2049
	Net_2050
	Net_2051
	Net_2052
	Net_2053
	Net_2039
	Net_2059
	Net_2054
	Net_2056
	\ADC_1:Net_448\
	\ADC_1:Net_446\
	\ADC_1:Net_1002\
	\ADC_1:Net_1009\
	\ADC_1:Net_1003\
	\ADC_1:Net_1007\
	\ADC_1:Net_991\
	\ADC_1:Net_987\
	\ADC_1:Net_993\
	\ADC_1:Net_986\
	\UART_1:Net_1257\
	\UART_1:uncfg_rx_irq\
	\UART_1:Net_1099\
	\UART_1:Net_1258\
	Net_2092
	Net_2093
	Net_2094
	Net_2095
	Net_2096
	Net_2097
	Net_2083
	Net_2103
	Net_2098


Deleted 37 User equations/components.
Deleted 0 Synthesized equations/components.

------------------------------------------------------
Alias Detection
------------------------------------------------------
Aliasing \I2C_1:rx_wire\ to \I2C_1:select_s_wire\
Aliasing \I2C_1:sclk_s_wire\ to \I2C_1:select_s_wire\
Aliasing \I2C_1:mosi_s_wire\ to \I2C_1:select_s_wire\
Aliasing \I2C_1:miso_m_wire\ to \I2C_1:select_s_wire\
Aliasing zero to \I2C_1:select_s_wire\
Aliasing one to \I2C_1:tmpOE__sda_net_0\
Aliasing \I2C_1:tmpOE__scl_net_0\ to \I2C_1:tmpOE__sda_net_0\
Aliasing \I2C_1:cts_wire\ to \I2C_1:select_s_wire\
Aliasing tmpOE__Pin_17_net_0 to \I2C_1:tmpOE__sda_net_0\
Aliasing tmpOE__Pin_19_Addr0_net_0 to \I2C_1:tmpOE__sda_net_0\
Aliasing tmpOE__Pin_20_Addr1_net_0 to \I2C_1:tmpOE__sda_net_0\
Aliasing \ADC_1:Net_410\ to \I2C_1:select_s_wire\
Aliasing \ADC_1:st_sel_1\ to \I2C_1:select_s_wire\
Aliasing \ADC_1:st_sel_0\ to \I2C_1:select_s_wire\
Aliasing \ADC_1:Net_412\ to \I2C_1:select_s_wire\
Aliasing \ADC_1:Net_413\ to \I2C_1:select_s_wire\
Aliasing \ADC_1:Net_414\ to \I2C_1:select_s_wire\
Aliasing \ADC_1:Net_416\ to \I2C_1:select_s_wire\
Aliasing \ADC_1:Net_431\ to \I2C_1:select_s_wire\
Aliasing \ADC_1:tmpOE__Bypass_net_0\ to \I2C_1:tmpOE__sda_net_0\
Aliasing \UART_1:select_s_wire\ to \I2C_1:select_s_wire\
Aliasing \UART_1:sclk_s_wire\ to \I2C_1:select_s_wire\
Aliasing \UART_1:mosi_s_wire\ to \I2C_1:select_s_wire\
Aliasing \UART_1:miso_m_wire\ to \I2C_1:select_s_wire\
Aliasing \UART_1:cts_wire\ to \I2C_1:select_s_wire\
Aliasing tmpOE__RX_net_0 to \I2C_1:tmpOE__sda_net_0\
Aliasing tmpOE__TX_net_0 to \I2C_1:tmpOE__sda_net_0\
Removing Lhs of wire \I2C_1:rx_wire\[16] = \I2C_1:select_s_wire\[15]
Removing Lhs of wire \I2C_1:Net_1170\[19] = \I2C_1:Net_847\[14]
Removing Lhs of wire \I2C_1:sclk_s_wire\[20] = \I2C_1:select_s_wire\[15]
Removing Lhs of wire \I2C_1:mosi_s_wire\[21] = \I2C_1:select_s_wire\[15]
Removing Lhs of wire \I2C_1:miso_m_wire\[22] = \I2C_1:select_s_wire\[15]
Removing Rhs of wire zero[25] = \I2C_1:select_s_wire\[15]
Removing Rhs of wire one[29] = \I2C_1:tmpOE__sda_net_0\[24]
Removing Lhs of wire \I2C_1:tmpOE__scl_net_0\[32] = one[29]
Removing Lhs of wire \I2C_1:cts_wire\[41] = zero[25]
Removing Lhs of wire tmpOE__Pin_17_net_0[66] = one[29]
Removing Lhs of wire tmpOE__Pin_19_Addr0_net_0[72] = one[29]
Removing Lhs of wire tmpOE__Pin_20_Addr1_net_0[78] = one[29]
Removing Rhs of wire \ADC_1:sarClock\[624] = \ADC_1:Net_428\[654]
Removing Lhs of wire \ADC_1:Net_410\[646] = zero[25]
Removing Lhs of wire \ADC_1:st_sel_1\[647] = zero[25]
Removing Lhs of wire \ADC_1:st_sel_0\[648] = zero[25]
Removing Lhs of wire \ADC_1:Net_412\[649] = zero[25]
Removing Lhs of wire \ADC_1:Net_413\[650] = zero[25]
Removing Lhs of wire \ADC_1:Net_414\[651] = zero[25]
Removing Lhs of wire \ADC_1:Net_415\[652] = zero[25]
Removing Lhs of wire \ADC_1:Net_416\[653] = zero[25]
Removing Lhs of wire \ADC_1:Net_431\[655] = zero[25]
Removing Lhs of wire \ADC_1:tmpOE__Bypass_net_0\[661] = one[29]
Removing Lhs of wire \UART_1:select_s_wire\[1026] = zero[25]
Removing Lhs of wire \UART_1:rx_wire\[1027] = Net_2099[1028]
Removing Lhs of wire \UART_1:Net_1170\[1031] = \UART_1:Net_847\[1025]
Removing Lhs of wire \UART_1:sclk_s_wire\[1032] = zero[25]
Removing Lhs of wire \UART_1:mosi_s_wire\[1033] = zero[25]
Removing Lhs of wire \UART_1:miso_m_wire\[1034] = zero[25]
Removing Lhs of wire \UART_1:cts_wire\[1037] = zero[25]
Removing Rhs of wire Net_2100[1063] = \UART_1:tx_wire\[1040]
Removing Lhs of wire tmpOE__RX_net_0[1065] = one[29]
Removing Lhs of wire tmpOE__TX_net_0[1070] = one[29]

------------------------------------------------------
Aliased 0 equations, 33 wires.
------------------------------------------------------

----------------------------------------------------------
Circuit simplification
----------------------------------------------------------

Substituting virtuals - pass 1:


----------------------------------------------------------
Circuit simplification results:

	Expanded 0 signals.
	Turned 0 signals into soft nodes.
	Maximum default expansion cost was set at 3.
----------------------------------------------------------

topld:  No errors.

CYPRESS_DIR    : C:\Program Files (x86)\Cypress\PSoC Creator\4.4\PSoC Creator\warp
Warp Program   : C:\Program Files (x86)\Cypress\PSoC Creator\4.4\PSoC Creator\warp\bin\warp.exe
Warp Arguments : -yv2 -q10 -ygs -o2 -v3 -.fftcfgtype=LE -ya "-.fftprj=C:\Users\cdrow\Downloads\TJ Temperature Spatial Profile Revised.cydsn\TJ Temperature Spatial Profile.cydsn\TJ Temperature Spatial Profile.cyprj" -dcpsoc3 "TJ Temperature Spatial Profile.v" -verilog
</CYPRESSTAG>
Warp synthesis phase: Elapsed time ==> 5s.969ms
<CYPRESSTAG name="Fitter results...">
<CYPRESSTAG name="Fitter startup details...">
cyp3fit: V4.4.0.80, Family: PSoC3, Started at: Sunday, 07 March 2021 15:11:17
Options: -yv2 -q10 -ygs -o2 -v3 -.fftcfgtype=LE -ya -.fftprj=C:\Users\cdrow\Downloads\TJ Temperature Spatial Profile Revised.cydsn\TJ Temperature Spatial Profile.cydsn\TJ Temperature Spatial Profile.cyprj -d CY8C4145LQI-PS433 TJ Temperature Spatial Profile.v -verilog
</CYPRESSTAG>
<CYPRESSTAG name="Design parsing">
Design parsing phase: Elapsed time ==> 0s.051ms
</CYPRESSTAG>
<CYPRESSTAG name="Tech Mapping">
<CYPRESSTAG name="Initial Mapping" icon="FILE_RPT_TECHM">
<CYPRESSTAG name="Global Clock Selection" icon="FILE_RPT_TECHM">
    Alignment-Only Clock: Automatic-assigning  clock 'ADC_1_intUabClock'. Fanout=0
    Fixed Function Clock 12: Automatic-assigning  clock 'ADC_1_intSarClock'. Signal=\ADC_1:sarClock_ff12\
    Fixed Function Clock 0: Automatic-assigning  clock 'I2C_1_SCBCLK'. Signal=\I2C_1:Net_847_ff0\
    Fixed Function Clock 1: Automatic-assigning  clock 'UART_1_SCBCLK'. Signal=\UART_1:Net_847_ff1\
<CYPRESSTAG name="UDB Clock/Enable Remapping Results">
</CYPRESSTAG>
</CYPRESSTAG>

Removing unused cells resulting from optimization
Done removing unused cells.
<CYPRESSTAG name="Duplicate Macrocell detection">
</CYPRESSTAG>
</CYPRESSTAG>
<CYPRESSTAG name="Duplicate Macrocell detection">
</CYPRESSTAG>
<CYPRESSTAG name="Design Equations" icon="FILE_RPT_EQUATION">

------------------------------------------------------------
Design Equations
------------------------------------------------------------
    <CYPRESSTAG name="Pin listing">

    ------------------------------------------------------------
    Pin listing
    ------------------------------------------------------------

    Pin : Name = \I2C_1:sda(0)\
        Attributes:
            In Group/Port: True
            In Sync Option: NOSYNC
            Out Sync Option: NOSYNC
            Interrupt generated: False
            Interrupt mode: NONE
            Drive mode: OPEN_DRAIN_LO
            VTrip: CMOS
            Slew: FAST
            Input Sync needed: False
            Output Sync needed: False
            SC shield enabled: False
            POR State: ANY
            LCD Mode: COMMON
            Register Mode: RegComb
            CaSense Mode: NEITHER
            Treat as pin: True
            Is OE Registered: False
            Uses Analog: False
            Can contain Digital: True
            Is SIO: False
            SIO Output Buf: NONREGULATED
            SIO Input Buf: SINGLE_ENDED
            SIO HiFreq: LOW
            SIO Hyst: DISABLED
            SIO Vtrip: MULTIPLIER_0_5
            SIO Multiplier Index: 0
            SIO RefSel: VCC_IO
            Required Capabilities: DIGITAL
            Initial Value: 1
            IO Voltage: 0
        PORT MAP (
            pa_out => \I2C_1:sda(0)\__PA ,
            fb => Net_2058 ,
            pad => \I2C_1:sda(0)_PAD\ );
        Properties:
        {
        }

    Pin : Name = \I2C_1:scl(0)\
        Attributes:
            In Group/Port: True
            In Sync Option: NOSYNC
            Out Sync Option: NOSYNC
            Interrupt generated: False
            Interrupt mode: NONE
            Drive mode: OPEN_DRAIN_LO
            VTrip: CMOS
            Slew: FAST
            Input Sync needed: False
            Output Sync needed: False
            SC shield enabled: False
            POR State: ANY
            LCD Mode: COMMON
            Register Mode: RegComb
            CaSense Mode: NEITHER
            Treat as pin: True
            Is OE Registered: False
            Uses Analog: False
            Can contain Digital: True
            Is SIO: False
            SIO Output Buf: NONREGULATED
            SIO Input Buf: SINGLE_ENDED
            SIO HiFreq: LOW
            SIO Hyst: DISABLED
            SIO Vtrip: MULTIPLIER_0_5
            SIO Multiplier Index: 0
            SIO RefSel: VCC_IO
            Required Capabilities: DIGITAL
            Initial Value: 1
            IO Voltage: 0
        PORT MAP (
            pa_out => \I2C_1:scl(0)\__PA ,
            fb => Net_2057 ,
            pad => \I2C_1:scl(0)_PAD\ );
        Properties:
        {
        }

    Pin : Name = Pin_17(0)
        Attributes:
            In Group/Port: True
            In Sync Option: AUTO
            Out Sync Option: AUTO
            Interrupt generated: False
            Interrupt mode: NONE
            Drive mode: HI_Z_ANALOG
            VTrip: EITHER
            Slew: FAST
            Input Sync needed: False
            Output Sync needed: False
            SC shield enabled: False
            POR State: ANY
            LCD Mode: COMMON
            Register Mode: RegComb
            CaSense Mode: NEITHER
            Treat as pin: True
            Is OE Registered: False
            Uses Analog: True
            Can contain Digital: False
            Is SIO: False
            SIO Output Buf: NONREGULATED
            SIO Input Buf: SINGLE_ENDED
            SIO HiFreq: LOW
            SIO Hyst: DISABLED
            SIO Vtrip: MULTIPLIER_0_5
            SIO Multiplier Index: 0
            SIO RefSel: VCC_IO
            Required Capabilities: ANALOG
            Initial Value: 1
            IO Voltage: 0
        PORT MAP (
            pa_out => Pin_17(0)__PA ,
            analog_term => Net_2506 ,
            pad => Pin_17(0)_PAD );
        Properties:
        {
        }

    Pin : Name = Pin_19_Addr0(0)
        Attributes:
            In Group/Port: True
            In Sync Option: NOSYNC
            Out Sync Option: AUTO
            Interrupt generated: False
            Interrupt mode: NONE
            Drive mode: HI_Z_DIGITAL
            VTrip: CMOS
            Slew: FAST
            Input Sync needed: False
            Output Sync needed: False
            SC shield enabled: False
            POR State: ANY
            LCD Mode: COMMON
            Register Mode: RegComb
            CaSense Mode: NEITHER
            Treat as pin: True
            Is OE Registered: False
            Uses Analog: False
            Can contain Digital: True
            Is SIO: False
            SIO Output Buf: NONREGULATED
            SIO Input Buf: SINGLE_ENDED
            SIO HiFreq: LOW
            SIO Hyst: DISABLED
            SIO Vtrip: MULTIPLIER_0_5
            SIO Multiplier Index: 0
            SIO RefSel: VCC_IO
            Required Capabilities: DIGITAL
            Initial Value: 0
            IO Voltage: 0
        PORT MAP (
            pa_out => Pin_19_Addr0(0)__PA ,
            pad => Pin_19_Addr0(0)_PAD );
        Properties:
        {
        }

    Pin : Name = Pin_20_Addr1(0)
        Attributes:
            In Group/Port: True
            In Sync Option: NOSYNC
            Out Sync Option: AUTO
            Interrupt generated: False
            Interrupt mode: NONE
            Drive mode: HI_Z_DIGITAL
            VTrip: CMOS
            Slew: FAST
            Input Sync needed: False
            Output Sync needed: False
            SC shield enabled: False
            POR State: ANY
            LCD Mode: COMMON
            Register Mode: RegComb
            CaSense Mode: NEITHER
            Treat as pin: True
            Is OE Registered: False
            Uses Analog: False
            Can contain Digital: True
            Is SIO: False
            SIO Output Buf: NONREGULATED
            SIO Input Buf: SINGLE_ENDED
            SIO HiFreq: LOW
            SIO Hyst: DISABLED
            SIO Vtrip: MULTIPLIER_0_5
            SIO Multiplier Index: 0
            SIO RefSel: VCC_IO
            Required Capabilities: DIGITAL
            Initial Value: 0
            IO Voltage: 0
        PORT MAP (
            pa_out => Pin_20_Addr1(0)__PA ,
            pad => Pin_20_Addr1(0)_PAD );
        Properties:
        {
        }

    Pin : Name = \ADC_1:Bypass(0)\
        Attributes:
            In Group/Port: True
            In Sync Option: AUTO
            Out Sync Option: AUTO
            Interrupt generated: False
            Interrupt mode: NONE
            Drive mode: HI_Z_ANALOG
            VTrip: EITHER
            Slew: FAST
            Input Sync needed: False
            Output Sync needed: False
            SC shield enabled: False
            POR State: ANY
            LCD Mode: COMMON
            Register Mode: RegComb
            CaSense Mode: NEITHER
            Treat as pin: True
            Is OE Registered: False
            Uses Analog: True
            Can contain Digital: False
            Is SIO: False
            SIO Output Buf: NONREGULATED
            SIO Input Buf: SINGLE_ENDED
            SIO HiFreq: LOW
            SIO Hyst: DISABLED
            SIO Vtrip: MULTIPLIER_0_5
            SIO Multiplier Index: 0
            SIO RefSel: VCC_IO
            Required Capabilities: NONE
            Initial Value: 1
            IO Voltage: 0
        PORT MAP (
            pa_out => \ADC_1:Bypass(0)\__PA ,
            analog_term => \ADC_1:Net_408\ ,
            pad => \ADC_1:Bypass(0)_PAD\ );
        Properties:
        {
        }

    Pin : Name = RX(0)
        Attributes:
            In Group/Port: True
            In Sync Option: NOSYNC
            Out Sync Option: AUTO
            Interrupt generated: False
            Interrupt mode: NONE
            Drive mode: HI_Z_DIGITAL
            VTrip: CMOS
            Slew: FAST
            Input Sync needed: False
            Output Sync needed: False
            SC shield enabled: False
            POR State: ANY
            LCD Mode: COMMON
            Register Mode: RegComb
            CaSense Mode: NEITHER
            Treat as pin: True
            Is OE Registered: False
            Uses Analog: False
            Can contain Digital: True
            Is SIO: False
            SIO Output Buf: NONREGULATED
            SIO Input Buf: SINGLE_ENDED
            SIO HiFreq: LOW
            SIO Hyst: DISABLED
            SIO Vtrip: MULTIPLIER_0_5
            SIO Multiplier Index: 0
            SIO RefSel: VCC_IO
            Required Capabilities: DIGITAL
            Initial Value: 0
            IO Voltage: 0
        PORT MAP (
            pa_out => RX(0)__PA ,
            fb => Net_2099 ,
            pad => RX(0)_PAD );
        Properties:
        {
        }

    Pin : Name = TX(0)
        Attributes:
            In Group/Port: True
            In Sync Option: AUTO
            Out Sync Option: NOSYNC
            Interrupt generated: False
            Interrupt mode: NONE
            Drive mode: CMOS_OUT
            VTrip: EITHER
            Slew: FAST
            Input Sync needed: False
            Output Sync needed: False
            SC shield enabled: False
            POR State: ANY
            LCD Mode: COMMON
            Register Mode: RegComb
            CaSense Mode: NEITHER
            Treat as pin: True
            Is OE Registered: False
            Uses Analog: False
            Can contain Digital: True
            Is SIO: False
            SIO Output Buf: NONREGULATED
            SIO Input Buf: SINGLE_ENDED
            SIO HiFreq: LOW
            SIO Hyst: DISABLED
            SIO Vtrip: MULTIPLIER_0_5
            SIO Multiplier Index: 0
            SIO RefSel: VCC_IO
            Required Capabilities: DIGITAL
            Initial Value: 1
            IO Voltage: 0
        PORT MAP (
            pa_out => TX(0)__PA ,
            pin_input => Net_2100 ,
            pad => TX(0)_PAD );
        Properties:
        {
        }
    </CYPRESSTAG>
    <CYPRESSTAG name="Macrocell listing" icon="FILE_RPT_EQUATION">
    </CYPRESSTAG>
    <CYPRESSTAG name="Datapath listing">
    </CYPRESSTAG>
    <CYPRESSTAG name="Status register listing">
    </CYPRESSTAG>
    <CYPRESSTAG name="StatusI register listing">
    </CYPRESSTAG>
    <CYPRESSTAG name="Sync listing">
    </CYPRESSTAG>
    <CYPRESSTAG name="Control register listing">
    </CYPRESSTAG>
    <CYPRESSTAG name="Count7 listing">
    </CYPRESSTAG>
    <CYPRESSTAG name="DRQ listing">
    </CYPRESSTAG>
    <CYPRESSTAG name="Interrupt listing">

    ------------------------------------------------------------
    Interrupt listing
    ------------------------------------------------------------

    interrupt: Name =\I2C_1:SCB_IRQ\
        PORT MAP (
            interrupt => Net_2040 );
        Properties:
        {
            int_type = "10"
            is_nmi = 0
        }

    interrupt: Name =\ADC_1:IRQ\
        PORT MAP (
            interrupt => \ADC_1:Net_423\ );
        Properties:
        {
            int_type = "10"
            is_nmi = 0
        }
    </CYPRESSTAG>
</CYPRESSTAG>
<CYPRESSTAG name="Technology mapping summary" expanded>

------------------------------------------------------------
Technology mapping summary
------------------------------------------------------------

Resource Type                 : Used : Free :  Max :  % Used
============================================================
Interrupts                    :    2 :   23 :   25 :  8.00 %
IO                            :   10 :   28 :   38 : 26.32 %
Segment LCD                   :    0 :    1 :    1 :  0.00 %
CapSense                      :    0 :    1 :    1 :  0.00 %
Die Temp                      :    0 :    1 :    1 :  0.00 %
Serial Communication (SCB)    :    2 :    1 :    3 : 66.67 %
DMA Channels                  :    0 :    8 :    8 :  0.00 %
Timer/Counter/PWM             :    0 :    8 :    8 :  0.00 %
Decimator                     :    0 :    2 :    2 :  0.00 %
Smart IO Ports                :    0 :    1 :    1 :  0.00 %
Comparator/Opamp              :    1 :    3 :    4 : 25.00 %
Comparator                    :    0 :    1 :    1 :  0.00 %
UAB Channels                  :    0 :    2 :    2 :  0.00 %
LP Comparator                 :    0 :    2 :    2 :  0.00 %
Voltage References            :    1 :    3 :    4 : 25.00 %
SAR ADC                       :    1 :    0 :    1 : 100.00 %
DAC                           :      :      :      :        
  7-bit IDAC                  :    0 :    2 :    2 :  0.00 %
</CYPRESSTAG>
Technology Mapping: Elapsed time ==> 0s.071ms
Tech Mapping phase: Elapsed time ==> 0s.111ms
</CYPRESSTAG>
<CYPRESSTAG name="Analog Placement">
<CYPRESSTAG name="FFB & IO Pre Placement">
<CYPRESSTAG name="Placement" icon="FILE_RPT_PLACEMENT">

Cell                                : Block                              
=========================================================================
\I2C_1:sda(0)\                      : [IOP=(3)][IoId=(7)]                
\I2C_1:scl(0)\                      : [IOP=(3)][IoId=(6)]                
Pin_17(0)                           : [IOP=(2)][IoId=(5)]                
Pin_19_Addr0(0)                     : [IOP=(0)][IoId=(6)]                
Pin_20_Addr1(0)                     : [IOP=(0)][IoId=(7)]                
\ADC_1:Bypass(0)\                   : [IOP=(2)][IoId=(7)]                
RX(0)                               : [IOP=(0)][IoId=(4)]                
TX(0)                               : [IOP=(0)][IoId=(5)]                
ClockGenBlock                       : CLK_GEN_[FFB(CLK_GEN,0)]           
\I2C_1:SCB\                         : SCB_[FFB(SCB,2)]                   
\ADC_1:cy_psoc4_sar_1\              : SARADC_[FFB(SARADC,0)]             
\UART_1:SCB\                        : SCB_[FFB(SCB,1)]                   
\PGA_1:cy_psoc4_abuf\               : OA_CTB0.OA0                        
CyDesignWideVoltageReference        : REF_PRB0.REF0                      
\ADC_1:vssa_kelvin_0\               : Vref_[FFB(Vref,0)]                 

</CYPRESSTAG>
</CYPRESSTAG>
<CYPRESSTAG name="Real Analog Placement">
Elapsed time ==> 0.6887971s
</CYPRESSTAG>
Analog Placement phase: Elapsed time ==> 1s.565ms
</CYPRESSTAG>
<CYPRESSTAG name="Analog Routing">
<CYPRESSTAG name="Analog Routing">
Route success=True, Iterations=1 Elapsed=0.0523591 secs
</CYPRESSTAG>
Analog Routing phase: Elapsed time ==> 0s.073ms
</CYPRESSTAG>
<CYPRESSTAG name="Analog Code Generation">
============ Analog Final Answer Routes ============
Dump of CyAnalogRoutingResultsDB
Map of net to items {
  Net: Net_2506 {
    p2_5
    PASS0_CTB0_P15
    PASS0_ctb0_ctbus1
    PASS0_CTB0_A40
    PASS0_CTB0_oa0_vplus
  }
  Net: Net_3014 {
    PASS0_ctb0_vout0
    PASS0_AROUTE0_SMP_C0O0
    PASS0_sarmux_vplus
    PASS0_AROUTE0_SMP_SRP
    PASS0_sar_vplus
  }
  Net: \ADC_1:Net_1448\ {
  }
  Net: \ADC_1:Net_408\ {
    p2_7
    swh_1
    sar_ext_vref
    PASS0_SW_SAR_VREF_EXT
    PASS0_ext_vref0
  }
  Net: \ADC_1:muxoutMinus\ {
  }
  Net: \PGA_1:Net_29\ {
    PASS0_CTB0_oa0_vminus
    PASS0_CTB0_R71
    PASS0_CTB0_rs0_tap
  }
  Net: \PGA_1:Net_39\ {
  }
}
Map of item to net {
  p2_5                                             -> Net_2506
  PASS0_CTB0_P15                                   -> Net_2506
  PASS0_ctb0_ctbus1                                -> Net_2506
  PASS0_CTB0_A40                                   -> Net_2506
  PASS0_CTB0_oa0_vplus                             -> Net_2506
  PASS0_ctb0_vout0                                 -> Net_3014
  PASS0_AROUTE0_SMP_C0O0                           -> Net_3014
  PASS0_sarmux_vplus                               -> Net_3014
  PASS0_AROUTE0_SMP_SRP                            -> Net_3014
  PASS0_sar_vplus                                  -> Net_3014
  p2_7                                             -> \ADC_1:Net_408\
  swh_1                                            -> \ADC_1:Net_408\
  sar_ext_vref                                     -> \ADC_1:Net_408\
  PASS0_SW_SAR_VREF_EXT                            -> \ADC_1:Net_408\
  PASS0_ext_vref0                                  -> \ADC_1:Net_408\
  PASS0_CTB0_oa0_vminus                            -> \PGA_1:Net_29\
  PASS0_CTB0_R71                                   -> \PGA_1:Net_29\
  PASS0_CTB0_rs0_tap                               -> \PGA_1:Net_29\
}
Mux Info {
}
Analog Code Generation phase: Elapsed time ==> 0s.093ms
</CYPRESSTAG>
<CYPRESSTAG name="Digital Placement">
<CYPRESSTAG name="Detailed placement messages">
I2076: Total run-time: 0.3 sec.

</CYPRESSTAG>
<CYPRESSTAG name="PLD Packing">
<CYPRESSTAG name="PLD Packing Summary">
No PLDs were packed.
</CYPRESSTAG>
PLD Packing: Elapsed time ==> 0s.000ms
</CYPRESSTAG>
<CYPRESSTAG name="Partitioning">
<CYPRESSTAG name="Initial Partitioning Summary">
Initial Partitioning Summary not displayed at this verbose level.</CYPRESSTAG>
<CYPRESSTAG name="Final Partitioning Summary">
Final Partitioning Summary not displayed at this verbose level.</CYPRESSTAG>
Partitioning: Elapsed time ==> 0s.023ms
</CYPRESSTAG>
<CYPRESSTAG name="Final Placement Summary">

------------------------------------------------------------
Final Placement Summary
------------------------------------------------------------

       Resource Type :      Count : Avg Inputs : Avg Outputs
    ========================================================
                 UDB :          0 :       0.00 :       0.00
<CYPRESSTAG name="Final Placement Details">
<CYPRESSTAG name="Component Details">

------------------------------------------------------------
Component Placement Details
------------------------------------------------------------
Intr container @ [IntrContainer=(0)]: 
  Intr@ [IntrContainer=(0)][IntrId=(10)] 
    interrupt: Name =\I2C_1:SCB_IRQ\
        PORT MAP (
            interrupt => Net_2040 );
        Properties:
        {
            int_type = "10"
            is_nmi = 0
        }
  Intr@ [IntrContainer=(0)][IntrId=(15)] 
    interrupt: Name =\ADC_1:IRQ\
        PORT MAP (
            interrupt => \ADC_1:Net_423\ );
        Properties:
        {
            int_type = "10"
            is_nmi = 0
        }
Drq container @ [DrqContainer=(0)]: empty
Port 0 contains the following IO cells:
[IoId=4]: 
Pin : Name = RX(0)
    Attributes:
        In Group/Port: True
        In Sync Option: NOSYNC
        Out Sync Option: AUTO
        Interrupt generated: False
        Interrupt mode: NONE
        Drive mode: HI_Z_DIGITAL
        VTrip: CMOS
        Slew: FAST
        Input Sync needed: False
        Output Sync needed: False
        SC shield enabled: False
        POR State: ANY
        LCD Mode: COMMON
        Register Mode: RegComb
        CaSense Mode: NEITHER
        Treat as pin: True
        Is OE Registered: False
        Uses Analog: False
        Can contain Digital: True
        Is SIO: False
        SIO Output Buf: NONREGULATED
        SIO Input Buf: SINGLE_ENDED
        SIO HiFreq: LOW
        SIO Hyst: DISABLED
        SIO Vtrip: MULTIPLIER_0_5
        SIO Multiplier Index: 0
        SIO RefSel: VCC_IO
        Required Capabilities: DIGITAL
        Initial Value: 0
        IO Voltage: 0
    PORT MAP (
        pa_out => RX(0)__PA ,
        fb => Net_2099 ,
        pad => RX(0)_PAD );
    Properties:
    {
    }

[IoId=5]: 
Pin : Name = TX(0)
    Attributes:
        In Group/Port: True
        In Sync Option: AUTO
        Out Sync Option: NOSYNC
        Interrupt generated: False
        Interrupt mode: NONE
        Drive mode: CMOS_OUT
        VTrip: EITHER
        Slew: FAST
        Input Sync needed: False
        Output Sync needed: False
        SC shield enabled: False
        POR State: ANY
        LCD Mode: COMMON
        Register Mode: RegComb
        CaSense Mode: NEITHER
        Treat as pin: True
        Is OE Registered: False
        Uses Analog: False
        Can contain Digital: True
        Is SIO: False
        SIO Output Buf: NONREGULATED
        SIO Input Buf: SINGLE_ENDED
        SIO HiFreq: LOW
        SIO Hyst: DISABLED
        SIO Vtrip: MULTIPLIER_0_5
        SIO Multiplier Index: 0
        SIO RefSel: VCC_IO
        Required Capabilities: DIGITAL
        Initial Value: 1
        IO Voltage: 0
    PORT MAP (
        pa_out => TX(0)__PA ,
        pin_input => Net_2100 ,
        pad => TX(0)_PAD );
    Properties:
    {
    }

[IoId=6]: 
Pin : Name = Pin_19_Addr0(0)
    Attributes:
        In Group/Port: True
        In Sync Option: NOSYNC
        Out Sync Option: AUTO
        Interrupt generated: False
        Interrupt mode: NONE
        Drive mode: HI_Z_DIGITAL
        VTrip: CMOS
        Slew: FAST
        Input Sync needed: False
        Output Sync needed: False
        SC shield enabled: False
        POR State: ANY
        LCD Mode: COMMON
        Register Mode: RegComb
        CaSense Mode: NEITHER
        Treat as pin: True
        Is OE Registered: False
        Uses Analog: False
        Can contain Digital: True
        Is SIO: False
        SIO Output Buf: NONREGULATED
        SIO Input Buf: SINGLE_ENDED
        SIO HiFreq: LOW
        SIO Hyst: DISABLED
        SIO Vtrip: MULTIPLIER_0_5
        SIO Multiplier Index: 0
        SIO RefSel: VCC_IO
        Required Capabilities: DIGITAL
        Initial Value: 0
        IO Voltage: 0
    PORT MAP (
        pa_out => Pin_19_Addr0(0)__PA ,
        pad => Pin_19_Addr0(0)_PAD );
    Properties:
    {
    }

[IoId=7]: 
Pin : Name = Pin_20_Addr1(0)
    Attributes:
        In Group/Port: True
        In Sync Option: NOSYNC
        Out Sync Option: AUTO
        Interrupt generated: False
        Interrupt mode: NONE
        Drive mode: HI_Z_DIGITAL
        VTrip: CMOS
        Slew: FAST
        Input Sync needed: False
        Output Sync needed: False
        SC shield enabled: False
        POR State: ANY
        LCD Mode: COMMON
        Register Mode: RegComb
        CaSense Mode: NEITHER
        Treat as pin: True
        Is OE Registered: False
        Uses Analog: False
        Can contain Digital: True
        Is SIO: False
        SIO Output Buf: NONREGULATED
        SIO Input Buf: SINGLE_ENDED
        SIO HiFreq: LOW
        SIO Hyst: DISABLED
        SIO Vtrip: MULTIPLIER_0_5
        SIO Multiplier Index: 0
        SIO RefSel: VCC_IO
        Required Capabilities: DIGITAL
        Initial Value: 0
        IO Voltage: 0
    PORT MAP (
        pa_out => Pin_20_Addr1(0)__PA ,
        pad => Pin_20_Addr1(0)_PAD );
    Properties:
    {
    }

Port 1 contains the following IO cells:
Port 2 contains the following IO cells:
[IoId=5]: 
Pin : Name = Pin_17(0)
    Attributes:
        In Group/Port: True
        In Sync Option: AUTO
        Out Sync Option: AUTO
        Interrupt generated: False
        Interrupt mode: NONE
        Drive mode: HI_Z_ANALOG
        VTrip: EITHER
        Slew: FAST
        Input Sync needed: False
        Output Sync needed: False
        SC shield enabled: False
        POR State: ANY
        LCD Mode: COMMON
        Register Mode: RegComb
        CaSense Mode: NEITHER
        Treat as pin: True
        Is OE Registered: False
        Uses Analog: True
        Can contain Digital: False
        Is SIO: False
        SIO Output Buf: NONREGULATED
        SIO Input Buf: SINGLE_ENDED
        SIO HiFreq: LOW
        SIO Hyst: DISABLED
        SIO Vtrip: MULTIPLIER_0_5
        SIO Multiplier Index: 0
        SIO RefSel: VCC_IO
        Required Capabilities: ANALOG
        Initial Value: 1
        IO Voltage: 0
    PORT MAP (
        pa_out => Pin_17(0)__PA ,
        analog_term => Net_2506 ,
        pad => Pin_17(0)_PAD );
    Properties:
    {
    }

[IoId=7]: 
Pin : Name = \ADC_1:Bypass(0)\
    Attributes:
        In Group/Port: True
        In Sync Option: AUTO
        Out Sync Option: AUTO
        Interrupt generated: False
        Interrupt mode: NONE
        Drive mode: HI_Z_ANALOG
        VTrip: EITHER
        Slew: FAST
        Input Sync needed: False
        Output Sync needed: False
        SC shield enabled: False
        POR State: ANY
        LCD Mode: COMMON
        Register Mode: RegComb
        CaSense Mode: NEITHER
        Treat as pin: True
        Is OE Registered: False
        Uses Analog: True
        Can contain Digital: False
        Is SIO: False
        SIO Output Buf: NONREGULATED
        SIO Input Buf: SINGLE_ENDED
        SIO HiFreq: LOW
        SIO Hyst: DISABLED
        SIO Vtrip: MULTIPLIER_0_5
        SIO Multiplier Index: 0
        SIO RefSel: VCC_IO
        Required Capabilities: NONE
        Initial Value: 1
        IO Voltage: 0
    PORT MAP (
        pa_out => \ADC_1:Bypass(0)\__PA ,
        analog_term => \ADC_1:Net_408\ ,
        pad => \ADC_1:Bypass(0)_PAD\ );
    Properties:
    {
    }

Port 3 contains the following IO cells:
[IoId=6]: 
Pin : Name = \I2C_1:scl(0)\
    Attributes:
        In Group/Port: True
        In Sync Option: NOSYNC
        Out Sync Option: NOSYNC
        Interrupt generated: False
        Interrupt mode: NONE
        Drive mode: OPEN_DRAIN_LO
        VTrip: CMOS
        Slew: FAST
        Input Sync needed: False
        Output Sync needed: False
        SC shield enabled: False
        POR State: ANY
        LCD Mode: COMMON
        Register Mode: RegComb
        CaSense Mode: NEITHER
        Treat as pin: True
        Is OE Registered: False
        Uses Analog: False
        Can contain Digital: True
        Is SIO: False
        SIO Output Buf: NONREGULATED
        SIO Input Buf: SINGLE_ENDED
        SIO HiFreq: LOW
        SIO Hyst: DISABLED
        SIO Vtrip: MULTIPLIER_0_5
        SIO Multiplier Index: 0
        SIO RefSel: VCC_IO
        Required Capabilities: DIGITAL
        Initial Value: 1
        IO Voltage: 0
    PORT MAP (
        pa_out => \I2C_1:scl(0)\__PA ,
        fb => Net_2057 ,
        pad => \I2C_1:scl(0)_PAD\ );
    Properties:
    {
    }

[IoId=7]: 
Pin : Name = \I2C_1:sda(0)\
    Attributes:
        In Group/Port: True
        In Sync Option: NOSYNC
        Out Sync Option: NOSYNC
        Interrupt generated: False
        Interrupt mode: NONE
        Drive mode: OPEN_DRAIN_LO
        VTrip: CMOS
        Slew: FAST
        Input Sync needed: False
        Output Sync needed: False
        SC shield enabled: False
        POR State: ANY
        LCD Mode: COMMON
        Register Mode: RegComb
        CaSense Mode: NEITHER
        Treat as pin: True
        Is OE Registered: False
        Uses Analog: False
        Can contain Digital: True
        Is SIO: False
        SIO Output Buf: NONREGULATED
        SIO Input Buf: SINGLE_ENDED
        SIO HiFreq: LOW
        SIO Hyst: DISABLED
        SIO Vtrip: MULTIPLIER_0_5
        SIO Multiplier Index: 0
        SIO RefSel: VCC_IO
        Required Capabilities: DIGITAL
        Initial Value: 1
        IO Voltage: 0
    PORT MAP (
        pa_out => \I2C_1:sda(0)\__PA ,
        fb => Net_2058 ,
        pad => \I2C_1:sda(0)_PAD\ );
    Properties:
    {
    }

Port 4 contains the following IO cells:
Port 5 contains the following IO cells:
Clock group 0: 
    Clock Block @ F(Clock,0): 
    m0s8clockblockcell: Name =ClockBlock
        PORT MAP (
            hfclk => ClockBlock_HFClk ,
            imo => ClockBlock_IMO ,
            ext => ClockBlock_ExtClk ,
            sysclk => ClockBlock_SysClk ,
            ilo => ClockBlock_ILO ,
            lfclk => ClockBlock_LFClk ,
            wco => ClockBlock_WCO ,
            ff_div_12 => \ADC_1:sarClock_ff12\ ,
            ff_div_0 => \I2C_1:Net_847_ff0\ ,
            ff_div_1 => \UART_1:Net_847_ff1\ );
        Properties:
        {
        }
Decimator group 0: empty
LCD group 0: empty
PICU group 0: empty
Vref group 0: 
    Vref Block @ F(Vref,1): 
    vrefcell: Name =\ADC_1:vssa_kelvin_0\
        PORT MAP (
            vout => \ADC_1:Net_1405\ );
        Properties:
        {
            autoenable = 1
            guid = "27E55207-D708-4E0A-9CA9-208BEFB90B23"
            ignoresleep = 0
            name = "CY_INTERNAL_VSSA_KELVIN"
        }
LPCOMP group 0: empty
SCB group 0: 
    SCB Block @ F(SCB,1): 
    m0s8scbcell: Name =\UART_1:SCB\
        PORT MAP (
            clock => \UART_1:Net_847_ff1\ ,
            interrupt => Net_2084 ,
            uart_rx => Net_2099 ,
            uart_tx => Net_2100 ,
            uart_rts => \UART_1:rts_wire\ ,
            mosi_m => \UART_1:mosi_m_wire\ ,
            select_m_3 => \UART_1:select_m_wire_3\ ,
            select_m_2 => \UART_1:select_m_wire_2\ ,
            select_m_1 => \UART_1:select_m_wire_1\ ,
            select_m_0 => \UART_1:select_m_wire_0\ ,
            sclk_m => \UART_1:sclk_m_wire\ ,
            miso_s => \UART_1:miso_s_wire\ ,
            tr_tx_req => Net_2087 ,
            tr_rx_req => Net_2086 );
        Properties:
        {
            cy_registers = ""
            scb_mode = 2
        }
    SCB Block @ F(SCB,2): 
    m0s8scbcell: Name =\I2C_1:SCB\
        PORT MAP (
            clock => \I2C_1:Net_847_ff0\ ,
            interrupt => Net_2040 ,
            uart_tx => \I2C_1:tx_wire\ ,
            uart_rts => \I2C_1:rts_wire\ ,
            mosi_m => \I2C_1:mosi_m_wire\ ,
            select_m_3 => \I2C_1:select_m_wire_3\ ,
            select_m_2 => \I2C_1:select_m_wire_2\ ,
            select_m_1 => \I2C_1:select_m_wire_1\ ,
            select_m_0 => \I2C_1:select_m_wire_0\ ,
            sclk_m => \I2C_1:sclk_m_wire\ ,
            miso_s => \I2C_1:miso_s_wire\ ,
            i2c_scl => Net_2057 ,
            i2c_sda => Net_2058 ,
            tr_tx_req => Net_2043 ,
            tr_rx_req => Net_2042 );
        Properties:
        {
            cy_registers = ""
            scb_mode = 0
        }
CSD group 0: empty
CSIDAC7 group 0: empty
TCPWM group 0: empty
OA group 0: 
    Comparator/Opamp @ F(OA,0): 
    p4abufcell: Name =\PGA_1:cy_psoc4_abuf\
        PORT MAP (
            vplus => Net_2506 ,
            vminus => \PGA_1:Net_29\ ,
            vout1 => Net_3014 ,
            vout10 => \PGA_1:Net_19\ ,
            ctb_dsi_comp => \PGA_1:Net_12\ );
        Properties:
        {
            cy_registers = ""
            deepsleep_available = 0
            has_resistor = 1
            needs_dsab = 0
        }
RSB group 0: 
    p4rsbcell @ F(RSB,0): 
    p4rsbcell: Name =ctb0_resistor_string
        PORT MAP (
            r0_tap => \PGA_1:Net_29\ ,
            r0_top => Net_3014 ,
            r0_bot => \PGA_1:Net_39\ );
        Properties:
        {
        }
HALFUAB group 0: empty
TEMP group 0: empty
REF group 0: 
    Voltage References @ F(REF,0): 
    p4prefcell: Name =CyDesignWideVoltageReference
        PORT MAP (
            vout => \ADC_1:Net_1379\ );
        Properties:
        {
        }
SARADC group 0: 
    SAR ADC @ F(SARADC,0): 
    p4sarcell: Name =\ADC_1:cy_psoc4_sar_1\
        PORT MAP (
            vplus => Net_3014 ,
            vminus => \ADC_1:muxoutMinus\ ,
            vref => \ADC_1:Net_1448\ ,
            ext_vref => \ADC_1:Net_408\ ,
            clock => \ADC_1:sarClock_ff12\ ,
            sample_done => Net_3172 ,
            chan_id_valid => Net_3174 ,
            chan_id_3 => Net_3173_3 ,
            chan_id_2 => Net_3173_2 ,
            chan_id_1 => Net_3173_1 ,
            chan_id_0 => Net_3173_0 ,
            data_valid => Net_3176 ,
            data_11 => Net_3175_11 ,
            data_10 => Net_3175_10 ,
            data_9 => Net_3175_9 ,
            data_8 => Net_3175_8 ,
            data_7 => Net_3175_7 ,
            data_6 => Net_3175_6 ,
            data_5 => Net_3175_5 ,
            data_4 => Net_3175_4 ,
            data_3 => Net_3175_3 ,
            data_2 => Net_3175_2 ,
            data_1 => Net_3175_1 ,
            data_0 => Net_3175_0 ,
            tr_sar_out => Net_3171 ,
            irq => \ADC_1:Net_423\ );
        Properties:
        {
            cy_registers = ""
        }
CLK_GEN group 0: 
    M0S8 Clock Gen Block @ F(CLK_GEN,0): 
    m0s8clockgenblockcell: Name =ClockGenBlock
        PORT MAP (
             );
        Properties:
        {
        }
LPCOMPBLOCK group 0: empty
PASSBLOCK group 0: empty
WCO group 0: empty
SmartIO group 0: empty
LNFE group 0: empty
SRSS group 0: empty
CPUSS group 0: empty
IOSS group 0: empty
EXCO group 0: empty
</CYPRESSTAG>
<CYPRESSTAG name="Port Configuration Details">

------------------------------------------------------------
Port Configuration report
------------------------------------------------------------
     |     |       | Interrupt |                  |                   | 
Port | Pin | Fixed |      Type |       Drive Mode |              Name | Connections
-----+-----+-------+-----------+------------------+-------------------+------------------------
   0 |   4 |     * |      NONE |     HI_Z_DIGITAL |             RX(0) | FB(Net_2099)
     |   5 |     * |      NONE |         CMOS_OUT |             TX(0) | In(Net_2100)
     |   6 |     * |      NONE |     HI_Z_DIGITAL |   Pin_19_Addr0(0) | 
     |   7 |     * |      NONE |     HI_Z_DIGITAL |   Pin_20_Addr1(0) | 
-----+-----+-------+-----------+------------------+-------------------+------------------------
   2 |   5 |     * |      NONE |      HI_Z_ANALOG |         Pin_17(0) | Analog(Net_2506)
     |   7 |     * |      NONE |      HI_Z_ANALOG | \ADC_1:Bypass(0)\ | Analog(\ADC_1:Net_408\)
-----+-----+-------+-----------+------------------+-------------------+------------------------
   3 |   6 |     * |      NONE |    OPEN_DRAIN_LO |    \I2C_1:scl(0)\ | FB(Net_2057)
     |   7 |     * |      NONE |    OPEN_DRAIN_LO |    \I2C_1:sda(0)\ | FB(Net_2058)
-----------------------------------------------------------------------------------------------
</CYPRESSTAG>
</CYPRESSTAG>
</CYPRESSTAG>
Digital component placer commit/Report: Elapsed time ==> 0s.036ms
Digital Placement phase: Elapsed time ==> 0s.606ms
</CYPRESSTAG>
<CYPRESSTAG name="Digital Routing">
"C:\Program Files (x86)\Cypress\PSoC Creator\4.4\PSoC Creator\bin/sjrouter.exe" --xml-path "C:\Program Files (x86)\Cypress\PSoC Creator\4.4\PSoC Creator\dev\psoc4/8/route_arch-rrg.cydata" --vh2-path "TJ Temperature Spatial Profile_r.vh2" --pcf-path "TJ Temperature Spatial Profile.pco" --des-name "TJ Temperature Spatial Profile" --dsf-path "TJ Temperature Spatial Profile.dsf"
Routing successful.
Digital Routing phase: Elapsed time ==> 0s.604ms
</CYPRESSTAG>
<CYPRESSTAG name="Bitstream Generation">
Bitstream Generation phase: Elapsed time ==> 0s.615ms
</CYPRESSTAG>
<CYPRESSTAG name="Bitstream Verification">
Bitstream Verification phase: Elapsed time ==> 0s.007ms
</CYPRESSTAG>
<CYPRESSTAG name="Static timing analysis">
No timing parameter file available for CY8C4145LQI-PS433
Static timing analysis phase: Elapsed time ==> 0s.000ms
</CYPRESSTAG>
<CYPRESSTAG name="Data reporting">
Data reporting phase: Elapsed time ==> 0s.000ms
</CYPRESSTAG>
<CYPRESSTAG name="Database update...">
Design database save phase: Elapsed time ==> 0s.590ms
</CYPRESSTAG>
cydsfit: Elapsed time ==> 4s.560ms
</CYPRESSTAG>
Fitter phase: Elapsed time ==> 4s.564ms
API generation phase: Elapsed time ==> 5s.276ms
Dependency generation phase: Elapsed time ==> 0s.052ms
Cleanup phase: Elapsed time ==> 0s.000ms
